

================================================================
== Vivado HLS Report for 'moments_Mat2AXIvideo'
================================================================
* Date:           Thu Jan 09 15:34:56 2020

* Version:        2016.2 (Build 1577090 on Thu Jun 02 16:59:10 MDT 2016)
* Project:        moments
* Solution:       solution1
* Product family: zynq
* Target device:  xc7z020clg400-1


================================================================
== Performance Estimates
================================================================
+ Timing (ns): 
    * Summary: 
    +--------+-------+----------+------------+
    |  Clock | Target| Estimated| Uncertainty|
    +--------+-------+----------+------------+
    |ap_clk  |  10.00|      4.38|        1.25|
    +--------+-------+----------+------------+

+ Latency (clock cycles): 
    * Summary: 
    +---------+---------+---------+---------+---------+
    |      Latency      |      Interval     | Pipeline|
    |   min   |   max   |   min   |   max   |   Type  |
    +---------+---------+---------+---------+---------+
    |  2076841|  2076841|  2076841|  2076841|   none  |
    +---------+---------+---------+---------+---------+

    + Detail: 
        * Instance: 
        N/A

        * Loop: 
        +---------------+---------+---------+----------+-----------+-----------+------+----------+
        |               |      Latency      | Iteration|  Initiation Interval  | Trip |          |
        |   Loop Name   |   min   |   max   |  Latency |  achieved |   target  | Count| Pipelined|
        +---------------+---------+---------+----------+-----------+-----------+------+----------+
        |- loop_height  |  2076840|  2076840|      1923|          -|          -|  1080|    no    |
        | + loop_width  |     1920|     1920|         2|          1|          1|  1920|    yes   |
        +---------------+---------+---------+----------+-----------+-----------+------+----------+

============================================================
+ Verbose Summary: Synthesis Manager
============================================================
InlineROM: 1
ExposeGlobal: 0
============================================================
+ Verbose Summary: CDFG Model
============================================================
IsTopModel: 0
ResetActiveHigh: 1
IsCombinational: 0
IsDatapathOnly: 0
HasWiredReturn: 1
HasMFsm: 0
HasVarLatency: 1
IsPipeline: 0
IsRtlPipelined: 0
IsInstanceOverlapped: 0
IsDontTouch: 0
HasImplIP: 0
IsGatedGlobalClock: 0

+ Individual pipeline summary: 
  * Pipeline-0: initiation interval (II) = 1, depth = 2


============================================================
+ Verbose Summary: Schedule
============================================================
* Number of FSM states: 5
* Pipeline: 1
  Pipeline-0: II = 1, D = 2, States = { 3 4 }
* Dataflow Pipeline: 0

* FSM state transitions: 
1 --> 
	2  / true
2 --> 
	3  / (!exitcond1)
3 --> 
	5  / (exitcond2)
	4  / (!exitcond2)
4 --> 
	3  / true
5 --> 
	2  / true
* FSM state operations: 

 <State 1>: 1.57ns
ST_1: tmp_user_V [1/1] 0.00ns
._crit_edge:0  %tmp_user_V = alloca i1

ST_1: stg_7 [1/1] 0.00ns
._crit_edge:1  call void (...)* @_ssdm_op_SpecInterface(i8* %img_data_stream_2_V, [8 x i8]* @ap_fifo_str, i32 0, i32 0, i32 0, i32 0, [1 x i8]* @p_str, [1 x i8]* @p_str, [1 x i8]* @p_str, i32 2, i32 2, i32 16, i32 16, [1 x i8]* @p_str)

ST_1: stg_8 [1/1] 0.00ns
._crit_edge:2  call void (...)* @_ssdm_op_SpecInterface(i8* %img_data_stream_1_V, [8 x i8]* @ap_fifo_str, i32 0, i32 0, i32 0, i32 0, [1 x i8]* @p_str, [1 x i8]* @p_str, [1 x i8]* @p_str, i32 2, i32 2, i32 16, i32 16, [1 x i8]* @p_str)

ST_1: stg_9 [1/1] 0.00ns
._crit_edge:3  call void (...)* @_ssdm_op_SpecInterface(i8* %img_data_stream_0_V, [8 x i8]* @ap_fifo_str, i32 0, i32 0, i32 0, i32 0, [1 x i8]* @p_str, [1 x i8]* @p_str, [1 x i8]* @p_str, i32 2, i32 2, i32 16, i32 16, [1 x i8]* @p_str)

ST_1: stg_10 [1/1] 0.00ns
._crit_edge:4  call void (...)* @_ssdm_op_SpecInterface(i24* %AXI_video_strm_V_data_V, i3* %AXI_video_strm_V_keep_V, i3* %AXI_video_strm_V_strb_V, i1* %AXI_video_strm_V_user_V, i1* %AXI_video_strm_V_last_V, i1* %AXI_video_strm_V_id_V, i1* %AXI_video_strm_V_dest_V, [5 x i8]* @p_str1808, i32 0, i32 0, i32 0, i32 0, [1 x i8]* @p_str1806, [1 x i8]* @p_str1806, [1 x i8]* @p_str1806, i32 0, i32 0, i32 0, i32 0, [1 x i8]* @p_str1806) nounwind

ST_1: stg_11 [1/1] 1.57ns
._crit_edge:5  store i1 true, i1* %tmp_user_V

ST_1: stg_12 [1/1] 1.57ns
._crit_edge:6  br label %0


 <State 2>: 3.48ns
ST_2: p_s [1/1] 0.00ns
:0  %p_s = phi i11 [ 0, %._crit_edge ], [ %i_V, %3 ]

ST_2: exitcond1 [1/1] 2.11ns
:1  %exitcond1 = icmp eq i11 %p_s, -968

ST_2: stg_15 [1/1] 0.00ns
:2  call void (...)* @_ssdm_op_SpecLoopTripCount(i64 1080, i64 1080, i64 1080)

ST_2: i_V [1/1] 1.84ns
:3  %i_V = add i11 %p_s, 1

ST_2: stg_17 [1/1] 0.00ns
:4  br i1 %exitcond1, label %4, label %1

ST_2: stg_18 [1/1] 0.00ns
:0  call void (...)* @_ssdm_op_SpecLoopName([12 x i8]* @p_str1816) nounwind

ST_2: tmp [1/1] 0.00ns
:1  %tmp = call i32 (...)* @_ssdm_op_SpecRegionBegin([12 x i8]* @p_str1816)

ST_2: stg_20 [1/1] 1.57ns
:2  br label %2

ST_2: stg_21 [1/1] 0.00ns
:0  ret void


 <State 3>: 3.48ns
ST_3: p_1 [1/1] 0.00ns
:0  %p_1 = phi i11 [ 0, %1 ], [ %j_V, %"operator>>.exit" ]

ST_3: exitcond2 [1/1] 2.11ns
:1  %exitcond2 = icmp eq i11 %p_1, -128

ST_3: stg_24 [1/1] 0.00ns
:2  call void (...)* @_ssdm_op_SpecLoopTripCount(i64 1920, i64 1920, i64 1920)

ST_3: j_V [1/1] 1.84ns
:3  %j_V = add i11 %p_1, 1

ST_3: stg_26 [1/1] 0.00ns
:4  br i1 %exitcond2, label %3, label %"operator>>.exit"

ST_3: axi_last_V [1/1] 2.11ns
operator>>.exit:4  %axi_last_V = icmp eq i11 %p_1, -129


 <State 4>: 4.38ns
ST_4: tmp_user_V_load [1/1] 0.00ns
operator>>.exit:0  %tmp_user_V_load = load i1* %tmp_user_V

ST_4: stg_29 [1/1] 0.00ns
operator>>.exit:1  call void (...)* @_ssdm_op_SpecLoopName([11 x i8]* @p_str1817) nounwind

ST_4: tmp_1 [1/1] 0.00ns
operator>>.exit:2  %tmp_1 = call i32 (...)* @_ssdm_op_SpecRegionBegin([11 x i8]* @p_str1817)

ST_4: stg_31 [1/1] 0.00ns
operator>>.exit:3  call void (...)* @_ssdm_op_SpecPipeline(i32 1, i32 1, i32 1, i32 0, [1 x i8]* @p_str1806) nounwind

ST_4: tmp_3 [1/1] 0.00ns
operator>>.exit:5  %tmp_3 = call i32 (...)* @_ssdm_op_SpecRegionBegin([13 x i8]* @p_str1827)

ST_4: stg_33 [1/1] 0.00ns
operator>>.exit:6  call void (...)* @_ssdm_op_SpecProtocol(i32 0, [1 x i8]* @p_str1806) nounwind

ST_4: tmp_8 [1/1] 4.38ns
operator>>.exit:7  %tmp_8 = call i8 @_ssdm_op_Read.ap_fifo.volatile.i8P(i8* %img_data_stream_0_V)

ST_4: tmp_9 [1/1] 4.38ns
operator>>.exit:8  %tmp_9 = call i8 @_ssdm_op_Read.ap_fifo.volatile.i8P(i8* %img_data_stream_1_V)

ST_4: tmp_7 [1/1] 4.38ns
operator>>.exit:9  %tmp_7 = call i8 @_ssdm_op_Read.ap_fifo.volatile.i8P(i8* %img_data_stream_2_V)

ST_4: empty [1/1] 0.00ns
operator>>.exit:10  %empty = call i32 (...)* @_ssdm_op_SpecRegionEnd([13 x i8]* @p_str1827, i32 %tmp_3)

ST_4: tmp_data_V [1/1] 0.00ns
operator>>.exit:11  %tmp_data_V = call i24 @_ssdm_op_BitConcatenate.i24.i8.i8.i8(i8 %tmp_7, i8 %tmp_9, i8 %tmp_8)

ST_4: stg_39 [1/1] 0.00ns
operator>>.exit:12  call void @_ssdm_op_Write.axis.volatile.i24P.i3P.i3P.i1P.i1P.i1P.i1P(i24* %AXI_video_strm_V_data_V, i3* %AXI_video_strm_V_keep_V, i3* %AXI_video_strm_V_strb_V, i1* %AXI_video_strm_V_user_V, i1* %AXI_video_strm_V_last_V, i1* %AXI_video_strm_V_id_V, i1* %AXI_video_strm_V_dest_V, i24 %tmp_data_V, i3 -1, i3 undef, i1 %tmp_user_V_load, i1 %axi_last_V, i1 undef, i1 undef)

ST_4: empty_30 [1/1] 0.00ns
operator>>.exit:13  %empty_30 = call i32 (...)* @_ssdm_op_SpecRegionEnd([11 x i8]* @p_str1817, i32 %tmp_1)

ST_4: stg_41 [1/1] 1.57ns
operator>>.exit:14  store i1 false, i1* %tmp_user_V

ST_4: stg_42 [1/1] 0.00ns
operator>>.exit:15  br label %2


 <State 5>: 0.00ns
ST_5: empty_31 [1/1] 0.00ns
:0  %empty_31 = call i32 (...)* @_ssdm_op_SpecRegionEnd([12 x i8]* @p_str1816, i32 %tmp)

ST_5: stg_44 [1/1] 0.00ns
:1  br label %0



============================================================
+ Verbose Summary: Timing violations
============================================================
Target clock period: 10ns, clock uncertainty: 1.25ns.

 No timing violations. 


============================================================
+ Verbose Summary: Binding
============================================================
N/A
* FSMD analyzer results:
  - Output states:
 - Input state : 
  - Chain level:
	State 1
	State 2
	State 3
	State 4
	State 5


============================================================
+ Verbose Summary: Datapath Resource usage 
============================================================
N/A
