INFO: [HLS 200-10] Running 'C:/Xilinx/Vivado/2018.3/bin/unwrapped/win64.o/vivado_hls.exe'
INFO: [HLS 200-10] For user 'Misca' on host 'alienware' (Windows NT_amd64 version 6.2) on Sat Feb 01 01:13:28 +0100 2020
INFO: [HLS 200-10] In directory 'C:/Users/Misca/beuth_ws1920/ModellbasierterEntwurf/PYNQ-ts/boards/ip/hls/resize'
INFO: [HLS 200-10] Opening project 'C:/Users/Misca/beuth_ws1920/ModellbasierterEntwurf/PYNQ-ts/boards/ip/hls/resize/moments'.
INFO: [HLS 200-10] Opening solution 'C:/Users/Misca/beuth_ws1920/ModellbasierterEntwurf/PYNQ-ts/boards/ip/hls/resize/moments/solution1'.
INFO: [SYN 201-201] Setting up clock 'default' with a period of 10ns.
INFO: [HLS 200-10] Setting target device to 'xc7z020clg400-1'
INFO: [SIM 211-2] *************** CSIM start ***************
INFO: [SIM 211-4] CSIM will launch GCC as the compiler.
   Compiling ../../../../xf_resize_tb.cpp in debug mode
   Generating csim.exe
In file included from C:/Xilinx/Vivado/2018.3/include/floating_point_v7_0_bitacc_cmodel.h:143:0,
                 from C:/Xilinx/Vivado/2018.3/include/hls_fpo.h:186,
                 from C:/Xilinx/Vivado/2018.3/include/hls_half.h:44,
                 from C:/Xilinx/Vivado/2018.3/include/etc/ap_private.h:90,
                 from C:/Xilinx/Vivado/2018.3/include/ap_common.h:641,
                 from C:/Xilinx/Vivado/2018.3/include/ap_int.h:54,
                 from ../../../../xf_resize_config.h:36,
                 from ../../../../xf_resize_tb.cpp:31:
C:/Xilinx/Vivado/2018.3/include/gmp.h:62:0: warning: "__GMP_LIBGMP_DLL" redefined
 #define __GMP_LIBGMP_DLL  0
 
In file included from C:/Xilinx/Vivado/2018.3/include/hls_fpo.h:186:0,
                 from C:/Xilinx/Vivado/2018.3/include/hls_half.h:44,
                 from C:/Xilinx/Vivado/2018.3/include/etc/ap_private.h:90,
                 from C:/Xilinx/Vivado/2018.3/include/ap_common.h:641,
                 from C:/Xilinx/Vivado/2018.3/include/ap_int.h:54,
                 from ../../../../xf_resize_config.h:36,
                 from ../../../../xf_resize_tb.cpp:31:
C:/Xilinx/Vivado/2018.3/include/floating_point_v7_0_bitacc_cmodel.h:135:0: note: this is the location of the previous definition
 #define __GMP_LIBGMP_DLL 1
 
1,32c1,16
< xcomp 1883 ycomp 1584
< Center X 145, Center Y 83, Angle tan2 20.04
< xcomp 772 ycomp 2212
< Center X 148, Center Y 79, Angle tan2 35.38
< xcomp -233 ycomp 1874
< Center X 152, Center Y 77, Angle tan2 48.54
< xcomp -899 ycomp -102
< Center X 162, Center Y 76, Angle tan2 -86.76
< xcomp -55 ycomp -1444
< Center X 170, Center Y 78, Angle tan2 -46.09
< xcomp 1899 ycomp -1178
< Center X 176, Center Y 83, Angle tan2 -15.91
< xcomp 3008 ycomp -146
< Center X 177, Center Y 88, Angle tan2 -1.39
< xcomp 2621 ycomp 1000
< Center X 177, Center Y 93, Angle tan2 10.44
< xcomp 1926 ycomp 1760
< Center X 175, Center Y 96, Angle tan2 21.21
< xcomp 187 ycomp 2084
< Center X 171, Center Y 99, Angle tan2 42.44
< xcomp -539 ycomp 1218
< Center X 149, Center Y 99, Angle tan2 56.94
< xcomp -544 ycomp -1040
< Center X 138, Center Y 98, Angle tan2 -58.81
< xcomp 1639 ycomp -1378
< Center X 167, Center Y 96, Angle tan2 -20.03
< xcomp 2419 ycomp -514
< Center X 165, Center Y 91, Angle tan2 -6.00
< xcomp 2617 ycomp 422
< Center X 164, Center Y 85, Angle tan2 4.58
< xcomp 2807 ycomp 940
< Center X 164, Center Y 86, Angle tan2 9.26
---
> Center X 144, Center Y 83, Angle tan2 20.05
> Center X 147, Center Y 79, Angle tan2 35.41
> Center X 151, Center Y 77, Angle tan2 48.48
> Center X 161, Center Y 76, Angle tan2 -86.88
> Center X 169, Center Y 78, Angle tan2 -46.12
> Center X 175, Center Y 83, Angle tan2 -15.93
> Center X 176, Center Y 88, Angle tan2 -1.37
> Center X 176, Center Y 93, Angle tan2 10.47
> Center X 174, Center Y 96, Angle tan2 21.19
> Center X 170, Center Y 99, Angle tan2 42.45
> Center X 148, Center Y 99, Angle tan2 57.01
> Center X 137, Center Y 98, Angle tan2 -58.71
> Center X 166, Center Y 96, Angle tan2 -20.06
> Center X 164, Center Y 91, Angle tan2 -5.99
> Center X 163, Center Y 85, Angle tan2 4.56
> Center X 163, Center Y 86, Angle tan2 9.27
Comparing against output data 
*******************************************
FAIL: The result is not correct
*******************************************
@E Simulation failed: Function 'main' returns nonzero value '1'.
ERROR: [SIM 211-100] 'csim_design' failed: nonzero return value.
INFO: [SIM 211-3] *************** CSIM finish ***************
4
    while executing
"source C:/Users/Misca/beuth_ws1920/ModellbasierterEntwurf/PYNQ-ts/boards/ip/hls/resize/moments/solution1/csim.tcl"
    invoked from within
"hls::main C:/Users/Misca/beuth_ws1920/ModellbasierterEntwurf/PYNQ-ts/boards/ip/hls/resize/moments/solution1/csim.tcl"
    ("uplevel" body line 1)
    invoked from within
"uplevel 1 hls::main {*}$args"
    (procedure "hls_proc" line 5)
    invoked from within
"hls_proc $argv"
