

================================================================
== Vivado HLS Report for 'xfExtractPixels'
================================================================
* Date:           Mon Jan 13 23:46:00 2020

* Version:        2018.3 (Build 2405991 on Thu Dec 06 23:56:15 MST 2018)
* Project:        moments
* Solution:       solution1
* Product family: zynq
* Target device:  xc7z020clg400-1


================================================================
== Performance Estimates
================================================================
+ Timing (ns): 
    * Summary: 
    +--------+-------+----------+------------+
    |  Clock | Target| Estimated| Uncertainty|
    +--------+-------+----------+------------+
    |ap_clk  |  10.00|     2.479|        1.25|
    +--------+-------+----------+------------+

+ Latency (clock cycles): 
    * Summary: 
    +-----+-----+-----+-----+----------+
    |  Latency  |  Interval | Pipeline |
    | min | max | min | max |   Type   |
    +-----+-----+-----+-----+----------+
    |    0|    0|    1|    1| function |
    +-----+-----+-----+-----+----------+

    + Detail: 
        * Instance: 
        N/A

        * Loop: 
        N/A



================================================================
== Utilization Estimates
================================================================
* Summary: 
+-----------------+---------+-------+--------+-------+
|       Name      | BRAM_18K| DSP48E|   FF   |  LUT  |
+-----------------+---------+-------+--------+-------+
|DSP              |        -|      -|       -|      -|
|Expression       |        -|      -|       -|      -|
|FIFO             |        -|      -|       -|      -|
|Instance         |        -|      -|       0|    225|
|Memory           |        -|      -|       -|      -|
|Multiplexer      |        -|      -|       -|      -|
|Register         |        -|      -|       -|      -|
+-----------------+---------+-------+--------+-------+
|Total            |        0|      0|       0|    225|
+-----------------+---------+-------+--------+-------+
|Available        |      280|    220|  106400|  53200|
+-----------------+---------+-------+--------+-------+
|Utilization (%)  |        0|      0|       0|   ~0  |
+-----------------+---------+-------+--------+-------+

+ Detail: 
    * Instance: 
    +--------------------------+----------------------+---------+-------+---+----+
    |         Instance         |        Module        | BRAM_18K| DSP48E| FF| LUT|
    +--------------------------+----------------------+---------+-------+---+----+
    |resize_accel_mux_cud_U8   |resize_accel_mux_cud  |        0|      0|  0|  45|
    |resize_accel_mux_cud_U9   |resize_accel_mux_cud  |        0|      0|  0|  45|
    |resize_accel_mux_cud_U10  |resize_accel_mux_cud  |        0|      0|  0|  45|
    |resize_accel_mux_cud_U11  |resize_accel_mux_cud  |        0|      0|  0|  45|
    |resize_accel_mux_cud_U12  |resize_accel_mux_cud  |        0|      0|  0|  45|
    +--------------------------+----------------------+---------+-------+---+----+
    |Total                     |                      |        0|      0|  0| 225|
    +--------------------------+----------------------+---------+-------+---+----+

    * DSP48: 
    N/A

    * Memory: 
    N/A

    * FIFO: 
    N/A

    * Expression: 
    N/A

    * Multiplexer: 
    N/A

    * Register: 
    N/A



================================================================
== Interface
================================================================
* Summary: 
+------------------+-----+-----+------------+------------------+--------------+
|     RTL Ports    | Dir | Bits|  Protocol  |   Source Object  |    C Type    |
+------------------+-----+-----+------------+------------------+--------------+
|ap_ready          | out |    1| ap_ctrl_hs |  xfExtractPixels | return value |
|ap_return_0       | out |   24| ap_ctrl_hs |  xfExtractPixels | return value |
|ap_return_1       | out |   24| ap_ctrl_hs |  xfExtractPixels | return value |
|ap_return_2       | out |   24| ap_ctrl_hs |  xfExtractPixels | return value |
|ap_return_3       | out |   24| ap_ctrl_hs |  xfExtractPixels | return value |
|ap_return_4       | out |   24| ap_ctrl_hs |  xfExtractPixels | return value |
|tmp_buf_0_V_read  |  in |   24|   ap_none  | tmp_buf_0_V_read |    scalar    |
|tmp_buf_1_V_read  |  in |   24|   ap_none  | tmp_buf_1_V_read |    scalar    |
|tmp_buf_2_V_read  |  in |   24|   ap_none  | tmp_buf_2_V_read |    scalar    |
|tmp_buf_3_V_read  |  in |   24|   ap_none  | tmp_buf_3_V_read |    scalar    |
|tmp_buf_4_V_read  |  in |   24|   ap_none  | tmp_buf_4_V_read |    scalar    |
|val1_V_read       |  in |   24|   ap_none  |    val1_V_read   |    scalar    |
|pos_r             |  in |    4|   ap_none  |       pos_r      |    scalar    |
+------------------+-----+-----+------------+------------------+--------------+

