Exception at PC 0x00007FFF5F835BF8
Unable to capture context for thread 4256 in process 6356, can not generate back trace
Unable to capture context for thread 10208 in process 6356, can not generate back trace
Exception at PC 0x00007FFF1C0FBB93
Printing stacktrace...

Exception at PC 0x00007FFF5F835BF8
Exception at PC 0x00007FFF5F835BF8
Exception at PC 0x00007FFF5F835BF8
Exception at PC 0x00007FFF5F835BF8
Exception at PC 0x00007FFF5F835BF8
Exception at PC 0x00007FFF5F835BF8
Exception at PC 0x00007FFF5F835BF8
Exception at PC 0x00007FFF5F835BF8
Exception at PC 0x00007FFF5F835BF8
Exception at PC 0x00007FFF5F835BF8
Exception at PC 0x00007FFF5F835BF8
Exception at PC 0x00007FFF5F835BF8
Exception at PC 0x00007FFF5F835BF8
Exception at PC 0x00007FFF5F835BF8
Exception at PC 0x00007FFF5F835BF8
Exception at PC 0x00007FFF5F835BF8
Exception at PC 0x00007FFF5F835BF8
Exception at PC 0x00007FFF5F835BF8
[0]  [0x00007FFF1C0FBB93]
[1]  [0x00007FFF1C0FBB93]
[2]  [0x00007FFF1C0FB4A1]
[3]  [0x00007FFF1C0FB3EF]
[4]  [0x00007FFF1C0E19FE]
[5]  [0x00007FFF1C0E0ED1]
[6]  [0x00007FFF1C0E0D76]
[7]  [0x00007FFF1C0879F6]
[8]  [0x00007FFF1C077AFB]
[9]  [0x00007FFF1C19E90A]
[10]  [0x00007FFF1C1B9F87]
[11]  [0x00007FFF1C1BA05F]
[12] (BaseThreadInitThunk+0xd) [0x00007FFF61E016AD]
[13] (RtlUserThreadStart+0x1d) [0x00007FFF624134A5]
Done
