INFO: [HLS 200-10] Running 'C:/Xilinx/Vivado_HLS/2016.2/bin/unwrapped/win64.o/vivado_hls.exe'
INFO: [HLS 200-10] For user 'Misca' on host 'alienware' (Windows NT_amd64 version 6.2) on Thu Jan 09 05:08:58 +0100 2020
INFO: [HLS 200-10] In directory 'C:/Users/Misca/beuth_ws1920/ModellbasierterEntwurf/Versuch6_moments_calculate/HLS'
INFO: [HLS 200-10] Opening project 'C:/Users/Misca/beuth_ws1920/ModellbasierterEntwurf/Versuch6_moments_calculate/HLS/moments'.
INFO: [HLS 200-10] Opening solution 'C:/Users/Misca/beuth_ws1920/ModellbasierterEntwurf/Versuch6_moments_calculate/HLS/moments/solution1'.
INFO: [SYN 201-201] Setting up clock 'default' with a period of 10ns.
INFO: [HLS 200-10] Setting target device to 'xc7z020clg400-1'
   Compiling ../../../../test.cpp in debug mode
   Compiling ../../../../moments.cpp in debug mode
   Generating csim.exe
In file included from C:/Xilinx/Vivado_HLS/2016.2/include/floating_point_v7_0_bitacc_cmodel.h:143:0,
                 from C:/Xilinx/Vivado_HLS/2016.2/include/hls_half.h:40,
                 from C:/Xilinx/Vivado_HLS/2016.2/include/hls/utils/x_hls_utils.h:37,
                 from C:/Xilinx/Vivado_HLS/2016.2/include/hls/hls_axi_io.h:40,
                 from C:/Xilinx/Vivado_HLS/2016.2/include/hls_video.h:48,
                 from ../../../../moments.h:4,
                 from ../../../../test.cpp:1:
C:/Xilinx/Vivado_HLS/2016.2/include/gmp.h:62:0: warning: "__GMP_LIBGMP_DLL" redefined [enabled by default]
C:/Xilinx/Vivado_HLS/2016.2/include/floating_point_v7_0_bitacc_cmodel.h:135:0: note: this is the location of the previous definition
In file included from C:/Xilinx/Vivado_HLS/2016.2/include/floating_point_v7_0_bitacc_cmodel.h:143:0,
                 from C:/Xilinx/Vivado_HLS/2016.2/include/hls_half.h:40,
                 from C:/Xilinx/Vivado_HLS/2016.2/include/hls/utils/x_hls_utils.h:37,
                 from C:/Xilinx/Vivado_HLS/2016.2/include/hls/hls_axi_io.h:40,
                 from C:/Xilinx/Vivado_HLS/2016.2/include/hls_video.h:48,
                 from ../../../../moments.h:4,
                 from ../../../../moments.cpp:1:
C:/Xilinx/Vivado_HLS/2016.2/include/gmp.h:62:0: warning: "__GMP_LIBGMP_DLL" redefined [enabled by default]
C:/Xilinx/Vivado_HLS/2016.2/include/floating_point_v7_0_bitacc_cmodel.h:135:0: note: this is the location of the previous definition
Result: 579 898 0.785398163397450
INFO: [SIM 211-1] CSim done with 0 errors.
