

================================================================
== Vivado HLS Report for 'moments_atan2_cordic_double_s'
================================================================
* Date:           Thu Jan 09 04:42:14 2020

* Version:        2016.2 (Build 1577090 on Thu Jun 02 16:59:10 MDT 2016)
* Project:        moments
* Solution:       solution1
* Product family: zynq
* Target device:  xc7z020clg400-1


================================================================
== Performance Estimates
================================================================
+ Timing (ns): 
    * Summary: 
    +--------+-------+----------+------------+
    |  Clock | Target| Estimated| Uncertainty|
    +--------+-------+----------+------------+
    |ap_clk  |  10.00|      8.73|        1.25|
    +--------+-------+----------+------------+

+ Latency (clock cycles): 
    * Summary: 
    +-----+-----+-----+-----+---------+
    |  Latency  |  Interval | Pipeline|
    | min | max | min | max |   Type  |
    +-----+-----+-----+-----+---------+
    |    1|  282|    1|  282|   none  |
    +-----+-----+-----+-----+---------+

    + Detail: 
        * Instance: 
        +---------------------------------------------+----------------------------------+-----+-----+-----+-----+---------+
        |                                             |                                  |  Latency  |  Interval | Pipeline|
        |                   Instance                  |              Module              | min | max | min | max |   Type  |
        +---------------------------------------------+----------------------------------+-----+-----+-----+-----+---------+
        |grp_moments_atan2_range_redux_cordic_fu_173  |moments_atan2_range_redux_cordic  |   32|  269|   32|  269|   none  |
        +---------------------------------------------+----------------------------------+-----+-----+-----+-----+---------+

        * Loop: 
        N/A



================================================================
== Utilization Estimates
================================================================
* Summary: 
+-----------------+---------+-------+--------+-------+
|       Name      | BRAM_18K| DSP48E|   FF   |  LUT  |
+-----------------+---------+-------+--------+-------+
|DSP              |        -|      -|       -|      -|
|Expression       |        -|      -|       0|    369|
|FIFO             |        -|      -|       -|      -|
|Instance         |        4|      3|    5241|   9736|
|Memory           |        -|      -|       -|      -|
|Multiplexer      |        -|      -|       -|    778|
|Register         |        -|      -|     628|      -|
+-----------------+---------+-------+--------+-------+
|Total            |        4|      3|    5869|  10883|
+-----------------+---------+-------+--------+-------+
|Available        |      280|    220|  106400|  53200|
+-----------------+---------+-------+--------+-------+
|Utilization (%)  |        1|      1|       5|     20|
+-----------------+---------+-------+--------+-------+

+ Detail: 
    * Instance: 
    +---------------------------------------------+--------------------------------------+---------+-------+------+------+
    |                   Instance                  |                Module                | BRAM_18K| DSP48E|  FF  |  LUT |
    +---------------------------------------------+--------------------------------------+---------+-------+------+------+
    |grp_moments_atan2_range_redux_cordic_fu_173  |moments_atan2_range_redux_cordic      |        4|      0|  4666|  8118|
    |moments_dcmp_64ns_64ns_1_1_U32               |moments_dcmp_64ns_64ns_1_1            |        0|      0|   130|   469|
    |moments_dsub_64ns_64ns_64_5_full_dsp_U31     |moments_dsub_64ns_64ns_64_5_full_dsp  |        0|      3|   445|  1149|
    +---------------------------------------------+--------------------------------------+---------+-------+------+------+
    |Total                                        |                                      |        4|      3|  5241|  9736|
    +---------------------------------------------+--------------------------------------+---------+-------+------+------+

    * DSP48: 
    N/A

    * Memory: 
    N/A

    * FIFO: 
    N/A

    * Expression: 
    +---------------------------+----------+-------+---+----+------------+------------+
    |       Variable Name       | Operation| DSP48E| FF| LUT| Bitwidth P0| Bitwidth P1|
    +---------------------------+----------+-------+---+----+------------+------------+
    |ap_sig_557                 |    and   |      0|  0|   1|           1|           1|
    |tmp_10_fu_438_p2           |    and   |      0|  0|   1|           1|           1|
    |tmp_44_demorgan_fu_308_p2  |    and   |      0|  0|   1|           1|           1|
    |tmp_56_demorgan_fu_346_p2  |    and   |      0|  0|   1|           1|           1|
    |tmp_61_demorgan_fu_358_p2  |    and   |      0|  0|   1|           1|           1|
    |tmp_8_fu_432_p2            |    and   |      0|  0|   1|           1|           1|
    |tmp_demorgan_fu_286_p2     |    and   |      0|  0|   1|           1|           1|
    |notlhs1_fu_420_p2          |   icmp   |      0|  0|   4|          11|           2|
    |notlhs_fu_408_p2           |   icmp   |      0|  0|   4|          11|           2|
    |tmp_27_fu_328_p2           |   icmp   |      0|  0|   4|          11|           1|
    |tmp_28_fu_334_p2           |   icmp   |      0|  0|   4|          11|           1|
    |tmp_i1_26_fu_302_p2        |   icmp   |      0|  0|  18|          52|           1|
    |tmp_i1_fu_296_p2           |   icmp   |      0|  0|   4|          11|           2|
    |tmp_i2_27_fu_402_p2        |   icmp   |      0|  0|  22|          64|          64|
    |tmp_i2_fu_340_p2           |   icmp   |      0|  0|  18|          52|           1|
    |tmp_i3_fu_352_p2           |   icmp   |      0|  0|  18|          52|           1|
    |tmp_i_25_fu_280_p2         |   icmp   |      0|  0|  18|          52|           1|
    |tmp_i_fu_274_p2            |   icmp   |      0|  0|   4|          11|           2|
    |tmp_6_fu_414_p2            |    or    |      0|  0|   1|           1|           1|
    |tmp_7_fu_426_p2            |    or    |      0|  0|   1|           1|           1|
    |grp_fu_206_p3              |  select  |      0|  0|  64|           1|          64|
    |tmp_84_neg_fu_448_p2       |    xor   |      0|  0|  89|          64|          65|
    |tmp_85_neg_fu_461_p2       |    xor   |      0|  0|  89|          64|          65|
    +---------------------------+----------+-------+---+----+------------+------------+
    |Total                      |          |      0|  0| 369|         476|         281|
    +---------------------------+----------+-------+---+----+------------+------------+

    * Multiplexer: 
    +--------------------------------------------------+-----+-----------+-----+-----------+
    |                       Name                       | LUT | Input Size| Bits| Total Bits|
    +--------------------------------------------------+-----+-----------+-----+-----------+
    |UnifiedRetVal_phi_fu_166_p4                       |   64|          2|   64|        128|
    |UnifiedRetVal_reg_163                             |   64|          2|   64|        128|
    |ap_NS_fsm                                         |   10|         16|    1|         16|
    |ap_return                                         |   64|          2|   64|        128|
    |c_reg_82                                          |   64|          3|   64|        192|
    |grp_fu_195_p0                                     |   64|          3|   64|        192|
    |grp_fu_195_p1                                     |   64|          3|   64|        192|
    |grp_moments_atan2_range_redux_cordic_fu_173_x_in  |   64|          3|   64|        192|
    |grp_moments_atan2_range_redux_cordic_fu_173_y_in  |   64|          3|   64|        192|
    |p_s_phi_fu_108_p38                                |   64|          3|   64|        192|
    |p_s_reg_96                                        |  192|         14|   64|        896|
    +--------------------------------------------------+-----+-----------+-----+-----------+
    |Total                                             |  778|         54|  641|       2448|
    +--------------------------------------------------+-----+-----------+-----+-----------+

    * Register: 
    +-------------------------------------------------------------+----+----+-----+-----------+
    |                             Name                            | FF | LUT| Bits| Const Bits|
    +-------------------------------------------------------------+----+----+-----+-----------+
    |UnifiedRetVal_reg_163                                        |  64|   0|   64|          0|
    |a_reg_500                                                    |  63|   0|   64|          1|
    |ap_CS_fsm                                                    |  15|   0|   15|          0|
    |ap_reg_grp_moments_atan2_range_redux_cordic_fu_173_ap_start  |   1|   0|    1|          0|
    |ap_return_preg                                               |  64|   0|   64|          0|
    |b_reg_506                                                    |  63|   0|   64|          1|
    |c_reg_82                                                     |  64|   0|   64|          0|
    |d_reg_523                                                    |  64|   0|   64|          0|
    |m_reg_480                                                    |  32|   0|   32|          0|
    |p_s_reg_96                                                   |  64|   0|   64|          0|
    |reg_219                                                      |  64|   0|   64|          0|
    |tmp_27_reg_484                                               |   1|   0|    1|          0|
    |tmp_28_reg_488                                               |   1|   0|    1|          0|
    |tmp_41_i_reg_518                                             |  64|   0|   64|          0|
    |tmp_44_demorgan_reg_476                                      |   1|   0|    1|          0|
    |tmp_56_demorgan_reg_492                                      |   1|   0|    1|          0|
    |tmp_61_demorgan_reg_496                                      |   1|   0|    1|          0|
    |tmp_demorgan_reg_472                                         |   1|   0|    1|          0|
    +-------------------------------------------------------------+----+----+-----+-----------+
    |Total                                                        | 628|   0|  630|          2|
    +-------------------------------------------------------------+----+----+-----+-----------+



================================================================
== Interface
================================================================
* Summary: 
+-----------+-----+-----+------------+------------------------------+--------------+
| RTL Ports | Dir | Bits|  Protocol  |         Source Object        |    C Type    |
+-----------+-----+-----+------------+------------------------------+--------------+
|ap_clk     |  in |    1| ap_ctrl_hs | moments_atan2_cordic<double> | return value |
|ap_rst     |  in |    1| ap_ctrl_hs | moments_atan2_cordic<double> | return value |
|ap_start   |  in |    1| ap_ctrl_hs | moments_atan2_cordic<double> | return value |
|ap_done    | out |    1| ap_ctrl_hs | moments_atan2_cordic<double> | return value |
|ap_idle    | out |    1| ap_ctrl_hs | moments_atan2_cordic<double> | return value |
|ap_ready   | out |    1| ap_ctrl_hs | moments_atan2_cordic<double> | return value |
|ap_return  | out |   64| ap_ctrl_hs | moments_atan2_cordic<double> | return value |
|y_in       |  in |   64|   ap_none  |             y_in             |    scalar    |
|x_in       |  in |   64|   ap_none  |             x_in             |    scalar    |
+-----------+-----+-----+------------+------------------------------+--------------+

