

================================================================
== Vivado HLS Report for 'moments_atan2_range_redux_cordic'
================================================================
* Date:           Thu Jan 09 04:42:13 2020

* Version:        2016.2 (Build 1577090 on Thu Jun 02 16:59:10 MDT 2016)
* Project:        moments
* Solution:       solution1
* Product family: zynq
* Target device:  xc7z020clg400-1


================================================================
== Performance Estimates
================================================================
+ Timing (ns): 
    * Summary: 
    +--------+-------+----------+------------+
    |  Clock | Target| Estimated| Uncertainty|
    +--------+-------+----------+------------+
    |ap_clk  |  10.00|      8.73|        1.25|
    +--------+-------+----------+------------+

+ Latency (clock cycles): 
    * Summary: 
    +-----+-----+-----+-----+---------+
    |  Latency  |  Interval | Pipeline|
    | min | max | min | max |   Type  |
    +-----+-----+-----+-----+---------+
    |   32|  269|   32|  269|   none  |
    +-----+-----+-----+-----+---------+

    + Detail: 
        * Instance: 
        N/A

        * Loop: 
        +----------+-----+-----+----------+-----------+-----------+------+----------+
        |          |  Latency  | Iteration|  Initiation Interval  | Trip |          |
        | Loop Name| min | max |  Latency |  achieved |   target  | Count| Pipelined|
        +----------+-----+-----+----------+-----------+-----------+------+----------+
        |- Loop 1  |  261|  261|         3|          -|          -|    87|    no    |
        +----------+-----+-----+----------+-----------+-----------+------+----------+



================================================================
== Utilization Estimates
================================================================
* Summary: 
+-----------------+---------+-------+--------+-------+
|       Name      | BRAM_18K| DSP48E|   FF   |  LUT  |
+-----------------+---------+-------+--------+-------+
|DSP              |        -|      -|       -|      -|
|Expression       |        -|      -|       0|   3928|
|FIFO             |        -|      -|       -|      -|
|Instance         |        -|      0|    3211|   3658|
|Memory           |        4|      -|       0|      0|
|Multiplexer      |        -|      -|       -|    532|
|Register         |        -|      -|    1455|      -|
+-----------------+---------+-------+--------+-------+
|Total            |        4|      0|    4666|   8118|
+-----------------+---------+-------+--------+-------+
|Available        |      280|    220|  106400|  53200|
+-----------------+---------+-------+--------+-------+
|Utilization (%)  |        1|      0|       4|     15|
+-----------------+---------+-------+--------+-------+

+ Detail: 
    * Instance: 
    +----------------------------------+------------------------------+---------+-------+------+------+
    |             Instance             |            Module            | BRAM_18K| DSP48E|  FF  |  LUT |
    +----------------------------------+------------------------------+---------+-------+------+------+
    |moments_ddiv_64ns_64ns_64_31_U27  |moments_ddiv_64ns_64ns_64_31  |        0|      0|  3211|  3658|
    +----------------------------------+------------------------------+---------+-------+------+------+
    |Total                             |                              |        0|      0|  3211|  3658|
    +----------------------------------+------------------------------+---------+-------+------+------+

    * DSP48: 
    N/A

    * Memory: 
    +-------------------------------+--------------------------------------------------------------+---------+---+----+------+-----+------+-------------+
    |             Memory            |                            Module                            | BRAM_18K| FF| LUT| Words| Bits| Banks| W*Bits*Banks|
    +-------------------------------+--------------------------------------------------------------+---------+---+----+------+-----+------+-------------+
    |hls_cordic_ctab_table_128_V_U  |moments_atan2_range_redux_cordic_hls_cordic_ctab_table_128_V  |        4|  0|   0|   128|  126|     1|        16128|
    +-------------------------------+--------------------------------------------------------------+---------+---+----+------+-----+------+-------------+
    |Total                          |                                                              |        4|  0|   0|   128|  126|     1|        16128|
    +-------------------------------+--------------------------------------------------------------+---------+---+----+------+-----+------+-------------+

    * FIFO: 
    N/A

    * Expression: 
    +---------------------------+----------+-------+---+-----+------------+------------+
    |       Variable Name       | Operation| DSP48E| FF| LUT | Bitwidth P0| Bitwidth P1|
    +---------------------------+----------+-------+---+-----+------------+------------+
    |NZeros_fu_572_p2           |     +    |      0|  0|   32|          32|          32|
    |k_fu_354_p2                |     +    |      0|  0|    7|           7|           1|
    |p_Val2_11_fu_459_p2        |     +    |      0|  0|   85|          85|          85|
    |r_V_fu_236_p2              |     +    |      0|  0|   12|           5|          12|
    |tmp_20_fu_603_p2           |     +    |      0|  0|   32|           7|          32|
    |tmp_22_fu_616_p2           |     +    |      0|  0|   32|           2|          32|
    |tx_V_fu_413_p2             |     +    |      0|  0|   87|          87|          87|
    |ty_V_fu_431_p2             |     +    |      0|  0|   87|          87|          87|
    |tz_V_fu_485_p2             |     +    |      0|  0|   87|          87|          87|
    |j_fu_582_p2                |     -    |      0|  0|   32|           7|          32|
    |p_Repl2_9_trunc_fu_644_p2  |     -    |      0|  0|   11|          11|          11|
    |p_Val2_i1_fu_419_p2        |     -    |      0|  0|   87|           1|          87|
    |p_Val2_i2_fu_468_p2        |     -    |      0|  0|   86|           1|          86|
    |p_Val2_i_fu_401_p2         |     -    |      0|  0|   87|           1|          87|
    |r_V_1_fu_252_p2            |     -    |      0|  0|   12|          12|          12|
    |tmp_10_fu_387_p2           |     -    |      0|  0|   87|           1|          87|
    |tmp_1_fu_272_p2            |     -    |      0|  0|   12|           1|          12|
    |tmp_24_fu_736_p2           |     -    |      0|  0|   32|           6|          32|
    |tmp_37_fu_668_p2           |     -    |      0|  0|    7|           7|           7|
    |tmp_38_fu_635_p2           |     -    |      0|  0|    7|           7|           7|
    |tmp_39_fu_672_p2           |     -    |      0|  0|    7|           7|           7|
    |tmp_43_fu_695_p2           |     -    |      0|  0|    7|           7|           7|
    |p_Result_10_fu_721_p2      |    and   |      0|  0|  125|          88|          88|
    |sel_tmp3_fu_326_p2         |    and   |      0|  0|    1|           1|           1|
    |tmp_7_fu_308_p2            |   ashr   |      0|  0|  268|          87|          87|
    |x_s_V_fu_370_p2            |   ashr   |      0|  0|  268|          87|          87|
    |y_s_V_fu_364_p2            |   ashr   |      0|  0|  268|          87|          87|
    |tmp_14_fu_520_p3           |   ctlz   |      0|  0|   96|          64|           0|
    |tmp_16_fu_560_p3           |   ctlz   |      0|  0|   96|          64|           0|
    |exitcond_i_fu_348_p2       |   icmp   |      0|  0|    3|           7|           7|
    |tmp_15_fu_532_p2           |   icmp   |      0|  0|   22|          63|           1|
    |tmp_17_fu_592_p2           |   icmp   |      0|  0|   11|          32|           7|
    |tmp_18_fu_598_p2           |   icmp   |      0|  0|   11|          32|           6|
    |tmp_23_fu_731_p2           |   icmp   |      0|  0|   11|          32|           6|
    |tmp_33_fu_621_p2           |   icmp   |      0|  0|   11|          32|          32|
    |tmp_5_fu_246_p2            |   icmp   |      0|  0|    5|          12|          12|
    |tmp_8_fu_381_p2            |   icmp   |      0|  0|   30|          87|           1|
    |tmp_s_fu_258_p2            |   icmp   |      0|  0|    4|          11|          11|
    |tmp_46_fu_709_p2           |   lshr   |      0|  0|  272|          88|          88|
    |tmp_47_fu_715_p2           |   lshr   |      0|  0|  272|           2|          88|
    |NZeros_i_1_i_fu_576_p3     |  select  |      0|  0|   32|           1|          32|
    |p_Val2_2_ph_fu_331_p3      |  select  |      0|  0|   87|           1|          87|
    |p_Val2_6_fu_406_p3         |  select  |      0|  0|   87|           1|          87|
    |p_Val2_7_fu_424_p3         |  select  |      0|  0|   87|           1|          87|
    |p_Val2_s_fu_474_p3         |  select  |      0|  0|   86|           1|          86|
    |res_V_fu_768_p3            |  select  |      0|  0|   64|           1|          64|
    |sel_tmp_fu_314_p3          |  select  |      0|  0|   87|           1|          87|
    |sh_assign_fu_278_p3        |  select  |      0|  0|   12|           1|          12|
    |tmp_16_s_fu_499_p3         |  select  |      0|  0|   87|           1|          87|
    |tmp_21_fu_608_p3           |  select  |      0|  0|   32|           1|          32|
    |tmp_25_fu_741_p3           |  select  |      0|  0|   32|           1|          32|
    |tmp_40_fu_676_p3           |  select  |      0|  0|    7|           1|           7|
    |tmp_41_fu_683_p3           |  select  |      0|  0|   88|           1|          88|
    |tmp_42_fu_690_p3           |  select  |      0|  0|    7|           1|           7|
    |man_V_2_fu_753_p2          |    shl   |      0|  0|  154|          52|          52|
    |tmp_3_fu_302_p2            |    shl   |      0|  0|  268|          87|          87|
    |sel_tmp2_fu_321_p2         |    xor   |      0|  0|    2|           1|           2|
    +---------------------------+----------+-------+---+-----+------------+------------+
    |Total                      |          |      0|  0| 3928|        1498|        2474|
    +---------------------------+----------+-------+---+-----+------------+------------+

    * Multiplexer: 
    +---------------------+----+-----------+-----+-----------+
    |         Name        | LUT| Input Size| Bits| Total Bits|
    +---------------------+----+-----------+-----+-----------+
    |ap_NS_fsm            |  72|         43|    1|         43|
    |ap_return            |  64|          2|   64|        128|
    |p_Val2_2_reg_148     |  87|          2|   87|        174|
    |p_Val2_3_reg_136     |  87|          2|   87|        174|
    |p_Val2_5_reg_158     |  87|          2|   87|        174|
    |p_s_phi_fu_183_p6    |  64|          2|   64|        128|
    |p_s_reg_179          |  64|          3|   64|        192|
    |sh_assign_1_reg_168  |   7|          2|    7|         14|
    +---------------------+----+-----------+-----+-----------+
    |Total                | 532|         58|  461|       1027|
    +---------------------+----+-----------+-----+-----------+

    * Register: 
    +---------------------+----+----+-----+-----------+
    |         Name        | FF | LUT| Bits| Const Bits|
    +---------------------+----+----+-----+-----------+
    |ap_CS_fsm            |  42|   0|   42|          0|
    |ap_return_preg       |  64|   0|   64|          0|
    |isNeg_reg_809        |   1|   0|    1|          0|
    |isneg_reg_887        |   1|   0|    1|          0|
    |j_reg_914            |  32|   0|   32|          0|
    |k_reg_832            |   7|   0|    7|          0|
    |loc_V_1_reg_789      |  52|   0|   52|          0|
    |loc_V_3_reg_794      |  52|   0|   52|          0|
    |p_Val2_11_reg_877    |  85|   0|   85|          0|
    |p_Val2_2_ph_reg_819  |  87|   0|   87|          0|
    |p_Val2_2_reg_148     |  87|   0|   87|          0|
    |p_Val2_3_reg_136     |  87|   0|   87|          0|
    |p_Val2_5_reg_158     |  87|   0|   87|          0|
    |p_s_reg_179          |  64|   0|   64|          0|
    |sh_assign_1_reg_168  |   7|   0|    7|          0|
    |sh_assign_reg_814    |  12|   0|   12|          0|
    |tmp_10_reg_857       |  87|   0|   87|          0|
    |tmp_15_reg_904       |   1|   0|    1|          0|
    |tmp_16_s_reg_893     |  87|   0|   87|          0|
    |tmp_17_reg_928       |   1|   0|    1|          0|
    |tmp_30_reg_898       |  32|   0|   32|          0|
    |tmp_31_reg_909       |  32|   0|   32|          0|
    |tmp_32_reg_923       |  11|   0|   11|          0|
    |tmp_33_reg_933       |   1|   0|    1|          0|
    |tmp_34_reg_940       |   7|   0|    7|          0|
    |tmp_35_reg_947       |   7|   0|    7|          0|
    |tmp_38_reg_953       |   7|   0|    7|          0|
    |tmp_5_reg_799        |   1|   0|    1|          0|
    |tmp_6_reg_963        |  64|   0|   64|          0|
    |tmp_reg_862          |   1|   0|    1|          0|
    |tmp_s_reg_803        |   1|   0|    1|          0|
    |tx_V_reg_867         |  87|   0|   87|          0|
    |ty_V_reg_872         |  87|   0|   87|          0|
    |x_s_V_reg_843        |  87|   0|   87|          0|
    |y_s_V_reg_837        |  87|   0|   87|          0|
    +---------------------+----+----+-----+-----------+
    |Total                |1455|   0| 1455|          0|
    +---------------------+----+----+-----+-----------+



================================================================
== Interface
================================================================
* Summary: 
+-----------+-----+-----+------------+----------------------------------+--------------+
| RTL Ports | Dir | Bits|  Protocol  |           Source Object          |    C Type    |
+-----------+-----+-----+------------+----------------------------------+--------------+
|ap_clk     |  in |    1| ap_ctrl_hs | moments_atan2_range_redux_cordic | return value |
|ap_rst     |  in |    1| ap_ctrl_hs | moments_atan2_range_redux_cordic | return value |
|ap_start   |  in |    1| ap_ctrl_hs | moments_atan2_range_redux_cordic | return value |
|ap_done    | out |    1| ap_ctrl_hs | moments_atan2_range_redux_cordic | return value |
|ap_idle    | out |    1| ap_ctrl_hs | moments_atan2_range_redux_cordic | return value |
|ap_ready   | out |    1| ap_ctrl_hs | moments_atan2_range_redux_cordic | return value |
|ap_return  | out |   64| ap_ctrl_hs | moments_atan2_range_redux_cordic | return value |
|y_in       |  in |   64|   ap_none  |               y_in               |    scalar    |
|x_in       |  in |   64|   ap_none  |               x_in               |    scalar    |
+-----------+-----+-----+------------+----------------------------------+--------------+

