

================================================================
== Vivado HLS Report for 'moments_Mat2AXIvideo'
================================================================
* Date:           Thu Jan 09 04:42:15 2020

* Version:        2016.2 (Build 1577090 on Thu Jun 02 16:59:10 MDT 2016)
* Project:        moments
* Solution:       solution1
* Product family: zynq
* Target device:  xc7z020clg400-1


================================================================
== Performance Estimates
================================================================
+ Timing (ns): 
    * Summary: 
    +--------+-------+----------+------------+
    |  Clock | Target| Estimated| Uncertainty|
    +--------+-------+----------+------------+
    |ap_clk  |  10.00|      4.38|        1.25|
    +--------+-------+----------+------------+

+ Latency (clock cycles): 
    * Summary: 
    +---------+---------+---------+---------+---------+
    |      Latency      |      Interval     | Pipeline|
    |   min   |   max   |   min   |   max   |   Type  |
    +---------+---------+---------+---------+---------+
    |  2076841|  2076841|  2076841|  2076841|   none  |
    +---------+---------+---------+---------+---------+

    + Detail: 
        * Instance: 
        N/A

        * Loop: 
        +---------------+---------+---------+----------+-----------+-----------+------+----------+
        |               |      Latency      | Iteration|  Initiation Interval  | Trip |          |
        |   Loop Name   |   min   |   max   |  Latency |  achieved |   target  | Count| Pipelined|
        +---------------+---------+---------+----------+-----------+-----------+------+----------+
        |- loop_height  |  2076840|  2076840|      1923|          -|          -|  1080|    no    |
        | + loop_width  |     1920|     1920|         2|          1|          1|  1920|    yes   |
        +---------------+---------+---------+----------+-----------+-----------+------+----------+



================================================================
== Utilization Estimates
================================================================
* Summary: 
+-----------------+---------+-------+--------+-------+
|       Name      | BRAM_18K| DSP48E|   FF   |  LUT  |
+-----------------+---------+-------+--------+-------+
|DSP              |        -|      -|       -|      -|
|Expression       |        -|      -|       0|     35|
|FIFO             |        -|      -|       -|      -|
|Instance         |        -|      -|       -|      -|
|Memory           |        -|      -|       -|      -|
|Multiplexer      |        -|      -|       -|     28|
|Register         |        -|      -|      43|      -|
+-----------------+---------+-------+--------+-------+
|Total            |        0|      0|      43|     63|
+-----------------+---------+-------+--------+-------+
|Available        |      280|    220|  106400|  53200|
+-----------------+---------+-------+--------+-------+
|Utilization (%)  |        0|      0|   ~0   |   ~0  |
+-----------------+---------+-------+--------+-------+

+ Detail: 
    * Instance: 
    N/A

    * DSP48: 
    N/A

    * Memory: 
    N/A

    * FIFO: 
    N/A

    * Expression: 
    +----------------------+----------+-------+---+----+------------+------------+
    |     Variable Name    | Operation| DSP48E| FF| LUT| Bitwidth P0| Bitwidth P1|
    +----------------------+----------+-------+---+----+------------+------------+
    |i_V_fu_170_p2         |     +    |      0|  0|  11|          11|           1|
    |j_V_fu_182_p2         |     +    |      0|  0|  11|          11|           1|
    |axi_last_V_fu_188_p2  |   icmp   |      0|  0|   4|          11|           9|
    |exitcond1_fu_164_p2   |   icmp   |      0|  0|   4|          11|          11|
    |exitcond2_fu_176_p2   |   icmp   |      0|  0|   4|          11|           9|
    |ap_sig_89             |    or    |      0|  0|   1|           1|           1|
    +----------------------+----------+-------+---+----+------------+------------+
    |Total                 |          |      0|  0|  35|          56|          32|
    +----------------------+----------+-------+---+----+------------+------------+

    * Multiplexer: 
    +--------------------------------+----+-----------+-----+-----------+
    |              Name              | LUT| Input Size| Bits| Total Bits|
    +--------------------------------+----+-----------+-----+-----------+
    |ap_NS_fsm                       |   1|          5|    1|          5|
    |ap_sig_ioackin_out_data_TREADY  |   1|          2|    1|          2|
    |img_data_stream_0_V_blk_n       |   1|          2|    1|          2|
    |img_data_stream_1_V_blk_n       |   1|          2|    1|          2|
    |img_data_stream_2_V_blk_n       |   1|          2|    1|          2|
    |out_data_TDATA_blk_n            |   1|          2|    1|          2|
    |p_1_reg_148                     |  11|          2|   11|         22|
    |p_s_reg_137                     |  11|          2|   11|         22|
    +--------------------------------+----+-----------+-----+-----------+
    |Total                           |  28|         19|   28|         59|
    +--------------------------------+----+-----------+-----+-----------+

    * Register: 
    +--------------------------------+----+----+-----+-----------+
    |              Name              | FF | LUT| Bits| Const Bits|
    +--------------------------------+----+----+-----+-----------+
    |ap_CS_fsm                       |   4|   0|    4|          0|
    |ap_reg_ioackin_out_data_TREADY  |   1|   0|    1|          0|
    |ap_reg_ppiten_pp0_it0           |   1|   0|    1|          0|
    |ap_reg_ppiten_pp0_it1           |   1|   0|    1|          0|
    |axi_last_V_reg_239              |   1|   0|    1|          0|
    |exitcond2_reg_230               |   1|   0|    1|          0|
    |i_V_reg_225                     |  11|   0|   11|          0|
    |p_1_reg_148                     |  11|   0|   11|          0|
    |p_s_reg_137                     |  11|   0|   11|          0|
    |tmp_user_V_fu_86                |   1|   0|    1|          0|
    +--------------------------------+----+----+-----+-----------+
    |Total                           |  43|   0|   43|          0|
    +--------------------------------+----+----+-----+-----------+



================================================================
== Interface
================================================================
* Summary: 
+-----------------------------+-----+-----+------------+-------------------------+--------------+
|          RTL Ports          | Dir | Bits|  Protocol  |      Source Object      |    C Type    |
+-----------------------------+-----+-----+------------+-------------------------+--------------+
|ap_clk                       |  in |    1| ap_ctrl_hs |   moments_Mat2AXIvideo  | return value |
|ap_rst                       |  in |    1| ap_ctrl_hs |   moments_Mat2AXIvideo  | return value |
|ap_start                     |  in |    1| ap_ctrl_hs |   moments_Mat2AXIvideo  | return value |
|ap_done                      | out |    1| ap_ctrl_hs |   moments_Mat2AXIvideo  | return value |
|ap_idle                      | out |    1| ap_ctrl_hs |   moments_Mat2AXIvideo  | return value |
|ap_ready                     | out |    1| ap_ctrl_hs |   moments_Mat2AXIvideo  | return value |
|img_data_stream_0_V_dout     |  in |    8|   ap_fifo  |   img_data_stream_0_V   |    pointer   |
|img_data_stream_0_V_empty_n  |  in |    1|   ap_fifo  |   img_data_stream_0_V   |    pointer   |
|img_data_stream_0_V_read     | out |    1|   ap_fifo  |   img_data_stream_0_V   |    pointer   |
|img_data_stream_1_V_dout     |  in |    8|   ap_fifo  |   img_data_stream_1_V   |    pointer   |
|img_data_stream_1_V_empty_n  |  in |    1|   ap_fifo  |   img_data_stream_1_V   |    pointer   |
|img_data_stream_1_V_read     | out |    1|   ap_fifo  |   img_data_stream_1_V   |    pointer   |
|img_data_stream_2_V_dout     |  in |    8|   ap_fifo  |   img_data_stream_2_V   |    pointer   |
|img_data_stream_2_V_empty_n  |  in |    1|   ap_fifo  |   img_data_stream_2_V   |    pointer   |
|img_data_stream_2_V_read     | out |    1|   ap_fifo  |   img_data_stream_2_V   |    pointer   |
|out_data_TDATA               | out |   24|    axis    | AXI_video_strm_V_data_V |    pointer   |
|out_data_TVALID              | out |    1|    axis    | AXI_video_strm_V_dest_V |    pointer   |
|out_data_TREADY              |  in |    1|    axis    | AXI_video_strm_V_dest_V |    pointer   |
|out_data_TDEST               | out |    1|    axis    | AXI_video_strm_V_dest_V |    pointer   |
|out_data_TKEEP               | out |    3|    axis    | AXI_video_strm_V_keep_V |    pointer   |
|out_data_TSTRB               | out |    3|    axis    | AXI_video_strm_V_strb_V |    pointer   |
|out_data_TUSER               | out |    1|    axis    | AXI_video_strm_V_user_V |    pointer   |
|out_data_TLAST               | out |    1|    axis    | AXI_video_strm_V_last_V |    pointer   |
|out_data_TID                 | out |    1|    axis    |  AXI_video_strm_V_id_V  |    pointer   |
+-----------------------------+-----+-----+------------+-------------------------+--------------+

