

================================================================
== Vivado HLS Report for 'moments'
================================================================
* Date:           Thu Jan 09 04:42:16 2020

* Version:        2016.2 (Build 1577090 on Thu Jun 02 16:59:10 MDT 2016)
* Project:        moments
* Solution:       solution1
* Product family: zynq
* Target device:  xc7z020clg400-1


================================================================
== Performance Estimates
================================================================
+ Timing (ns): 
    * Summary: 
    +--------+-------+----------+------------+
    |  Clock | Target| Estimated| Uncertainty|
    +--------+-------+----------+------------+
    |ap_clk  |  10.00|      9.32|        1.25|
    +--------+-------+----------+------------+

+ Latency (clock cycles): 
    * Summary: 
    +---------+---------+---------+---------+---------+
    |      Latency      |      Interval     | Pipeline|
    |   min   |   max   |   min   |   max   |   Type  |
    +---------+---------+---------+---------+---------+
    |  8304200|  8304200|  8304201|  8304201|   none  |
    +---------+---------+---------+---------+---------+

    + Detail: 
        * Instance: 
        +------------------------------------------+-------------------------------+---------+---------+---------+---------+---------+
        |                                          |                               |      Latency      |      Interval     | Pipeline|
        |                 Instance                 |             Module            |   min   |   max   |   min   |   max   |   Type  |
        +------------------------------------------+-------------------------------+---------+---------+---------+---------+---------+
        |grp_moments_atan2_cordic_double_s_fu_139  |moments_atan2_cordic_double_s  |        1|      282|        1|      282|   none  |
        |grp_moments_calc_fu_147                   |moments_calc                   |  4149417|  4149417|  4149417|  4149417|   none  |
        |grp_moments_AXIvideo2Mat_fu_157           |moments_AXIvideo2Mat           |  2077923|  2077923|  2077923|  2077923|   none  |
        |grp_moments_Mat2AXIvideo_fu_178           |moments_Mat2AXIvideo           |  2076841|  2076841|  2076841|  2076841|   none  |
        +------------------------------------------+-------------------------------+---------+---------+---------+---------+---------+

        * Loop: 
        N/A



================================================================
== Utilization Estimates
================================================================
* Summary: 
+-----------------+---------+-------+--------+-------+
|       Name      | BRAM_18K| DSP48E|   FF   |  LUT  |
+-----------------+---------+-------+--------+-------+
|DSP              |        -|      -|       -|      -|
|Expression       |        -|      -|       0|     16|
|FIFO             |        0|      -|      30|    120|
|Instance         |        4|     31|    9888|  16293|
|Memory           |        -|      -|       -|      -|
|Multiplexer      |        -|      -|       -|     71|
|Register         |        -|      -|     528|      -|
+-----------------+---------+-------+--------+-------+
|Total            |        4|     31|   10446|  16500|
+-----------------+---------+-------+--------+-------+
|Available        |      280|    220|  106400|  53200|
+-----------------+---------+-------+--------+-------+
|Utilization (%)  |        1|     14|       9|     31|
+-----------------+---------+-------+--------+-------+

+ Detail: 
    * Instance: 
    +------------------------------------------+-------------------------------------+---------+-------+------+-------+
    |                 Instance                 |                Module               | BRAM_18K| DSP48E|  FF  |  LUT  |
    +------------------------------------------+-------------------------------------+---------+-------+------+-------+
    |grp_moments_AXIvideo2Mat_fu_157           |moments_AXIvideo2Mat                 |        0|      0|   195|    218|
    |grp_moments_Mat2AXIvideo_fu_178           |moments_Mat2AXIvideo                 |        0|      0|    43|     63|
    |grp_moments_atan2_cordic_double_s_fu_139  |moments_atan2_cordic_double_s        |        4|      3|  5869|  10883|
    |grp_moments_calc_fu_147                   |moments_calc                         |        0|     17|  2458|   2965|
    |moments_control_s_axi_U                   |moments_control_s_axi                |        0|      0|   182|    296|
    |moments_dmul_64ns_64ns_64_6_max_dsp_U45   |moments_dmul_64ns_64ns_64_6_max_dsp  |        0|     11|   317|    578|
    |moments_sitodp_64s_64_6_U47               |moments_sitodp_64s_64_6              |        0|      0|   412|    645|
    |moments_uitodp_64ns_64_6_U46              |moments_uitodp_64ns_64_6             |        0|      0|   412|    645|
    +------------------------------------------+-------------------------------------+---------+-------+------+-------+
    |Total                                     |                                     |        4|     31|  9888|  16293|
    +------------------------------------------+-------------------------------------+---------+-------+------+-------+

    * DSP48: 
    N/A

    * Memory: 
    N/A

    * FIFO: 
    +----------------------------------------------------+---------+---+----+------+-----+---------+
    |                        Name                        | BRAM_18K| FF| LUT| Depth| Bits| Size:D*B|
    +----------------------------------------------------+---------+---+----+------+-----+---------+
    |img_0_data_stream_0_V_img_0_data_stream_0_V_fifo_U  |        0|  5|  20|     1|    8|        8|
    |img_0_data_stream_1_V_img_0_data_stream_1_V_fifo_U  |        0|  5|  20|     1|    8|        8|
    |img_0_data_stream_2_V_img_0_data_stream_2_V_fifo_U  |        0|  5|  20|     1|    8|        8|
    |img_1_data_stream_0_V_img_1_data_stream_0_V_fifo_U  |        0|  5|  20|     1|    8|        8|
    |img_1_data_stream_1_V_img_1_data_stream_1_V_fifo_U  |        0|  5|  20|     1|    8|        8|
    |img_1_data_stream_2_V_img_1_data_stream_2_V_fifo_U  |        0|  5|  20|     1|    8|        8|
    +----------------------------------------------------+---------+---+----+------+-----+---------+
    |Total                                               |        0| 30| 120|     6|   48|       48|
    +----------------------------------------------------+---------+---+----+------+-----+---------+

    * Expression: 
    +------------------------------------------------+----------+-------+---+----+------------+------------+
    |                  Variable Name                 | Operation| DSP48E| FF| LUT| Bitwidth P0| Bitwidth P1|
    +------------------------------------------------+----------+-------+---+----+------------+------------+
    |grp_moments_AXIvideo2Mat_fu_157_in_data_TVALID  |    and   |      0|  0|   1|           1|           1|
    |out_data_V_data_V_1_sRdy                        |    and   |      0|  0|   1|           1|           1|
    |out_data_V_dest_V_1_sRdy                        |    and   |      0|  0|   1|           1|           1|
    |out_data_V_id_V_1_sRdy                          |    and   |      0|  0|   1|           1|           1|
    |out_data_V_keep_V_1_sRdy                        |    and   |      0|  0|   1|           1|           1|
    |out_data_V_last_V_1_sRdy                        |    and   |      0|  0|   1|           1|           1|
    |out_data_V_strb_V_1_sRdy                        |    and   |      0|  0|   1|           1|           1|
    |out_data_V_user_V_1_sRdy                        |    and   |      0|  0|   1|           1|           1|
    |ap_sig_727                                      |    or    |      0|  0|   1|           1|           1|
    |in_data_V_data_V_0_in_rdy                       |    or    |      0|  0|   1|           1|           1|
    |in_data_V_dest_V_0_in_rdy                       |    or    |      0|  0|   1|           1|           1|
    |in_data_V_id_V_0_in_rdy                         |    or    |      0|  0|   1|           1|           1|
    |in_data_V_keep_V_0_in_rdy                       |    or    |      0|  0|   1|           1|           1|
    |in_data_V_last_V_0_in_rdy                       |    or    |      0|  0|   1|           1|           1|
    |in_data_V_strb_V_0_in_rdy                       |    or    |      0|  0|   1|           1|           1|
    |in_data_V_user_V_0_in_rdy                       |    or    |      0|  0|   1|           1|           1|
    +------------------------------------------------+----------+-------+---+----+------------+------------+
    |Total                                           |          |      0|  0|  16|          16|          16|
    +------------------------------------------------+----------+-------+---+----+------------+------------+

    * Multiplexer: 
    +---------------------------------------+----+-----------+-----+-----------+
    |                  Name                 | LUT| Input Size| Bits| Total Bits|
    +---------------------------------------+----+-----------+-----+-----------+
    |ap_NS_fsm                              |  18|         21|    1|         21|
    |img_0_data_stream_0_V_read             |   1|          2|    1|          2|
    |img_0_data_stream_0_V_write            |   1|          2|    1|          2|
    |img_0_data_stream_1_V_read             |   1|          2|    1|          2|
    |img_0_data_stream_1_V_write            |   1|          2|    1|          2|
    |img_0_data_stream_2_V_read             |   1|          2|    1|          2|
    |img_0_data_stream_2_V_write            |   1|          2|    1|          2|
    |img_1_data_stream_0_V_read             |   1|          2|    1|          2|
    |img_1_data_stream_0_V_write            |   1|          2|    1|          2|
    |img_1_data_stream_1_V_read             |   1|          2|    1|          2|
    |img_1_data_stream_1_V_write            |   1|          2|    1|          2|
    |img_1_data_stream_2_V_read             |   1|          2|    1|          2|
    |img_1_data_stream_2_V_write            |   1|          2|    1|          2|
    |in_data_V_data_V_0_data_out            |  24|          2|   24|         48|
    |in_data_V_data_V_0_has_vld_data_reg_i  |   1|          3|    1|          3|
    |in_data_V_dest_V_0_data_out            |   1|          2|    1|          2|
    |in_data_V_dest_V_0_has_vld_data_reg_i  |   1|          3|    1|          3|
    |in_data_V_id_V_0_data_out              |   1|          2|    1|          2|
    |in_data_V_id_V_0_has_vld_data_reg_i    |   1|          3|    1|          3|
    |in_data_V_keep_V_0_data_out            |   3|          2|    3|          6|
    |in_data_V_keep_V_0_has_vld_data_reg_i  |   1|          3|    1|          3|
    |in_data_V_last_V_0_data_out            |   1|          2|    1|          2|
    |in_data_V_last_V_0_has_vld_data_reg_i  |   1|          3|    1|          3|
    |in_data_V_strb_V_0_data_out            |   3|          2|    3|          6|
    |in_data_V_strb_V_0_has_vld_data_reg_i  |   1|          3|    1|          3|
    |in_data_V_user_V_0_data_out            |   1|          2|    1|          2|
    |in_data_V_user_V_0_has_vld_data_reg_i  |   1|          3|    1|          3|
    +---------------------------------------+----+-----------+-----+-----------+
    |Total                                  |  71|         80|   54|        134|
    +---------------------------------------+----+-----------+-----+-----------+

    * Register: 
    +----------------------------------------------------------+----+----+-----+-----------+
    |                           Name                           | FF | LUT| Bits| Const Bits|
    +----------------------------------------------------------+----+----+-----+-----------+
    |ap_CS_fsm                                                 |  20|   0|   20|          0|
    |ap_reg_grp_moments_AXIvideo2Mat_fu_157_ap_start           |   1|   0|    1|          0|
    |ap_reg_grp_moments_Mat2AXIvideo_fu_178_ap_start           |   1|   0|    1|          0|
    |ap_reg_grp_moments_atan2_cordic_double_s_fu_139_ap_start  |   1|   0|    1|          0|
    |ap_reg_grp_moments_calc_fu_147_ap_start                   |   1|   0|    1|          0|
    |in_data_V_data_V_0_data_reg                               |  24|   0|   24|          0|
    |in_data_V_data_V_0_has_vld_data_reg                       |   1|   0|    1|          0|
    |in_data_V_data_V_0_in_rdy                                 |   1|   0|    1|          0|
    |in_data_V_dest_V_0_areset_d                               |   1|   0|    1|          0|
    |in_data_V_dest_V_0_data_reg                               |   1|   0|    1|          0|
    |in_data_V_dest_V_0_has_vld_data_reg                       |   1|   0|    1|          0|
    |in_data_V_dest_V_0_in_rdy                                 |   1|   0|    1|          0|
    |in_data_V_id_V_0_data_reg                                 |   1|   0|    1|          0|
    |in_data_V_id_V_0_has_vld_data_reg                         |   1|   0|    1|          0|
    |in_data_V_id_V_0_in_rdy                                   |   1|   0|    1|          0|
    |in_data_V_keep_V_0_data_reg                               |   3|   0|    3|          0|
    |in_data_V_keep_V_0_has_vld_data_reg                       |   1|   0|    1|          0|
    |in_data_V_keep_V_0_in_rdy                                 |   1|   0|    1|          0|
    |in_data_V_last_V_0_data_reg                               |   1|   0|    1|          0|
    |in_data_V_last_V_0_has_vld_data_reg                       |   1|   0|    1|          0|
    |in_data_V_last_V_0_in_rdy                                 |   1|   0|    1|          0|
    |in_data_V_strb_V_0_data_reg                               |   3|   0|    3|          0|
    |in_data_V_strb_V_0_has_vld_data_reg                       |   1|   0|    1|          0|
    |in_data_V_strb_V_0_in_rdy                                 |   1|   0|    1|          0|
    |in_data_V_user_V_0_data_reg                               |   1|   0|    1|          0|
    |in_data_V_user_V_0_has_vld_data_reg                       |   1|   0|    1|          0|
    |in_data_V_user_V_0_in_rdy                                 |   1|   0|    1|          0|
    |multi_reg_303                                             |  64|   0|   64|          0|
    |out_data_V_data_V_1_areset_d                              |   1|   0|    1|          0|
    |out_data_V_data_V_1_data_reg                              |  24|   0|   24|          0|
    |out_data_V_data_V_1_mVld                                  |   1|   0|    1|          0|
    |out_data_V_dest_V_1_areset_d                              |   1|   0|    1|          0|
    |out_data_V_dest_V_1_data_reg                              |   1|   0|    1|          0|
    |out_data_V_dest_V_1_mVld                                  |   1|   0|    1|          0|
    |out_data_V_id_V_1_areset_d                                |   1|   0|    1|          0|
    |out_data_V_id_V_1_data_reg                                |   1|   0|    1|          0|
    |out_data_V_id_V_1_mVld                                    |   1|   0|    1|          0|
    |out_data_V_keep_V_1_areset_d                              |   1|   0|    1|          0|
    |out_data_V_keep_V_1_data_reg                              |   3|   0|    3|          0|
    |out_data_V_keep_V_1_mVld                                  |   1|   0|    1|          0|
    |out_data_V_last_V_1_areset_d                              |   1|   0|    1|          0|
    |out_data_V_last_V_1_data_reg                              |   1|   0|    1|          0|
    |out_data_V_last_V_1_mVld                                  |   1|   0|    1|          0|
    |out_data_V_strb_V_1_areset_d                              |   1|   0|    1|          0|
    |out_data_V_strb_V_1_data_reg                              |   3|   0|    3|          0|
    |out_data_V_strb_V_1_mVld                                  |   1|   0|    1|          0|
    |out_data_V_user_V_1_areset_d                              |   1|   0|    1|          0|
    |out_data_V_user_V_1_data_reg                              |   1|   0|    1|          0|
    |out_data_V_user_V_1_mVld                                  |   1|   0|    1|          0|
    |sub45_V_reg_288                                           |  45|   0|   45|          0|
    |subtr_reg_308                                             |  64|   0|   64|          0|
    |tmp_4_reg_318                                             |  64|   0|   64|          0|
    |tmp_i_i_reg_313                                           |  64|   0|   64|          0|
    |tmp_reg_293                                               |  64|   0|   64|          0|
    |x_center_V_reg_278                                        |  21|   0|   21|          0|
    |y_center_V_reg_283                                        |  21|   0|   21|          0|
    +----------------------------------------------------------+----+----+-----+-----------+
    |Total                                                     | 528|   0|  528|          0|
    +----------------------------------------------------------+----+----+-----+-----------+



================================================================
== Interface
================================================================
* Summary: 
+-----------------------+-----+-----+------------+-------------------+--------------+
|       RTL Ports       | Dir | Bits|  Protocol  |   Source Object   |    C Type    |
+-----------------------+-----+-----+------------+-------------------+--------------+
|s_axi_control_AWVALID  |  in |    1|    s_axi   |      control      |    pointer   |
|s_axi_control_AWREADY  | out |    1|    s_axi   |      control      |    pointer   |
|s_axi_control_AWADDR   |  in |    6|    s_axi   |      control      |    pointer   |
|s_axi_control_WVALID   |  in |    1|    s_axi   |      control      |    pointer   |
|s_axi_control_WREADY   | out |    1|    s_axi   |      control      |    pointer   |
|s_axi_control_WDATA    |  in |   32|    s_axi   |      control      |    pointer   |
|s_axi_control_WSTRB    |  in |    4|    s_axi   |      control      |    pointer   |
|s_axi_control_ARVALID  |  in |    1|    s_axi   |      control      |    pointer   |
|s_axi_control_ARREADY  | out |    1|    s_axi   |      control      |    pointer   |
|s_axi_control_ARADDR   |  in |    6|    s_axi   |      control      |    pointer   |
|s_axi_control_RVALID   | out |    1|    s_axi   |      control      |    pointer   |
|s_axi_control_RREADY   |  in |    1|    s_axi   |      control      |    pointer   |
|s_axi_control_RDATA    | out |   32|    s_axi   |      control      |    pointer   |
|s_axi_control_RRESP    | out |    2|    s_axi   |      control      |    pointer   |
|s_axi_control_BVALID   | out |    1|    s_axi   |      control      |    pointer   |
|s_axi_control_BREADY   |  in |    1|    s_axi   |      control      |    pointer   |
|s_axi_control_BRESP    | out |    2|    s_axi   |      control      |    pointer   |
|ap_clk                 |  in |    1| ap_ctrl_hs |      moments      | return value |
|ap_rst_n               |  in |    1| ap_ctrl_hs |      moments      | return value |
|interrupt              | out |    1| ap_ctrl_hs |      moments      | return value |
|in_data_TDATA          |  in |   24|    axis    |  in_data_V_data_V |    pointer   |
|in_data_TVALID         |  in |    1|    axis    |  in_data_V_dest_V |    pointer   |
|in_data_TREADY         | out |    1|    axis    |  in_data_V_dest_V |    pointer   |
|in_data_TDEST          |  in |    1|    axis    |  in_data_V_dest_V |    pointer   |
|in_data_TKEEP          |  in |    3|    axis    |  in_data_V_keep_V |    pointer   |
|in_data_TSTRB          |  in |    3|    axis    |  in_data_V_strb_V |    pointer   |
|in_data_TUSER          |  in |    1|    axis    |  in_data_V_user_V |    pointer   |
|in_data_TLAST          |  in |    1|    axis    |  in_data_V_last_V |    pointer   |
|in_data_TID            |  in |    1|    axis    |   in_data_V_id_V  |    pointer   |
|out_data_TDATA         | out |   24|    axis    | out_data_V_data_V |    pointer   |
|out_data_TVALID        | out |    1|    axis    | out_data_V_dest_V |    pointer   |
|out_data_TREADY        |  in |    1|    axis    | out_data_V_dest_V |    pointer   |
|out_data_TDEST         | out |    1|    axis    | out_data_V_dest_V |    pointer   |
|out_data_TKEEP         | out |    3|    axis    | out_data_V_keep_V |    pointer   |
|out_data_TSTRB         | out |    3|    axis    | out_data_V_strb_V |    pointer   |
|out_data_TUSER         | out |    1|    axis    | out_data_V_user_V |    pointer   |
|out_data_TLAST         | out |    1|    axis    | out_data_V_last_V |    pointer   |
|out_data_TID           | out |    1|    axis    |  out_data_V_id_V  |    pointer   |
+-----------------------+-----+-----+------------+-------------------+--------------+

