

================================================================
== Vivado HLS Report for 'resize_accel'
================================================================
* Date:           Fri Jan 31 22:07:11 2020

* Version:        2018.3 (Build 2405991 on Thu Dec 06 23:56:15 MST 2018)
* Project:        moments
* Solution:       solution1
* Product family: zynq
* Target device:  xc7z020clg400-1


================================================================
== Performance Estimates
================================================================
+ Timing (ns): 
    * Summary: 
    +--------+-------+----------+------------+
    |  Clock | Target| Estimated| Uncertainty|
    +--------+-------+----------+------------+
    |ap_clk  |  10.00|     9.400|        1.25|
    +--------+-------+----------+------------+

+ Latency (clock cycles): 
    * Summary: 
    +--------+--------+--------+--------+----------+
    |     Latency     |     Interval    | Pipeline |
    |   min  |   max  |   min  |   max  |   Type   |
    +--------+--------+--------+--------+----------+
    |  491302|  497839|  491302|  497839| dataflow |
    +--------+--------+--------+--------+----------+

    + Detail: 
        * Instance: 
        +-----------------------+------------+--------+--------+--------+--------+----------+
        |                       |            |     Latency     |     Interval    | Pipeline |
        |        Instance       |   Module   |   min  |   max  |   min  |   max  |   Type   |
        +-----------------------+------------+--------+--------+--------+--------+----------+
        |grp_resize_fu_86       |resize      |  491301|  497838|  491302|  497839| dataflow |
        |grp_xfMat2axis_fu_104  |xfMat2axis  |   58321|   58321|   58321|   58321|   none   |
        |grp_axis2xfMat_fu_113  |axis2xfMat  |  231481|  231481|  231481|  231481|   none   |
        +-----------------------+------------+--------+--------+--------+--------+----------+

        * Loop: 
        N/A

============================================================
+ Verbose Summary: Synthesis Manager
============================================================
InlineROM: 1
ExposeGlobal: 0
============================================================
+ Verbose Summary: CDFG Model
============================================================
IsTopModel: 1
ResetActiveHigh: 1
IsCombinational: 2
IsDatapathOnly: 0
HasWiredReturn: 1
HasMFsm: 0
HasVarLatency: 1
IsPipeline: 0
IsRtlPipelined: 0
IsInstanceOverlapped: 0
IsDontTouch: 0
HasImplIP: 0
IsGatedGlobalClock: 0


============================================================
+ Verbose Summary: Schedule
============================================================
* Number of FSM states : 8
* Pipeline : 0
* Dataflow Pipeline: 1
  DF-Pipeline-0: Size = 8, States = { 1 2 3 4 5 6 7 8 }

* FSM state transitions: 
1 --> 
	2  / true
2 --> 
	3  / true
3 --> 
	4  / true
4 --> 
	5  / true
5 --> 
	6  / true
6 --> 
	7  / true
7 --> 
	8  / true
8 --> 

* FSM state operations: 

State 1 <SV = 0> <Delay = 0.00>
ST_1 : Operation 9 [1/1] (0.00ns)   --->   "%p_src_data_V = alloca i24, align 4" [xf_resize_accel.cpp:78]   --->   Operation 9 'alloca' 'p_src_data_V' <Predicate = true> <Delay = 0.00> <Core = "FIFO">   --->   Core 32 'FIFO' <Latency = 0> <II = 1> <Delay = 3.51> <Storage> <Opcode : 'read' 'write' 'nbread' 'nbwrite'> <Ports = 0> <Width = 24> <Depth = 150> <FIFO>
ST_1 : Operation 10 [1/1] (0.00ns)   --->   "%p_dst_data_V = alloca i24, align 4" [xf_resize_accel.cpp:79]   --->   Operation 10 'alloca' 'p_dst_data_V' <Predicate = true> <Delay = 0.00> <Core = "FIFO">   --->   Core 32 'FIFO' <Latency = 0> <II = 1> <Delay = 3.51> <Storage> <Opcode : 'read' 'write' 'nbread' 'nbwrite'> <Ports = 0> <Width = 24> <Depth = 150> <FIFO>

State 2 <SV = 1> <Delay = 0.00>
ST_2 : Operation 11 [2/2] (0.00ns)   --->   "call fastcc void @axis2xfMat(i24* %p_src_data_V, i24* %src_data_V)" [xf_resize_accel.cpp:85]   --->   Operation 11 'call' <Predicate = true> <Delay = 0.00> <CoreType = "Generic">   --->   Core 0 '' <Latency = 0> <II = 1> <Delay = 1.00> <Generic> <Opcode : >

State 3 <SV = 2> <Delay = 0.00>
ST_3 : Operation 12 [1/2] (0.00ns)   --->   "call fastcc void @axis2xfMat(i24* %p_src_data_V, i24* %src_data_V)" [xf_resize_accel.cpp:85]   --->   Operation 12 'call' <Predicate = true> <Delay = 0.00> <CoreType = "Generic">   --->   Core 0 '' <Latency = 0> <II = 1> <Delay = 1.00> <Generic> <Opcode : >

State 4 <SV = 3> <Delay = 0.00>
ST_4 : Operation 13 [2/2] (0.00ns)   --->   "call fastcc void @resize(i24* %p_src_data_V, i24* %p_dst_data_V, i32* %xc_out, i32* %yc_out, i32* %anglexcomp, i32* %angleycomp)" [xf_resize_accel.cpp:87]   --->   Operation 13 'call' <Predicate = true> <Delay = 0.00> <CoreType = "Generic">   --->   Core 0 '' <Latency = 0> <II = 1> <Delay = 1.00> <Generic> <Opcode : >

State 5 <SV = 4> <Delay = 0.00>
ST_5 : Operation 14 [1/2] (0.00ns)   --->   "call fastcc void @resize(i24* %p_src_data_V, i24* %p_dst_data_V, i32* %xc_out, i32* %yc_out, i32* %anglexcomp, i32* %angleycomp)" [xf_resize_accel.cpp:87]   --->   Operation 14 'call' <Predicate = true> <Delay = 0.00> <CoreType = "Generic">   --->   Core 0 '' <Latency = 0> <II = 1> <Delay = 1.00> <Generic> <Opcode : >

State 6 <SV = 5> <Delay = 0.00>
ST_6 : Operation 15 [2/2] (0.00ns)   --->   "call fastcc void @xfMat2axis(i24* %p_dst_data_V, i24* %dst_data_V, i1* %dst_last_V)" [xf_resize_accel.cpp:90]   --->   Operation 15 'call' <Predicate = true> <Delay = 0.00> <CoreType = "Generic">   --->   Core 0 '' <Latency = 0> <II = 1> <Delay = 1.00> <Generic> <Opcode : >

State 7 <SV = 6> <Delay = 0.00>
ST_7 : Operation 16 [1/2] (0.00ns)   --->   "call fastcc void @xfMat2axis(i24* %p_dst_data_V, i24* %dst_data_V, i1* %dst_last_V)" [xf_resize_accel.cpp:90]   --->   Operation 16 'call' <Predicate = true> <Delay = 0.00> <CoreType = "Generic">   --->   Core 0 '' <Latency = 0> <II = 1> <Delay = 1.00> <Generic> <Opcode : >

State 8 <SV = 7> <Delay = 0.00>
ST_8 : Operation 17 [1/1] (0.00ns)   --->   "call void (...)* @_ssdm_op_SpecDataflowPipeline(i32 -1, i32 0, [1 x i8]* @p_str) nounwind" [xf_resize_accel.cpp:83]   --->   Operation 17 'specdataflowpipeline' <Predicate = true> <Delay = 0.00>
ST_8 : Operation 18 [1/1] (0.00ns)   --->   "call void (...)* @_ssdm_op_SpecBitsMap(i24* %src_data_V), !map !210"   --->   Operation 18 'specbitsmap' <Predicate = true> <Delay = 0.00>
ST_8 : Operation 19 [1/1] (0.00ns)   --->   "call void (...)* @_ssdm_op_SpecBitsMap(i1* %src_last_V), !map !216"   --->   Operation 19 'specbitsmap' <Predicate = true> <Delay = 0.00>
ST_8 : Operation 20 [1/1] (0.00ns)   --->   "call void (...)* @_ssdm_op_SpecBitsMap(i24* %dst_data_V), !map !220"   --->   Operation 20 'specbitsmap' <Predicate = true> <Delay = 0.00>
ST_8 : Operation 21 [1/1] (0.00ns)   --->   "call void (...)* @_ssdm_op_SpecBitsMap(i1* %dst_last_V), !map !226"   --->   Operation 21 'specbitsmap' <Predicate = true> <Delay = 0.00>
ST_8 : Operation 22 [1/1] (0.00ns)   --->   "call void (...)* @_ssdm_op_SpecBitsMap(i32 %inval), !map !230"   --->   Operation 22 'specbitsmap' <Predicate = true> <Delay = 0.00>
ST_8 : Operation 23 [1/1] (0.00ns)   --->   "call void (...)* @_ssdm_op_SpecBitsMap(i32* %xc_out), !map !236"   --->   Operation 23 'specbitsmap' <Predicate = true> <Delay = 0.00>
ST_8 : Operation 24 [1/1] (0.00ns)   --->   "call void (...)* @_ssdm_op_SpecBitsMap(i32* %yc_out), !map !240"   --->   Operation 24 'specbitsmap' <Predicate = true> <Delay = 0.00>
ST_8 : Operation 25 [1/1] (0.00ns)   --->   "call void (...)* @_ssdm_op_SpecBitsMap(i32* %anglexcomp), !map !244"   --->   Operation 25 'specbitsmap' <Predicate = true> <Delay = 0.00>
ST_8 : Operation 26 [1/1] (0.00ns)   --->   "call void (...)* @_ssdm_op_SpecBitsMap(i32* %angleycomp), !map !248"   --->   Operation 26 'specbitsmap' <Predicate = true> <Delay = 0.00>
ST_8 : Operation 27 [1/1] (0.00ns)   --->   "call void (...)* @_ssdm_op_SpecTopModule([13 x i8]* @resize_accel_str) nounwind"   --->   Operation 27 'spectopmodule' <Predicate = true> <Delay = 0.00>
ST_8 : Operation 28 [1/1] (0.00ns)   --->   "%empty = call i32 (...)* @_ssdm_op_SpecChannel([20 x i8]* @p_src_OC_data_OC_V_OC, i32 1, [1 x i8]* @p_str, [1 x i8]* @p_str, i32 150, i32 230400, i24* %p_src_data_V, i24* %p_src_data_V)"   --->   Operation 28 'specchannel' 'empty' <Predicate = true> <Delay = 0.00>
ST_8 : Operation 29 [1/1] (0.00ns)   --->   "call void (...)* @_ssdm_op_SpecInterface(i24* %p_src_data_V, [8 x i8]* @ap_fifo_str, i32 0, i32 0, [1 x i8]* @p_str, i32 0, i32 0, [1 x i8]* @p_str, [1 x i8]* @p_str, [1 x i8]* @p_str, i32 2, i32 2, i32 16, i32 16, [1 x i8]* @p_str, [1 x i8]* @p_str)"   --->   Operation 29 'specinterface' <Predicate = true> <Delay = 0.00>
ST_8 : Operation 30 [1/1] (0.00ns)   --->   "%empty_27 = call i32 (...)* @_ssdm_op_SpecChannel([20 x i8]* @p_dst_OC_data_OC_V_OC, i32 1, [1 x i8]* @p_str, [1 x i8]* @p_str, i32 150, i32 230400, i24* %p_dst_data_V, i24* %p_dst_data_V)"   --->   Operation 30 'specchannel' 'empty_27' <Predicate = true> <Delay = 0.00>
ST_8 : Operation 31 [1/1] (0.00ns)   --->   "call void (...)* @_ssdm_op_SpecInterface(i24* %p_dst_data_V, [8 x i8]* @ap_fifo_str, i32 0, i32 0, [1 x i8]* @p_str, i32 0, i32 0, [1 x i8]* @p_str, [1 x i8]* @p_str, [1 x i8]* @p_str, i32 2, i32 2, i32 16, i32 16, [1 x i8]* @p_str, [1 x i8]* @p_str)"   --->   Operation 31 'specinterface' <Predicate = true> <Delay = 0.00>
ST_8 : Operation 32 [1/1] (0.00ns)   --->   "call void (...)* @_ssdm_op_SpecInterface(i24* %src_data_V, i1* %src_last_V, [5 x i8]* @p_str3, i32 1, i32 1, [5 x i8]* @p_str4, i32 0, i32 110592, [1 x i8]* @p_str, [1 x i8]* @p_str, [1 x i8]* @p_str, i32 0, i32 0, i32 0, i32 0, [1 x i8]* @p_str, [1 x i8]* @p_str) nounwind" [xf_resize_accel.cpp:69]   --->   Operation 32 'specinterface' <Predicate = true> <Delay = 0.00>
ST_8 : Operation 33 [1/1] (0.00ns)   --->   "call void (...)* @_ssdm_op_SpecInterface(i24* %dst_data_V, i1* %dst_last_V, [5 x i8]* @p_str3, i32 1, i32 1, [5 x i8]* @p_str4, i32 0, i32 27648, [1 x i8]* @p_str, [1 x i8]* @p_str, [1 x i8]* @p_str, i32 0, i32 0, i32 0, i32 0, [1 x i8]* @p_str, [1 x i8]* @p_str) nounwind" [xf_resize_accel.cpp:70]   --->   Operation 33 'specinterface' <Predicate = true> <Delay = 0.00>
ST_8 : Operation 34 [1/1] (0.00ns)   --->   "call void (...)* @_ssdm_op_SpecInterface(i32 %inval, [10 x i8]* @p_str5, i32 0, i32 0, [1 x i8]* @p_str, i32 0, i32 0, [1 x i8]* @p_str, [1 x i8]* @p_str, [1 x i8]* @p_str, i32 0, i32 0, i32 0, i32 0, [1 x i8]* @p_str, [1 x i8]* @p_str) nounwind" [xf_resize_accel.cpp:71]   --->   Operation 34 'specinterface' <Predicate = true> <Delay = 0.00>
ST_8 : Operation 35 [1/1] (0.00ns)   --->   "call void (...)* @_ssdm_op_SpecInterface(i32* %xc_out, [10 x i8]* @p_str5, i32 0, i32 0, [1 x i8]* @p_str, i32 0, i32 0, [1 x i8]* @p_str, [1 x i8]* @p_str, [1 x i8]* @p_str, i32 0, i32 0, i32 0, i32 0, [1 x i8]* @p_str, [1 x i8]* @p_str) nounwind" [xf_resize_accel.cpp:72]   --->   Operation 35 'specinterface' <Predicate = true> <Delay = 0.00>
ST_8 : Operation 36 [1/1] (0.00ns)   --->   "call void (...)* @_ssdm_op_SpecInterface(i32* %yc_out, [10 x i8]* @p_str5, i32 0, i32 0, [1 x i8]* @p_str, i32 0, i32 0, [1 x i8]* @p_str, [1 x i8]* @p_str, [1 x i8]* @p_str, i32 0, i32 0, i32 0, i32 0, [1 x i8]* @p_str, [1 x i8]* @p_str) nounwind" [xf_resize_accel.cpp:73]   --->   Operation 36 'specinterface' <Predicate = true> <Delay = 0.00>
ST_8 : Operation 37 [1/1] (0.00ns)   --->   "call void (...)* @_ssdm_op_SpecInterface(i32* %anglexcomp, [10 x i8]* @p_str5, i32 0, i32 0, [1 x i8]* @p_str, i32 0, i32 0, [1 x i8]* @p_str, [1 x i8]* @p_str, [1 x i8]* @p_str, i32 0, i32 0, i32 0, i32 0, [1 x i8]* @p_str, [1 x i8]* @p_str) nounwind" [xf_resize_accel.cpp:74]   --->   Operation 37 'specinterface' <Predicate = true> <Delay = 0.00>
ST_8 : Operation 38 [1/1] (0.00ns)   --->   "call void (...)* @_ssdm_op_SpecInterface(i32* %angleycomp, [10 x i8]* @p_str5, i32 0, i32 0, [1 x i8]* @p_str, i32 0, i32 0, [1 x i8]* @p_str, [1 x i8]* @p_str, [1 x i8]* @p_str, i32 0, i32 0, i32 0, i32 0, [1 x i8]* @p_str, [1 x i8]* @p_str) nounwind" [xf_resize_accel.cpp:75]   --->   Operation 38 'specinterface' <Predicate = true> <Delay = 0.00>
ST_8 : Operation 39 [1/1] (0.00ns)   --->   "call void (...)* @_ssdm_op_SpecInterface(i32 0, [10 x i8]* @p_str5, i32 0, i32 0, [1 x i8]* @p_str, i32 0, i32 0, [1 x i8]* @p_str, [1 x i8]* @p_str, [1 x i8]* @p_str, i32 0, i32 0, i32 0, i32 0, [1 x i8]* @p_str, [1 x i8]* @p_str) nounwind" [xf_resize_accel.cpp:76]   --->   Operation 39 'specinterface' <Predicate = true> <Delay = 0.00>
ST_8 : Operation 40 [1/1] (0.00ns)   --->   "%empty_28 = call i32 (...)* @_ssdm_op_SpecChannel([12 x i8]* @p_src_OC_data_OC_V_st, i32 1, [1 x i8]* @p_str, [1 x i8]* @p_str, i32 150, i32 230400, i24* %p_src_data_V, i24* %p_src_data_V)"   --->   Operation 40 'specchannel' 'empty_28' <Predicate = true> <Delay = 0.00>
ST_8 : Operation 41 [1/1] (0.00ns)   --->   "call void (...)* @_ssdm_op_SpecInterface(i24* %p_src_data_V, [8 x i8]* @ap_fifo_str, i32 0, i32 0, [1 x i8]* @p_str, i32 0, i32 0, [1 x i8]* @p_str, [1 x i8]* @p_str, [1 x i8]* @p_str, i32 2, i32 2, i32 16, i32 16, [1 x i8]* @p_str, [1 x i8]* @p_str)"   --->   Operation 41 'specinterface' <Predicate = true> <Delay = 0.00>
ST_8 : Operation 42 [1/1] (0.00ns)   --->   "%empty_29 = call i32 (...)* @_ssdm_op_SpecChannel([12 x i8]* @p_dst_OC_data_OC_V_st, i32 1, [1 x i8]* @p_str, [1 x i8]* @p_str, i32 150, i32 230400, i24* %p_dst_data_V, i24* %p_dst_data_V)"   --->   Operation 42 'specchannel' 'empty_29' <Predicate = true> <Delay = 0.00>
ST_8 : Operation 43 [1/1] (0.00ns)   --->   "call void (...)* @_ssdm_op_SpecInterface(i24* %p_dst_data_V, [8 x i8]* @ap_fifo_str, i32 0, i32 0, [1 x i8]* @p_str, i32 0, i32 0, [1 x i8]* @p_str, [1 x i8]* @p_str, [1 x i8]* @p_str, i32 2, i32 2, i32 16, i32 16, [1 x i8]* @p_str, [1 x i8]* @p_str)"   --->   Operation 43 'specinterface' <Predicate = true> <Delay = 0.00>
ST_8 : Operation 44 [1/1] (0.00ns)   --->   "ret void" [xf_resize_accel.cpp:92]   --->   Operation 44 'ret' <Predicate = true> <Delay = 0.00>


============================================================
+ Verbose Summary: Binding
============================================================
STG Binding: 
---------------- STG Properties BEGIN ----------------
- Is combinational: 0
- Is one-state seq: 0
- Is datapath-only: 0
- Is pipelined: 0
- Is top level: 1
Port [ Return ] is wired: 1; IO mode=ap_ctrl_hs:ce=0
Port [ src_data_V]:  wired=1; compound=1; hidden=0; nouse=0; global=0; static=0; extern=0; dir=0; type=0; pingpong=0; private_global=0; IO mode=axis:ce=0
Port [ src_last_V]:  wired=1; compound=1; hidden=0; nouse=1; global=0; static=0; extern=0; dir=0; type=0; pingpong=0; private_global=0; IO mode=axis:ce=0
Port [ dst_data_V]:  wired=1; compound=1; hidden=0; nouse=0; global=0; static=0; extern=0; dir=1; type=0; pingpong=0; private_global=0; IO mode=axis:ce=0
Port [ dst_last_V]:  wired=1; compound=1; hidden=0; nouse=0; global=0; static=0; extern=0; dir=1; type=0; pingpong=0; private_global=0; IO mode=axis:ce=0
Port [ inval]:  wired=1; compound=0; hidden=0; nouse=1; global=0; static=0; extern=0; dir=0; type=0; pingpong=0; private_global=0; IO mode=ap_none:ce=0
Port [ xc_out]:  wired=1; compound=0; hidden=0; nouse=0; global=0; static=0; extern=0; dir=1; type=0; pingpong=0; private_global=0; IO mode=ap_vld:ce=0
Port [ yc_out]:  wired=1; compound=0; hidden=0; nouse=0; global=0; static=0; extern=0; dir=1; type=0; pingpong=0; private_global=0; IO mode=ap_vld:ce=0
Port [ anglexcomp]:  wired=1; compound=0; hidden=0; nouse=0; global=0; static=0; extern=0; dir=1; type=0; pingpong=0; private_global=0; IO mode=ap_vld:ce=0
Port [ angleycomp]:  wired=1; compound=0; hidden=0; nouse=0; global=0; static=0; extern=0; dir=1; type=0; pingpong=0; private_global=0; IO mode=ap_vld:ce=0
Port [ xf_division_lut]:  wired=0; compound=1; hidden=1; nouse=1; global=1; static=1; extern=0; dir=0; type=1; pingpong=0; private_global=0; linkage=7; visibility=0; MemPort=[1]; IO mode=ap_memory:ce=0
Port [ ic]:  wired=0; compound=0; hidden=1; nouse=1; global=1; static=1; extern=0; dir=2; type=0; pingpong=0; private_global=0; linkage=7; visibility=0; IO mode=ap_ovld:ce=0
---------------- STG Properties END ------------------

---------------- Datapath Model BEGIN ----------------

<LifeTime>
<method=bitvector/>
p_src_data_V (alloca              ) [ 001111111]
p_dst_data_V (alloca              ) [ 001111111]
StgValue_12  (call                ) [ 000000000]
StgValue_14  (call                ) [ 000000000]
StgValue_16  (call                ) [ 000000000]
StgValue_17  (specdataflowpipeline) [ 000000000]
StgValue_18  (specbitsmap         ) [ 000000000]
StgValue_19  (specbitsmap         ) [ 000000000]
StgValue_20  (specbitsmap         ) [ 000000000]
StgValue_21  (specbitsmap         ) [ 000000000]
StgValue_22  (specbitsmap         ) [ 000000000]
StgValue_23  (specbitsmap         ) [ 000000000]
StgValue_24  (specbitsmap         ) [ 000000000]
StgValue_25  (specbitsmap         ) [ 000000000]
StgValue_26  (specbitsmap         ) [ 000000000]
StgValue_27  (spectopmodule       ) [ 000000000]
empty        (specchannel         ) [ 000000000]
StgValue_29  (specinterface       ) [ 000000000]
empty_27     (specchannel         ) [ 000000000]
StgValue_31  (specinterface       ) [ 000000000]
StgValue_32  (specinterface       ) [ 000000000]
StgValue_33  (specinterface       ) [ 000000000]
StgValue_34  (specinterface       ) [ 000000000]
StgValue_35  (specinterface       ) [ 000000000]
StgValue_36  (specinterface       ) [ 000000000]
StgValue_37  (specinterface       ) [ 000000000]
StgValue_38  (specinterface       ) [ 000000000]
StgValue_39  (specinterface       ) [ 000000000]
empty_28     (specchannel         ) [ 000000000]
StgValue_41  (specinterface       ) [ 000000000]
empty_29     (specchannel         ) [ 000000000]
StgValue_43  (specinterface       ) [ 000000000]
StgValue_44  (ret                 ) [ 000000000]
</LifeTime>

<model>

<comp_list>
<comp id="0" class="1000" name="src_data_V">
<pin_list>
<pin id="1" dir="1" index="0" bw="1" slack="0"/>
</pin_list>
<bind>
<StgValue><ssdm name="src_data_V"/></StgValue>
</bind>
</comp>

<comp id="2" class="1000" name="src_last_V">
<pin_list>
<pin id="3" dir="1" index="0" bw="1" slack="2147483647"/>
</pin_list>
<bind>
<StgValue><ssdm name="src_last_V"/></StgValue>
</bind>
</comp>

<comp id="4" class="1000" name="dst_data_V">
<pin_list>
<pin id="5" dir="1" index="0" bw="1" slack="0"/>
</pin_list>
<bind>
<StgValue><ssdm name="dst_data_V"/></StgValue>
</bind>
</comp>

<comp id="6" class="1000" name="dst_last_V">
<pin_list>
<pin id="7" dir="1" index="0" bw="1" slack="0"/>
</pin_list>
<bind>
<StgValue><ssdm name="dst_last_V"/></StgValue>
</bind>
</comp>

<comp id="8" class="1000" name="inval">
<pin_list>
<pin id="9" dir="1" index="0" bw="1" slack="2147483647"/>
</pin_list>
<bind>
<StgValue><ssdm name="inval"/></StgValue>
</bind>
</comp>

<comp id="10" class="1000" name="xc_out">
<pin_list>
<pin id="11" dir="1" index="0" bw="1" slack="0"/>
</pin_list>
<bind>
<StgValue><ssdm name="xc_out"/></StgValue>
</bind>
</comp>

<comp id="12" class="1000" name="yc_out">
<pin_list>
<pin id="13" dir="1" index="0" bw="1" slack="0"/>
</pin_list>
<bind>
<StgValue><ssdm name="yc_out"/></StgValue>
</bind>
</comp>

<comp id="14" class="1000" name="anglexcomp">
<pin_list>
<pin id="15" dir="1" index="0" bw="1" slack="0"/>
</pin_list>
<bind>
<StgValue><ssdm name="anglexcomp"/></StgValue>
</bind>
</comp>

<comp id="16" class="1000" name="angleycomp">
<pin_list>
<pin id="17" dir="1" index="0" bw="1" slack="0"/>
</pin_list>
<bind>
<StgValue><ssdm name="angleycomp"/></StgValue>
</bind>
</comp>

<comp id="18" class="1000" name="xf_division_lut">
<pin_list>
<pin id="19" dir="1" index="0" bw="1" slack="0"/>
</pin_list>
<bind>
<StgValue><ssdm name="xf_division_lut"/><MemPortTyVec>1 </MemPortTyVec>
</StgValue>
</bind>
</comp>

<comp id="20" class="1000" name="ic">
<pin_list>
<pin id="21" dir="1" index="0" bw="1" slack="0"/>
</pin_list>
<bind>
<StgValue><ssdm name="ic"/></StgValue>
</bind>
</comp>

<comp id="22" class="1001" name="const_22">
<pin_list>
<pin id="23" dir="1" index="0" bw="1" slack="0"/>
</pin_list>
<bind>
<StgValue><ssdm name=""/></StgValue>
</bind>
</comp>

<comp id="24" class="1001" name="const_24">
<pin_list>
<pin id="25" dir="1" index="0" bw="1" slack="0"/>
</pin_list>
<bind>
<StgValue><ssdm name="axis2xfMat"/></StgValue>
</bind>
</comp>

<comp id="26" class="1001" name="const_26">
<pin_list>
<pin id="27" dir="1" index="0" bw="1" slack="0"/>
</pin_list>
<bind>
<StgValue><ssdm name="resize"/></StgValue>
</bind>
</comp>

<comp id="28" class="1001" name="const_28">
<pin_list>
<pin id="29" dir="1" index="0" bw="1" slack="0"/>
</pin_list>
<bind>
<StgValue><ssdm name="xfMat2axis"/></StgValue>
</bind>
</comp>

<comp id="30" class="1001" name="const_30">
<pin_list>
<pin id="31" dir="1" index="0" bw="1" slack="2147483647"/>
</pin_list>
<bind>
<StgValue><ssdm name="_ssdm_op_SpecDataflowPipeline"/></StgValue>
</bind>
</comp>

<comp id="32" class="1001" name="const_32">
<pin_list>
<pin id="33" dir="1" index="0" bw="1" slack="2147483647"/>
</pin_list>
<bind>
<StgValue><ssdm name=""/></StgValue>
</bind>
</comp>

<comp id="34" class="1001" name="const_34">
<pin_list>
<pin id="35" dir="1" index="0" bw="1" slack="2147483647"/>
</pin_list>
<bind>
<StgValue><ssdm name=""/></StgValue>
</bind>
</comp>

<comp id="36" class="1001" name="const_36">
<pin_list>
<pin id="37" dir="1" index="0" bw="1" slack="2147483647"/>
</pin_list>
<bind>
<StgValue><ssdm name="p_str"/></StgValue>
</bind>
</comp>

<comp id="38" class="1001" name="const_38">
<pin_list>
<pin id="39" dir="1" index="0" bw="1" slack="2147483647"/>
</pin_list>
<bind>
<StgValue><ssdm name="_ssdm_op_SpecBitsMap"/></StgValue>
</bind>
</comp>

<comp id="40" class="1001" name="const_40">
<pin_list>
<pin id="41" dir="1" index="0" bw="1" slack="2147483647"/>
</pin_list>
<bind>
<StgValue><ssdm name="_ssdm_op_SpecTopModule"/></StgValue>
</bind>
</comp>

<comp id="42" class="1001" name="const_42">
<pin_list>
<pin id="43" dir="1" index="0" bw="1" slack="2147483647"/>
</pin_list>
<bind>
<StgValue><ssdm name="resize_accel_str"/></StgValue>
</bind>
</comp>

<comp id="44" class="1001" name="const_44">
<pin_list>
<pin id="45" dir="1" index="0" bw="1" slack="2147483647"/>
</pin_list>
<bind>
<StgValue><ssdm name="_ssdm_op_SpecChannel"/></StgValue>
</bind>
</comp>

<comp id="46" class="1001" name="const_46">
<pin_list>
<pin id="47" dir="1" index="0" bw="1" slack="2147483647"/>
</pin_list>
<bind>
<StgValue><ssdm name="p_src_OC_data_OC_V_OC"/></StgValue>
</bind>
</comp>

<comp id="48" class="1001" name="const_48">
<pin_list>
<pin id="49" dir="1" index="0" bw="1" slack="2147483647"/>
</pin_list>
<bind>
<StgValue><ssdm name=""/></StgValue>
</bind>
</comp>

<comp id="50" class="1001" name="const_50">
<pin_list>
<pin id="51" dir="1" index="0" bw="1" slack="2147483647"/>
</pin_list>
<bind>
<StgValue><ssdm name=""/></StgValue>
</bind>
</comp>

<comp id="52" class="1001" name="const_52">
<pin_list>
<pin id="53" dir="1" index="0" bw="1" slack="2147483647"/>
</pin_list>
<bind>
<StgValue><ssdm name=""/></StgValue>
</bind>
</comp>

<comp id="54" class="1001" name="const_54">
<pin_list>
<pin id="55" dir="1" index="0" bw="1" slack="2147483647"/>
</pin_list>
<bind>
<StgValue><ssdm name="_ssdm_op_SpecInterface"/></StgValue>
</bind>
</comp>

<comp id="56" class="1001" name="const_56">
<pin_list>
<pin id="57" dir="1" index="0" bw="1" slack="2147483647"/>
</pin_list>
<bind>
<StgValue><ssdm name="ap_fifo_str"/></StgValue>
</bind>
</comp>

<comp id="58" class="1001" name="const_58">
<pin_list>
<pin id="59" dir="1" index="0" bw="1" slack="2147483647"/>
</pin_list>
<bind>
<StgValue><ssdm name=""/></StgValue>
</bind>
</comp>

<comp id="60" class="1001" name="const_60">
<pin_list>
<pin id="61" dir="1" index="0" bw="1" slack="2147483647"/>
</pin_list>
<bind>
<StgValue><ssdm name=""/></StgValue>
</bind>
</comp>

<comp id="62" class="1001" name="const_62">
<pin_list>
<pin id="63" dir="1" index="0" bw="1" slack="2147483647"/>
</pin_list>
<bind>
<StgValue><ssdm name="p_dst_OC_data_OC_V_OC"/></StgValue>
</bind>
</comp>

<comp id="64" class="1001" name="const_64">
<pin_list>
<pin id="65" dir="1" index="0" bw="1" slack="2147483647"/>
</pin_list>
<bind>
<StgValue><ssdm name="p_str3"/></StgValue>
</bind>
</comp>

<comp id="66" class="1001" name="const_66">
<pin_list>
<pin id="67" dir="1" index="0" bw="1" slack="2147483647"/>
</pin_list>
<bind>
<StgValue><ssdm name="p_str4"/></StgValue>
</bind>
</comp>

<comp id="68" class="1001" name="const_68">
<pin_list>
<pin id="69" dir="1" index="0" bw="1" slack="2147483647"/>
</pin_list>
<bind>
<StgValue><ssdm name=""/></StgValue>
</bind>
</comp>

<comp id="70" class="1001" name="const_70">
<pin_list>
<pin id="71" dir="1" index="0" bw="1" slack="2147483647"/>
</pin_list>
<bind>
<StgValue><ssdm name=""/></StgValue>
</bind>
</comp>

<comp id="72" class="1001" name="const_72">
<pin_list>
<pin id="73" dir="1" index="0" bw="1" slack="2147483647"/>
</pin_list>
<bind>
<StgValue><ssdm name="p_str5"/></StgValue>
</bind>
</comp>

<comp id="74" class="1001" name="const_74">
<pin_list>
<pin id="75" dir="1" index="0" bw="1" slack="2147483647"/>
</pin_list>
<bind>
<StgValue><ssdm name="p_src_OC_data_OC_V_st"/></StgValue>
</bind>
</comp>

<comp id="76" class="1001" name="const_76">
<pin_list>
<pin id="77" dir="1" index="0" bw="1" slack="2147483647"/>
</pin_list>
<bind>
<StgValue><ssdm name="p_dst_OC_data_OC_V_st"/></StgValue>
</bind>
</comp>

<comp id="78" class="1004" name="p_src_data_V_fu_78">
<pin_list>
<pin id="79" dir="0" index="0" bw="1" slack="0"/>
<pin id="80" dir="1" index="1" bw="24" slack="1"/>
</pin_list>
<bind>
<opcode="alloca(26) " fcode="alloca"/>
<opset="p_src_data_V/1 "/>
</bind>
</comp>

<comp id="82" class="1004" name="p_dst_data_V_fu_82">
<pin_list>
<pin id="83" dir="0" index="0" bw="1" slack="0"/>
<pin id="84" dir="1" index="1" bw="24" slack="3"/>
</pin_list>
<bind>
<opcode="alloca(26) " fcode="alloca"/>
<opset="p_dst_data_V/1 "/>
</bind>
</comp>

<comp id="86" class="1004" name="grp_resize_fu_86">
<pin_list>
<pin id="87" dir="0" index="0" bw="0" slack="0"/>
<pin id="88" dir="0" index="1" bw="24" slack="3"/>
<pin id="89" dir="0" index="2" bw="24" slack="3"/>
<pin id="90" dir="0" index="3" bw="32" slack="0"/>
<pin id="91" dir="0" index="4" bw="32" slack="0"/>
<pin id="92" dir="0" index="5" bw="32" slack="0"/>
<pin id="93" dir="0" index="6" bw="32" slack="0"/>
<pin id="94" dir="0" index="7" bw="16" slack="0"/>
<pin id="95" dir="0" index="8" bw="32" slack="0"/>
<pin id="96" dir="1" index="9" bw="0" slack="2147483647"/>
</pin_list>
<bind>
<opcode="call(48) " fcode="call"/>
<opset="StgValue_13/4 "/>
</bind>
</comp>

<comp id="104" class="1004" name="grp_xfMat2axis_fu_104">
<pin_list>
<pin id="105" dir="0" index="0" bw="0" slack="0"/>
<pin id="106" dir="0" index="1" bw="24" slack="5"/>
<pin id="107" dir="0" index="2" bw="24" slack="0"/>
<pin id="108" dir="0" index="3" bw="1" slack="0"/>
<pin id="109" dir="1" index="4" bw="0" slack="2147483647"/>
</pin_list>
<bind>
<opcode="call(48) " fcode="call"/>
<opset="StgValue_15/6 "/>
</bind>
</comp>

<comp id="113" class="1004" name="grp_axis2xfMat_fu_113">
<pin_list>
<pin id="114" dir="0" index="0" bw="0" slack="0"/>
<pin id="115" dir="0" index="1" bw="24" slack="1"/>
<pin id="116" dir="0" index="2" bw="24" slack="0"/>
<pin id="117" dir="1" index="3" bw="0" slack="2147483647"/>
</pin_list>
<bind>
<opcode="call(48) " fcode="call"/>
<opset="StgValue_11/2 "/>
</bind>
</comp>

<comp id="120" class="1005" name="p_src_data_V_reg_120">
<pin_list>
<pin id="121" dir="0" index="0" bw="24" slack="1"/>
<pin id="122" dir="1" index="1" bw="24" slack="1"/>
</pin_list>
<bind>
<opset="p_src_data_V "/>
</bind>
</comp>

<comp id="126" class="1005" name="p_dst_data_V_reg_126">
<pin_list>
<pin id="127" dir="0" index="0" bw="24" slack="3"/>
<pin id="128" dir="1" index="1" bw="24" slack="3"/>
</pin_list>
<bind>
<opset="p_dst_data_V "/>
</bind>
</comp>

</comp_list>

<net_list>
<net id="81"><net_src comp="22" pin="0"/><net_sink comp="78" pin=0"/></net>

<net id="85"><net_src comp="22" pin="0"/><net_sink comp="82" pin=0"/></net>

<net id="97"><net_src comp="26" pin="0"/><net_sink comp="86" pin=0"/></net>

<net id="98"><net_src comp="10" pin="0"/><net_sink comp="86" pin=3"/></net>

<net id="99"><net_src comp="12" pin="0"/><net_sink comp="86" pin=4"/></net>

<net id="100"><net_src comp="14" pin="0"/><net_sink comp="86" pin=5"/></net>

<net id="101"><net_src comp="16" pin="0"/><net_sink comp="86" pin=6"/></net>

<net id="102"><net_src comp="18" pin="0"/><net_sink comp="86" pin=7"/></net>

<net id="103"><net_src comp="20" pin="0"/><net_sink comp="86" pin=8"/></net>

<net id="110"><net_src comp="28" pin="0"/><net_sink comp="104" pin=0"/></net>

<net id="111"><net_src comp="4" pin="0"/><net_sink comp="104" pin=2"/></net>

<net id="112"><net_src comp="6" pin="0"/><net_sink comp="104" pin=3"/></net>

<net id="118"><net_src comp="24" pin="0"/><net_sink comp="113" pin=0"/></net>

<net id="119"><net_src comp="0" pin="0"/><net_sink comp="113" pin=2"/></net>

<net id="123"><net_src comp="78" pin="1"/><net_sink comp="120" pin=0"/></net>

<net id="124"><net_src comp="120" pin="1"/><net_sink comp="113" pin=1"/></net>

<net id="125"><net_src comp="120" pin="1"/><net_sink comp="86" pin=1"/></net>

<net id="129"><net_src comp="82" pin="1"/><net_sink comp="126" pin=0"/></net>

<net id="130"><net_src comp="126" pin="1"/><net_sink comp="86" pin=2"/></net>

<net id="131"><net_src comp="126" pin="1"/><net_sink comp="104" pin=1"/></net>

</net_list>

</model> 
---------------- Datapath Model END ------------------

* FSMD analyzer results:
  - Output states:
	Port: dst_data_V | {6 7 }
	Port: dst_last_V | {6 7 }
	Port: xc_out | {4 5 }
	Port: yc_out | {4 5 }
	Port: anglexcomp | {4 5 }
	Port: angleycomp | {4 5 }
	Port: ic | {4 5 }
 - Input state : 
	Port: resize_accel : src_data_V | {2 3 }
	Port: resize_accel : xf_division_lut | {4 5 }
	Port: resize_accel : ic | {4 5 }
  - Chain level:
	State 1
	State 2
	State 3
	State 4
	State 5
	State 6
	State 7
	State 8


============================================================
+ Verbose Summary: Datapath Resource usage 
============================================================

* Functional unit list:
|----------|-----------------------|---------|---------|---------|---------|---------|
| Operation|    Functional Unit    |   BRAM  |  DSP48E |  Delay  |    FF   |   LUT   |
|----------|-----------------------|---------|---------|---------|---------|---------|
|          |    grp_resize_fu_86   |    29   |   118   | 229.287 |  13676  |  12964  |
|   call   | grp_xfMat2axis_fu_104 |    0    |    0    |  1.769  |    62   |    89   |
|          | grp_axis2xfMat_fu_113 |    0    |    0    |    0    |    64   |    55   |
|----------|-----------------------|---------|---------|---------|---------|---------|
|   Total  |                       |    29   |   118   | 231.056 |  13802  |  13108  |
|----------|-----------------------|---------|---------|---------|---------|---------|

Memories:
+---------------+--------+--------+--------+
|               |  BRAM  |   FF   |   LUT  |
+---------------+--------+--------+--------+
|xf_division_lut|    4   |    0   |    0   |
+---------------+--------+--------+--------+
|     Total     |    4   |    0   |    0   |
+---------------+--------+--------+--------+

* Register list:
+--------------------+--------+
|                    |   FF   |
+--------------------+--------+
|p_dst_data_V_reg_126|   24   |
|p_src_data_V_reg_120|   24   |
+--------------------+--------+
|        Total       |   48   |
+--------------------+--------+

* Multiplexer (MUX) list: 
|--------|------|------|------|--------|
|  Comp  |  Pin | Size |  BW  | S x BW |
|--------|------|------|------|--------|
|  Total |      |      |      |    0   |
|--------|------|------|------|--------|



* Summary:
+-----------+--------+--------+--------+--------+--------+
|           |  BRAM  | DSP48E |  Delay |   FF   |   LUT  |
+-----------+--------+--------+--------+--------+--------+
|  Function |   29   |   118  |   231  |  13802 |  13108 |
|   Memory  |    4   |    -   |    -   |    0   |    0   |
|Multiplexer|    -   |    -   |    -   |    -   |    -   |
|  Register |    -   |    -   |    -   |   48   |    -   |
+-----------+--------+--------+--------+--------+--------+
|   Total   |   33   |   118  |   231  |  13850 |  13108 |
+-----------+--------+--------+--------+--------+--------+
