#-----------------------------------------------------------
# xsim v2016.2 (64-bit)
# SW Build 1577090 on Thu Jun  2 16:32:40 MDT 2016
# IP Build 1577682 on Fri Jun  3 12:00:54 MDT 2016
# Start of session at: Tue Jan 07 19:49:12 2020
# Process ID: 10580
# Current directory: C:/Users/Misca/beuth_ws1920/ModellbasierterEntwurf/Versuch0_adder/adder/solution2/sim/vhdl
# Command line: xsim.exe -mode tcl -source {xsim.dir/add_function/xsim_script.tcl}
# Log file: C:/Users/Misca/beuth_ws1920/ModellbasierterEntwurf/Versuch0_adder/adder/solution2/sim/vhdl/xsim.log
# Journal file: C:/Users/Misca/beuth_ws1920/ModellbasierterEntwurf/Versuch0_adder/adder/solution2/sim/vhdl\xsim.jou
#-----------------------------------------------------------
source xsim.dir/add_function/xsim_script.tcl
# xsim {add_function} -autoloadwcfg -tclbatch {add_function.tcl}
Vivado Simulator 2016.2
Time resolution is 1 ps
source add_function.tcl
## run all
Note: simulation done!
Time: 735 ns  Iteration: 1  Process: /apatb_add_function_top/generate_sim_done_proc  File: C:/Users/Misca/beuth_ws1920/ModellbasierterEntwurf/Versuch0_adder/adder/solution2/sim/vhdl/add_function.autotb.vhd
Failure: NORMAL EXIT (note: failure is to force the simulator to stop)
Time: 735 ns  Iteration: 1  Process: /apatb_add_function_top/generate_sim_done_proc  File: C:/Users/Misca/beuth_ws1920/ModellbasierterEntwurf/Versuch0_adder/adder/solution2/sim/vhdl/add_function.autotb.vhd
$finish called at time : 735 ns
## quit
INFO: [Common 17-206] Exiting xsim at Tue Jan 07 19:49:17 2020...
