

================================================================
== Vivado HLS Report for 'add_function'
================================================================
* Date:           Wed Nov 27 22:39:29 2019

* Version:        2016.2 (Build 1577090 on Thu Jun 02 16:59:10 MDT 2016)
* Project:        adder
* Solution:       solution1
* Product family: zynq
* Target device:  xc7z020clg400-1


================================================================
== Performance Estimates
================================================================
+ Timing (ns): 
    * Summary: 
    +--------+-------+----------+------------+
    |  Clock | Target| Estimated| Uncertainty|
    +--------+-------+----------+------------+
    |ap_clk  |  10.00|      4.44|        1.25|
    +--------+-------+----------+------------+

+ Latency (clock cycles): 
    * Summary: 
    +-----+-----+-----+-----+---------+
    |  Latency  |  Interval | Pipeline|
    | min | max | min | max |   Type  |
    +-----+-----+-----+-----+---------+
    |    0|    0|    1|    1|   none  |
    +-----+-----+-----+-----+---------+

    + Detail: 
        * Instance: 
        N/A

        * Loop: 
        N/A



================================================================
== Utilization Estimates
================================================================
* Summary: 
+-----------------+---------+-------+--------+-------+
|       Name      | BRAM_18K| DSP48E|   FF   |  LUT  |
+-----------------+---------+-------+--------+-------+
|DSP              |        -|      -|       -|      -|
|Expression       |        -|      -|       0|     32|
|FIFO             |        -|      -|       -|      -|
|Instance         |        0|      -|     150|    232|
|Memory           |        -|      -|       -|      -|
|Multiplexer      |        -|      -|       -|      -|
|Register         |        -|      -|       -|      -|
+-----------------+---------+-------+--------+-------+
|Total            |        0|      0|     150|    264|
+-----------------+---------+-------+--------+-------+
|Available        |      280|    220|  106400|  53200|
+-----------------+---------+-------+--------+-------+
|Utilization (%)  |        0|      0|   ~0   |   ~0  |
+-----------------+---------+-------+--------+-------+

+ Detail: 
    * Instance: 
    +------------------------------+----------------------------+---------+-------+-----+-----+
    |           Instance           |           Module           | BRAM_18K| DSP48E|  FF | LUT |
    +------------------------------+----------------------------+---------+-------+-----+-----+
    |add_function_control_s_axi_U  |add_function_control_s_axi  |        0|      0|  150|  232|
    +------------------------------+----------------------------+---------+-------+-----+-----+
    |Total                         |                            |        0|      0|  150|  232|
    +------------------------------+----------------------------+---------+-------+-----+-----+

    * DSP48: 
    N/A

    * Memory: 
    N/A

    * FIFO: 
    N/A

    * Expression: 
    +--------------+----------+-------+---+----+------------+------------+
    | Variable Name| Operation| DSP48E| FF| LUT| Bitwidth P0| Bitwidth P1|
    +--------------+----------+-------+---+----+------------+------------+
    |c             |     +    |      0|  0|  32|          32|          32|
    +--------------+----------+-------+---+----+------------+------------+
    |Total         |          |      0|  0|  32|          32|          32|
    +--------------+----------+-------+---+----+------------+------------+

    * Multiplexer: 
    N/A

    * Register: 
    N/A



================================================================
== Interface
================================================================
* Summary: 
+-----------------------+-----+-----+------------+--------------+--------------+
|       RTL Ports       | Dir | Bits|  Protocol  | Source Object|    C Type    |
+-----------------------+-----+-----+------------+--------------+--------------+
|s_axi_control_AWVALID  |  in |    1|    s_axi   |    control   |    pointer   |
|s_axi_control_AWREADY  | out |    1|    s_axi   |    control   |    pointer   |
|s_axi_control_AWADDR   |  in |    6|    s_axi   |    control   |    pointer   |
|s_axi_control_WVALID   |  in |    1|    s_axi   |    control   |    pointer   |
|s_axi_control_WREADY   | out |    1|    s_axi   |    control   |    pointer   |
|s_axi_control_WDATA    |  in |   32|    s_axi   |    control   |    pointer   |
|s_axi_control_WSTRB    |  in |    4|    s_axi   |    control   |    pointer   |
|s_axi_control_ARVALID  |  in |    1|    s_axi   |    control   |    pointer   |
|s_axi_control_ARREADY  | out |    1|    s_axi   |    control   |    pointer   |
|s_axi_control_ARADDR   |  in |    6|    s_axi   |    control   |    pointer   |
|s_axi_control_RVALID   | out |    1|    s_axi   |    control   |    pointer   |
|s_axi_control_RREADY   |  in |    1|    s_axi   |    control   |    pointer   |
|s_axi_control_RDATA    | out |   32|    s_axi   |    control   |    pointer   |
|s_axi_control_RRESP    | out |    2|    s_axi   |    control   |    pointer   |
|s_axi_control_BVALID   | out |    1|    s_axi   |    control   |    pointer   |
|s_axi_control_BREADY   |  in |    1|    s_axi   |    control   |    pointer   |
|s_axi_control_BRESP    | out |    2|    s_axi   |    control   |    pointer   |
|ap_clk                 |  in |    1| ap_ctrl_hs | add_function | return value |
|ap_rst_n               |  in |    1| ap_ctrl_hs | add_function | return value |
|interrupt              | out |    1| ap_ctrl_hs | add_function | return value |
+-----------------------+-----+-----+------------+--------------+--------------+

