

================================================================
== Vivado HLS Report for 'moments_AXIvideo2Mat'
================================================================
* Date:           Thu Jan 09 15:34:59 2020

* Version:        2016.2 (Build 1577090 on Thu Jun 02 16:59:10 MDT 2016)
* Project:        moments
* Solution:       solution1
* Product family: zynq
* Target device:  xc7z020clg400-1


================================================================
== Performance Estimates
================================================================
+ Timing (ns): 
    * Summary: 
    +--------+-------+----------+------------+
    |  Clock | Target| Estimated| Uncertainty|
    +--------+-------+----------+------------+
    |ap_clk  |  10.00|      4.38|        1.25|
    +--------+-------+----------+------------+

+ Latency (clock cycles): 
    * Summary: 
    +---------+---------+---------+---------+---------+
    |      Latency      |      Interval     | Pipeline|
    |   min   |   max   |   min   |   max   |   Type  |
    +---------+---------+---------+---------+---------+
    |  2077923|  2077923|  2077923|  2077923|   none  |
    +---------+---------+---------+---------+---------+

    + Detail: 
        * Instance: 
        N/A

        * Loop: 
        +-----------------------+---------+---------+----------+-----------+-----------+------+----------+
        |                       |      Latency      | Iteration|  Initiation Interval  | Trip |          |
        |       Loop Name       |   min   |   max   |  Latency |  achieved |   target  | Count| Pipelined|
        +-----------------------+---------+---------+----------+-----------+-----------+------+----------+
        |- loop_wait_for_start  |        0|        0|         1|          1|          1|     0|    yes   |
        |- loop_height          |  2077920|  2077920|      1924|          -|          -|  1080|    no    |
        | + loop_width          |     1920|     1920|         2|          1|          1|  1920|    yes   |
        | + loop_wait_for_eol   |        0|        0|         1|          1|          1|     0|    yes   |
        +-----------------------+---------+---------+----------+-----------+-----------+------+----------+



================================================================
== Utilization Estimates
================================================================
* Summary: 
+-----------------+---------+-------+--------+-------+
|       Name      | BRAM_18K| DSP48E|   FF   |  LUT  |
+-----------------+---------+-------+--------+-------+
|DSP              |        -|      -|       -|      -|
|Expression       |        -|      -|       0|     38|
|FIFO             |        -|      -|       -|      -|
|Instance         |        -|      -|       -|      -|
|Memory           |        -|      -|       -|      -|
|Multiplexer      |        -|      -|       -|    180|
|Register         |        -|      -|     195|      -|
+-----------------+---------+-------+--------+-------+
|Total            |        0|      0|     195|    218|
+-----------------+---------+-------+--------+-------+
|Available        |      280|    220|  106400|  53200|
+-----------------+---------+-------+--------+-------+
|Utilization (%)  |        0|      0|   ~0   |   ~0  |
+-----------------+---------+-------+--------+-------+

+ Detail: 
    * Instance: 
    N/A

    * DSP48: 
    N/A

    * Memory: 
    N/A

    * FIFO: 
    N/A

    * Expression: 
    +---------------------+----------+-------+---+----+------------+------------+
    |    Variable Name    | Operation| DSP48E| FF| LUT| Bitwidth P0| Bitwidth P1|
    +---------------------+----------+-------+---+----+------------+------------+
    |i_V_fu_291_p2        |     +    |      0|  0|  11|          11|           1|
    |j_V_fu_303_p2        |     +    |      0|  0|  11|          11|           1|
    |ap_sig_127           |    and   |      0|  0|   1|           1|           1|
    |ap_sig_145           |    and   |      0|  0|   1|           1|           1|
    |ap_sig_155           |    and   |      0|  0|   1|           1|           1|
    |ap_sig_200           |    and   |      0|  0|   1|           1|           1|
    |ap_sig_215           |    and   |      0|  0|   1|           1|           1|
    |ap_sig_76            |    and   |      0|  0|   1|           1|           1|
    |exitcond3_fu_285_p2  |   icmp   |      0|  0|   4|          11|          11|
    |exitcond4_fu_297_p2  |   icmp   |      0|  0|   4|          11|           9|
    |ap_sig_137           |    or    |      0|  0|   1|           1|           1|
    |brmerge_fu_312_p2    |    or    |      0|  0|   1|           1|           1|
    +---------------------+----------+-------+---+----+------------+------------+
    |Total                |          |      0|  0|  38|          52|          30|
    +---------------------+----------+-------+---+----+------------+------------+

    * Multiplexer: 
    +----------------------------+----+-----------+-----+-----------+
    |            Name            | LUT| Input Size| Bits| Total Bits|
    +----------------------------+----+-----------+-----+-----------+
    |ap_NS_fsm                   |   2|          8|    1|          8|
    |axi_data_V1_reg_141         |  24|          2|   24|         48|
    |axi_data_V_1_phi_fu_176_p4  |  24|          2|   24|         48|
    |axi_data_V_1_reg_173        |  24|          2|   24|         48|
    |axi_data_V_3_reg_244        |  24|          2|   24|         48|
    |axi_last_V1_reg_131         |   1|          2|    1|          2|
    |axi_last_V_2_reg_207        |   1|          3|    1|          3|
    |axi_last_V_3_reg_232        |   1|          2|    1|          2|
    |eol_1_phi_fu_165_p4         |   1|          2|    1|          2|
    |eol_1_reg_162               |   1|          2|    1|          2|
    |eol_2_reg_256               |   1|          2|    1|          2|
    |eol_phi_fu_199_p4           |   1|          2|    1|          2|
    |eol_reg_195                 |   1|          2|    1|          2|
    |img_data_stream_0_V_blk_n   |   1|          2|    1|          2|
    |img_data_stream_1_V_blk_n   |   1|          2|    1|          2|
    |img_data_stream_2_V_blk_n   |   1|          2|    1|          2|
    |in_data_TDATA_blk_n         |   1|          2|    1|          2|
    |p_3_reg_184                 |  11|          2|   11|         22|
    |p_Val2_s_phi_fu_224_p4      |  24|          3|   24|         72|
    |p_Val2_s_reg_220            |  24|          3|   24|         72|
    |p_s_reg_151                 |  11|          2|   11|         22|
    +----------------------------+----+-----------+-----+-----------+
    |Total                       | 180|         51|  179|        413|
    +----------------------------+----+-----------+-----+-----------+

    * Register: 
    +-----------------------+----+----+-----+-----------+
    |          Name         | FF | LUT| Bits| Const Bits|
    +-----------------------+----+----+-----+-----------+
    |ap_CS_fsm              |   7|   0|    7|          0|
    |ap_reg_ppiten_pp1_it0  |   1|   0|    1|          0|
    |ap_reg_ppiten_pp1_it1  |   1|   0|    1|          0|
    |axi_data_V1_reg_141    |  24|   0|   24|          0|
    |axi_data_V_1_reg_173   |  24|   0|   24|          0|
    |axi_data_V_3_reg_244   |  24|   0|   24|          0|
    |axi_last_V1_reg_131    |   1|   0|    1|          0|
    |axi_last_V_2_reg_207   |   1|   0|    1|          0|
    |axi_last_V_3_reg_232   |   1|   0|    1|          0|
    |eol_1_reg_162          |   1|   0|    1|          0|
    |eol_2_reg_256          |   1|   0|    1|          0|
    |eol_reg_195            |   1|   0|    1|          0|
    |exitcond4_reg_376      |   1|   0|    1|          0|
    |i_V_reg_371            |  11|   0|   11|          0|
    |p_3_reg_184            |  11|   0|   11|          0|
    |p_Val2_s_reg_220       |  24|   0|   24|          0|
    |p_s_reg_151            |  11|   0|   11|          0|
    |sof_1_fu_88            |   1|   0|    1|          0|
    |tmp_10_reg_389         |   8|   0|    8|          0|
    |tmp_5_reg_394          |   8|   0|    8|          0|
    |tmp_6_reg_399          |   8|   0|    8|          0|
    |tmp_data_V_reg_347     |  24|   0|   24|          0|
    |tmp_last_V_reg_355     |   1|   0|    1|          0|
    +-----------------------+----+----+-----+-----------+
    |Total                  | 195|   0|  195|          0|
    +-----------------------+----+----+-----+-----------+



================================================================
== Interface
================================================================
* Summary: 
+----------------------------+-----+-----+------------+-------------------------+--------------+
|          RTL Ports         | Dir | Bits|  Protocol  |      Source Object      |    C Type    |
+----------------------------+-----+-----+------------+-------------------------+--------------+
|ap_clk                      |  in |    1| ap_ctrl_hs |   moments_AXIvideo2Mat  | return value |
|ap_rst                      |  in |    1| ap_ctrl_hs |   moments_AXIvideo2Mat  | return value |
|ap_start                    |  in |    1| ap_ctrl_hs |   moments_AXIvideo2Mat  | return value |
|ap_done                     | out |    1| ap_ctrl_hs |   moments_AXIvideo2Mat  | return value |
|ap_idle                     | out |    1| ap_ctrl_hs |   moments_AXIvideo2Mat  | return value |
|ap_ready                    | out |    1| ap_ctrl_hs |   moments_AXIvideo2Mat  | return value |
|in_data_TDATA               |  in |   24|    axis    | AXI_video_strm_V_data_V |    pointer   |
|in_data_TVALID              |  in |    1|    axis    | AXI_video_strm_V_data_V |    pointer   |
|in_data_TREADY              | out |    1|    axis    | AXI_video_strm_V_dest_V |    pointer   |
|in_data_TDEST               |  in |    1|    axis    | AXI_video_strm_V_dest_V |    pointer   |
|in_data_TKEEP               |  in |    3|    axis    | AXI_video_strm_V_keep_V |    pointer   |
|in_data_TSTRB               |  in |    3|    axis    | AXI_video_strm_V_strb_V |    pointer   |
|in_data_TUSER               |  in |    1|    axis    | AXI_video_strm_V_user_V |    pointer   |
|in_data_TLAST               |  in |    1|    axis    | AXI_video_strm_V_last_V |    pointer   |
|in_data_TID                 |  in |    1|    axis    |  AXI_video_strm_V_id_V  |    pointer   |
|img_data_stream_0_V_din     | out |    8|   ap_fifo  |   img_data_stream_0_V   |    pointer   |
|img_data_stream_0_V_full_n  |  in |    1|   ap_fifo  |   img_data_stream_0_V   |    pointer   |
|img_data_stream_0_V_write   | out |    1|   ap_fifo  |   img_data_stream_0_V   |    pointer   |
|img_data_stream_1_V_din     | out |    8|   ap_fifo  |   img_data_stream_1_V   |    pointer   |
|img_data_stream_1_V_full_n  |  in |    1|   ap_fifo  |   img_data_stream_1_V   |    pointer   |
|img_data_stream_1_V_write   | out |    1|   ap_fifo  |   img_data_stream_1_V   |    pointer   |
|img_data_stream_2_V_din     | out |    8|   ap_fifo  |   img_data_stream_2_V   |    pointer   |
|img_data_stream_2_V_full_n  |  in |    1|   ap_fifo  |   img_data_stream_2_V   |    pointer   |
|img_data_stream_2_V_write   | out |    1|   ap_fifo  |   img_data_stream_2_V   |    pointer   |
+----------------------------+-----+-----+------------+-------------------------+--------------+

