

================================================================
== Vivado HLS Report for 'split_ip_AXIvideo2Mat103'
================================================================
* Date:           Tue Jan 07 22:24:08 2020

* Version:        2016.2 (Build 1577090 on Thu Jun 02 16:59:10 MDT 2016)
* Project:        sobelx_or_y
* Solution:       solution1
* Product family: zynq
* Target device:  xc7z020clg400-1


================================================================
== Performance Estimates
================================================================
+ Timing (ns): 
    * Summary: 
    +--------+-------+----------+------------+
    |  Clock | Target| Estimated| Uncertainty|
    +--------+-------+----------+------------+
    |ap_clk  |  10.00|      5.95|        1.25|
    +--------+-------+----------+------------+

+ Latency (clock cycles): 
    * Summary: 
    +---------+---------+---------+---------+---------+
    |      Latency      |      Interval     | Pipeline|
    |   min   |   max   |   min   |   max   |   Type  |
    +---------+---------+---------+---------+---------+
    |  2080083|  2080083|  2080083|  2080083|   none  |
    +---------+---------+---------+---------+---------+

    + Detail: 
        * Instance: 
        N/A

        * Loop: 
        +-----------------------+---------+---------+----------+-----------+-----------+------+----------+
        |                       |      Latency      | Iteration|  Initiation Interval  | Trip |          |
        |       Loop Name       |   min   |   max   |  Latency |  achieved |   target  | Count| Pipelined|
        +-----------------------+---------+---------+----------+-----------+-----------+------+----------+
        |- loop_wait_for_start  |        0|        0|         1|          1|          1|     0|    yes   |
        |- loop_height          |  2080080|  2080080|      1926|          -|          -|  1080|    no    |
        | + loop_width          |     1921|     1921|         2|          1|          1|  1920|    yes   |
        | + loop_wait_for_eol   |        1|        1|         2|          1|          1|     0|    yes   |
        +-----------------------+---------+---------+----------+-----------+-----------+------+----------+

============================================================
+ Verbose Summary: Synthesis Manager
============================================================
InlineROM: 1
ExposeGlobal: 0
============================================================
+ Verbose Summary: CDFG Model
============================================================
IsTopModel: 0
ResetActiveHigh: 1
IsCombinational: 2
IsDatapathOnly: 0
HasWiredReturn: 1
HasMFsm: 0
HasVarLatency: 1
IsPipeline: 0
IsRtlPipelined: 0
IsInstanceOverlapped: 0
IsDontTouch: 0
HasImplIP: 0
IsGatedGlobalClock: 0

+ Individual pipeline summary: 
  * Pipeline-0: initiation interval (II) = 1, depth = 1
  * Pipeline-1: initiation interval (II) = 1, depth = 2
  * Pipeline-2: initiation interval (II) = 1, depth = 2


============================================================
+ Verbose Summary: Schedule
============================================================
* Number of FSM states: 9
* Pipeline: 3
  Pipeline-0: II = 1, D = 1, States = { 2 }
  Pipeline-1: II = 1, D = 2, States = { 5 6 }
  Pipeline-2: II = 1, D = 2, States = { 7 8 }
* Dataflow Pipeline: 0

* FSM state transitions: 
1 --> 
	2  / true
2 --> 
	3  / (tmp_user_V)
	2  / (!tmp_user_V)
3 --> 
	4  / true
4 --> 
	5  / (!exitcond9_i_i)
5 --> 
	6  / true
6 --> 
	7  / (exitcond1_i_i)
	5  / (!exitcond1_i_i)
7 --> 
	8  / true
8 --> 
	9  / (eol_2_i_i)
	7  / (!eol_2_i_i)
9 --> 
	4  / true
* FSM state operations: 

 <State 1>: 4.38ns
ST_1: stg_10 [1/1] 0.00ns
entry:0  call void (...)* @_ssdm_op_SpecInterface(i8* %img_data_stream_2_V, [8 x i8]* @ap_fifo_str, i32 0, i32 0, i32 0, i32 0, [1 x i8]* @p_str, [1 x i8]* @p_str, [1 x i8]* @p_str, i32 2, i32 2, i32 16, i32 16, [1 x i8]* @p_str)

ST_1: stg_11 [1/1] 0.00ns
entry:1  call void (...)* @_ssdm_op_SpecInterface(i8* %img_data_stream_1_V, [8 x i8]* @ap_fifo_str, i32 0, i32 0, i32 0, i32 0, [1 x i8]* @p_str, [1 x i8]* @p_str, [1 x i8]* @p_str, i32 2, i32 2, i32 16, i32 16, [1 x i8]* @p_str)

ST_1: stg_12 [1/1] 0.00ns
entry:2  call void (...)* @_ssdm_op_SpecInterface(i8* %img_data_stream_0_V, [8 x i8]* @ap_fifo_str, i32 0, i32 0, i32 0, i32 0, [1 x i8]* @p_str, [1 x i8]* @p_str, [1 x i8]* @p_str, i32 2, i32 2, i32 16, i32 16, [1 x i8]* @p_str)

ST_1: direction_read [1/1] 0.00ns
entry:3  %direction_read = call i8 @_ssdm_op_Read.ap_auto.i8(i8 %direction)

ST_1: stg_14 [1/1] 0.00ns
entry:4  call void (...)* @_ssdm_op_SpecInterface(i24* %AXI_video_strm_V_data_V, i3* %AXI_video_strm_V_keep_V, i3* %AXI_video_strm_V_strb_V, i1* %AXI_video_strm_V_user_V, i1* %AXI_video_strm_V_last_V, i1* %AXI_video_strm_V_id_V, i1* %AXI_video_strm_V_dest_V, [5 x i8]* @p_str1811, i32 1, i32 1, i32 0, i32 0, [1 x i8]* @p_str1809, [1 x i8]* @p_str1809, [1 x i8]* @p_str1809, i32 0, i32 0, i32 0, i32 0, [1 x i8]* @p_str1809) nounwind

ST_1: stg_15 [1/1] 0.00ns
entry:5  call void (...)* @_ssdm_op_SpecInterface(i24* %AXI_video_strm_V_data_V, i3* %AXI_video_strm_V_keep_V, i3* %AXI_video_strm_V_strb_V, i1* %AXI_video_strm_V_user_V, i1* %AXI_video_strm_V_last_V, i1* %AXI_video_strm_V_id_V, i1* %AXI_video_strm_V_dest_V, [5 x i8]* @p_str1811, i32 1, i32 1, i32 0, i32 0, [1 x i8]* @p_str1809, [1 x i8]* @p_str1809, [1 x i8]* @p_str1809, i32 0, i32 0, i32 0, i32 0, [1 x i8]* @p_str1809) nounwind

ST_1: stg_16 [1/1] 0.00ns
entry:6  call void (...)* @_ssdm_op_SpecInterface(i24* %AXI_video_strm_V_data_V, i3* %AXI_video_strm_V_keep_V, i3* %AXI_video_strm_V_strb_V, i1* %AXI_video_strm_V_user_V, i1* %AXI_video_strm_V_last_V, i1* %AXI_video_strm_V_id_V, i1* %AXI_video_strm_V_dest_V, [5 x i8]* @p_str1811, i32 1, i32 1, i32 0, i32 0, [1 x i8]* @p_str1809, [1 x i8]* @p_str1809, [1 x i8]* @p_str1809, i32 0, i32 0, i32 0, i32 0, [1 x i8]* @p_str1809) nounwind

ST_1: stg_17 [1/1] 0.00ns
entry:7  call void (...)* @_ssdm_op_SpecInterface(i24* %AXI_video_strm_V_data_V, i3* %AXI_video_strm_V_keep_V, i3* %AXI_video_strm_V_strb_V, i1* %AXI_video_strm_V_user_V, i1* %AXI_video_strm_V_last_V, i1* %AXI_video_strm_V_id_V, i1* %AXI_video_strm_V_dest_V, [5 x i8]* @p_str1811, i32 1, i32 1, i32 0, i32 0, [1 x i8]* @p_str1809, [1 x i8]* @p_str1809, [1 x i8]* @p_str1809, i32 0, i32 0, i32 0, i32 0, [1 x i8]* @p_str1809) nounwind

ST_1: stg_18 [1/1] 0.00ns
entry:8  call void (...)* @_ssdm_op_SpecInterface(i24* %AXI_video_strm_V_data_V, i3* %AXI_video_strm_V_keep_V, i3* %AXI_video_strm_V_strb_V, i1* %AXI_video_strm_V_user_V, i1* %AXI_video_strm_V_last_V, i1* %AXI_video_strm_V_id_V, i1* %AXI_video_strm_V_dest_V, [5 x i8]* @p_str1811, i32 1, i32 1, i32 0, i32 0, [1 x i8]* @p_str1809, [1 x i8]* @p_str1809, [1 x i8]* @p_str1809, i32 0, i32 0, i32 0, i32 0, [1 x i8]* @p_str1809) nounwind

ST_1: stg_19 [1/1] 0.00ns
entry:9  call void (...)* @_ssdm_op_SpecInterface(i24* %AXI_video_strm_V_data_V, i3* %AXI_video_strm_V_keep_V, i3* %AXI_video_strm_V_strb_V, i1* %AXI_video_strm_V_user_V, i1* %AXI_video_strm_V_last_V, i1* %AXI_video_strm_V_id_V, i1* %AXI_video_strm_V_dest_V, [5 x i8]* @p_str1811, i32 1, i32 1, i32 0, i32 0, [1 x i8]* @p_str1809, [1 x i8]* @p_str1809, [1 x i8]* @p_str1809, i32 0, i32 0, i32 0, i32 0, [1 x i8]* @p_str1809) nounwind

ST_1: stg_20 [1/1] 0.00ns
entry:10  call void (...)* @_ssdm_op_SpecInterface(i24* %AXI_video_strm_V_data_V, i3* %AXI_video_strm_V_keep_V, i3* %AXI_video_strm_V_strb_V, i1* %AXI_video_strm_V_user_V, i1* %AXI_video_strm_V_last_V, i1* %AXI_video_strm_V_id_V, i1* %AXI_video_strm_V_dest_V, [5 x i8]* @p_str1811, i32 1, i32 1, i32 0, i32 0, [1 x i8]* @p_str1809, [1 x i8]* @p_str1809, [1 x i8]* @p_str1809, i32 0, i32 0, i32 0, i32 0, [1 x i8]* @p_str1809) nounwind

ST_1: stg_21 [1/1] 0.00ns
entry:11  call void (...)* @_ssdm_op_SpecInterface(i24* %AXI_video_strm_V_data_V, i3* %AXI_video_strm_V_keep_V, i3* %AXI_video_strm_V_strb_V, i1* %AXI_video_strm_V_user_V, i1* %AXI_video_strm_V_last_V, i1* %AXI_video_strm_V_id_V, i1* %AXI_video_strm_V_dest_V, [5 x i8]* @p_str1811, i32 1, i32 1, i32 0, i32 0, [1 x i8]* @p_str1809, [1 x i8]* @p_str1809, [1 x i8]* @p_str1809, i32 0, i32 0, i32 0, i32 0, [1 x i8]* @p_str1809) nounwind

ST_1: stg_22 [1/1] 0.00ns
entry:12  call void (...)* @_ssdm_op_SpecInterface(i24* %AXI_video_strm_V_data_V, i3* %AXI_video_strm_V_keep_V, i3* %AXI_video_strm_V_strb_V, i1* %AXI_video_strm_V_user_V, i1* %AXI_video_strm_V_last_V, i1* %AXI_video_strm_V_id_V, i1* %AXI_video_strm_V_dest_V, [5 x i8]* @p_str1811, i32 1, i32 1, i32 0, i32 0, [1 x i8]* @p_str1809, [1 x i8]* @p_str1809, [1 x i8]* @p_str1809, i32 0, i32 0, i32 0, i32 0, [1 x i8]* @p_str1809) nounwind

ST_1: stg_23 [1/1] 0.00ns
entry:13  call void (...)* @_ssdm_op_SpecInterface(i24* %AXI_video_strm_V_data_V, i3* %AXI_video_strm_V_keep_V, i3* %AXI_video_strm_V_strb_V, i1* %AXI_video_strm_V_user_V, i1* %AXI_video_strm_V_last_V, i1* %AXI_video_strm_V_id_V, i1* %AXI_video_strm_V_dest_V, [5 x i8]* @p_str1811, i32 1, i32 1, i32 0, i32 0, [1 x i8]* @p_str1809, [1 x i8]* @p_str1809, [1 x i8]* @p_str1809, i32 0, i32 0, i32 0, i32 0, [1 x i8]* @p_str1809) nounwind

ST_1: stg_24 [1/1] 0.00ns
entry:14  call void (...)* @_ssdm_op_SpecInterface(i24* %AXI_video_strm_V_data_V, i3* %AXI_video_strm_V_keep_V, i3* %AXI_video_strm_V_strb_V, i1* %AXI_video_strm_V_user_V, i1* %AXI_video_strm_V_last_V, i1* %AXI_video_strm_V_id_V, i1* %AXI_video_strm_V_dest_V, [5 x i8]* @p_str1811, i32 1, i32 1, i32 0, i32 0, [1 x i8]* @p_str1809, [1 x i8]* @p_str1809, [1 x i8]* @p_str1809, i32 0, i32 0, i32 0, i32 0, [1 x i8]* @p_str1809) nounwind

ST_1: stg_25 [1/1] 0.00ns
entry:15  call void (...)* @_ssdm_op_SpecInterface(i24* %AXI_video_strm_V_data_V, i3* %AXI_video_strm_V_keep_V, i3* %AXI_video_strm_V_strb_V, i1* %AXI_video_strm_V_user_V, i1* %AXI_video_strm_V_last_V, i1* %AXI_video_strm_V_id_V, i1* %AXI_video_strm_V_dest_V, [5 x i8]* @p_str1811, i32 1, i32 1, i32 0, i32 0, [1 x i8]* @p_str1809, [1 x i8]* @p_str1809, [1 x i8]* @p_str1809, i32 0, i32 0, i32 0, i32 0, [1 x i8]* @p_str1809) nounwind

ST_1: stg_26 [1/1] 0.00ns
entry:16  call void (...)* @_ssdm_op_SpecInterface(i24* %AXI_video_strm_V_data_V, i3* %AXI_video_strm_V_keep_V, i3* %AXI_video_strm_V_strb_V, i1* %AXI_video_strm_V_user_V, i1* %AXI_video_strm_V_last_V, i1* %AXI_video_strm_V_id_V, i1* %AXI_video_strm_V_dest_V, [5 x i8]* @p_str1811, i32 1, i32 1, i32 0, i32 0, [1 x i8]* @p_str1809, [1 x i8]* @p_str1809, [1 x i8]* @p_str1809, i32 0, i32 0, i32 0, i32 0, [1 x i8]* @p_str1809) nounwind

ST_1: stg_27 [1/1] 0.00ns
entry:17  call void (...)* @_ssdm_op_SpecInterface(i24* %AXI_video_strm_V_data_V, i3* %AXI_video_strm_V_keep_V, i3* %AXI_video_strm_V_strb_V, i1* %AXI_video_strm_V_user_V, i1* %AXI_video_strm_V_last_V, i1* %AXI_video_strm_V_id_V, i1* %AXI_video_strm_V_dest_V, [5 x i8]* @p_str1811, i32 1, i32 1, i32 0, i32 0, [1 x i8]* @p_str1809, [1 x i8]* @p_str1809, [1 x i8]* @p_str1809, i32 0, i32 0, i32 0, i32 0, [1 x i8]* @p_str1809) nounwind

ST_1: stg_28 [1/1] 0.00ns
entry:18  call void (...)* @_ssdm_op_SpecInterface(i24* %AXI_video_strm_V_data_V, i3* %AXI_video_strm_V_keep_V, i3* %AXI_video_strm_V_strb_V, i1* %AXI_video_strm_V_user_V, i1* %AXI_video_strm_V_last_V, i1* %AXI_video_strm_V_id_V, i1* %AXI_video_strm_V_dest_V, [5 x i8]* @p_str1811, i32 1, i32 1, i32 0, i32 0, [1 x i8]* @p_str1809, [1 x i8]* @p_str1809, [1 x i8]* @p_str1809, i32 0, i32 0, i32 0, i32 0, [1 x i8]* @p_str1809) nounwind

ST_1: stg_29 [1/1] 0.00ns
entry:19  call void (...)* @_ssdm_op_SpecInterface(i24* %AXI_video_strm_V_data_V, i3* %AXI_video_strm_V_keep_V, i3* %AXI_video_strm_V_strb_V, i1* %AXI_video_strm_V_user_V, i1* %AXI_video_strm_V_last_V, i1* %AXI_video_strm_V_id_V, i1* %AXI_video_strm_V_dest_V, [5 x i8]* @p_str1811, i32 1, i32 1, i32 0, i32 0, [1 x i8]* @p_str1809, [1 x i8]* @p_str1809, [1 x i8]* @p_str1809, i32 0, i32 0, i32 0, i32 0, [1 x i8]* @p_str1809) nounwind

ST_1: stg_30 [1/1] 0.00ns
entry:20  call void (...)* @_ssdm_op_SpecInterface(i24* %AXI_video_strm_V_data_V, i3* %AXI_video_strm_V_keep_V, i3* %AXI_video_strm_V_strb_V, i1* %AXI_video_strm_V_user_V, i1* %AXI_video_strm_V_last_V, i1* %AXI_video_strm_V_id_V, i1* %AXI_video_strm_V_dest_V, [5 x i8]* @p_str1811, i32 1, i32 1, i32 0, i32 0, [1 x i8]* @p_str1809, [1 x i8]* @p_str1809, [1 x i8]* @p_str1809, i32 0, i32 0, i32 0, i32 0, [1 x i8]* @p_str1809) nounwind

ST_1: stg_31 [1/1] 0.00ns
entry:21  call void (...)* @_ssdm_op_SpecInterface(i24* %AXI_video_strm_V_data_V, i3* %AXI_video_strm_V_keep_V, i3* %AXI_video_strm_V_strb_V, i1* %AXI_video_strm_V_user_V, i1* %AXI_video_strm_V_last_V, i1* %AXI_video_strm_V_id_V, i1* %AXI_video_strm_V_dest_V, [5 x i8]* @p_str1811, i32 1, i32 1, i32 0, i32 0, [1 x i8]* @p_str1809, [1 x i8]* @p_str1809, [1 x i8]* @p_str1809, i32 0, i32 0, i32 0, i32 0, [1 x i8]* @p_str1809) nounwind

ST_1: stg_32 [1/1] 0.00ns
entry:22  call void (...)* @_ssdm_op_SpecInterface(i24* %AXI_video_strm_V_data_V, i3* %AXI_video_strm_V_keep_V, i3* %AXI_video_strm_V_strb_V, i1* %AXI_video_strm_V_user_V, i1* %AXI_video_strm_V_last_V, i1* %AXI_video_strm_V_id_V, i1* %AXI_video_strm_V_dest_V, [5 x i8]* @p_str1811, i32 1, i32 1, i32 0, i32 0, [1 x i8]* @p_str1809, [1 x i8]* @p_str1809, [1 x i8]* @p_str1809, i32 0, i32 0, i32 0, i32 0, [1 x i8]* @p_str1809) nounwind

ST_1: stg_33 [1/1] 0.00ns
entry:23  call void (...)* @_ssdm_op_SpecInterface(i24* %AXI_video_strm_V_data_V, i3* %AXI_video_strm_V_keep_V, i3* %AXI_video_strm_V_strb_V, i1* %AXI_video_strm_V_user_V, i1* %AXI_video_strm_V_last_V, i1* %AXI_video_strm_V_id_V, i1* %AXI_video_strm_V_dest_V, [5 x i8]* @p_str1811, i32 1, i32 1, i32 0, i32 0, [1 x i8]* @p_str1809, [1 x i8]* @p_str1809, [1 x i8]* @p_str1809, i32 0, i32 0, i32 0, i32 0, [1 x i8]* @p_str1809) nounwind

ST_1: stg_34 [1/1] 0.00ns
entry:24  call void (...)* @_ssdm_op_SpecInterface(i24* %AXI_video_strm_V_data_V, i3* %AXI_video_strm_V_keep_V, i3* %AXI_video_strm_V_strb_V, i1* %AXI_video_strm_V_user_V, i1* %AXI_video_strm_V_last_V, i1* %AXI_video_strm_V_id_V, i1* %AXI_video_strm_V_dest_V, [5 x i8]* @p_str1811, i32 1, i32 1, i32 0, i32 0, [1 x i8]* @p_str1809, [1 x i8]* @p_str1809, [1 x i8]* @p_str1809, i32 0, i32 0, i32 0, i32 0, [1 x i8]* @p_str1809) nounwind

ST_1: stg_35 [1/1] 0.00ns
entry:25  call void (...)* @_ssdm_op_SpecInterface(i24* %AXI_video_strm_V_data_V, i3* %AXI_video_strm_V_keep_V, i3* %AXI_video_strm_V_strb_V, i1* %AXI_video_strm_V_user_V, i1* %AXI_video_strm_V_last_V, i1* %AXI_video_strm_V_id_V, i1* %AXI_video_strm_V_dest_V, [5 x i8]* @p_str1811, i32 1, i32 1, i32 0, i32 0, [1 x i8]* @p_str1809, [1 x i8]* @p_str1809, [1 x i8]* @p_str1809, i32 0, i32 0, i32 0, i32 0, [1 x i8]* @p_str1809) nounwind

ST_1: stg_36 [1/1] 0.00ns
entry:26  call void (...)* @_ssdm_op_SpecInterface(i24* %AXI_video_strm_V_data_V, i3* %AXI_video_strm_V_keep_V, i3* %AXI_video_strm_V_strb_V, i1* %AXI_video_strm_V_user_V, i1* %AXI_video_strm_V_last_V, i1* %AXI_video_strm_V_id_V, i1* %AXI_video_strm_V_dest_V, [5 x i8]* @p_str1811, i32 1, i32 1, i32 0, i32 0, [1 x i8]* @p_str1809, [1 x i8]* @p_str1809, [1 x i8]* @p_str1809, i32 0, i32 0, i32 0, i32 0, [1 x i8]* @p_str1809) nounwind

ST_1: stg_37 [1/1] 0.00ns
entry:27  call void (...)* @_ssdm_op_SpecInterface(i24* %AXI_video_strm_V_data_V, i3* %AXI_video_strm_V_keep_V, i3* %AXI_video_strm_V_strb_V, i1* %AXI_video_strm_V_user_V, i1* %AXI_video_strm_V_last_V, i1* %AXI_video_strm_V_id_V, i1* %AXI_video_strm_V_dest_V, [5 x i8]* @p_str1811, i32 1, i32 1, i32 0, i32 0, [1 x i8]* @p_str1809, [1 x i8]* @p_str1809, [1 x i8]* @p_str1809, i32 0, i32 0, i32 0, i32 0, [1 x i8]* @p_str1809) nounwind

ST_1: stg_38 [1/1] 0.00ns
entry:28  call void (...)* @_ssdm_op_SpecInterface(i24* %AXI_video_strm_V_data_V, i3* %AXI_video_strm_V_keep_V, i3* %AXI_video_strm_V_strb_V, i1* %AXI_video_strm_V_user_V, i1* %AXI_video_strm_V_last_V, i1* %AXI_video_strm_V_id_V, i1* %AXI_video_strm_V_dest_V, [5 x i8]* @p_str1811, i32 1, i32 1, i32 0, i32 0, [1 x i8]* @p_str1809, [1 x i8]* @p_str1809, [1 x i8]* @p_str1809, i32 0, i32 0, i32 0, i32 0, [1 x i8]* @p_str1809) nounwind

ST_1: stg_39 [1/1] 0.00ns
entry:29  call void (...)* @_ssdm_op_SpecInterface(i24* %AXI_video_strm_V_data_V, i3* %AXI_video_strm_V_keep_V, i3* %AXI_video_strm_V_strb_V, i1* %AXI_video_strm_V_user_V, i1* %AXI_video_strm_V_last_V, i1* %AXI_video_strm_V_id_V, i1* %AXI_video_strm_V_dest_V, [5 x i8]* @p_str1811, i32 1, i32 1, i32 0, i32 0, [1 x i8]* @p_str1809, [1 x i8]* @p_str1809, [1 x i8]* @p_str1809, i32 0, i32 0, i32 0, i32 0, [1 x i8]* @p_str1809) nounwind

ST_1: stg_40 [1/1] 0.00ns
entry:30  call void (...)* @_ssdm_op_SpecInterface(i24* %AXI_video_strm_V_data_V, i3* %AXI_video_strm_V_keep_V, i3* %AXI_video_strm_V_strb_V, i1* %AXI_video_strm_V_user_V, i1* %AXI_video_strm_V_last_V, i1* %AXI_video_strm_V_id_V, i1* %AXI_video_strm_V_dest_V, [5 x i8]* @p_str1811, i32 1, i32 1, i32 0, i32 0, [1 x i8]* @p_str1809, [1 x i8]* @p_str1809, [1 x i8]* @p_str1809, i32 0, i32 0, i32 0, i32 0, [1 x i8]* @p_str1809) nounwind

ST_1: stg_41 [1/1] 0.00ns
entry:31  call void (...)* @_ssdm_op_SpecInterface(i24* %AXI_video_strm_V_data_V, i3* %AXI_video_strm_V_keep_V, i3* %AXI_video_strm_V_strb_V, i1* %AXI_video_strm_V_user_V, i1* %AXI_video_strm_V_last_V, i1* %AXI_video_strm_V_id_V, i1* %AXI_video_strm_V_dest_V, [5 x i8]* @p_str1811, i32 1, i32 1, i32 0, i32 0, [1 x i8]* @p_str1809, [1 x i8]* @p_str1809, [1 x i8]* @p_str1809, i32 0, i32 0, i32 0, i32 0, [1 x i8]* @p_str1809) nounwind

ST_1: stg_42 [1/1] 0.00ns
entry:32  call void (...)* @_ssdm_op_SpecInterface(i24* %AXI_video_strm_V_data_V, i3* %AXI_video_strm_V_keep_V, i3* %AXI_video_strm_V_strb_V, i1* %AXI_video_strm_V_user_V, i1* %AXI_video_strm_V_last_V, i1* %AXI_video_strm_V_id_V, i1* %AXI_video_strm_V_dest_V, [5 x i8]* @p_str1811, i32 1, i32 1, i32 0, i32 0, [1 x i8]* @p_str1809, [1 x i8]* @p_str1809, [1 x i8]* @p_str1809, i32 0, i32 0, i32 0, i32 0, [1 x i8]* @p_str1809) nounwind

ST_1: stg_43 [1/1] 0.00ns
entry:33  call void (...)* @_ssdm_op_SpecInterface(i24* %AXI_video_strm_V_data_V, i3* %AXI_video_strm_V_keep_V, i3* %AXI_video_strm_V_strb_V, i1* %AXI_video_strm_V_user_V, i1* %AXI_video_strm_V_last_V, i1* %AXI_video_strm_V_id_V, i1* %AXI_video_strm_V_dest_V, [5 x i8]* @p_str1811, i32 1, i32 1, i32 0, i32 0, [1 x i8]* @p_str1809, [1 x i8]* @p_str1809, [1 x i8]* @p_str1809, i32 0, i32 0, i32 0, i32 0, [1 x i8]* @p_str1809) nounwind

ST_1: stg_44 [1/1] 0.00ns
entry:34  call void (...)* @_ssdm_op_SpecInterface(i24* %AXI_video_strm_V_data_V, i3* %AXI_video_strm_V_keep_V, i3* %AXI_video_strm_V_strb_V, i1* %AXI_video_strm_V_user_V, i1* %AXI_video_strm_V_last_V, i1* %AXI_video_strm_V_id_V, i1* %AXI_video_strm_V_dest_V, [5 x i8]* @p_str1811, i32 1, i32 1, i32 0, i32 0, [1 x i8]* @p_str1809, [1 x i8]* @p_str1809, [1 x i8]* @p_str1809, i32 0, i32 0, i32 0, i32 0, [1 x i8]* @p_str1809) nounwind

ST_1: stg_45 [1/1] 0.00ns
entry:35  call void (...)* @_ssdm_op_SpecInterface(i24* %AXI_video_strm_V_data_V, i3* %AXI_video_strm_V_keep_V, i3* %AXI_video_strm_V_strb_V, i1* %AXI_video_strm_V_user_V, i1* %AXI_video_strm_V_last_V, i1* %AXI_video_strm_V_id_V, i1* %AXI_video_strm_V_dest_V, [5 x i8]* @p_str1811, i32 1, i32 1, i32 0, i32 0, [1 x i8]* @p_str1809, [1 x i8]* @p_str1809, [1 x i8]* @p_str1809, i32 0, i32 0, i32 0, i32 0, [1 x i8]* @p_str1809) nounwind

ST_1: stg_46 [1/1] 0.00ns
entry:36  call void (...)* @_ssdm_op_SpecInterface(i24* %AXI_video_strm_V_data_V, i3* %AXI_video_strm_V_keep_V, i3* %AXI_video_strm_V_strb_V, i1* %AXI_video_strm_V_user_V, i1* %AXI_video_strm_V_last_V, i1* %AXI_video_strm_V_id_V, i1* %AXI_video_strm_V_dest_V, [5 x i8]* @p_str1811, i32 1, i32 1, i32 0, i32 0, [1 x i8]* @p_str1809, [1 x i8]* @p_str1809, [1 x i8]* @p_str1809, i32 0, i32 0, i32 0, i32 0, [1 x i8]* @p_str1809) nounwind

ST_1: stg_47 [1/1] 0.00ns
entry:37  call void (...)* @_ssdm_op_SpecInterface(i24* %AXI_video_strm_V_data_V, i3* %AXI_video_strm_V_keep_V, i3* %AXI_video_strm_V_strb_V, i1* %AXI_video_strm_V_user_V, i1* %AXI_video_strm_V_last_V, i1* %AXI_video_strm_V_id_V, i1* %AXI_video_strm_V_dest_V, [5 x i8]* @p_str1811, i32 1, i32 1, i32 0, i32 0, [1 x i8]* @p_str1809, [1 x i8]* @p_str1809, [1 x i8]* @p_str1809, i32 0, i32 0, i32 0, i32 0, [1 x i8]* @p_str1809) nounwind

ST_1: stg_48 [1/1] 0.00ns
entry:38  call void (...)* @_ssdm_op_SpecInterface(i24* %AXI_video_strm_V_data_V, i3* %AXI_video_strm_V_keep_V, i3* %AXI_video_strm_V_strb_V, i1* %AXI_video_strm_V_user_V, i1* %AXI_video_strm_V_last_V, i1* %AXI_video_strm_V_id_V, i1* %AXI_video_strm_V_dest_V, [5 x i8]* @p_str1811, i32 1, i32 1, i32 0, i32 0, [1 x i8]* @p_str1809, [1 x i8]* @p_str1809, [1 x i8]* @p_str1809, i32 0, i32 0, i32 0, i32 0, [1 x i8]* @p_str1809) nounwind

ST_1: stg_49 [1/1] 0.00ns
entry:39  call void (...)* @_ssdm_op_SpecInterface(i24* %AXI_video_strm_V_data_V, i3* %AXI_video_strm_V_keep_V, i3* %AXI_video_strm_V_strb_V, i1* %AXI_video_strm_V_user_V, i1* %AXI_video_strm_V_last_V, i1* %AXI_video_strm_V_id_V, i1* %AXI_video_strm_V_dest_V, [5 x i8]* @p_str1811, i32 1, i32 1, i32 0, i32 0, [1 x i8]* @p_str1809, [1 x i8]* @p_str1809, [1 x i8]* @p_str1809, i32 0, i32 0, i32 0, i32 0, [1 x i8]* @p_str1809) nounwind

ST_1: stg_50 [1/1] 0.00ns
entry:40  call void (...)* @_ssdm_op_SpecInterface(i24* %AXI_video_strm_V_data_V, i3* %AXI_video_strm_V_keep_V, i3* %AXI_video_strm_V_strb_V, i1* %AXI_video_strm_V_user_V, i1* %AXI_video_strm_V_last_V, i1* %AXI_video_strm_V_id_V, i1* %AXI_video_strm_V_dest_V, [5 x i8]* @p_str1811, i32 1, i32 1, i32 0, i32 0, [1 x i8]* @p_str1809, [1 x i8]* @p_str1809, [1 x i8]* @p_str1809, i32 0, i32 0, i32 0, i32 0, [1 x i8]* @p_str1809) nounwind

ST_1: stg_51 [1/1] 0.00ns
entry:41  call void (...)* @_ssdm_op_SpecInterface(i24* %AXI_video_strm_V_data_V, i3* %AXI_video_strm_V_keep_V, i3* %AXI_video_strm_V_strb_V, i1* %AXI_video_strm_V_user_V, i1* %AXI_video_strm_V_last_V, i1* %AXI_video_strm_V_id_V, i1* %AXI_video_strm_V_dest_V, [5 x i8]* @p_str1811, i32 1, i32 1, i32 0, i32 0, [1 x i8]* @p_str1809, [1 x i8]* @p_str1809, [1 x i8]* @p_str1809, i32 0, i32 0, i32 0, i32 0, [1 x i8]* @p_str1809) nounwind

ST_1: stg_52 [1/1] 0.00ns
entry:42  call void (...)* @_ssdm_op_SpecInterface(i24* %AXI_video_strm_V_data_V, i3* %AXI_video_strm_V_keep_V, i3* %AXI_video_strm_V_strb_V, i1* %AXI_video_strm_V_user_V, i1* %AXI_video_strm_V_last_V, i1* %AXI_video_strm_V_id_V, i1* %AXI_video_strm_V_dest_V, [5 x i8]* @p_str1811, i32 1, i32 1, i32 0, i32 0, [1 x i8]* @p_str1809, [1 x i8]* @p_str1809, [1 x i8]* @p_str1809, i32 0, i32 0, i32 0, i32 0, [1 x i8]* @p_str1809) nounwind

ST_1: stg_53 [1/1] 0.00ns
entry:43  call void (...)* @_ssdm_op_SpecInterface(i24* %AXI_video_strm_V_data_V, i3* %AXI_video_strm_V_keep_V, i3* %AXI_video_strm_V_strb_V, i1* %AXI_video_strm_V_user_V, i1* %AXI_video_strm_V_last_V, i1* %AXI_video_strm_V_id_V, i1* %AXI_video_strm_V_dest_V, [5 x i8]* @p_str1811, i32 1, i32 1, i32 0, i32 0, [1 x i8]* @p_str1809, [1 x i8]* @p_str1809, [1 x i8]* @p_str1809, i32 0, i32 0, i32 0, i32 0, [1 x i8]* @p_str1809) nounwind

ST_1: stg_54 [1/1] 0.00ns
entry:44  call void (...)* @_ssdm_op_SpecInterface(i24* %AXI_video_strm_V_data_V, i3* %AXI_video_strm_V_keep_V, i3* %AXI_video_strm_V_strb_V, i1* %AXI_video_strm_V_user_V, i1* %AXI_video_strm_V_last_V, i1* %AXI_video_strm_V_id_V, i1* %AXI_video_strm_V_dest_V, [5 x i8]* @p_str1811, i32 1, i32 1, i32 0, i32 0, [1 x i8]* @p_str1809, [1 x i8]* @p_str1809, [1 x i8]* @p_str1809, i32 0, i32 0, i32 0, i32 0, [1 x i8]* @p_str1809) nounwind

ST_1: stg_55 [1/1] 0.00ns
entry:45  call void (...)* @_ssdm_op_SpecInterface(i24* %AXI_video_strm_V_data_V, i3* %AXI_video_strm_V_keep_V, i3* %AXI_video_strm_V_strb_V, i1* %AXI_video_strm_V_user_V, i1* %AXI_video_strm_V_last_V, i1* %AXI_video_strm_V_id_V, i1* %AXI_video_strm_V_dest_V, [5 x i8]* @p_str1811, i32 1, i32 1, i32 0, i32 0, [1 x i8]* @p_str1809, [1 x i8]* @p_str1809, [1 x i8]* @p_str1809, i32 0, i32 0, i32 0, i32 0, [1 x i8]* @p_str1809) nounwind

ST_1: stg_56 [1/1] 0.00ns
entry:46  call void (...)* @_ssdm_op_SpecInterface(i24* %AXI_video_strm_V_data_V, i3* %AXI_video_strm_V_keep_V, i3* %AXI_video_strm_V_strb_V, i1* %AXI_video_strm_V_user_V, i1* %AXI_video_strm_V_last_V, i1* %AXI_video_strm_V_id_V, i1* %AXI_video_strm_V_dest_V, [5 x i8]* @p_str1811, i32 1, i32 1, i32 0, i32 0, [1 x i8]* @p_str1809, [1 x i8]* @p_str1809, [1 x i8]* @p_str1809, i32 0, i32 0, i32 0, i32 0, [1 x i8]* @p_str1809) nounwind

ST_1: stg_57 [1/1] 0.00ns
entry:47  call void (...)* @_ssdm_op_SpecInterface(i24* %AXI_video_strm_V_data_V, i3* %AXI_video_strm_V_keep_V, i3* %AXI_video_strm_V_strb_V, i1* %AXI_video_strm_V_user_V, i1* %AXI_video_strm_V_last_V, i1* %AXI_video_strm_V_id_V, i1* %AXI_video_strm_V_dest_V, [5 x i8]* @p_str1811, i32 1, i32 1, i32 0, i32 0, [1 x i8]* @p_str1809, [1 x i8]* @p_str1809, [1 x i8]* @p_str1809, i32 0, i32 0, i32 0, i32 0, [1 x i8]* @p_str1809) nounwind

ST_1: stg_58 [1/1] 0.00ns
entry:48  call void (...)* @_ssdm_op_SpecInterface(i24* %AXI_video_strm_V_data_V, i3* %AXI_video_strm_V_keep_V, i3* %AXI_video_strm_V_strb_V, i1* %AXI_video_strm_V_user_V, i1* %AXI_video_strm_V_last_V, i1* %AXI_video_strm_V_id_V, i1* %AXI_video_strm_V_dest_V, [5 x i8]* @p_str1811, i32 1, i32 1, i32 0, i32 0, [1 x i8]* @p_str1809, [1 x i8]* @p_str1809, [1 x i8]* @p_str1809, i32 0, i32 0, i32 0, i32 0, [1 x i8]* @p_str1809) nounwind

ST_1: stg_59 [1/1] 0.00ns
entry:49  call void (...)* @_ssdm_op_SpecInterface(i24* %AXI_video_strm_V_data_V, i3* %AXI_video_strm_V_keep_V, i3* %AXI_video_strm_V_strb_V, i1* %AXI_video_strm_V_user_V, i1* %AXI_video_strm_V_last_V, i1* %AXI_video_strm_V_id_V, i1* %AXI_video_strm_V_dest_V, [5 x i8]* @p_str1811, i32 1, i32 1, i32 0, i32 0, [1 x i8]* @p_str1809, [1 x i8]* @p_str1809, [1 x i8]* @p_str1809, i32 0, i32 0, i32 0, i32 0, [1 x i8]* @p_str1809) nounwind

ST_1: stg_60 [1/1] 0.00ns
entry:50  call void (...)* @_ssdm_op_SpecInterface(i24* %AXI_video_strm_V_data_V, i3* %AXI_video_strm_V_keep_V, i3* %AXI_video_strm_V_strb_V, i1* %AXI_video_strm_V_user_V, i1* %AXI_video_strm_V_last_V, i1* %AXI_video_strm_V_id_V, i1* %AXI_video_strm_V_dest_V, [5 x i8]* @p_str1811, i32 1, i32 1, i32 0, i32 0, [1 x i8]* @p_str1809, [1 x i8]* @p_str1809, [1 x i8]* @p_str1809, i32 0, i32 0, i32 0, i32 0, [1 x i8]* @p_str1809) nounwind

ST_1: stg_61 [1/1] 0.00ns
entry:51  call void (...)* @_ssdm_op_SpecInterface(i24* %AXI_video_strm_V_data_V, i3* %AXI_video_strm_V_keep_V, i3* %AXI_video_strm_V_strb_V, i1* %AXI_video_strm_V_user_V, i1* %AXI_video_strm_V_last_V, i1* %AXI_video_strm_V_id_V, i1* %AXI_video_strm_V_dest_V, [5 x i8]* @p_str1811, i32 1, i32 1, i32 0, i32 0, [1 x i8]* @p_str1809, [1 x i8]* @p_str1809, [1 x i8]* @p_str1809, i32 0, i32 0, i32 0, i32 0, [1 x i8]* @p_str1809) nounwind

ST_1: stg_62 [1/1] 0.00ns
entry:52  call void (...)* @_ssdm_op_SpecInterface(i24* %AXI_video_strm_V_data_V, i3* %AXI_video_strm_V_keep_V, i3* %AXI_video_strm_V_strb_V, i1* %AXI_video_strm_V_user_V, i1* %AXI_video_strm_V_last_V, i1* %AXI_video_strm_V_id_V, i1* %AXI_video_strm_V_dest_V, [5 x i8]* @p_str1811, i32 1, i32 1, i32 0, i32 0, [1 x i8]* @p_str1809, [1 x i8]* @p_str1809, [1 x i8]* @p_str1809, i32 0, i32 0, i32 0, i32 0, [1 x i8]* @p_str1809) nounwind

ST_1: stg_63 [1/1] 0.00ns
entry:53  call void (...)* @_ssdm_op_SpecInterface(i24* %AXI_video_strm_V_data_V, i3* %AXI_video_strm_V_keep_V, i3* %AXI_video_strm_V_strb_V, i1* %AXI_video_strm_V_user_V, i1* %AXI_video_strm_V_last_V, i1* %AXI_video_strm_V_id_V, i1* %AXI_video_strm_V_dest_V, [5 x i8]* @p_str1811, i32 1, i32 1, i32 0, i32 0, [1 x i8]* @p_str1809, [1 x i8]* @p_str1809, [1 x i8]* @p_str1809, i32 0, i32 0, i32 0, i32 0, [1 x i8]* @p_str1809) nounwind

ST_1: stg_64 [1/1] 0.00ns
entry:54  call void (...)* @_ssdm_op_SpecInterface(i24* %AXI_video_strm_V_data_V, i3* %AXI_video_strm_V_keep_V, i3* %AXI_video_strm_V_strb_V, i1* %AXI_video_strm_V_user_V, i1* %AXI_video_strm_V_last_V, i1* %AXI_video_strm_V_id_V, i1* %AXI_video_strm_V_dest_V, [5 x i8]* @p_str1811, i32 1, i32 1, i32 0, i32 0, [1 x i8]* @p_str1809, [1 x i8]* @p_str1809, [1 x i8]* @p_str1809, i32 0, i32 0, i32 0, i32 0, [1 x i8]* @p_str1809) nounwind

ST_1: stg_65 [1/1] 0.00ns
entry:55  call void (...)* @_ssdm_op_SpecInterface(i24* %AXI_video_strm_V_data_V, i3* %AXI_video_strm_V_keep_V, i3* %AXI_video_strm_V_strb_V, i1* %AXI_video_strm_V_user_V, i1* %AXI_video_strm_V_last_V, i1* %AXI_video_strm_V_id_V, i1* %AXI_video_strm_V_dest_V, [5 x i8]* @p_str1811, i32 1, i32 1, i32 0, i32 0, [1 x i8]* @p_str1809, [1 x i8]* @p_str1809, [1 x i8]* @p_str1809, i32 0, i32 0, i32 0, i32 0, [1 x i8]* @p_str1809) nounwind

ST_1: stg_66 [1/1] 0.00ns
entry:56  call void (...)* @_ssdm_op_SpecInterface(i24* %AXI_video_strm_V_data_V, i3* %AXI_video_strm_V_keep_V, i3* %AXI_video_strm_V_strb_V, i1* %AXI_video_strm_V_user_V, i1* %AXI_video_strm_V_last_V, i1* %AXI_video_strm_V_id_V, i1* %AXI_video_strm_V_dest_V, [5 x i8]* @p_str1811, i32 1, i32 1, i32 0, i32 0, [1 x i8]* @p_str1809, [1 x i8]* @p_str1809, [1 x i8]* @p_str1809, i32 0, i32 0, i32 0, i32 0, [1 x i8]* @p_str1809) nounwind

ST_1: stg_67 [1/1] 0.00ns
entry:57  call void (...)* @_ssdm_op_SpecInterface(i24* %AXI_video_strm_V_data_V, i3* %AXI_video_strm_V_keep_V, i3* %AXI_video_strm_V_strb_V, i1* %AXI_video_strm_V_user_V, i1* %AXI_video_strm_V_last_V, i1* %AXI_video_strm_V_id_V, i1* %AXI_video_strm_V_dest_V, [5 x i8]* @p_str1811, i32 1, i32 1, i32 0, i32 0, [1 x i8]* @p_str1809, [1 x i8]* @p_str1809, [1 x i8]* @p_str1809, i32 0, i32 0, i32 0, i32 0, [1 x i8]* @p_str1809) nounwind

ST_1: stg_68 [1/1] 0.00ns
entry:58  call void (...)* @_ssdm_op_SpecInterface(i24* %AXI_video_strm_V_data_V, i3* %AXI_video_strm_V_keep_V, i3* %AXI_video_strm_V_strb_V, i1* %AXI_video_strm_V_user_V, i1* %AXI_video_strm_V_last_V, i1* %AXI_video_strm_V_id_V, i1* %AXI_video_strm_V_dest_V, [5 x i8]* @p_str1811, i32 1, i32 1, i32 0, i32 0, [1 x i8]* @p_str1809, [1 x i8]* @p_str1809, [1 x i8]* @p_str1809, i32 0, i32 0, i32 0, i32 0, [1 x i8]* @p_str1809) nounwind

ST_1: stg_69 [1/1] 0.00ns
entry:59  call void (...)* @_ssdm_op_SpecInterface(i24* %AXI_video_strm_V_data_V, i3* %AXI_video_strm_V_keep_V, i3* %AXI_video_strm_V_strb_V, i1* %AXI_video_strm_V_user_V, i1* %AXI_video_strm_V_last_V, i1* %AXI_video_strm_V_id_V, i1* %AXI_video_strm_V_dest_V, [5 x i8]* @p_str1811, i32 1, i32 1, i32 0, i32 0, [1 x i8]* @p_str1809, [1 x i8]* @p_str1809, [1 x i8]* @p_str1809, i32 0, i32 0, i32 0, i32 0, [1 x i8]* @p_str1809) nounwind

ST_1: stg_70 [1/1] 0.00ns
entry:60  call void (...)* @_ssdm_op_SpecInterface(i8* %direction_out, [8 x i8]* @ap_fifo_str, i32 0, i32 0, i32 0, i32 0, [1 x i8]* @p_str, [1 x i8]* @p_str, [1 x i8]* @p_str, i32 2, i32 2, i32 16, i32 16, [1 x i8]* @p_str)

ST_1: stg_71 [1/1] 4.38ns
entry:61  call void @_ssdm_op_Write.ap_fifo.i8P(i8* %direction_out, i8 %direction_read)

ST_1: stg_72 [1/1] 0.00ns
entry:62  call void (...)* @_ssdm_op_SpecInterface(i24* %AXI_video_strm_V_data_V, i3* %AXI_video_strm_V_keep_V, i3* %AXI_video_strm_V_strb_V, i1* %AXI_video_strm_V_user_V, i1* %AXI_video_strm_V_last_V, i1* %AXI_video_strm_V_id_V, i1* %AXI_video_strm_V_dest_V, [5 x i8]* @p_str1811, i32 1, i32 1, i32 0, i32 0, [1 x i8]* @p_str1809, [1 x i8]* @p_str1809, [1 x i8]* @p_str1809, i32 0, i32 0, i32 0, i32 0, [1 x i8]* @p_str1809) nounwind

ST_1: stg_73 [1/1] 0.00ns
entry:63  call void (...)* @_ssdm_op_SpecInterface(i24* %AXI_video_strm_V_data_V, i3* %AXI_video_strm_V_keep_V, i3* %AXI_video_strm_V_strb_V, i1* %AXI_video_strm_V_user_V, i1* %AXI_video_strm_V_last_V, i1* %AXI_video_strm_V_id_V, i1* %AXI_video_strm_V_dest_V, [5 x i8]* @p_str1811, i32 1, i32 1, i32 0, i32 0, [1 x i8]* @p_str1809, [1 x i8]* @p_str1809, [1 x i8]* @p_str1809, i32 0, i32 0, i32 0, i32 0, [1 x i8]* @p_str1809) nounwind

ST_1: stg_74 [1/1] 0.00ns
entry:64  call void (...)* @_ssdm_op_SpecInterface(i24* %AXI_video_strm_V_data_V, i3* %AXI_video_strm_V_keep_V, i3* %AXI_video_strm_V_strb_V, i1* %AXI_video_strm_V_user_V, i1* %AXI_video_strm_V_last_V, i1* %AXI_video_strm_V_id_V, i1* %AXI_video_strm_V_dest_V, [5 x i8]* @p_str1811, i32 1, i32 1, i32 0, i32 0, [1 x i8]* @p_str1809, [1 x i8]* @p_str1809, [1 x i8]* @p_str1809, i32 0, i32 0, i32 0, i32 0, [1 x i8]* @p_str1809) nounwind

ST_1: stg_75 [1/1] 0.00ns
entry:65  call void (...)* @_ssdm_op_SpecInterface(i24* %AXI_video_strm_V_data_V, i3* %AXI_video_strm_V_keep_V, i3* %AXI_video_strm_V_strb_V, i1* %AXI_video_strm_V_user_V, i1* %AXI_video_strm_V_last_V, i1* %AXI_video_strm_V_id_V, i1* %AXI_video_strm_V_dest_V, [5 x i8]* @p_str1811, i32 1, i32 1, i32 0, i32 0, [1 x i8]* @p_str1809, [1 x i8]* @p_str1809, [1 x i8]* @p_str1809, i32 0, i32 0, i32 0, i32 0, [1 x i8]* @p_str1809) nounwind

ST_1: stg_76 [1/1] 0.00ns
entry:66  call void (...)* @_ssdm_op_SpecInterface(i24* %AXI_video_strm_V_data_V, i3* %AXI_video_strm_V_keep_V, i3* %AXI_video_strm_V_strb_V, i1* %AXI_video_strm_V_user_V, i1* %AXI_video_strm_V_last_V, i1* %AXI_video_strm_V_id_V, i1* %AXI_video_strm_V_dest_V, [5 x i8]* @p_str1811, i32 1, i32 1, i32 0, i32 0, [1 x i8]* @p_str1809, [1 x i8]* @p_str1809, [1 x i8]* @p_str1809, i32 0, i32 0, i32 0, i32 0, [1 x i8]* @p_str1809) nounwind

ST_1: stg_77 [1/1] 0.00ns
entry:67  call void (...)* @_ssdm_op_SpecInterface(i24* %AXI_video_strm_V_data_V, i3* %AXI_video_strm_V_keep_V, i3* %AXI_video_strm_V_strb_V, i1* %AXI_video_strm_V_user_V, i1* %AXI_video_strm_V_last_V, i1* %AXI_video_strm_V_id_V, i1* %AXI_video_strm_V_dest_V, [5 x i8]* @p_str1811, i32 1, i32 1, i32 0, i32 0, [1 x i8]* @p_str1809, [1 x i8]* @p_str1809, [1 x i8]* @p_str1809, i32 0, i32 0, i32 0, i32 0, [1 x i8]* @p_str1809) nounwind

ST_1: stg_78 [1/1] 0.00ns
entry:68  call void (...)* @_ssdm_op_SpecInterface(i24* %AXI_video_strm_V_data_V, i3* %AXI_video_strm_V_keep_V, i3* %AXI_video_strm_V_strb_V, i1* %AXI_video_strm_V_user_V, i1* %AXI_video_strm_V_last_V, i1* %AXI_video_strm_V_id_V, i1* %AXI_video_strm_V_dest_V, [5 x i8]* @p_str1811, i32 1, i32 1, i32 0, i32 0, [1 x i8]* @p_str1809, [1 x i8]* @p_str1809, [1 x i8]* @p_str1809, i32 0, i32 0, i32 0, i32 0, [1 x i8]* @p_str1809) nounwind

ST_1: stg_79 [1/1] 0.00ns
entry:69  call void (...)* @_ssdm_op_SpecInterface(i24* %AXI_video_strm_V_data_V, i3* %AXI_video_strm_V_keep_V, i3* %AXI_video_strm_V_strb_V, i1* %AXI_video_strm_V_user_V, i1* %AXI_video_strm_V_last_V, i1* %AXI_video_strm_V_id_V, i1* %AXI_video_strm_V_dest_V, [5 x i8]* @p_str1811, i32 1, i32 1, i32 0, i32 0, [1 x i8]* @p_str1809, [1 x i8]* @p_str1809, [1 x i8]* @p_str1809, i32 0, i32 0, i32 0, i32 0, [1 x i8]* @p_str1809) nounwind

ST_1: stg_80 [1/1] 0.00ns
entry:70  br label %._crit_edge188.i.i


 <State 2>: 0.00ns
ST_2: stg_81 [1/1] 0.00ns
._crit_edge188.i.i:0  call void (...)* @_ssdm_op_SpecLoopName([20 x i8]* @p_str1824) nounwind

ST_2: tmp_i_i [1/1] 0.00ns
._crit_edge188.i.i:1  %tmp_i_i = call i32 (...)* @_ssdm_op_SpecRegionBegin([20 x i8]* @p_str1824)

ST_2: stg_83 [1/1] 0.00ns
._crit_edge188.i.i:2  call void (...)* @_ssdm_op_SpecPipeline(i32 1, i32 1, i32 1, i32 0, [1 x i8]* @p_str1809) nounwind

ST_2: stg_84 [1/1] 0.00ns
._crit_edge188.i.i:3  call void (...)* @_ssdm_op_SpecLoopTripCount(i32 0, i32 0, i32 0, [1 x i8]* @p_str1809) nounwind

ST_2: empty [1/1] 0.00ns
._crit_edge188.i.i:4  %empty = call { i24, i3, i3, i1, i1, i1, i1 } @_ssdm_op_Read.axis.volatile.i24P.i3P.i3P.i1P.i1P.i1P.i1P(i24* %AXI_video_strm_V_data_V, i3* %AXI_video_strm_V_keep_V, i3* %AXI_video_strm_V_strb_V, i1* %AXI_video_strm_V_user_V, i1* %AXI_video_strm_V_last_V, i1* %AXI_video_strm_V_id_V, i1* %AXI_video_strm_V_dest_V)

ST_2: tmp_data_V [1/1] 0.00ns
._crit_edge188.i.i:5  %tmp_data_V = extractvalue { i24, i3, i3, i1, i1, i1, i1 } %empty, 0

ST_2: tmp_user_V [1/1] 0.00ns
._crit_edge188.i.i:6  %tmp_user_V = extractvalue { i24, i3, i3, i1, i1, i1, i1 } %empty, 3

ST_2: tmp_last_V [1/1] 0.00ns
._crit_edge188.i.i:7  %tmp_last_V = extractvalue { i24, i3, i3, i1, i1, i1, i1 } %empty, 4

ST_2: empty_54 [1/1] 0.00ns
._crit_edge188.i.i:8  %empty_54 = call i32 (...)* @_ssdm_op_SpecRegionEnd([20 x i8]* @p_str1824, i32 %tmp_i_i)

ST_2: stg_90 [1/1] 0.00ns
._crit_edge188.i.i:9  br i1 %tmp_user_V, label %.preheader187.i.i.preheader, label %._crit_edge188.i.i


 <State 3>: 1.57ns
ST_3: sof_1_i_i [1/1] 0.00ns
.preheader187.i.i.preheader:0  %sof_1_i_i = alloca i1

ST_3: stg_92 [1/1] 1.57ns
.preheader187.i.i.preheader:1  store i1 true, i1* %sof_1_i_i

ST_3: stg_93 [1/1] 1.57ns
.preheader187.i.i.preheader:2  br label %.preheader187.i.i


 <State 4>: 3.48ns
ST_4: axi_last_V1_i_i [1/1] 0.00ns
.preheader187.i.i:0  %axi_last_V1_i_i = phi i1 [ %axi_last_V_3_i_i, %5 ], [ %tmp_last_V, %.preheader187.i.i.preheader ]

ST_4: axi_data_V1_i_i [1/1] 0.00ns
.preheader187.i.i:1  %axi_data_V1_i_i = phi i24 [ %axi_data_V_3_i_i, %5 ], [ %tmp_data_V, %.preheader187.i.i.preheader ]

ST_4: p_i_i [1/1] 0.00ns
.preheader187.i.i:2  %p_i_i = phi i11 [ %i_V, %5 ], [ 0, %.preheader187.i.i.preheader ]

ST_4: exitcond9_i_i [1/1] 2.11ns
.preheader187.i.i:3  %exitcond9_i_i = icmp eq i11 %p_i_i, -968

ST_4: stg_98 [1/1] 0.00ns
.preheader187.i.i:4  call void (...)* @_ssdm_op_SpecLoopTripCount(i64 1080, i64 1080, i64 1080)

ST_4: i_V [1/1] 1.84ns
.preheader187.i.i:5  %i_V = add i11 %p_i_i, 1

ST_4: stg_100 [1/1] 0.00ns
.preheader187.i.i:6  br i1 %exitcond9_i_i, label %.exit, label %0

ST_4: stg_101 [1/1] 0.00ns
:0  call void (...)* @_ssdm_op_SpecLoopName([12 x i8]* @p_str1819) nounwind

ST_4: tmp_117_i_i [1/1] 0.00ns
:1  %tmp_117_i_i = call i32 (...)* @_ssdm_op_SpecRegionBegin([12 x i8]* @p_str1819)

ST_4: stg_103 [1/1] 1.57ns
:2  br label %1

ST_4: stg_104 [1/1] 0.00ns
.exit:0  ret void


 <State 5>: 3.48ns
ST_5: p_5_i_i [1/1] 0.00ns
:2  %p_5_i_i = phi i11 [ 0, %0 ], [ %j_V, %._crit_edge189.i.i ]

ST_5: eol_i_i [1/1] 0.00ns
:3  %eol_i_i = phi i1 [ false, %0 ], [ %axi_last_V_2_i_i, %._crit_edge189.i.i ]

ST_5: exitcond1_i_i [1/1] 2.11ns
:4  %exitcond1_i_i = icmp eq i11 %p_5_i_i, -128

ST_5: j_V [1/1] 1.84ns
:6  %j_V = add i11 %p_5_i_i, 1

ST_5: sof_1_i_i_load [1/1] 0.00ns
:0  %sof_1_i_i_load = load i1* %sof_1_i_i

ST_5: brmerge_i_i [1/1] 1.37ns
:4  %brmerge_i_i = or i1 %sof_1_i_i_load, %eol_i_i

ST_5: empty_55 [1/1] 0.00ns
:0  %empty_55 = call { i24, i3, i3, i1, i1, i1, i1 } @_ssdm_op_Read.axis.volatile.i24P.i3P.i3P.i1P.i1P.i1P.i1P(i24* %AXI_video_strm_V_data_V, i3* %AXI_video_strm_V_keep_V, i3* %AXI_video_strm_V_strb_V, i1* %AXI_video_strm_V_user_V, i1* %AXI_video_strm_V_last_V, i1* %AXI_video_strm_V_id_V, i1* %AXI_video_strm_V_dest_V)

ST_5: stg_112 [1/1] 1.57ns
._crit_edge189.i.i:12  store i1 false, i1* %sof_1_i_i


 <State 6>: 5.95ns
ST_6: eol [1/1] 0.00ns
:0  %eol = phi i1 [ %axi_last_V1_i_i, %0 ], [ %axi_last_V_2_i_i, %._crit_edge189.i.i ]

ST_6: axi_data_V_1_i_i [1/1] 0.00ns
:1  %axi_data_V_1_i_i = phi i24 [ %axi_data_V1_i_i, %0 ], [ %p_Val2_s, %._crit_edge189.i.i ]

ST_6: stg_115 [1/1] 0.00ns
:5  call void (...)* @_ssdm_op_SpecLoopTripCount(i64 1920, i64 1920, i64 1920)

ST_6: stg_116 [1/1] 1.57ns
:7  br i1 %exitcond1_i_i, label %.preheader.i.i, label %2

ST_6: stg_117 [1/1] 0.00ns
:1  call void (...)* @_ssdm_op_SpecLoopName([11 x i8]* @p_str1820) nounwind

ST_6: tmp_118_i_i [1/1] 0.00ns
:2  %tmp_118_i_i = call i32 (...)* @_ssdm_op_SpecRegionBegin([11 x i8]* @p_str1820)

ST_6: stg_119 [1/1] 0.00ns
:3  call void (...)* @_ssdm_op_SpecPipeline(i32 1, i32 1, i32 1, i32 0, [1 x i8]* @p_str1809) nounwind

ST_6: stg_120 [1/1] 1.57ns
:5  br i1 %brmerge_i_i, label %._crit_edge189.i.i, label %3

ST_6: tmp_data_V_1 [1/1] 0.00ns
:1  %tmp_data_V_1 = extractvalue { i24, i3, i3, i1, i1, i1, i1 } %empty_55, 0

ST_6: tmp_last_V_1 [1/1] 0.00ns
:2  %tmp_last_V_1 = extractvalue { i24, i3, i3, i1, i1, i1, i1 } %empty_55, 4

ST_6: stg_123 [1/1] 1.57ns
:3  br label %._crit_edge189.i.i

ST_6: axi_last_V_2_i_i [1/1] 0.00ns
._crit_edge189.i.i:0  %axi_last_V_2_i_i = phi i1 [ %tmp_last_V_1, %3 ], [ %eol, %2 ]

ST_6: p_Val2_s [1/1] 0.00ns
._crit_edge189.i.i:1  %p_Val2_s = phi i24 [ %tmp_data_V_1, %3 ], [ %axi_data_V_1_i_i, %2 ]

ST_6: tmp [1/1] 0.00ns
._crit_edge189.i.i:2  %tmp = trunc i24 %p_Val2_s to i8

ST_6: tmp_26 [1/1] 0.00ns
._crit_edge189.i.i:3  %tmp_26 = call i8 @_ssdm_op_PartSelect.i8.i24.i32.i32(i24 %p_Val2_s, i32 8, i32 15)

ST_6: tmp_27 [1/1] 0.00ns
._crit_edge189.i.i:4  %tmp_27 = call i8 @_ssdm_op_PartSelect.i8.i24.i32.i32(i24 %p_Val2_s, i32 16, i32 23)

ST_6: tmp_123_i_i [1/1] 0.00ns
._crit_edge189.i.i:5  %tmp_123_i_i = call i32 (...)* @_ssdm_op_SpecRegionBegin([13 x i8]* @p_str1853)

ST_6: stg_130 [1/1] 0.00ns
._crit_edge189.i.i:6  call void (...)* @_ssdm_op_SpecProtocol(i32 0, [1 x i8]* @p_str1809) nounwind

ST_6: stg_131 [1/1] 4.38ns
._crit_edge189.i.i:7  call void @_ssdm_op_Write.ap_fifo.volatile.i8P(i8* %img_data_stream_0_V, i8 %tmp)

ST_6: stg_132 [1/1] 4.38ns
._crit_edge189.i.i:8  call void @_ssdm_op_Write.ap_fifo.volatile.i8P(i8* %img_data_stream_1_V, i8 %tmp_26)

ST_6: stg_133 [1/1] 4.38ns
._crit_edge189.i.i:9  call void @_ssdm_op_Write.ap_fifo.volatile.i8P(i8* %img_data_stream_2_V, i8 %tmp_27)

ST_6: empty_56 [1/1] 0.00ns
._crit_edge189.i.i:10  %empty_56 = call i32 (...)* @_ssdm_op_SpecRegionEnd([13 x i8]* @p_str1853, i32 %tmp_123_i_i)

ST_6: empty_57 [1/1] 0.00ns
._crit_edge189.i.i:11  %empty_57 = call i32 (...)* @_ssdm_op_SpecRegionEnd([11 x i8]* @p_str1820, i32 %tmp_118_i_i)

ST_6: stg_136 [1/1] 0.00ns
._crit_edge189.i.i:13  br label %1


 <State 7>: 1.37ns
ST_7: eol_2_i_i [1/1] 0.00ns
.preheader.i.i:2  %eol_2_i_i = phi i1 [ %tmp_last_V_2, %4 ], [ %eol_i_i, %1 ]

ST_7: empty_58 [1/1] 0.00ns
:4  %empty_58 = call { i24, i3, i3, i1, i1, i1, i1 } @_ssdm_op_Read.axis.volatile.i24P.i3P.i3P.i1P.i1P.i1P.i1P(i24* %AXI_video_strm_V_data_V, i3* %AXI_video_strm_V_keep_V, i3* %AXI_video_strm_V_strb_V, i1* %AXI_video_strm_V_user_V, i1* %AXI_video_strm_V_last_V, i1* %AXI_video_strm_V_id_V, i1* %AXI_video_strm_V_dest_V)


 <State 8>: 0.00ns
ST_8: axi_last_V_3_i_i [1/1] 0.00ns
.preheader.i.i:0  %axi_last_V_3_i_i = phi i1 [ %tmp_last_V_2, %4 ], [ %eol, %1 ]

ST_8: axi_data_V_3_i_i [1/1] 0.00ns
.preheader.i.i:1  %axi_data_V_3_i_i = phi i24 [ %tmp_data_V_2, %4 ], [ %axi_data_V_1_i_i, %1 ]

ST_8: stg_141 [1/1] 0.00ns
.preheader.i.i:3  br i1 %eol_2_i_i, label %5, label %4

ST_8: stg_142 [1/1] 0.00ns
:0  call void (...)* @_ssdm_op_SpecLoopName([18 x i8]* @p_str1825) nounwind

ST_8: tmp_119_i_i [1/1] 0.00ns
:1  %tmp_119_i_i = call i32 (...)* @_ssdm_op_SpecRegionBegin([18 x i8]* @p_str1825)

ST_8: stg_144 [1/1] 0.00ns
:2  call void (...)* @_ssdm_op_SpecPipeline(i32 1, i32 1, i32 1, i32 0, [1 x i8]* @p_str1809) nounwind

ST_8: stg_145 [1/1] 0.00ns
:3  call void (...)* @_ssdm_op_SpecLoopTripCount(i32 0, i32 0, i32 0, [1 x i8]* @p_str1809) nounwind

ST_8: tmp_data_V_2 [1/1] 0.00ns
:5  %tmp_data_V_2 = extractvalue { i24, i3, i3, i1, i1, i1, i1 } %empty_58, 0

ST_8: tmp_last_V_2 [1/1] 0.00ns
:6  %tmp_last_V_2 = extractvalue { i24, i3, i3, i1, i1, i1, i1 } %empty_58, 4

ST_8: empty_59 [1/1] 0.00ns
:7  %empty_59 = call i32 (...)* @_ssdm_op_SpecRegionEnd([18 x i8]* @p_str1825, i32 %tmp_119_i_i)

ST_8: stg_149 [1/1] 0.00ns
:8  br label %.preheader.i.i


 <State 9>: 0.00ns
ST_9: empty_60 [1/1] 0.00ns
:0  %empty_60 = call i32 (...)* @_ssdm_op_SpecRegionEnd([12 x i8]* @p_str1819, i32 %tmp_117_i_i)

ST_9: stg_151 [1/1] 0.00ns
:1  br label %.preheader187.i.i



============================================================
+ Verbose Summary: Timing violations
============================================================
Target clock period: 10ns, clock uncertainty: 1.25ns.

 No timing violations. 


============================================================
+ Verbose Summary: Binding
============================================================
N/A
* FSMD analyzer results:
  - Output states:
 - Input state : 
  - Chain level:
	State 1
	State 2
	State 3
	State 4
	State 5
	State 6
	State 7
	State 8
	State 9


============================================================
+ Verbose Summary: Datapath Resource usage 
============================================================
N/A
