@I [HLS-0] Workspace C:/Users/Misca/beuth_ws1920/ModellbasierterEntwurf/Versuch1_sharpening/HLS/sharpening/solution1 opened at Tue Jan 07 00:25:30 +0100 2020
@I [HLS-100] Command "config_clock -quiet -name default -period 10 -default=false "
@I [SYN-201] Setting up clock 'default' with a period of 10ns.
@I [HLS-100] Command 'config_clock' returned 0; elapsed 0Total elapsed time: 0.912 sec.
@I [HLS-100] Command "open_platform DefaultPlatform "
@I [HLS-100] Command 'open_platform' returned 0; elapsed 0Total elapsed time: 0.912 sec.
@I [HLS-100] Command "import_lib C:/Xilinx/Vivado_HLS/2016.2/common/technology/xilinx/zynq/zynq "
@I [HLS-100] Command "source C:/Xilinx/Vivado_HLS/2016.2/common/technology/xilinx/common/xilinx.lib "
@I [HLS-100] Command "source C:/Xilinx/Vivado_HLS/2016.2/common/technology/xilinx/interface/xilinx_interface.lib "
@I [HLS-100] Command "source C:/Xilinx/Vivado_HLS/2016.2/common/technology/xilinx/interface/plb46.lib "
@I [HLS-100] Command 'ap_source' returned 0; elapsed 0Total elapsed time: 0.912 sec.
@I [HLS-100] Command "source C:/Xilinx/Vivado_HLS/2016.2/common/technology/xilinx/interface/fsl.lib "
@I [HLS-100] Command 'ap_source' returned 0; elapsed 0Total elapsed time: 0.912 sec.
@I [HLS-100] Command "source C:/Xilinx/Vivado_HLS/2016.2/common/technology/xilinx/interface/axi4.lib "
@I [HLS-100] Command 'ap_source' returned 0; elapsed 0Total elapsed time: 0.912 sec.
@I [HLS-100] Command "source C:/Xilinx/Vivado_HLS/2016.2/common/technology/xilinx/interface/maxi.lib "
@I [HLS-100] Command 'ap_source' returned 0; elapsed 0Total elapsed time: 0.912 sec.
@I [HLS-100] Command "source C:/Xilinx/Vivado_HLS/2016.2/common/technology/xilinx/interface/saxilite.lib "
@I [HLS-100] Command 'ap_source' returned 0; elapsed 0Total elapsed time: 0.912 sec.
@I [HLS-100] Command 'ap_source' returned 0; elapsed 0Total elapsed time: 0.912 sec.
@I [HLS-100] Command "source C:/Xilinx/Vivado_HLS/2016.2/common/technology/xilinx/common/dsp48.lib "
@I [HLS-100] Command 'ap_source' returned 0; elapsed 0Total elapsed time: 0.912 sec.
@I [HLS-100] Command "source C:/Xilinx/Vivado_HLS/2016.2/common/technology/xilinx/ip/dds_compiler.lib "
@I [HLS-100] Command 'ap_source' returned 0; elapsed 0Total elapsed time: 0.912 sec.
@I [HLS-100] Command "source C:/Xilinx/Vivado_HLS/2016.2/common/technology/xilinx/ip/xfft.lib "
@I [HLS-100] Command 'ap_source' returned 0; elapsed 0Total elapsed time: 0.912 sec.
@I [HLS-100] Command "source C:/Xilinx/Vivado_HLS/2016.2/common/technology/xilinx/ip/xfir.lib "
@I [HLS-100] Command 'ap_source' returned 0; elapsed 0.016Total elapsed time: 0.928 sec.
@I [HLS-100] Command 'ap_source' returned 0; elapsed 0.016Total elapsed time: 0.928 sec.
@I [HLS-100] Command "source C:/Xilinx/Vivado_HLS/2016.2/common/technology/xilinx/common/xilinx_old.lib "
@I [HLS-100] Command 'ap_source' returned 0; elapsed 0Total elapsed time: 0.928 sec.
@I [HLS-100] Command "source C:/Xilinx/Vivado_HLS/2016.2/common/technology/xilinx/common/xilinx_vivado.lib "
@I [HLS-100] Command 'ap_source' returned 0; elapsed 0Total elapsed time: 0.928 sec.
@I [HLS-100] Command "source C:/Xilinx/Vivado_HLS/2016.2/common/technology/xilinx/common/xilinx.hlp "
@I [HLS-100] Command "source C:/Xilinx/Vivado_HLS/2016.2/common/technology/xilinx/common/target_info.tcl "
@I [HLS-100] Command 'ap_source' returned 0; elapsed 0Total elapsed time: 0.928 sec.
@I [HLS-100] Command "source C:/Xilinx/Vivado_HLS/2016.2/common/technology/xilinx/interface/xilinx_interface.hlp "
@I [HLS-100] Command "source C:/Xilinx/Vivado_HLS/2016.2/common/technology/xilinx/interface/maxi.hlp "
@I [HLS-100] Command 'ap_source' returned 0; elapsed 0Total elapsed time: 0.928 sec.
@I [HLS-100] Command "source C:/Xilinx/Vivado_HLS/2016.2/common/technology/xilinx/interface/saxilite.hlp "
@I [HLS-100] Command 'ap_source' returned 0; elapsed 0.016Total elapsed time: 0.943 sec.
@I [HLS-100] Command 'ap_source' returned 0; elapsed 0.016Total elapsed time: 0.943 sec.
@I [HLS-100] Command "source C:/Xilinx/Vivado_HLS/2016.2/common/technology/xilinx/common/dsp48.hlp "
@I [HLS-100] Command 'ap_source' returned 0; elapsed 0Total elapsed time: 0.943 sec.
@I [HLS-100] Command 'ap_source' returned 0; elapsed 0.016Total elapsed time: 0.943 sec.
@I [HLS-100] Command "source C:/Xilinx/Vivado_HLS/2016.2/common/technology/xilinx/zynq/dsp48e1.hlp "
@I [HLS-100] Command 'ap_source' returned 0; elapsed 0Total elapsed time: 0.943 sec.
@I [HLS-100] Command "get_default_platform "
@I [HLS-100] Command 'get_default_platform' returned 0; elapsed 0Total elapsed time: 0.943 sec.
@I [HLS-100] Command "config_chip_info -quiet -resource  {SLICE 13300}  {LUT 53200}     {FF 106400} {DSP48E 220}   {BRAM 280}  "
@I [HLS-100] Command 'config_chip_info' returned 0; elapsed 0Total elapsed time: 0.943 sec.
@I [HLS-100] Command "config_chip_info -quiet -speed medium "
@I [HLS-100] Command 'config_chip_info' returned 0; elapsed 0Total elapsed time: 0.943 sec.
@I [HLS-100] Command 'import_lib' returned 0; elapsed 0.032Total elapsed time: 0.943 sec.
@I [HLS-100] Command "source C:/Xilinx/Vivado_HLS/2016.2/common/technology/xilinx/zynq/zynq.gen "
@I [HLS-100] Command "source C:/Xilinx/Vivado_HLS/2016.2/common/technology/xilinx/common/virtex.gen "
@I [HLS-100] Command "source C:/Xilinx/Vivado_HLS/2016.2/common/technology/xilinx/common/xilinx.gen "
@I [HLS-100] Command "source C:/Xilinx/Vivado_HLS/2016.2/common/technology/xilinx/interface/plb46.gen "
@I [HLS-100] Command 'ap_source' returned 0; elapsed 0Total elapsed time: 0.959 sec.
@I [HLS-100] Command "source C:/Xilinx/Vivado_HLS/2016.2/common/technology/xilinx/interface/fsl.gen "
@I [HLS-100] Command 'ap_source' returned 0; elapsed 0Total elapsed time: 0.959 sec.
@I [HLS-100] Command "source C:/Xilinx/Vivado_HLS/2016.2/common/technology/xilinx/interface/axi4.gen "
@I [HLS-100] Command 'ap_source' returned 0; elapsed 0Total elapsed time: 0.959 sec.
@I [HLS-100] Command "source C:/Xilinx/Vivado_HLS/2016.2/common/technology/xilinx/interface/nativeAXI4.gen "
@I [HLS-100] Command "source C:/Xilinx/Vivado_HLS/2016.2/common/technology/xilinx/interface/saxilite.gen "
@I [HLS-100] Command 'ap_source' returned 0; elapsed 0.016Total elapsed time: 0.975 sec.
@I [HLS-100] Command "source C:/Xilinx/Vivado_HLS/2016.2/common/technology/xilinx/interface/maxi.gen "
@I [HLS-100] Command 'ap_source' returned 0; elapsed 0.015Total elapsed time: 0.990 sec.
@I [HLS-100] Command 'ap_source' returned 0; elapsed 0.031Total elapsed time: 0.990 sec.
@I [HLS-100] Command "source C:/Xilinx/Vivado_HLS/2016.2/common/technology/xilinx/scripts/xilinxcoregen.gen "
@I [HLS-100] Command 'ap_source' returned 0; elapsed 0.016Total elapsed time: 1.6 sec.
@I [HLS-100] Command "source C:/Xilinx/Vivado_HLS/2016.2/common/technology/xilinx/interface/XilEDKCoreGen.gen "
@I [HLS-100] Command 'ap_source' returned 0; elapsed 0.016Total elapsed time: 1.21 sec.
@I [HLS-100] Command "source C:/Xilinx/Vivado_HLS/2016.2/common/technology/xilinx/ip/dds_compiler.gen "
@I [HLS-100] Command 'ap_source' returned 0; elapsed 0.015Total elapsed time: 1.37 sec.
@I [HLS-100] Command "source C:/Xilinx/Vivado_HLS/2016.2/common/technology/xilinx/ip/util.gen "
@I [HLS-100] Command 'ap_source' returned 0; elapsed 0Total elapsed time: 1.37 sec.
@I [HLS-100] Command "source C:/Xilinx/Vivado_HLS/2016.2/common/technology/xilinx/ip/xfft.gen "
@I [HLS-100] Command 'ap_source' returned 0; elapsed 0.203Total elapsed time: 1.240 sec.
@I [HLS-100] Command "source C:/Xilinx/Vivado_HLS/2016.2/common/technology/xilinx/ip/xfir.gen "
@I [HLS-100] Command 'ap_source' returned 0; elapsed 0.016Total elapsed time: 1.256 sec.
@I [HLS-100] Command 'ap_source' returned 0; elapsed 0.297Total elapsed time: 1.256 sec.
@I [HLS-100] Command "source C:/Xilinx/Vivado_HLS/2016.2/common/technology/xilinx/common/dsp48.gen "
@I [HLS-100] Command 'ap_source' returned 0; elapsed 0Total elapsed time: 1.256 sec.
@I [HLS-100] Command 'ap_source' returned 0; elapsed 0.297Total elapsed time: 1.256 sec.
@I [HLS-100] Command 'ap_source' returned 0; elapsed 0.297Total elapsed time: 1.256 sec.
@I [HLS-100] Command "open_platform DefaultPlatform "
@I [HLS-100] Command 'open_platform' returned 0; elapsed 0Total elapsed time: 1.256 sec.
@I [HLS-100] Command "import_lib C:/Xilinx/Vivado_HLS/2016.2/common/technology/xilinx/zynq/zynq_fpv6 "
@I [HLS-100] Command "source C:/Xilinx/Vivado_HLS/2016.2/common/technology/xilinx/common/xilinx_fpv7.lib "
@I [HLS-100] Command "source C:/Xilinx/Vivado_HLS/2016.2/common/technology/xilinx/common/xilinx_hp.lib "
@I [HLS-100] Command 'ap_source' returned 0; elapsed 0Total elapsed time: 1.256 sec.
@I [HLS-100] Command 'ap_source' returned 0; elapsed 0Total elapsed time: 1.256 sec.
@I [HLS-100] Command "source C:/Xilinx/Vivado_HLS/2016.2/common/technology/xilinx/common/xilinx_fpv.hlp "
@I [HLS-100] Command "source C:/Xilinx/Vivado_HLS/2016.2/common/technology/xilinx/common/xilinx.hlp "
@I [HLS-100] Command "source C:/Xilinx/Vivado_HLS/2016.2/common/technology/xilinx/common/target_info.tcl "
@I [HLS-100] Command 'ap_source' returned 0; elapsed 0.015Total elapsed time: 1.287 sec.
@I [HLS-100] Command "source C:/Xilinx/Vivado_HLS/2016.2/common/technology/xilinx/interface/xilinx_interface.hlp "
@I [HLS-100] Command "source C:/Xilinx/Vivado_HLS/2016.2/common/technology/xilinx/interface/maxi.hlp "
@I [HLS-100] Command 'ap_source' returned 0; elapsed 0Total elapsed time: 1.287 sec.
@I [HLS-100] Command "source C:/Xilinx/Vivado_HLS/2016.2/common/technology/xilinx/interface/saxilite.hlp "
@I [HLS-100] Command 'ap_source' returned 0; elapsed 0Total elapsed time: 1.287 sec.
@I [HLS-100] Command 'ap_source' returned 0; elapsed 0Total elapsed time: 1.287 sec.
@I [HLS-100] Command "source C:/Xilinx/Vivado_HLS/2016.2/common/technology/xilinx/common/dsp48.hlp "
@I [HLS-100] Command 'ap_source' returned 0; elapsed 0Total elapsed time: 1.287 sec.
@I [HLS-100] Command 'ap_source' returned 0; elapsed 0.015Total elapsed time: 1.287 sec.
@I [HLS-100] Command 'ap_source' returned 0; elapsed 0.015Total elapsed time: 1.287 sec.
@I [HLS-100] Command "source C:/Xilinx/Vivado_HLS/2016.2/common/technology/xilinx/zynq/zynq_hp.hlp "
@I [HLS-100] Command 'ap_source' returned 0; elapsed 0Total elapsed time: 1.287 sec.
@I [HLS-100] Command 'import_lib' returned 0; elapsed 0.047Total elapsed time: 1.303 sec.
@I [HLS-100] Command "source C:/Xilinx/Vivado_HLS/2016.2/common/technology/xilinx/zynq/zynq_fpv6.gen "
@I [HLS-100] Command "source C:/Xilinx/Vivado_HLS/2016.2/common/technology/xilinx/common/xilinx_fpv6.gen "
@I [HLS-100] Command 'ap_source' returned 0; elapsed 0Total elapsed time: 1.303 sec.
@I [HLS-100] Command 'ap_source' returned 0; elapsed 0Total elapsed time: 1.303 sec.
@I [HLS-100] Command "set_part xc7z020clg400-1 "
@I [HLS-100] Command "add_library xilinx/zynq/zynq:xc7z020:clg400:-1 "
@I [HLS-100] Command "get_default_platform "
@I [HLS-100] Command 'get_default_platform' returned 0; elapsed 0Total elapsed time: 1.303 sec.
@I [HLS-100] Command "license_isbetapart xc7z020 "
@I [HLS-100] Command 'license_isbetapart' returned 1; elapsed 0.015Total elapsed time: 1.334 sec.
@I [HLS-100] Command "get_default_platform "
@I [HLS-100] Command 'get_default_platform' returned 0; elapsed 0Total elapsed time: 1.334 sec.
@I [HLS-100] Command "config_chip_info -quiet -resource  {SLICE 13300}  {LUT 53200}     {FF 106400} {DSP48E 220}   {BRAM 280}  "
@I [HLS-100] Command 'config_chip_info' returned 0; elapsed 0Total elapsed time: 1.334 sec.
@I [HLS-100] Command "config_chip_info -quiet -speed slow "
@I [HLS-100] Command 'config_chip_info' returned 0; elapsed 0Total elapsed time: 1.334 sec.
@I [HLS-100] Command 'add_library' returned 0; elapsed 0.047Total elapsed time: 1.350 sec.
@I [HLS-100] Command "add_library xilinx/zynq/zynq_fpv6 "
@I [HLS-100] Command "get_default_platform "
@I [HLS-100] Command 'get_default_platform' returned 0; elapsed 0Total elapsed time: 1.350 sec.
@I [HLS-100] Command 'add_library' returned 0; elapsed 0Total elapsed time: 1.350 sec.
@I [HLS-10] Setting target device to 'xc7z020clg400-1'
@I [HLS-100] Command 'set_part' returned 0; elapsed 0.047Total elapsed time: 1.350 sec.
@I [HLS-100] Command "get_default_platform "
@I [HLS-100] Command 'get_default_platform' returned 0; elapsed 0Total elapsed time: 1.350 sec.
@I [HLS-100] Command "config_chip_info -quiet -resource  {SLICE 13300}  {LUT 53200}     {FF 106400} {DSP48E 220}   {BRAM 280}  "
@I [HLS-100] Command 'config_chip_info' returned 0; elapsed 0Total elapsed time: 1.350 sec.
@I [HLS-100] Command "config_chip_info -quiet -speed slow "
@I [HLS-100] Command 'config_chip_info' returned 0; elapsed 0Total elapsed time: 1.350 sec.
@I [HLS-100] Command 'open_solution' returned 0; elapsed 0.469Total elapsed time: 1.350 sec.
@I [HLS-100] Command "csim_design -quiet "
@I [HLS-100] Command "source csim/.lst_opt.tcl "
@I [HLS-100] Command 'ap_source' returned 0; elapsed 0.016Total elapsed time: 1.396 sec.
@I [HLS-100] Command "is_encrypted C:/Users/Misca/beuth_ws1920/ModellbasierterEntwurf/Versuch1_sharpening/HLS/test.cpp "
@I [HLS-100] Command 'is_encrypted' returned 0; elapsed 0Total elapsed time: 1.428 sec.
@I [HLS-100] Command "is_xip C:/Users/Misca/beuth_ws1920/ModellbasierterEntwurf/Versuch1_sharpening/HLS/test.cpp "
@I [HLS-100] Command 'is_xip' returned 0; elapsed 0Total elapsed time: 1.428 sec.
@I [HLS-100] Command "is_encrypted C:/Users/Misca/beuth_ws1920/ModellbasierterEntwurf/Versuch1_sharpening/HLS/pynq_filters.cpp "
@I [HLS-100] Command 'is_encrypted' returned 0; elapsed 0Total elapsed time: 1.428 sec.
@I [HLS-100] Command "is_xip C:/Users/Misca/beuth_ws1920/ModellbasierterEntwurf/Versuch1_sharpening/HLS/pynq_filters.cpp "
@I [HLS-100] Command 'is_xip' returned 0; elapsed 0Total elapsed time: 1.428 sec.
@I [HLS-100] Command "is_encrypted C:/Users/Misca/beuth_ws1920/ModellbasierterEntwurf/Versuch1_sharpening/HLS/pynq_filters.h "
@I [HLS-100] Command 'is_encrypted' returned 0; elapsed 0Total elapsed time: 1.428 sec.
@I [HLS-100] Command "is_xip C:/Users/Misca/beuth_ws1920/ModellbasierterEntwurf/Versuch1_sharpening/HLS/pynq_filters.h "
@I [HLS-100] Command 'is_xip' returned 0; elapsed 0Total elapsed time: 1.428 sec.
@I [HLS-100] Command "source run_sim.tcl "
@I [HLS-100] Command 'ap_source' returned 0; elapsed 178.99Total elapsed time: 180.998 sec.
@I [SIM-1] CSim done with 0 errors.
@I [HLS-100] Command 'csim_design' returned 0; elapsed 179.648Total elapsed time: 180.998 sec.
@I [HLS-100] Command 'ap_source' returned 0; elapsed 180.117Total elapsed time: 180.998 sec.
@I [HLS-100] Command "cleanup_all "
@I [HLS-100] Command 'cleanup_all' returned 0; elapsed 0Total elapsed time: 180.998 sec.
