

================================================================
== Vivado HLS Report for 'pynq_filters_Mat2AXIvideo'
================================================================
* Date:           Thu Nov 28 03:43:04 2019

* Version:        2016.2 (Build 1577090 on Thu Jun 02 16:59:10 MDT 2016)
* Project:        sharpen
* Solution:       solution1
* Product family: zynq
* Target device:  xc7z020clg400-1


================================================================
== Performance Estimates
================================================================
+ Timing (ns): 
    * Summary: 
    +--------+-------+----------+------------+
    |  Clock | Target| Estimated| Uncertainty|
    +--------+-------+----------+------------+
    |ap_clk  |  10.00|      4.38|        1.25|
    +--------+-------+----------+------------+

+ Latency (clock cycles): 
    * Summary: 
    +--------+--------+--------+--------+---------+
    |     Latency     |     Interval    | Pipeline|
    |   min  |   max  |   min  |   max  |   Type  |
    +--------+--------+--------+--------+---------+
    |  309121|  309121|  309121|  309121|   none  |
    +--------+--------+--------+--------+---------+

    + Detail: 
        * Instance: 
        N/A

        * Loop: 
        +---------------+--------+--------+----------+-----------+-----------+------+----------+
        |               |     Latency     | Iteration|  Initiation Interval  | Trip |          |
        |   Loop Name   |   min  |   max  |  Latency |  achieved |   target  | Count| Pipelined|
        +---------------+--------+--------+----------+-----------+-----------+------+----------+
        |- loop_height  |  309120|  309120|       644|          -|          -|   480|    no    |
        | + loop_width  |     641|     641|         3|          1|          1|   640|    yes   |
        +---------------+--------+--------+----------+-----------+-----------+------+----------+



================================================================
== Utilization Estimates
================================================================
* Summary: 
+-----------------+---------+-------+--------+-------+
|       Name      | BRAM_18K| DSP48E|   FF   |  LUT  |
+-----------------+---------+-------+--------+-------+
|DSP              |        -|      -|       -|      -|
|Expression       |        -|      -|       0|     40|
|FIFO             |        -|      -|       -|      -|
|Instance         |        -|      -|       -|      -|
|Memory           |        -|      -|       -|      -|
|Multiplexer      |        -|      -|       -|     25|
|Register         |        -|      -|      80|      -|
+-----------------+---------+-------+--------+-------+
|Total            |        0|      0|      80|     65|
+-----------------+---------+-------+--------+-------+
|Available        |      280|    220|  106400|  53200|
+-----------------+---------+-------+--------+-------+
|Utilization (%)  |        0|      0|   ~0   |   ~0  |
+-----------------+---------+-------+--------+-------+

+ Detail: 
    * Instance: 
    N/A

    * DSP48: 
    N/A

    * Memory: 
    N/A

    * FIFO: 
    N/A

    * Expression: 
    +----------------------------------+----------+-------+---+----+------------+------------+
    |           Variable Name          | Operation| DSP48E| FF| LUT| Bitwidth P0| Bitwidth P1|
    +----------------------------------+----------+-------+---+----+------------+------------+
    |i_V_fu_174_p2                     |     +    |      0|  0|   9|           9|           1|
    |j_V_fu_186_p2                     |     +    |      0|  0|  10|          10|           1|
    |AXI_video_strm_V_data_V_1_ack_in  |    and   |      0|  0|   1|           1|           1|
    |AXI_video_strm_V_dest_V_1_sRdy    |    and   |      0|  0|   1|           1|           1|
    |AXI_video_strm_V_id_V_1_sRdy      |    and   |      0|  0|   1|           1|           1|
    |AXI_video_strm_V_keep_V_1_sRdy    |    and   |      0|  0|   1|           1|           1|
    |AXI_video_strm_V_last_V_1_sRdy    |    and   |      0|  0|   1|           1|           1|
    |AXI_video_strm_V_strb_V_1_sRdy    |    and   |      0|  0|   1|           1|           1|
    |AXI_video_strm_V_user_V_1_sRdy    |    and   |      0|  0|   1|           1|           1|
    |axi_last_V_fu_192_p2              |   icmp   |      0|  0|   4|          10|          10|
    |exitcond5_fu_168_p2               |   icmp   |      0|  0|   3|           9|           7|
    |exitcond6_fu_180_p2               |   icmp   |      0|  0|   4|          10|          10|
    |ap_sig_240                        |    or    |      0|  0|   1|           1|           1|
    |ap_sig_256                        |    or    |      0|  0|   1|           1|           1|
    |ap_sig_292                        |    or    |      0|  0|   1|           1|           1|
    +----------------------------------+----------+-------+---+----+------------+------------+
    |Total                             |          |      0|  0|  40|          58|          39|
    +----------------------------------+----------+-------+---+----+------------+------------+

    * Multiplexer: 
    +---------------------------+----+-----------+-----+-----------+
    |            Name           | LUT| Input Size| Bits| Total Bits|
    +---------------------------+----+-----------+-----+-----------+
    |ap_NS_fsm                  |   1|          5|    1|          5|
    |ap_reg_ppiten_pp0_it2      |   1|          2|    1|          2|
    |img_data_stream_0_V_blk_n  |   1|          2|    1|          2|
    |img_data_stream_1_V_blk_n  |   1|          2|    1|          2|
    |img_data_stream_2_V_blk_n  |   1|          2|    1|          2|
    |out_data_TDATA_blk_n       |   1|          2|    1|          2|
    |p_4_reg_152                |  10|          2|   10|         20|
    |p_s_reg_141                |   9|          2|    9|         18|
    +---------------------------+----+-----------+-----+-----------+
    |Total                      |  25|         19|   25|         53|
    +---------------------------+----+-----------+-----+-----------+

    * Register: 
    +------------------------------------------+----+----+-----+-----------+
    |                   Name                   | FF | LUT| Bits| Const Bits|
    +------------------------------------------+----+----+-----+-----------+
    |AXI_video_strm_V_data_V_1_areset_d        |   1|   0|    1|          0|
    |AXI_video_strm_V_data_V_1_data_reg        |  24|   0|   24|          0|
    |AXI_video_strm_V_data_V_1_mVld            |   1|   0|    1|          0|
    |AXI_video_strm_V_dest_V_1_areset_d        |   1|   0|    1|          0|
    |AXI_video_strm_V_dest_V_1_mVld            |   1|   0|    1|          0|
    |AXI_video_strm_V_id_V_1_areset_d          |   1|   0|    1|          0|
    |AXI_video_strm_V_id_V_1_mVld              |   1|   0|    1|          0|
    |AXI_video_strm_V_keep_V_1_areset_d        |   1|   0|    1|          0|
    |AXI_video_strm_V_keep_V_1_mVld            |   1|   0|    1|          0|
    |AXI_video_strm_V_last_V_1_areset_d        |   1|   0|    1|          0|
    |AXI_video_strm_V_last_V_1_data_reg        |   1|   0|    1|          0|
    |AXI_video_strm_V_last_V_1_mVld            |   1|   0|    1|          0|
    |AXI_video_strm_V_strb_V_1_areset_d        |   1|   0|    1|          0|
    |AXI_video_strm_V_strb_V_1_mVld            |   1|   0|    1|          0|
    |AXI_video_strm_V_user_V_1_areset_d        |   1|   0|    1|          0|
    |AXI_video_strm_V_user_V_1_data_reg        |   1|   0|    1|          0|
    |AXI_video_strm_V_user_V_1_mVld            |   1|   0|    1|          0|
    |ap_CS_fsm                                 |   4|   0|    4|          0|
    |ap_done_reg                               |   1|   0|    1|          0|
    |ap_reg_ppiten_pp0_it0                     |   1|   0|    1|          0|
    |ap_reg_ppiten_pp0_it1                     |   1|   0|    1|          0|
    |ap_reg_ppiten_pp0_it2                     |   1|   0|    1|          0|
    |ap_reg_ppstg_exitcond6_reg_234_pp0_iter1  |   1|   0|    1|          0|
    |axi_last_V_reg_243                        |   1|   0|    1|          0|
    |exitcond6_reg_234                         |   1|   0|    1|          0|
    |i_V_reg_229                               |   9|   0|    9|          0|
    |p_4_reg_152                               |  10|   0|   10|          0|
    |p_s_reg_141                               |   9|   0|    9|          0|
    |tmp_user_V_fu_90                          |   1|   0|    1|          0|
    +------------------------------------------+----+----+-----+-----------+
    |Total                                     |  80|   0|   80|          0|
    +------------------------------------------+----+----+-----+-----------+



================================================================
== Interface
================================================================
* Summary: 
+-----------------------------+-----+-----+------------+---------------------------+--------------+
|          RTL Ports          | Dir | Bits|  Protocol  |       Source Object       |    C Type    |
+-----------------------------+-----+-----+------------+---------------------------+--------------+
|ap_clk                       |  in |    1| ap_ctrl_hs | pynq_filters_Mat2AXIvideo | return value |
|ap_rst                       |  in |    1| ap_ctrl_hs | pynq_filters_Mat2AXIvideo | return value |
|ap_start                     |  in |    1| ap_ctrl_hs | pynq_filters_Mat2AXIvideo | return value |
|ap_done                      | out |    1| ap_ctrl_hs | pynq_filters_Mat2AXIvideo | return value |
|ap_continue                  |  in |    1| ap_ctrl_hs | pynq_filters_Mat2AXIvideo | return value |
|ap_idle                      | out |    1| ap_ctrl_hs | pynq_filters_Mat2AXIvideo | return value |
|ap_ready                     | out |    1| ap_ctrl_hs | pynq_filters_Mat2AXIvideo | return value |
|img_data_stream_0_V_dout     |  in |    8|   ap_fifo  |    img_data_stream_0_V    |    pointer   |
|img_data_stream_0_V_empty_n  |  in |    1|   ap_fifo  |    img_data_stream_0_V    |    pointer   |
|img_data_stream_0_V_read     | out |    1|   ap_fifo  |    img_data_stream_0_V    |    pointer   |
|img_data_stream_1_V_dout     |  in |    8|   ap_fifo  |    img_data_stream_1_V    |    pointer   |
|img_data_stream_1_V_empty_n  |  in |    1|   ap_fifo  |    img_data_stream_1_V    |    pointer   |
|img_data_stream_1_V_read     | out |    1|   ap_fifo  |    img_data_stream_1_V    |    pointer   |
|img_data_stream_2_V_dout     |  in |    8|   ap_fifo  |    img_data_stream_2_V    |    pointer   |
|img_data_stream_2_V_empty_n  |  in |    1|   ap_fifo  |    img_data_stream_2_V    |    pointer   |
|img_data_stream_2_V_read     | out |    1|   ap_fifo  |    img_data_stream_2_V    |    pointer   |
|out_data_TDATA               | out |   24|    axis    |  AXI_video_strm_V_data_V  |    pointer   |
|out_data_TVALID              | out |    1|    axis    |  AXI_video_strm_V_dest_V  |    pointer   |
|out_data_TREADY              |  in |    1|    axis    |  AXI_video_strm_V_dest_V  |    pointer   |
|out_data_TDEST               | out |    1|    axis    |  AXI_video_strm_V_dest_V  |    pointer   |
|out_data_TKEEP               | out |    3|    axis    |  AXI_video_strm_V_keep_V  |    pointer   |
|out_data_TSTRB               | out |    3|    axis    |  AXI_video_strm_V_strb_V  |    pointer   |
|out_data_TUSER               | out |    1|    axis    |  AXI_video_strm_V_user_V  |    pointer   |
|out_data_TLAST               | out |    1|    axis    |  AXI_video_strm_V_last_V  |    pointer   |
|out_data_TID                 | out |    1|    axis    |   AXI_video_strm_V_id_V   |    pointer   |
+-----------------------------+-----+-----+------------+---------------------------+--------------+

