

================================================================
== Vivado HLS Report for 'pynq_filters_gaussianBlur'
================================================================
* Date:           Thu Nov 28 03:42:55 2019

* Version:        2016.2 (Build 1577090 on Thu Jun 02 16:59:10 MDT 2016)
* Project:        sharpen
* Solution:       solution1
* Product family: zynq
* Target device:  xc7z020clg400-1


================================================================
== Performance Estimates
================================================================
+ Timing (ns): 
    * Summary: 
    +--------+-------+----------+------------+
    |  Clock | Target| Estimated| Uncertainty|
    +--------+-------+----------+------------+
    |ap_clk  |  10.00|     10.84|        1.25|
    +--------+-------+----------+------------+

+ Latency (clock cycles): 
    * Summary: 
    +--------+--------+--------+--------+---------+
    |     Latency     |     Interval    | Pipeline|
    |   min  |   max  |   min  |   max  |   Type  |
    +--------+--------+--------+--------+---------+
    |  314944|  314944|  314944|  314944|   none  |
    +--------+--------+--------+--------+---------+

    + Detail: 
        * Instance: 
        +------------------------------------+-------------------------+--------+--------+--------+--------+---------+
        |                                    |                         |     Latency     |     Interval    | Pipeline|
        |              Instance              |          Module         |   min  |   max  |   min  |   max  |   Type  |
        +------------------------------------+-------------------------+--------+--------+--------+--------+---------+
        |grp_pynq_filters_Filter2D_1_fu_108  |pynq_filters_Filter2D_1  |  314918|  314918|  314918|  314918|   none  |
        +------------------------------------+-------------------------+--------+--------+--------+--------+---------+

        * Loop: 
        +-------------+-----+-----+----------+-----------+-----------+------+----------+
        |             |  Latency  | Iteration|  Initiation Interval  | Trip |          |
        |  Loop Name  | min | max |  Latency |  achieved |   target  | Count| Pipelined|
        +-------------+-----+-----+----------+-----------+-----------+------+----------+
        |- Loop 1     |   24|   24|         8|          -|          -|     3|    no    |
        | + Loop 1.1  |    6|    6|         2|          -|          -|     3|    no    |
        +-------------+-----+-----+----------+-----------+-----------+------+----------+



================================================================
== Utilization Estimates
================================================================
* Summary: 
+-----------------+---------+-------+--------+-------+
|       Name      | BRAM_18K| DSP48E|   FF   |  LUT  |
+-----------------+---------+-------+--------+-------+
|DSP              |        -|      -|       -|      -|
|Expression       |        -|      -|       0|    380|
|FIFO             |        -|      -|       -|      -|
|Instance         |        5|      9|     726|    543|
|Memory           |        0|      -|      12|      5|
|Multiplexer      |        -|      -|       -|      7|
|Register         |        -|      -|     168|      -|
+-----------------+---------+-------+--------+-------+
|Total            |        5|      9|     906|    935|
+-----------------+---------+-------+--------+-------+
|Available        |      280|    220|  106400|  53200|
+-----------------+---------+-------+--------+-------+
|Utilization (%)  |        1|      4|   ~0   |      1|
+-----------------+---------+-------+--------+-------+

+ Detail: 
    * Instance: 
    +------------------------------------+-------------------------+---------+-------+-----+-----+
    |              Instance              |          Module         | BRAM_18K| DSP48E|  FF | LUT |
    +------------------------------------+-------------------------+---------+-------+-----+-----+
    |grp_pynq_filters_Filter2D_1_fu_108  |pynq_filters_Filter2D_1  |        5|      9|  726|  543|
    +------------------------------------+-------------------------+---------+-------+-----+-----+
    |Total                               |                         |        5|      9|  726|  543|
    +------------------------------------+-------------------------+---------+-------+-----+-----+

    * DSP48: 
    N/A

    * Memory: 
    +-----------------+-----------------------------------------+---------+----+----+------+-----+------+-------------+
    |      Memory     |                  Module                 | BRAM_18K| FF | LUT| Words| Bits| Banks| W*Bits*Banks|
    +-----------------+-----------------------------------------+---------+----+----+------+-----+------+-------------+
    |coef_gaussian_U  |pynq_filters_gaussianBlur_coef_gaussian  |        0|  12|   5|    25|   12|     1|          300|
    +-----------------+-----------------------------------------+---------+----+----+------+-----+------+-------------+
    |Total            |                                         |        0|  12|   5|    25|   12|     1|          300|
    +-----------------+-----------------------------------------+---------+----+----+------+-----+------+-------------+

    * FIFO: 
    N/A

    * Expression: 
    +-------------------------------+----------+-------+---+----+------------+------------+
    |         Variable Name         | Operation| DSP48E| FF| LUT| Bitwidth P0| Bitwidth P1|
    +-------------------------------+----------+-------+---+----+------------+------------+
    |c_2_fu_231_p2                  |     +    |      0|  0|   2|           2|           1|
    |r_2_fu_167_p2                  |     +    |      0|  0|   2|           2|           1|
    |tmp_34_fu_189_p2               |     +    |      0|  0|   5|           5|           5|
    |tmp_35_fu_241_p2               |     +    |      0|  0|   5|           5|           5|
    |sel_tmp25_fu_207_p2            |    and   |      0|  0|   1|           1|           1|
    |sel_tmp28_fu_273_p2            |    and   |      0|  0|   1|           1|           1|
    |sel_tmp31_fu_304_p2            |    and   |      0|  0|   1|           1|           1|
    |sel_tmp33_fu_315_p2            |    and   |      0|  0|   1|           1|           1|
    |sel_tmp34_fu_320_p2            |    and   |      0|  0|   1|           1|           1|
    |sel_tmp35_fu_325_p2            |    and   |      0|  0|   1|           1|           1|
    |sel_tmp36_fu_432_p2            |    and   |      0|  0|   1|           1|           1|
    |sel_tmp37_fu_437_p2            |    and   |      0|  0|   1|           1|           1|
    |tmp39_fu_298_p2                |    and   |      0|  0|   1|           1|           1|
    |exitcond1_fu_161_p2            |   icmp   |      0|  0|   1|           2|           2|
    |exitcond_fu_225_p2             |   icmp   |      0|  0|   1|           2|           2|
    |sel_tmp23_fu_195_p2            |   icmp   |      0|  0|   1|           2|           1|
    |sel_tmp24_fu_201_p2            |   icmp   |      0|  0|   1|           2|           1|
    |sel_tmp26_fu_213_p2            |   icmp   |      0|  0|   1|           2|           1|
    |sel_tmp27_fu_219_p2            |   icmp   |      0|  0|   1|           2|           1|
    |sel_tmp29_fu_286_p2            |   icmp   |      0|  0|   1|           2|           1|
    |sel_tmp30_fu_292_p2            |   icmp   |      0|  0|   1|           2|           1|
    |sel_tmp32_fu_309_p2            |   icmp   |      0|  0|   1|           2|           1|
    |sel_tmp_fu_267_p2              |   icmp   |      0|  0|   1|           2|           1|
    |tmp_33_fu_257_p2               |   icmp   |      0|  0|   1|           2|           1|
    |ap_sig_129                     |    or    |      0|  0|   1|           1|           1|
    |or_cond1_fu_336_p2             |    or    |      0|  0|   1|           1|           1|
    |or_cond2_fu_349_p2             |    or    |      0|  0|   1|           1|           1|
    |or_cond3_fu_355_p2             |    or    |      0|  0|   1|           1|           1|
    |or_cond4_fu_442_p2             |    or    |      0|  0|   1|           1|           1|
    |or_cond5_fu_448_p2             |    or    |      0|  0|   1|           1|           1|
    |or_cond6_fu_454_p2             |    or    |      0|  0|   1|           1|           1|
    |or_cond_fu_330_p2              |    or    |      0|  0|   1|           1|           1|
    |tmp_32_fu_251_p2               |    or    |      0|  0|   2|           2|           2|
    |kernel_val_2_V_2_1_fu_278_p3   |  select  |      0|  0|  16|           1|          16|
    |kernel_val_2_V_2_20_fu_424_p3  |  select  |      0|  0|  16|           1|          16|
    |kernel_val_2_V_2_21_fu_460_p3  |  select  |      0|  0|  16|           1|          16|
    |kernel_val_2_V_2_22_fu_492_p3  |  select  |      0|  0|  16|           1|          16|
    |kernel_val_2_V_2_23_fu_516_p3  |  select  |      0|  0|  16|           1|          16|
    |kernel_val_2_V_2_24_fu_531_p3  |  select  |      0|  0|  16|           1|          16|
    |kernel_val_2_V_2_3_fu_369_p3   |  select  |      0|  0|  16|           1|          16|
    |kernel_val_2_V_2_5_fu_385_p3   |  select  |      0|  0|  16|           1|          16|
    |kernel_val_2_V_2_7_fu_393_p3   |  select  |      0|  0|  16|           1|          16|
    |kernel_val_2_V_2_8_fu_401_p3   |  select  |      0|  0|  16|           1|          16|
    |newSel11_fu_361_p3             |  select  |      0|  0|  16|           1|          16|
    |newSel12_fu_377_p3             |  select  |      0|  0|  16|           1|          16|
    |newSel13_fu_409_p3             |  select  |      0|  0|  16|           1|          16|
    |newSel14_fu_416_p3             |  select  |      0|  0|  16|           1|          16|
    |newSel15_fu_468_p3             |  select  |      0|  0|  16|           1|          16|
    |newSel16_fu_476_p3             |  select  |      0|  0|  16|           1|          16|
    |newSel17_fu_484_p3             |  select  |      0|  0|  16|           1|          16|
    |newSel18_fu_500_p3             |  select  |      0|  0|  16|           1|          16|
    |newSel19_fu_508_p3             |  select  |      0|  0|  16|           1|          16|
    |newSel20_fu_524_p3             |  select  |      0|  0|  16|           1|          16|
    |newSel_fu_341_p3               |  select  |      0|  0|  16|           1|          16|
    +-------------------------------+----------+-------+---+----+------------+------------+
    |Total                          |          |      0|  0| 380|          76|         380|
    +-------------------------------+----------+-------+---+----+------------+------------+

    * Multiplexer: 
    +-----------------------------+----+-----------+-----+-----------+
    |             Name            | LUT| Input Size| Bits| Total Bits|
    +-----------------------------+----+-----------+-----+-----------+
    |ap_NS_fsm                    |   1|          6|    1|          6|
    |c_reg_96                     |   2|          2|    2|          4|
    |img_in_data_stream_V_read    |   1|          2|    1|          2|
    |img_out_data_stream_V_write  |   1|          2|    1|          2|
    |r_reg_84                     |   2|          2|    2|          4|
    +-----------------------------+----+-----------+-----+-----------+
    |Total                        |   7|         14|    7|         18|
    +-----------------------------+----+-----------+-----+-----------+

    * Register: 
    +----------------------------------------------------+----+----+-----+-----------+
    |                        Name                        | FF | LUT| Bits| Const Bits|
    +----------------------------------------------------+----+----+-----+-----------+
    |ap_CS_fsm                                           |   5|   0|    5|          0|
    |ap_done_reg                                         |   1|   0|    1|          0|
    |ap_reg_grp_pynq_filters_Filter2D_1_fu_108_ap_start  |   1|   0|    1|          0|
    |c_2_reg_718                                         |   2|   0|    2|          0|
    |c_reg_96                                            |   2|   0|    2|          0|
    |kernel_val_2_V_2_13_fu_56                           |  16|   0|   16|          0|
    |kernel_val_2_V_2_14_fu_60                           |  16|   0|   16|          0|
    |kernel_val_2_V_2_15_fu_64                           |  16|   0|   16|          0|
    |kernel_val_2_V_2_16_fu_68                           |  16|   0|   16|          0|
    |kernel_val_2_V_2_2_fu_40                            |  16|   0|   16|          0|
    |kernel_val_2_V_2_4_fu_44                            |  16|   0|   16|          0|
    |kernel_val_2_V_2_6_fu_48                            |  16|   0|   16|          0|
    |kernel_val_2_V_2_9_fu_52                            |  16|   0|   16|          0|
    |kernel_val_2_V_2_fu_36                              |  16|   0|   16|          0|
    |r_2_reg_641                                         |   2|   0|    2|          0|
    |r_reg_84                                            |   2|   0|    2|          0|
    |sel_tmp25_reg_651                                   |   1|   0|    1|          0|
    |sel_tmp26_reg_657                                   |   1|   0|    1|          0|
    |sel_tmp27_reg_664                                   |   1|   0|    1|          0|
    |tmp_33_reg_728                                      |   1|   0|    1|          0|
    |tmp_34_reg_646                                      |   5|   0|    5|          0|
    +----------------------------------------------------+----+----+-----+-----------+
    |Total                                               | 168|   0|  168|          0|
    +----------------------------------------------------+----+----+-----+-----------+



================================================================
== Interface
================================================================
* Summary: 
+------------------------------+-----+-----+------------+---------------------------+--------------+
|           RTL Ports          | Dir | Bits|  Protocol  |       Source Object       |    C Type    |
+------------------------------+-----+-----+------------+---------------------------+--------------+
|ap_clk                        |  in |    1| ap_ctrl_hs | pynq_filters_gaussianBlur | return value |
|ap_rst                        |  in |    1| ap_ctrl_hs | pynq_filters_gaussianBlur | return value |
|ap_start                      |  in |    1| ap_ctrl_hs | pynq_filters_gaussianBlur | return value |
|ap_done                       | out |    1| ap_ctrl_hs | pynq_filters_gaussianBlur | return value |
|ap_continue                   |  in |    1| ap_ctrl_hs | pynq_filters_gaussianBlur | return value |
|ap_idle                       | out |    1| ap_ctrl_hs | pynq_filters_gaussianBlur | return value |
|ap_ready                      | out |    1| ap_ctrl_hs | pynq_filters_gaussianBlur | return value |
|img_in_data_stream_V_dout     |  in |    8|   ap_fifo  |    img_in_data_stream_V   |    pointer   |
|img_in_data_stream_V_empty_n  |  in |    1|   ap_fifo  |    img_in_data_stream_V   |    pointer   |
|img_in_data_stream_V_read     | out |    1|   ap_fifo  |    img_in_data_stream_V   |    pointer   |
|img_out_data_stream_V_din     | out |    8|   ap_fifo  |   img_out_data_stream_V   |    pointer   |
|img_out_data_stream_V_full_n  |  in |    1|   ap_fifo  |   img_out_data_stream_V   |    pointer   |
|img_out_data_stream_V_write   | out |    1|   ap_fifo  |   img_out_data_stream_V   |    pointer   |
+------------------------------+-----+-----+------------+---------------------------+--------------+

