

================================================================
== Vivado HLS Report for 'pynq_filters_operator_s'
================================================================
* Date:           Thu Nov 28 03:42:59 2019

* Version:        2016.2 (Build 1577090 on Thu Jun 02 16:59:10 MDT 2016)
* Project:        sharpen
* Solution:       solution1
* Product family: zynq
* Target device:  xc7z020clg400-1


================================================================
== Performance Estimates
================================================================
+ Timing (ns): 
    * Summary: 
    +--------+-------+----------+------------+
    |  Clock | Target| Estimated| Uncertainty|
    +--------+-------+----------+------------+
    |ap_clk  |  10.00|      8.23|        1.25|
    +--------+-------+----------+------------+

+ Latency (clock cycles): 
    * Summary: 
    +-----+-----+-----+-----+----------+
    |  Latency  |  Interval | Pipeline |
    | min | max | min | max |   Type   |
    +-----+-----+-----+-----+----------+
    |    3|    3|    1|    1| function |
    +-----+-----+-----+-----+----------+

    + Detail: 
        * Instance: 
        N/A

        * Loop: 
        N/A



================================================================
== Utilization Estimates
================================================================
* Summary: 
+-----------------+---------+-------+--------+-------+
|       Name      | BRAM_18K| DSP48E|   FF   |  LUT  |
+-----------------+---------+-------+--------+-------+
|DSP              |        -|      -|       -|      -|
|Expression       |        -|      -|       0|   1226|
|FIFO             |        -|      -|       -|      -|
|Instance         |        -|      -|       -|      -|
|Memory           |        -|      -|       -|      -|
|Multiplexer      |        -|      -|       -|      -|
|Register         |        -|      -|     211|      3|
+-----------------+---------+-------+--------+-------+
|Total            |        0|      0|     211|   1229|
+-----------------+---------+-------+--------+-------+
|Available        |      280|    220|  106400|  53200|
+-----------------+---------+-------+--------+-------+
|Utilization (%)  |        0|      0|   ~0   |      2|
+-----------------+---------+-------+--------+-------+

+ Detail: 
    * Instance: 
    N/A

    * DSP48: 
    N/A

    * Memory: 
    N/A

    * FIFO: 
    N/A

    * Expression: 
    +-----------------------------------+----------+-------+---+-----+------------+------------+
    |           Variable Name           | Operation| DSP48E| FF| LUT | Bitwidth P0| Bitwidth P1|
    +-----------------------------------+----------+-------+---+-----+------------+------------+
    |p_Val2_4_fu_322_p2                 |     +    |      0|  0|   10|          10|          10|
    |pos1_fu_386_p2                     |     +    |      0|  0|   12|           4|          12|
    |pos2_fu_395_p2                     |     +    |      0|  0|   12|           4|          12|
    |tmp_12_fu_286_p2                   |     +    |      0|  0|   12|           2|          12|
    |tmp_15_fu_194_p2                   |     +    |      0|  0|   12|          12|          12|
    |F2_fu_148_p2                       |     -    |      0|  0|   12|          11|          12|
    |man_V_1_fu_136_p2                  |     -    |      0|  0|   54|           1|          54|
    |tmp_s_fu_160_p2                    |     -    |      0|  0|   12|           1|          12|
    |Range1_all_ones_1_fu_444_p2        |    and   |      0|  0|    1|           1|           1|
    |Range1_all_ones_2_i_55_fu_712_p2   |    and   |      0|  0|    1|           1|           1|
    |Range1_all_ones_2_mux_i_fu_685_p2  |    and   |      0|  0|    1|           1|           1|
    |Range1_all_ones_fu_614_p2          |    and   |      0|  0|    1|           1|           1|
    |brmerge121_demorgan_i_fu_785_p2    |    and   |      0|  0|    1|           1|           1|
    |carry_1_i_fu_380_p2                |    and   |      0|  0|    1|           1|           1|
    |deleted_zeros_0_not_i_fu_763_p2    |    and   |      0|  0|    1|           1|           1|
    |or_cond115_i_fu_598_p2             |    and   |      0|  0|    1|           1|           1|
    |or_cond117_i_fu_610_p2             |    and   |      0|  0|    1|           1|           1|
    |overflow_fu_779_p2                 |    and   |      0|  0|    1|           1|           1|
    |p_122_i_fu_624_p2                  |    and   |      0|  0|    1|           1|           1|
    |sel_tmp11_fu_516_p2                |    and   |      0|  0|    1|           1|           1|
    |sel_tmp15_fu_740_p2                |    and   |      0|  0|    1|           1|           1|
    |sel_tmp16_fu_745_p2                |    and   |      0|  0|    1|           1|           1|
    |sel_tmp17_demorgan_fu_206_p2       |    and   |      0|  0|    1|           1|           1|
    |sel_tmp18_fu_218_p2                |    and   |      0|  0|    1|           1|           1|
    |sel_tmp22_fu_869_p2                |    and   |      0|  0|    1|           1|           1|
    |sel_tmp2_fu_347_p2                 |    and   |      0|  0|    1|           1|           1|
    |sel_tmp3_fu_352_p2                 |    and   |      0|  0|    1|           1|           1|
    |sel_tmp6_fu_572_p2                 |    and   |      0|  0|    1|           1|           1|
    |sel_tmp8_fu_555_p2                 |    and   |      0|  0|    1|           1|           1|
    |tmp28_fu_863_p2                    |    and   |      0|  0|    1|           1|           1|
    |tmp7_fu_438_p2                     |    and   |      0|  0|    1|           1|           1|
    |tmp8_fu_734_p2                     |    and   |      0|  0|    1|           1|           1|
    |tmp_demorgan_fu_102_p2             |    and   |      0|  0|    1|           1|           1|
    |tmp_fu_374_p2                      |    and   |      0|  0|    1|           1|           1|
    |underflow_fu_796_p2                |    and   |      0|  0|    1|           1|           1|
    |tmp_19_fu_428_p2                   |   ashr   |      0|  0|  160|          54|          54|
    |tmp_5_fu_257_p2                    |   ashr   |      0|  0|  160|          54|          54|
    |QUAN_INC_fu_154_p2                 |   icmp   |      0|  0|    5|          12|           1|
    |Range1_all_zeros_1_fu_498_p2       |   icmp   |      0|  0|   19|          54|           1|
    |Range2_all_ones_fu_480_p2          |   icmp   |      0|  0|   19|          54|          54|
    |tmp_11_fu_281_p2                   |   icmp   |      0|  0|    5|          12|           6|
    |tmp_16_fu_200_p2                   |   icmp   |      0|  0|    5|          12|           4|
    |tmp_17_fu_404_p2                   |   icmp   |      0|  0|    5|          12|           6|
    |tmp_21_fu_458_p2                   |   icmp   |      0|  0|    5|          12|           6|
    |tmp_24_fu_486_p2                   |   icmp   |      0|  0|   19|          54|           1|
    |tmp_25_fu_492_p2                   |   icmp   |      0|  0|    5|          12|           6|
    |tmp_2_fu_174_p2                    |   icmp   |      0|  0|    4|          11|          11|
    |tmp_4_fu_180_p2                    |   icmp   |      0|  0|    5|          12|           6|
    |tmp_7_fu_248_p2                    |   icmp   |      0|  0|    5|          12|           4|
    |tmp_8_fu_142_p2                    |   icmp   |      0|  0|   22|          63|           1|
    |tmp_i_54_fu_96_p2                  |   icmp   |      0|  0|   18|          52|           1|
    |tmp_i_fu_90_p2                     |   icmp   |      0|  0|    4|          11|           2|
    |Range2_V_1_fu_468_p2               |   lshr   |      0|  0|  160|          54|          54|
    |r_V_fu_474_p2                      |   lshr   |      0|  0|  160|           2|          54|
    |brmerge123_i_fu_679_p2             |    or    |      0|  0|    1|           1|           1|
    |brmerge_fu_816_p2                  |    or    |      0|  0|    1|           1|           1|
    |brmerge_i_fu_768_p2                |    or    |      0|  0|    1|           1|           1|
    |brmerge_i_i_fu_801_p2              |    or    |      0|  0|    1|           1|           1|
    |deleted_ones_0_i_fu_728_p2         |    or    |      0|  0|    1|           1|           1|
    |not_sel_tmp_fu_368_p2              |    or    |      0|  0|    1|           1|           1|
    |p_119_i_fu_629_p2                  |    or    |      0|  0|    1|           1|           1|
    |p_120_i_fu_698_p2                  |    or    |      0|  0|    1|           1|           1|
    |sel_tmp10_fu_510_p2                |    or    |      0|  0|    1|           1|           1|
    |sel_tmp12_demorgan_fu_358_p2       |    or    |      0|  0|    1|           1|           1|
    |sel_tmp60_demorgan_fu_230_p2       |    or    |      0|  0|    1|           1|           1|
    |sel_tmp62_demorgan_fu_847_p2       |    or    |      0|  0|    1|           1|           1|
    |tmp9_fu_811_p2                     |    or    |      0|  0|    1|           1|           1|
    |tmp_27_fu_224_p2                   |    or    |      0|  0|    1|           1|           1|
    |tmp_30_fu_835_p2                   |    or    |      0|  0|    1|           1|           1|
    |F2_2_fu_166_p3                     |  select  |      0|  0|   12|           1|          12|
    |Range1_all_ones_2_i_fu_638_p3      |  select  |      0|  0|    1|           1|           1|
    |Range1_all_zeros_2_i_fu_653_p3     |  select  |      0|  0|    1|           1|           1|
    |Range2_all_ones_1_i_fu_603_p3      |  select  |      0|  0|    1|           1|           1|
    |ap_return                          |  select  |      0|  0|   10|           1|          10|
    |deleted_ones_fu_704_p3             |  select  |      0|  0|    1|           1|           1|
    |deleted_zeros_fu_661_p3            |  select  |      0|  0|    1|           1|           1|
    |p_Val2_16_mux_fu_821_p3            |  select  |      0|  0|   10|           1|           9|
    |p_Val2_3_fu_274_p3                 |  select  |      0|  0|   10|           1|          10|
    |p_Val2_5_fu_577_p3                 |  select  |      0|  0|   10|           1|          10|
    |p_Val2_s_56_fu_828_p3              |  select  |      0|  0|   11|           1|           1|
    |p_Val2_s_fu_236_p3                 |  select  |      0|  0|   54|           1|          54|
    |p_s_fu_267_p3                      |  select  |      0|  0|    2|           1|           2|
    |qb_fu_303_p3                       |  select  |      0|  0|    1|           1|           1|
    |sel_tmp12_fu_633_p3                |  select  |      0|  0|    1|           1|           1|
    |sel_tmp13_fu_646_p3                |  select  |      0|  0|    1|           1|           1|
    |sel_tmp19_fu_840_p3                |  select  |      0|  0|   10|           1|          10|
    |sel_tmp20_fu_851_p3                |  select  |      0|  0|   10|           1|          10|
    |sel_tmp4_fu_544_p3                 |  select  |      0|  0|   10|           1|          10|
    |sel_tmp9_fu_560_p3                 |  select  |      0|  0|   10|           1|          10|
    |sel_tmp_fu_538_p3                  |  select  |      0|  0|   10|           1|          10|
    |sign_assign_fu_749_p3              |  select  |      0|  0|    1|           1|           1|
    |tmp_3_fu_528_p2                    |    shl   |      0|  0|   47|          19|          19|
    |Range1_all_zeros_fu_619_p2         |    xor   |      0|  0|    2|           1|           2|
    |Range2_all_ones_1_not_i_fu_673_p2  |    xor   |      0|  0|    2|           1|           2|
    |brmerge121_i_fu_791_p2             |    xor   |      0|  0|    2|           1|           2|
    |carry_1_not_i_fu_668_p2            |    xor   |      0|  0|    2|           1|           2|
    |deleted_zeros_not_fu_757_p2        |    xor   |      0|  0|    2|           1|           2|
    |rev5_fu_593_p2                     |    xor   |      0|  0|    2|           1|           2|
    |rev_fu_418_p2                      |    xor   |      0|  0|    2|           1|           2|
    |sel_tmp14_fu_723_p2                |    xor   |      0|  0|    2|           1|           2|
    |sel_tmp17_fu_212_p2                |    xor   |      0|  0|    2|           1|           2|
    |sel_tmp1_fu_342_p2                 |    xor   |      0|  0|    2|           1|           2|
    |sel_tmp21_fu_858_p2                |    xor   |      0|  0|    2|           1|           2|
    |sel_tmp5_fu_567_p2                 |    xor   |      0|  0|    2|           1|           2|
    |sel_tmp7_fu_550_p2                 |    xor   |      0|  0|    2|           1|           2|
    |sign_assign_not_fu_806_p2          |    xor   |      0|  0|    2|           1|           2|
    |tmp_14_fu_336_p2                   |    xor   |      0|  0|    2|           1|           2|
    |tmp_24_not_fu_504_p2               |    xor   |      0|  0|    2|           1|           2|
    |tmp_26_fu_717_p2                   |    xor   |      0|  0|    2|           1|           2|
    |tmp_28_fu_774_p2                   |    xor   |      0|  0|    2|           1|           2|
    |tmp_7_not_fu_362_p2                |    xor   |      0|  0|    2|           1|           2|
    +-----------------------------------+----------+-------+---+-----+------------+------------+
    |Total                              |          |      0|  0| 1226|         706|         728|
    +-----------------------------------+----------+-------+---+-----+------------+------------+

    * Multiplexer: 
    N/A

    * Register: 
    +--------------------------------------+----+----+-----+-----------+
    |                 Name                 | FF | LUT| Bits| Const Bits|
    +--------------------------------------+----+----+-----+-----------+
    |F2_2_reg_916                          |  12|   0|   12|          0|
    |F2_reg_902                            |  12|   0|   12|          0|
    |QUAN_INC_reg_910                      |   1|   0|    1|          0|
    |Range1_all_ones_1_reg_1016            |   1|   0|    1|          0|
    |Range1_all_zeros_1_reg_1044           |   1|   0|    1|          0|
    |Range2_all_ones_reg_1034              |   1|   0|    1|          0|
    |ap_reg_ppstg_F2_2_reg_916_pp0_iter1   |  12|   0|   12|          0|
    |ap_reg_ppstg_isneg_reg_882_pp0_iter1  |   1|   0|    1|          0|
    |ap_reg_ppstg_tmp_2_reg_923_pp0_iter1  |   1|   0|    1|          0|
    |brmerge121_demorgan_i_reg_1074        |   1|   0|    1|          0|
    |carry_1_i_reg_990                     |   1|   0|    1|          0|
    |isneg_reg_882                         |   1|   0|    1|          0|
    |man_V_1_reg_897                       |  54|   0|   54|          0|
    |overflow_reg_1068                     |   1|   0|    1|          0|
    |p_Result_s_reg_892                    |  52|   0|   54|          2|
    |p_Val2_4_reg_969                      |  10|   0|   10|          0|
    |p_Val2_5_reg_1055                     |  10|   0|   10|          0|
    |pos1_reg_997                          |  12|   0|   12|          0|
    |rev_reg_1009                          |   1|   0|    1|          0|
    |sel_tmp11_reg_1049                    |   1|   0|    1|          0|
    |sel_tmp12_demorgan_reg_985            |   1|   0|    1|          0|
    |sel_tmp2_reg_975                      |   1|   0|    1|          0|
    |sel_tmp3_reg_980                      |   1|   0|    1|          0|
    |sel_tmp60_demorgan_reg_947            |   1|   0|    1|          0|
    |sign_assign_reg_1062                  |   1|   0|    1|          0|
    |tmp_16_reg_935                        |   1|   0|    1|          0|
    |tmp_17_reg_1002                       |   1|   0|    1|          0|
    |tmp_20_reg_953                        |  10|   0|   10|          0|
    |tmp_21_reg_1028                       |   1|   0|    1|          0|
    |tmp_24_reg_1039                       |   1|   0|    1|          0|
    |tmp_27_reg_941                        |   1|   0|    1|          0|
    |tmp_2_reg_923                         |   1|   0|    1|          0|
    |tmp_34_reg_964                        |   1|   0|    1|          0|
    |tmp_39_reg_1023                       |   1|   0|    1|          0|
    |tmp_4_reg_930                         |   1|   0|    1|          0|
    |tmp_7_reg_959                         |   1|   0|    1|          0|
    |sel_tmp60_demorgan_reg_947            |   0|   1|    1|          0|
    |tmp_16_reg_935                        |   0|   1|    1|          0|
    |tmp_27_reg_941                        |   0|   1|    1|          0|
    +--------------------------------------+----+----+-----+-----------+
    |Total                                 | 211|   3|  216|          2|
    +--------------------------------------+----+----+-----+-----------+



================================================================
== Interface
================================================================
* Summary: 
+-----------+-----+-----+------------+-------------------------+--------------+
| RTL Ports | Dir | Bits|  Protocol  |      Source Object      |    C Type    |
+-----------+-----+-----+------------+-------------------------+--------------+
|ap_clk     |  in |    1| ap_ctrl_hs | pynq_filters_operator() | return value |
|ap_rst     |  in |    1| ap_ctrl_hs | pynq_filters_operator() | return value |
|ap_return  | out |   10| ap_ctrl_hs | pynq_filters_operator() | return value |
|ap_ce      |  in |    1| ap_ctrl_hs | pynq_filters_operator() | return value |
|v          |  in |   64|   ap_none  |            v            |    scalar    |
+-----------+-----+-----+------------+-------------------------+--------------+

