

================================================================
== Vivado HLS Report for 'pynq_filters_convertToSigned'
================================================================
* Date:           Thu Nov 28 03:42:35 2019

* Version:        2016.2 (Build 1577090 on Thu Jun 02 16:59:10 MDT 2016)
* Project:        sharpen
* Solution:       solution1
* Product family: zynq
* Target device:  xc7z020clg400-1


================================================================
== Performance Estimates
================================================================
+ Timing (ns): 
    * Summary: 
    +--------+-------+----------+------------+
    |  Clock | Target| Estimated| Uncertainty|
    +--------+-------+----------+------------+
    |ap_clk  |  10.00|      8.75|        1.25|
    +--------+-------+----------+------------+

+ Latency (clock cycles): 
    * Summary: 
    +--------+--------+--------+--------+---------+
    |     Latency     |     Interval    | Pipeline|
    |   min  |   max  |   min  |   max  |   Type  |
    +--------+--------+--------+--------+---------+
    |  308641|  308641|  308641|  308641|   none  |
    +--------+--------+--------+--------+---------+

    + Detail: 
        * Instance: 
        N/A

        * Loop: 
        +----------+--------+--------+----------+-----------+-----------+------+----------+
        |          |     Latency     | Iteration|  Initiation Interval  | Trip |          |
        | Loop Name|   min  |   max  |  Latency |  achieved |   target  | Count| Pipelined|
        +----------+--------+--------+----------+-----------+-----------+------+----------+
        |- L_row   |  308640|  308640|       643|          -|          -|   480|    no    |
        | + L_col  |     640|     640|         2|          1|          1|   640|    yes   |
        +----------+--------+--------+----------+-----------+-----------+------+----------+

============================================================
+ Verbose Summary: Synthesis Manager
============================================================
InlineROM: 1
ExposeGlobal: 0
============================================================
+ Verbose Summary: CDFG Model
============================================================
IsTopModel: 0
ResetActiveHigh: 1
IsCombinational: 2
IsDatapathOnly: 0
HasWiredReturn: 1
HasMFsm: 0
HasVarLatency: 1
IsPipeline: 0
IsRtlPipelined: 0
IsInstanceOverlapped: 0
IsDontTouch: 0
HasImplIP: 0
IsGatedGlobalClock: 0

+ Individual pipeline summary: 
  * Pipeline-0: initiation interval (II) = 1, depth = 2


============================================================
+ Verbose Summary: Schedule
============================================================
* Number of FSM states: 5
* Pipeline: 1
  Pipeline-0: II = 1, D = 2, States = { 3 4 }
* Dataflow Pipeline: 0

* FSM state transitions: 
1 --> 
	2  / true
2 --> 
	3  / (!exitcond9)
3 --> 
	5  / (exitcond)
	4  / (!exitcond)
4 --> 
	3  / true
5 --> 
	2  / true
* FSM state operations: 

 <State 1>: 1.57ns
ST_1: stg_6 [1/1] 0.00ns
:0  call void (...)* @_ssdm_op_SpecInterface(i10* %img_out_data_stream_V_V, [8 x i8]* @ap_fifo_str, i32 0, i32 0, i32 0, i32 0, [1 x i8]* @p_str, [1 x i8]* @p_str, [1 x i8]* @p_str, i32 2, i32 2, i32 16, i32 16, [1 x i8]* @p_str)

ST_1: stg_7 [1/1] 0.00ns
:1  call void (...)* @_ssdm_op_SpecInterface(i8* %img_in0_data_stream_V, [8 x i8]* @ap_fifo_str, i32 0, i32 0, i32 0, i32 0, [1 x i8]* @p_str, [1 x i8]* @p_str, [1 x i8]* @p_str, i32 2, i32 2, i32 16, i32 16, [1 x i8]* @p_str)

ST_1: stg_8 [1/1] 1.57ns
:2  br label %1


 <State 2>: 3.40ns
ST_2: row [1/1] 0.00ns
:0  %row = phi i9 [ 0, %0 ], [ %row_3, %5 ]

ST_2: exitcond9 [1/1] 2.03ns
:1  %exitcond9 = icmp eq i9 %row, -32

ST_2: stg_11 [1/1] 0.00ns
:2  call void (...)* @_ssdm_op_SpecLoopTripCount(i64 480, i64 480, i64 480)

ST_2: row_3 [1/1] 1.84ns
:3  %row_3 = add i9 %row, 1

ST_2: stg_13 [1/1] 0.00ns
:4  br i1 %exitcond9, label %6, label %2

ST_2: stg_14 [1/1] 0.00ns
:0  call void (...)* @_ssdm_op_SpecLoopName([6 x i8]* @p_str1805) nounwind

ST_2: tmp_s [1/1] 0.00ns
:1  %tmp_s = call i32 (...)* @_ssdm_op_SpecRegionBegin([6 x i8]* @p_str1805)

ST_2: stg_16 [1/1] 1.57ns
:2  br label %3

ST_2: stg_17 [1/1] 0.00ns
:0  ret void


 <State 3>: 2.07ns
ST_3: col [1/1] 0.00ns
:0  %col = phi i10 [ 0, %2 ], [ %col_3, %4 ]

ST_3: exitcond [1/1] 2.07ns
:1  %exitcond = icmp eq i10 %col, -384

ST_3: stg_20 [1/1] 0.00ns
:2  call void (...)* @_ssdm_op_SpecLoopTripCount(i64 640, i64 640, i64 640)

ST_3: col_3 [1/1] 1.84ns
:3  %col_3 = add i10 %col, 1

ST_3: stg_22 [1/1] 0.00ns
:4  br i1 %exitcond, label %5, label %4


 <State 4>: 8.75ns
ST_4: stg_23 [1/1] 0.00ns
:0  call void (...)* @_ssdm_op_SpecLoopName([6 x i8]* @p_str1807) nounwind

ST_4: tmp_42 [1/1] 0.00ns
:1  %tmp_42 = call i32 (...)* @_ssdm_op_SpecRegionBegin([6 x i8]* @p_str1807)

ST_4: stg_25 [1/1] 0.00ns
:2  call void (...)* @_ssdm_op_SpecPipeline(i32 1, i32 1, i32 1, i32 0, [1 x i8]* @p_str1806) nounwind

ST_4: tmp_43 [1/1] 0.00ns
:3  %tmp_43 = call i32 (...)* @_ssdm_op_SpecRegionBegin([13 x i8]* @p_str1871)

ST_4: stg_27 [1/1] 0.00ns
:4  call void (...)* @_ssdm_op_SpecProtocol(i32 0, [1 x i8]* @p_str1806) nounwind

ST_4: tmp [1/1] 4.38ns
:5  %tmp = call i8 @_ssdm_op_Read.ap_fifo.volatile.i8P(i8* %img_in0_data_stream_V)

ST_4: empty [1/1] 0.00ns
:6  %empty = call i32 (...)* @_ssdm_op_SpecRegionEnd([13 x i8]* @p_str1871, i32 %tmp_43)

ST_4: tmp_V [1/1] 0.00ns
:7  %tmp_V = zext i8 %tmp to i10

ST_4: tmp_44 [1/1] 0.00ns
:8  %tmp_44 = call i32 (...)* @_ssdm_op_SpecRegionBegin([13 x i8]* @p_str1869)

ST_4: stg_32 [1/1] 0.00ns
:9  call void (...)* @_ssdm_op_SpecProtocol(i32 0, [1 x i8]* @p_str1806) nounwind

ST_4: stg_33 [1/1] 4.38ns
:10  call void @_ssdm_op_Write.ap_fifo.volatile.i10P(i10* %img_out_data_stream_V_V, i10 %tmp_V)

ST_4: empty_64 [1/1] 0.00ns
:11  %empty_64 = call i32 (...)* @_ssdm_op_SpecRegionEnd([13 x i8]* @p_str1869, i32 %tmp_44)

ST_4: empty_65 [1/1] 0.00ns
:12  %empty_65 = call i32 (...)* @_ssdm_op_SpecRegionEnd([6 x i8]* @p_str1807, i32 %tmp_42)

ST_4: stg_36 [1/1] 0.00ns
:13  br label %3


 <State 5>: 0.00ns
ST_5: empty_66 [1/1] 0.00ns
:0  %empty_66 = call i32 (...)* @_ssdm_op_SpecRegionEnd([6 x i8]* @p_str1805, i32 %tmp_s)

ST_5: stg_38 [1/1] 0.00ns
:1  br label %1



============================================================
+ Verbose Summary: Timing violations
============================================================
Target clock period: 10ns, clock uncertainty: 1.25ns.

 No timing violations. 


============================================================
+ Verbose Summary: Binding
============================================================
N/A
* FSMD analyzer results:
  - Output states:
 - Input state : 
  - Chain level:
	State 1
	State 2
	State 3
	State 4
	State 5


============================================================
+ Verbose Summary: Datapath Resource usage 
============================================================
N/A
