

================================================================
== Vivado HLS Report for 'pynq_filters_Block_proc208'
================================================================
* Date:           Thu Nov 28 03:42:58 2019

* Version:        2016.2 (Build 1577090 on Thu Jun 02 16:59:10 MDT 2016)
* Project:        sharpen
* Solution:       solution1
* Product family: zynq
* Target device:  xc7z020clg400-1


================================================================
== Performance Estimates
================================================================
+ Timing (ns): 
    * Summary: 
    +--------+-------+----------+------------+
    |  Clock | Target| Estimated| Uncertainty|
    +--------+-------+----------+------------+
    |ap_clk  |  10.00|      8.62|        1.25|
    +--------+-------+----------+------------+

+ Latency (clock cycles): 
    * Summary: 
    +-----+-----+-----+-----+---------+
    |  Latency  |  Interval | Pipeline|
    | min | max | min | max |   Type  |
    +-----+-----+-----+-----+---------+
    |   38|   38|   38|   38|   none  |
    +-----+-----+-----+-----+---------+

    + Detail: 
        * Instance: 
        N/A

        * Loop: 
        N/A



================================================================
== Utilization Estimates
================================================================
* Summary: 
+-----------------+---------+-------+--------+-------+
|       Name      | BRAM_18K| DSP48E|   FF   |  LUT  |
+-----------------+---------+-------+--------+-------+
|DSP              |        -|      -|       -|      -|
|Expression       |        -|      -|       0|      1|
|FIFO             |        -|      -|       -|      -|
|Instance         |        -|      0|    3623|   4303|
|Memory           |        -|      -|       -|      -|
|Multiplexer      |        -|      -|       -|     74|
|Register         |        -|      -|     200|      -|
+-----------------+---------+-------+--------+-------+
|Total            |        0|      0|    3823|   4378|
+-----------------+---------+-------+--------+-------+
|Available        |      280|    220|  106400|  53200|
+-----------------+---------+-------+--------+-------+
|Utilization (%)  |        0|      0|       3|      8|
+-----------------+---------+-------+--------+-------+

+ Detail: 
    * Instance: 
    +----------------------------------------+-----------------------------------+---------+-------+------+------+
    |                Instance                |               Module              | BRAM_18K| DSP48E|  FF  |  LUT |
    +----------------------------------------+-----------------------------------+---------+-------+------+------+
    |pynq_filters_ddiv_64ns_64ns_64_31_U102  |pynq_filters_ddiv_64ns_64ns_64_31  |        0|      0|  3211|  3658|
    |pynq_filters_sitodp_32ns_64_6_U103      |pynq_filters_sitodp_32ns_64_6      |        0|      0|   412|   645|
    +----------------------------------------+-----------------------------------+---------+-------+------+------+
    |Total                                   |                                   |        0|      0|  3623|  4303|
    +----------------------------------------+-----------------------------------+---------+-------+------+------+

    * DSP48: 
    N/A

    * Memory: 
    N/A

    * FIFO: 
    N/A

    * Expression: 
    +--------------+----------+-------+---+----+------------+------------+
    | Variable Name| Operation| DSP48E| FF| LUT| Bitwidth P0| Bitwidth P1|
    +--------------+----------+-------+---+----+------------+------------+
    |ap_sig_91     |    or    |      0|  0|   1|           1|           1|
    +--------------+----------+-------+---+----+------------+------------+
    |Total         |          |      0|  0|   1|           1|           1|
    +--------------+----------+-------+---+----+------------+------------+

    * Multiplexer: 
    +---------------------+----+-----------+-----+-----------+
    |         Name        | LUT| Input Size| Bits| Total Bits|
    +---------------------+----+-----------+-----+-----------+
    |ap_NS_fsm            |  72|         40|    1|         40|
    |reduce_blk_n         |   1|          2|    1|          2|
    |tmp_1_out_out_blk_n  |   1|          2|    1|          2|
    +---------------------+----+-----------+-----+-----------+
    |Total                |  74|         44|    3|         44|
    +---------------------+----+-----------+-----+-----------+

    * Register: 
    +--------------------+----+----+-----+-----------+
    |        Name        | FF | LUT| Bits| Const Bits|
    +--------------------+----+----+-----+-----------+
    |ap_CS_fsm           |  39|   0|   39|          0|
    |ap_done_reg         |   1|   0|    1|          0|
    |reduce_read_reg_43  |  32|   0|   32|          0|
    |tmp_1_i_reg_53      |  64|   0|   64|          0|
    |tmp_i_reg_48        |  64|   0|   64|          0|
    +--------------------+----+----+-----+-----------+
    |Total               | 200|   0|  200|          0|
    +--------------------+----+----+-----+-----------+



================================================================
== Interface
================================================================
* Summary: 
+----------------------+-----+-----+------------+-----------------------------+--------------+
|       RTL Ports      | Dir | Bits|  Protocol  |        Source Object        |    C Type    |
+----------------------+-----+-----+------------+-----------------------------+--------------+
|ap_clk                |  in |    1| ap_ctrl_hs | pynq_filters_Block__proc208 | return value |
|ap_rst                |  in |    1| ap_ctrl_hs | pynq_filters_Block__proc208 | return value |
|ap_start              |  in |    1| ap_ctrl_hs | pynq_filters_Block__proc208 | return value |
|ap_done               | out |    1| ap_ctrl_hs | pynq_filters_Block__proc208 | return value |
|ap_continue           |  in |    1| ap_ctrl_hs | pynq_filters_Block__proc208 | return value |
|ap_idle               | out |    1| ap_ctrl_hs | pynq_filters_Block__proc208 | return value |
|ap_ready              | out |    1| ap_ctrl_hs | pynq_filters_Block__proc208 | return value |
|reduce_dout           |  in |   32|   ap_fifo  |            reduce           |    pointer   |
|reduce_empty_n        |  in |    1|   ap_fifo  |            reduce           |    pointer   |
|reduce_read           | out |    1|   ap_fifo  |            reduce           |    pointer   |
|tmp_1_out_out_din     | out |   64|   ap_fifo  |        tmp_1_out_out        |    pointer   |
|tmp_1_out_out_full_n  |  in |    1|   ap_fifo  |        tmp_1_out_out        |    pointer   |
|tmp_1_out_out_write   | out |    1|   ap_fifo  |        tmp_1_out_out        |    pointer   |
+----------------------+-----+-----+------------+-----------------------------+--------------+

============================================================
+ Verbose Summary: Synthesis Manager
============================================================
InlineROM: 1
ExposeGlobal: 0
============================================================
+ Verbose Summary: CDFG Model
============================================================
IsTopModel: 0
ResetActiveHigh: 1
IsCombinational: 2
IsDatapathOnly: 0
HasWiredReturn: 1
HasMFsm: 0
HasVarLatency: 1
IsPipeline: 0
IsRtlPipelined: 0
IsInstanceOverlapped: 0
IsDontTouch: 0
HasImplIP: 0
IsGatedGlobalClock: 0


============================================================
+ Verbose Summary: Schedule
============================================================
* Number of FSM states: 39
* Pipeline: 0
* Dataflow Pipeline: 0

* FSM state transitions: 
1 --> 
	2  / true
2 --> 
	3  / true
3 --> 
	4  / true
4 --> 
	5  / true
5 --> 
	6  / true
6 --> 
	7  / true
7 --> 
	8  / true
8 --> 
	9  / true
9 --> 
	10  / true
10 --> 
	11  / true
11 --> 
	12  / true
12 --> 
	13  / true
13 --> 
	14  / true
14 --> 
	15  / true
15 --> 
	16  / true
16 --> 
	17  / true
17 --> 
	18  / true
18 --> 
	19  / true
19 --> 
	20  / true
20 --> 
	21  / true
21 --> 
	22  / true
22 --> 
	23  / true
23 --> 
	24  / true
24 --> 
	25  / true
25 --> 
	26  / true
26 --> 
	27  / true
27 --> 
	28  / true
28 --> 
	29  / true
29 --> 
	30  / true
30 --> 
	31  / true
31 --> 
	32  / true
32 --> 
	33  / true
33 --> 
	34  / true
34 --> 
	35  / true
35 --> 
	36  / true
36 --> 
	37  / true
37 --> 
	38  / true
38 --> 
	39  / true
39 --> 
* FSM state operations: 

 <State 1>: 4.38ns
ST_1: reduce_read [1/1] 4.38ns
entry:2  %reduce_read = call i32 @_ssdm_op_Read.ap_fifo.i32P(i32* %reduce)


 <State 2>: 6.28ns
ST_2: tmp_i [6/6] 6.28ns
entry:3  %tmp_i = sitofp i32 %reduce_read to double


 <State 3>: 6.28ns
ST_3: tmp_i [5/6] 6.28ns
entry:3  %tmp_i = sitofp i32 %reduce_read to double


 <State 4>: 6.28ns
ST_4: tmp_i [4/6] 6.28ns
entry:3  %tmp_i = sitofp i32 %reduce_read to double


 <State 5>: 6.28ns
ST_5: tmp_i [3/6] 6.28ns
entry:3  %tmp_i = sitofp i32 %reduce_read to double


 <State 6>: 6.28ns
ST_6: tmp_i [2/6] 6.28ns
entry:3  %tmp_i = sitofp i32 %reduce_read to double


 <State 7>: 6.28ns
ST_7: tmp_i [1/6] 6.28ns
entry:3  %tmp_i = sitofp i32 %reduce_read to double


 <State 8>: 8.62ns
ST_8: tmp_1_i [31/31] 8.62ns
entry:4  %tmp_1_i = fdiv double %tmp_i, 1.000000e+02


 <State 9>: 8.62ns
ST_9: tmp_1_i [30/31] 8.62ns
entry:4  %tmp_1_i = fdiv double %tmp_i, 1.000000e+02


 <State 10>: 8.62ns
ST_10: tmp_1_i [29/31] 8.62ns
entry:4  %tmp_1_i = fdiv double %tmp_i, 1.000000e+02


 <State 11>: 8.62ns
ST_11: tmp_1_i [28/31] 8.62ns
entry:4  %tmp_1_i = fdiv double %tmp_i, 1.000000e+02


 <State 12>: 8.62ns
ST_12: tmp_1_i [27/31] 8.62ns
entry:4  %tmp_1_i = fdiv double %tmp_i, 1.000000e+02


 <State 13>: 8.62ns
ST_13: tmp_1_i [26/31] 8.62ns
entry:4  %tmp_1_i = fdiv double %tmp_i, 1.000000e+02


 <State 14>: 8.62ns
ST_14: tmp_1_i [25/31] 8.62ns
entry:4  %tmp_1_i = fdiv double %tmp_i, 1.000000e+02


 <State 15>: 8.62ns
ST_15: tmp_1_i [24/31] 8.62ns
entry:4  %tmp_1_i = fdiv double %tmp_i, 1.000000e+02


 <State 16>: 8.62ns
ST_16: tmp_1_i [23/31] 8.62ns
entry:4  %tmp_1_i = fdiv double %tmp_i, 1.000000e+02


 <State 17>: 8.62ns
ST_17: tmp_1_i [22/31] 8.62ns
entry:4  %tmp_1_i = fdiv double %tmp_i, 1.000000e+02


 <State 18>: 8.62ns
ST_18: tmp_1_i [21/31] 8.62ns
entry:4  %tmp_1_i = fdiv double %tmp_i, 1.000000e+02


 <State 19>: 8.62ns
ST_19: tmp_1_i [20/31] 8.62ns
entry:4  %tmp_1_i = fdiv double %tmp_i, 1.000000e+02


 <State 20>: 8.62ns
ST_20: tmp_1_i [19/31] 8.62ns
entry:4  %tmp_1_i = fdiv double %tmp_i, 1.000000e+02


 <State 21>: 8.62ns
ST_21: tmp_1_i [18/31] 8.62ns
entry:4  %tmp_1_i = fdiv double %tmp_i, 1.000000e+02


 <State 22>: 8.62ns
ST_22: tmp_1_i [17/31] 8.62ns
entry:4  %tmp_1_i = fdiv double %tmp_i, 1.000000e+02


 <State 23>: 8.62ns
ST_23: tmp_1_i [16/31] 8.62ns
entry:4  %tmp_1_i = fdiv double %tmp_i, 1.000000e+02


 <State 24>: 8.62ns
ST_24: tmp_1_i [15/31] 8.62ns
entry:4  %tmp_1_i = fdiv double %tmp_i, 1.000000e+02


 <State 25>: 8.62ns
ST_25: tmp_1_i [14/31] 8.62ns
entry:4  %tmp_1_i = fdiv double %tmp_i, 1.000000e+02


 <State 26>: 8.62ns
ST_26: tmp_1_i [13/31] 8.62ns
entry:4  %tmp_1_i = fdiv double %tmp_i, 1.000000e+02


 <State 27>: 8.62ns
ST_27: tmp_1_i [12/31] 8.62ns
entry:4  %tmp_1_i = fdiv double %tmp_i, 1.000000e+02


 <State 28>: 8.62ns
ST_28: tmp_1_i [11/31] 8.62ns
entry:4  %tmp_1_i = fdiv double %tmp_i, 1.000000e+02


 <State 29>: 8.62ns
ST_29: tmp_1_i [10/31] 8.62ns
entry:4  %tmp_1_i = fdiv double %tmp_i, 1.000000e+02


 <State 30>: 8.62ns
ST_30: tmp_1_i [9/31] 8.62ns
entry:4  %tmp_1_i = fdiv double %tmp_i, 1.000000e+02


 <State 31>: 8.62ns
ST_31: tmp_1_i [8/31] 8.62ns
entry:4  %tmp_1_i = fdiv double %tmp_i, 1.000000e+02


 <State 32>: 8.62ns
ST_32: tmp_1_i [7/31] 8.62ns
entry:4  %tmp_1_i = fdiv double %tmp_i, 1.000000e+02


 <State 33>: 8.62ns
ST_33: tmp_1_i [6/31] 8.62ns
entry:4  %tmp_1_i = fdiv double %tmp_i, 1.000000e+02


 <State 34>: 8.62ns
ST_34: tmp_1_i [5/31] 8.62ns
entry:4  %tmp_1_i = fdiv double %tmp_i, 1.000000e+02


 <State 35>: 8.62ns
ST_35: tmp_1_i [4/31] 8.62ns
entry:4  %tmp_1_i = fdiv double %tmp_i, 1.000000e+02


 <State 36>: 8.62ns
ST_36: tmp_1_i [3/31] 8.62ns
entry:4  %tmp_1_i = fdiv double %tmp_i, 1.000000e+02


 <State 37>: 8.62ns
ST_37: tmp_1_i [2/31] 8.62ns
entry:4  %tmp_1_i = fdiv double %tmp_i, 1.000000e+02


 <State 38>: 8.62ns
ST_38: tmp_1_i [1/31] 8.62ns
entry:4  %tmp_1_i = fdiv double %tmp_i, 1.000000e+02


 <State 39>: 4.38ns
ST_39: stg_78 [1/1] 0.00ns
entry:0  call void (...)* @_ssdm_op_SpecInterface(double* %tmp_1_out_out, [8 x i8]* @ap_fifo_str, i32 0, i32 0, i32 0, i32 0, [1 x i8]* @p_str, [1 x i8]* @p_str, [1 x i8]* @p_str, i32 2, i32 2, i32 16, i32 16, [1 x i8]* @p_str)

ST_39: stg_79 [1/1] 0.00ns
entry:1  call void (...)* @_ssdm_op_SpecInterface(i32* %reduce, [8 x i8]* @ap_fifo_str, i32 0, i32 0, i32 0, i32 0, [1 x i8]* @p_str, [1 x i8]* @p_str, [1 x i8]* @p_str, i32 2, i32 2, i32 16, i32 16, [1 x i8]* @p_str)

ST_39: stg_80 [1/1] 4.38ns
entry:5  call void @_ssdm_op_Write.ap_fifo.doubleP(double* %tmp_1_out_out, double %tmp_1_i)

ST_39: stg_81 [1/1] 0.00ns
entry:6  ret void



============================================================
+ Verbose Summary: Binding
============================================================
STG Binding: 
---------------- STG Properties BEGIN ----------------
- Is combinational: 0
- Is one-state seq: 0
- Is datapath-only: 0
- Is clock enabled: 0
- Is pipelined: 0
- Is top level: 0
Port [ Return ] is wired: 1; IO mode=ap_ctrl_hs:ce=0
Port [ reduce]:  wired=1; compound=1; hidden=0; nouse=0; global=0; static=0; extern=0; dir=0; type=3; pingpong=0; private_global=0; IO mode=ap_fifo:ce=0
Port [ tmp_1_out_out]:  wired=1; compound=1; hidden=0; nouse=0; global=0; static=0; extern=0; dir=1; type=3; pingpong=0; private_global=0; IO mode=ap_fifo:ce=0
---------------- STG Properties END ------------------

---------------- Datapath Model BEGIN ----------------

<LifeTime>
<method=bitvector/>
reduce_read (read         ) [ 0011111100000000000000000000000000000000]
tmp_i       (sitodp       ) [ 0000000011111111111111111111111111111110]
tmp_1_i     (ddiv         ) [ 0000000000000000000000000000000000000001]
stg_78      (specinterface) [ 0000000000000000000000000000000000000000]
stg_79      (specinterface) [ 0000000000000000000000000000000000000000]
stg_80      (write        ) [ 0000000000000000000000000000000000000000]
stg_81      (ret          ) [ 0000000000000000000000000000000000000000]
</LifeTime>

<model>

<comp_list>
<comp id="0" class="1000" name="reduce">
<pin_list>
<pin id="1" dir="1" index="0" bw="1" slack="0"/>
</pin_list>
<bind>
<StgValue><ssdm name="reduce"/></StgValue>
</bind>
</comp>

<comp id="2" class="1000" name="tmp_1_out_out">
<pin_list>
<pin id="3" dir="1" index="0" bw="1" slack="0"/>
</pin_list>
<bind>
<StgValue><ssdm name="tmp_1_out_out"/></StgValue>
</bind>
</comp>

<comp id="4" class="1001" name="const_4">
<pin_list>
<pin id="5" dir="1" index="0" bw="1" slack="0"/>
</pin_list>
<bind>
<StgValue><ssdm name="_ssdm_op_Read.ap_fifo.i32P"/></StgValue>
</bind>
</comp>

<comp id="6" class="1001" name="const_6">
<pin_list>
<pin id="7" dir="1" index="0" bw="1" slack="0"/>
</pin_list>
<bind>
<StgValue><ssdm name=""/></StgValue>
</bind>
</comp>

<comp id="8" class="1001" name="const_8">
<pin_list>
<pin id="9" dir="1" index="0" bw="1" slack="2147483647"/>
</pin_list>
<bind>
<StgValue><ssdm name="_ssdm_op_SpecInterface"/></StgValue>
</bind>
</comp>

<comp id="10" class="1001" name="const_10">
<pin_list>
<pin id="11" dir="1" index="0" bw="1" slack="2147483647"/>
</pin_list>
<bind>
<StgValue><ssdm name="ap_fifo_str"/></StgValue>
</bind>
</comp>

<comp id="12" class="1001" name="const_12">
<pin_list>
<pin id="13" dir="1" index="0" bw="1" slack="2147483647"/>
</pin_list>
<bind>
<StgValue><ssdm name=""/></StgValue>
</bind>
</comp>

<comp id="14" class="1001" name="const_14">
<pin_list>
<pin id="15" dir="1" index="0" bw="1" slack="2147483647"/>
</pin_list>
<bind>
<StgValue><ssdm name="p_str"/></StgValue>
</bind>
</comp>

<comp id="16" class="1001" name="const_16">
<pin_list>
<pin id="17" dir="1" index="0" bw="1" slack="2147483647"/>
</pin_list>
<bind>
<StgValue><ssdm name=""/></StgValue>
</bind>
</comp>

<comp id="18" class="1001" name="const_18">
<pin_list>
<pin id="19" dir="1" index="0" bw="1" slack="2147483647"/>
</pin_list>
<bind>
<StgValue><ssdm name=""/></StgValue>
</bind>
</comp>

<comp id="20" class="1001" name="const_20">
<pin_list>
<pin id="21" dir="1" index="0" bw="1" slack="0"/>
</pin_list>
<bind>
<StgValue><ssdm name="_ssdm_op_Write.ap_fifo.doubleP"/></StgValue>
</bind>
</comp>

<comp id="22" class="1004" name="reduce_read_read_fu_22">
<pin_list>
<pin id="23" dir="0" index="0" bw="32" slack="0"/>
<pin id="24" dir="0" index="1" bw="32" slack="0"/>
<pin id="25" dir="1" index="2" bw="32" slack="1"/>
</pin_list>
<bind>
<opcode="read(1150) " fcode="read"/>
<opset="reduce_read/1 "/>
</bind>
</comp>

<comp id="28" class="1004" name="stg_80_write_fu_28">
<pin_list>
<pin id="29" dir="0" index="0" bw="0" slack="0"/>
<pin id="30" dir="0" index="1" bw="64" slack="0"/>
<pin id="31" dir="0" index="2" bw="64" slack="1"/>
<pin id="32" dir="1" index="3" bw="0" slack="2147483647"/>
</pin_list>
<bind>
<opcode="write(1151) " fcode="write"/>
<opset="stg_80/39 "/>
</bind>
</comp>

<comp id="35" class="1004" name="grp_fu_35">
<pin_list>
<pin id="36" dir="0" index="0" bw="64" slack="1"/>
<pin id="37" dir="0" index="1" bw="64" slack="0"/>
<pin id="38" dir="1" index="2" bw="64" slack="1"/>
</pin_list>
<bind>
<opcode="ddiv(511) " fcode="ddiv"/>
<opset="tmp_1_i/8 "/>
</bind>
</comp>

<comp id="40" class="1004" name="grp_fu_40">
<pin_list>
<pin id="41" dir="0" index="0" bw="32" slack="1"/>
<pin id="42" dir="1" index="1" bw="64" slack="1"/>
</pin_list>
<bind>
<opcode="sitodp(517) " fcode="sitodp"/>
<opset="tmp_i/2 "/>
</bind>
</comp>

<comp id="43" class="1005" name="reduce_read_reg_43">
<pin_list>
<pin id="44" dir="0" index="0" bw="32" slack="1"/>
<pin id="45" dir="1" index="1" bw="32" slack="1"/>
</pin_list>
<bind>
<opset="reduce_read "/>
</bind>
</comp>

<comp id="48" class="1005" name="tmp_i_reg_48">
<pin_list>
<pin id="49" dir="0" index="0" bw="64" slack="1"/>
<pin id="50" dir="1" index="1" bw="64" slack="1"/>
</pin_list>
<bind>
<opset="tmp_i "/>
</bind>
</comp>

<comp id="53" class="1005" name="tmp_1_i_reg_53">
<pin_list>
<pin id="54" dir="0" index="0" bw="64" slack="1"/>
<pin id="55" dir="1" index="1" bw="64" slack="1"/>
</pin_list>
<bind>
<opset="tmp_1_i "/>
</bind>
</comp>

</comp_list>

<net_list>
<net id="26"><net_src comp="4" pin="0"/><net_sink comp="22" pin=0"/></net>

<net id="27"><net_src comp="0" pin="0"/><net_sink comp="22" pin=1"/></net>

<net id="33"><net_src comp="20" pin="0"/><net_sink comp="28" pin=0"/></net>

<net id="34"><net_src comp="2" pin="0"/><net_sink comp="28" pin=1"/></net>

<net id="39"><net_src comp="6" pin="0"/><net_sink comp="35" pin=1"/></net>

<net id="46"><net_src comp="22" pin="2"/><net_sink comp="43" pin=0"/></net>

<net id="47"><net_src comp="43" pin="1"/><net_sink comp="40" pin=0"/></net>

<net id="51"><net_src comp="40" pin="1"/><net_sink comp="48" pin=0"/></net>

<net id="52"><net_src comp="48" pin="1"/><net_sink comp="35" pin=0"/></net>

<net id="56"><net_src comp="35" pin="2"/><net_sink comp="53" pin=0"/></net>

<net id="57"><net_src comp="53" pin="1"/><net_sink comp="28" pin=2"/></net>

</net_list>

</model> 
---------------- Datapath Model END ------------------

* FSMD analyzer results:
  - Output states:
	Port: tmp_1_out_out | {39 }
 - Input state : 
	Port: pynq_filters_Block__proc208 : reduce | {1 }
  - Chain level:
	State 1
	State 2
	State 3
	State 4
	State 5
	State 6
	State 7
	State 8
	State 9
	State 10
	State 11
	State 12
	State 13
	State 14
	State 15
	State 16
	State 17
	State 18
	State 19
	State 20
	State 21
	State 22
	State 23
	State 24
	State 25
	State 26
	State 27
	State 28
	State 29
	State 30
	State 31
	State 32
	State 33
	State 34
	State 35
	State 36
	State 37
	State 38
	State 39


============================================================
+ Verbose Summary: Datapath Resource usage 
============================================================

* Functional unit list:
|----------|------------------------|---------|---------|---------|
| Operation|     Functional Unit    |  DSP48E |    FF   |   LUT   |
|----------|------------------------|---------|---------|---------|
|   ddiv   |        grp_fu_35       |    0    |   3211  |   3658  |
|----------|------------------------|---------|---------|---------|
|  sitodp  |        grp_fu_40       |    0    |   412   |   645   |
|----------|------------------------|---------|---------|---------|
|   read   | reduce_read_read_fu_22 |    0    |    0    |    0    |
|----------|------------------------|---------|---------|---------|
|   write  |   stg_80_write_fu_28   |    0    |    0    |    0    |
|----------|------------------------|---------|---------|---------|
|   Total  |                        |    0    |   3623  |   4303  |
|----------|------------------------|---------|---------|---------|

Memories:
N/A

* Register list:
+------------------+--------+
|                  |   FF   |
+------------------+--------+
|reduce_read_reg_43|   32   |
|  tmp_1_i_reg_53  |   64   |
|   tmp_i_reg_48   |   64   |
+------------------+--------+
|       Total      |   160  |
+------------------+--------+

* Multiplexer (MUX) list: 
|--------|------|------|------|--------|
|  Comp  |  Pin | Size |  BW  | S x BW |
|--------|------|------|------|--------|
|  Total |      |      |      |    0   |
|--------|------|------|------|--------|



* Summary:
+-----------+--------+--------+--------+
|           | DSP48E |   FF   |   LUT  |
+-----------+--------+--------+--------+
|  Function |    0   |  3623  |  4303  |
|   Memory  |    -   |    -   |    -   |
|Multiplexer|    -   |    -   |    -   |
|  Register |    -   |   160  |    -   |
+-----------+--------+--------+--------+
|   Total   |    0   |  3783  |  4303  |
+-----------+--------+--------+--------+
