

================================================================
== Vivado HLS Report for 'pynq_filters_laplacian'
================================================================
* Date:           Thu Nov 28 03:42:57 2019

* Version:        2016.2 (Build 1577090 on Thu Jun 02 16:59:10 MDT 2016)
* Project:        sharpen
* Solution:       solution1
* Product family: zynq
* Target device:  xc7z020clg400-1


================================================================
== Performance Estimates
================================================================
+ Timing (ns): 
    * Summary: 
    +--------+-------+----------+------------+
    |  Clock | Target| Estimated| Uncertainty|
    +--------+-------+----------+------------+
    |ap_clk  |  10.00|      9.40|        1.25|
    +--------+-------+----------+------------+

+ Latency (clock cycles): 
    * Summary: 
    +--------+--------+--------+--------+---------+
    |     Latency     |     Interval    | Pipeline|
    |   min  |   max  |   min  |   max  |   Type  |
    +--------+--------+--------+--------+---------+
    |  313810|  313810|  313810|  313810|   none  |
    +--------+--------+--------+--------+---------+

    + Detail: 
        * Instance: 
        +----------------------------------+-----------------------+--------+--------+--------+--------+---------+
        |                                  |                       |     Latency     |     Interval    | Pipeline|
        |             Instance             |         Module        |   min  |   max  |   min  |   max  |   Type  |
        +----------------------------------+-----------------------+--------+--------+--------+--------+---------+
        |grp_pynq_filters_Filter2D_fu_108  |pynq_filters_Filter2D  |  313784|  313784|  313784|  313784|   none  |
        +----------------------------------+-----------------------+--------+--------+--------+--------+---------+

        * Loop: 
        +-------------+-----+-----+----------+-----------+-----------+------+----------+
        |             |  Latency  | Iteration|  Initiation Interval  | Trip |          |
        |  Loop Name  | min | max |  Latency |  achieved |   target  | Count| Pipelined|
        +-------------+-----+-----+----------+-----------+-----------+------+----------+
        |- Loop 1     |   24|   24|         8|          -|          -|     3|    no    |
        | + Loop 1.1  |    6|    6|         2|          -|          -|     3|    no    |
        +-------------+-----+-----+----------+-----------+-----------+------+----------+



================================================================
== Utilization Estimates
================================================================
* Summary: 
+-----------------+---------+-------+--------+-------+
|       Name      | BRAM_18K| DSP48E|   FF   |  LUT  |
+-----------------+---------+-------+--------+-------+
|DSP              |        -|      -|       -|      -|
|Expression       |        -|      -|       0|    296|
|FIFO             |        -|      -|       -|      -|
|Instance         |        3|      9|     646|    537|
|Memory           |        0|      -|      11|      2|
|Multiplexer      |        -|      -|       -|      7|
|Register         |        -|      -|     132|      -|
+-----------------+---------+-------+--------+-------+
|Total            |        3|      9|     789|    842|
+-----------------+---------+-------+--------+-------+
|Available        |      280|    220|  106400|  53200|
+-----------------+---------+-------+--------+-------+
|Utilization (%)  |        1|      4|   ~0   |      1|
+-----------------+---------+-------+--------+-------+

+ Detail: 
    * Instance: 
    +----------------------------------+-----------------------+---------+-------+-----+-----+
    |             Instance             |         Module        | BRAM_18K| DSP48E|  FF | LUT |
    +----------------------------------+-----------------------+---------+-------+-----+-----+
    |grp_pynq_filters_Filter2D_fu_108  |pynq_filters_Filter2D  |        3|      9|  646|  537|
    +----------------------------------+-----------------------+---------+-------+-----+-----+
    |Total                             |                       |        3|      9|  646|  537|
    +----------------------------------+-----------------------+---------+-------+-----+-----+

    * DSP48: 
    N/A

    * Memory: 
    +----------+-------------------------------+---------+----+----+------+-----+------+-------------+
    |  Memory  |             Module            | BRAM_18K| FF | LUT| Words| Bits| Banks| W*Bits*Banks|
    +----------+-------------------------------+---------+----+----+------+-----+------+-------------+
    |coef_v_U  |pynq_filters_laplacian_coef_v  |        0|  11|   2|     9|   11|     1|           99|
    +----------+-------------------------------+---------+----+----+------+-----+------+-------------+
    |Total     |                               |        0|  11|   2|     9|   11|     1|           99|
    +----------+-------------------------------+---------+----+----+------+-----+------+-------------+

    * FIFO: 
    N/A

    * Expression: 
    +---------------------------+----------+-------+---+----+------------+------------+
    |       Variable Name       | Operation| DSP48E| FF| LUT| Bitwidth P0| Bitwidth P1|
    +---------------------------+----------+-------+---+----+------------+------------+
    |c_1_fu_231_p2              |     +    |      0|  0|   2|           2|           1|
    |r_1_fu_167_p2              |     +    |      0|  0|   2|           2|           1|
    |tmp_32_fu_241_p2           |     +    |      0|  0|   5|           5|           5|
    |tmp_31_fu_189_p2           |     -    |      0|  0|   5|           5|           5|
    |sel_tmp11_fu_219_p2        |    and   |      0|  0|   1|           1|           1|
    |sel_tmp12_fu_311_p2        |    and   |      0|  0|   1|           1|           1|
    |sel_tmp14_fu_322_p2        |    and   |      0|  0|   1|           1|           1|
    |sel_tmp15_fu_327_p2        |    and   |      0|  0|   1|           1|           1|
    |sel_tmp1_fu_296_p2         |    and   |      0|  0|   1|           1|           1|
    |sel_tmp4_fu_301_p2         |    and   |      0|  0|   1|           1|           1|
    |sel_tmp6_fu_285_p2         |    and   |      0|  0|   1|           1|           1|
    |sel_tmp7_fu_306_p2         |    and   |      0|  0|   1|           1|           1|
    |tmp1_fu_279_p2             |    and   |      0|  0|   1|           1|           1|
    |exitcond1_fu_161_p2        |   icmp   |      0|  0|   1|           2|           2|
    |exitcond_fu_225_p2         |   icmp   |      0|  0|   1|           2|           2|
    |sel_tmp10_fu_213_p2        |   icmp   |      0|  0|   1|           2|           1|
    |sel_tmp13_fu_316_p2        |   icmp   |      0|  0|   1|           2|           1|
    |sel_tmp2_fu_201_p2         |   icmp   |      0|  0|   1|           2|           1|
    |sel_tmp3_fu_267_p2         |   icmp   |      0|  0|   1|           2|           1|
    |sel_tmp5_fu_273_p2         |   icmp   |      0|  0|   1|           2|           1|
    |sel_tmp8_fu_207_p2         |   icmp   |      0|  0|   1|           2|           1|
    |sel_tmp9_fu_290_p2         |   icmp   |      0|  0|   1|           2|           1|
    |sel_tmp_fu_195_p2          |   icmp   |      0|  0|   1|           2|           1|
    |tmp_5_fu_257_p2            |   icmp   |      0|  0|   1|           2|           1|
    |ap_sig_129                 |    or    |      0|  0|   1|           1|           1|
    |or_cond1_fu_338_p2         |    or    |      0|  0|   1|           1|           1|
    |or_cond2_fu_343_p2         |    or    |      0|  0|   1|           1|           1|
    |or_cond3_fu_349_p2         |    or    |      0|  0|   1|           1|           1|
    |or_cond4_fu_355_p2         |    or    |      0|  0|   1|           1|           1|
    |or_cond5_fu_361_p2         |    or    |      0|  0|   1|           1|           1|
    |or_cond6_fu_367_p2         |    or    |      0|  0|   1|           1|           1|
    |or_cond_fu_332_p2          |    or    |      0|  0|   1|           1|           1|
    |tmp_4_fu_251_p2            |    or    |      0|  0|   2|           2|           2|
    |Sv_val_2_V_2_20_fu_452_p3  |  select  |      0|  0|  12|           1|          12|
    |Sv_val_2_V_2_21_fu_460_p3  |  select  |      0|  0|  12|           1|          12|
    |Sv_val_2_V_2_22_fu_492_p3  |  select  |      0|  0|  12|           1|          12|
    |Sv_val_2_V_2_23_fu_516_p3  |  select  |      0|  0|  12|           1|          12|
    |Sv_val_2_V_2_24_fu_531_p3  |  select  |      0|  0|  12|           1|          12|
    |Sv_val_2_V_2_2_fu_396_p3   |  select  |      0|  0|  12|           1|          12|
    |Sv_val_2_V_2_4_fu_404_p3   |  select  |      0|  0|  12|           1|          12|
    |Sv_val_2_V_2_6_fu_428_p3   |  select  |      0|  0|  12|           1|          12|
    |Sv_val_2_V_2_8_fu_444_p3   |  select  |      0|  0|  12|           1|          12|
    |Sv_val_2_V_2_fu_373_p3     |  select  |      0|  0|  12|           1|          12|
    |newSel10_fu_524_p3         |  select  |      0|  0|  12|           1|          12|
    |newSel1_fu_388_p3          |  select  |      0|  0|  12|           1|          12|
    |newSel2_fu_484_p3          |  select  |      0|  0|  12|           1|          12|
    |newSel3_fu_412_p3          |  select  |      0|  0|  12|           1|          12|
    |newSel4_fu_420_p3          |  select  |      0|  0|  12|           1|          12|
    |newSel5_fu_500_p3          |  select  |      0|  0|  12|           1|          12|
    |newSel6_fu_436_p3          |  select  |      0|  0|  12|           1|          12|
    |newSel7_fu_508_p3          |  select  |      0|  0|  12|           1|          12|
    |newSel8_fu_468_p3          |  select  |      0|  0|  12|           1|          12|
    |newSel9_fu_476_p3          |  select  |      0|  0|  12|           1|          12|
    |newSel_fu_381_p3           |  select  |      0|  0|  12|           1|          12|
    +---------------------------+----------+-------+---+----+------------+------------+
    |Total                      |          |      0|  0| 296|          76|         296|
    +---------------------------+----------+-------+---+----+------------+------------+

    * Multiplexer: 
    +-------------------------------+----+-----------+-----+-----------+
    |              Name             | LUT| Input Size| Bits| Total Bits|
    +-------------------------------+----+-----------+-----+-----------+
    |ap_NS_fsm                      |   1|          6|    1|          6|
    |c_reg_96                       |   2|          2|    2|          4|
    |img_in_data_stream_V_V_read    |   1|          2|    1|          2|
    |img_out_data_stream_V_V_write  |   1|          2|    1|          2|
    |r_reg_84                       |   2|          2|    2|          4|
    +-------------------------------+----+-----------+-----+-----------+
    |Total                          |   7|         14|    7|         18|
    +-------------------------------+----+-----------+-----+-----------+

    * Register: 
    +--------------------------------------------------+----+----+-----+-----------+
    |                       Name                       | FF | LUT| Bits| Const Bits|
    +--------------------------------------------------+----+----+-----+-----------+
    |Sv_val_2_V_2_13_fu_56                             |  12|   0|   12|          0|
    |Sv_val_2_V_2_14_fu_60                             |  12|   0|   12|          0|
    |Sv_val_2_V_2_15_fu_64                             |  12|   0|   12|          0|
    |Sv_val_2_V_2_16_fu_68                             |  12|   0|   12|          0|
    |Sv_val_2_V_2_1_fu_36                              |  12|   0|   12|          0|
    |Sv_val_2_V_2_3_fu_40                              |  12|   0|   12|          0|
    |Sv_val_2_V_2_5_fu_44                              |  12|   0|   12|          0|
    |Sv_val_2_V_2_7_fu_48                              |  12|   0|   12|          0|
    |Sv_val_2_V_2_9_fu_52                              |  12|   0|   12|          0|
    |ap_CS_fsm                                         |   5|   0|    5|          0|
    |ap_done_reg                                       |   1|   0|    1|          0|
    |ap_reg_grp_pynq_filters_Filter2D_fu_108_ap_start  |   1|   0|    1|          0|
    |c_1_reg_718                                       |   2|   0|    2|          0|
    |c_reg_96                                          |   2|   0|    2|          0|
    |r_1_reg_641                                       |   2|   0|    2|          0|
    |r_reg_84                                          |   2|   0|    2|          0|
    |sel_tmp11_reg_664                                 |   1|   0|    1|          0|
    |sel_tmp2_reg_657                                  |   1|   0|    1|          0|
    |sel_tmp_reg_651                                   |   1|   0|    1|          0|
    |tmp_31_reg_646                                    |   5|   0|    5|          0|
    |tmp_5_reg_728                                     |   1|   0|    1|          0|
    +--------------------------------------------------+----+----+-----+-----------+
    |Total                                             | 132|   0|  132|          0|
    +--------------------------------------------------+----+----+-----+-----------+



================================================================
== Interface
================================================================
* Summary: 
+--------------------------------+-----+-----+------------+-------------------------+--------------+
|            RTL Ports           | Dir | Bits|  Protocol  |      Source Object      |    C Type    |
+--------------------------------+-----+-----+------------+-------------------------+--------------+
|ap_clk                          |  in |    1| ap_ctrl_hs |  pynq_filters_laplacian | return value |
|ap_rst                          |  in |    1| ap_ctrl_hs |  pynq_filters_laplacian | return value |
|ap_start                        |  in |    1| ap_ctrl_hs |  pynq_filters_laplacian | return value |
|ap_done                         | out |    1| ap_ctrl_hs |  pynq_filters_laplacian | return value |
|ap_continue                     |  in |    1| ap_ctrl_hs |  pynq_filters_laplacian | return value |
|ap_idle                         | out |    1| ap_ctrl_hs |  pynq_filters_laplacian | return value |
|ap_ready                        | out |    1| ap_ctrl_hs |  pynq_filters_laplacian | return value |
|img_in_data_stream_V_V_dout     |  in |   10|   ap_fifo  |  img_in_data_stream_V_V |    pointer   |
|img_in_data_stream_V_V_empty_n  |  in |    1|   ap_fifo  |  img_in_data_stream_V_V |    pointer   |
|img_in_data_stream_V_V_read     | out |    1|   ap_fifo  |  img_in_data_stream_V_V |    pointer   |
|img_out_data_stream_V_V_din     | out |   10|   ap_fifo  | img_out_data_stream_V_V |    pointer   |
|img_out_data_stream_V_V_full_n  |  in |    1|   ap_fifo  | img_out_data_stream_V_V |    pointer   |
|img_out_data_stream_V_V_write   | out |    1|   ap_fifo  | img_out_data_stream_V_V |    pointer   |
+--------------------------------+-----+-----+------------+-------------------------+--------------+

