

================================================================
== Vivado HLS Report for 'pynq_filters_CvtColor_1'
================================================================
* Date:           Thu Nov 28 03:42:53 2019

* Version:        2016.2 (Build 1577090 on Thu Jun 02 16:59:10 MDT 2016)
* Project:        sharpen
* Solution:       solution1
* Product family: zynq
* Target device:  xc7z020clg400-1


================================================================
== Performance Estimates
================================================================
+ Timing (ns): 
    * Summary: 
    +--------+-------+----------+------------+
    |  Clock | Target| Estimated| Uncertainty|
    +--------+-------+----------+------------+
    |ap_clk  |  10.00|      9.40|        1.25|
    +--------+-------+----------+------------+

+ Latency (clock cycles): 
    * Summary: 
    +--------+--------+--------+--------+---------+
    |     Latency     |     Interval    | Pipeline|
    |   min  |   max  |   min  |   max  |   Type  |
    +--------+--------+--------+--------+---------+
    |  310081|  310081|  310081|  310081|   none  |
    +--------+--------+--------+--------+---------+

    + Detail: 
        * Instance: 
        N/A

        * Loop: 
        +---------------+--------+--------+----------+-----------+-----------+------+----------+
        |               |     Latency     | Iteration|  Initiation Interval  | Trip |          |
        |   Loop Name   |   min  |   max  |  Latency |  achieved |   target  | Count| Pipelined|
        +---------------+--------+--------+----------+-----------+-----------+------+----------+
        |- loop_height  |  310080|  310080|       646|          -|          -|   480|    no    |
        | + loop_width  |     643|     643|         5|          1|          1|   640|    yes   |
        +---------------+--------+--------+----------+-----------+-----------+------+----------+



================================================================
== Utilization Estimates
================================================================
* Summary: 
+-----------------+---------+-------+--------+-------+
|       Name      | BRAM_18K| DSP48E|   FF   |  LUT  |
+-----------------+---------+-------+--------+-------+
|DSP              |        -|      3|       -|      -|
|Expression       |        -|      -|       0|     48|
|FIFO             |        -|      -|       -|      -|
|Instance         |        -|      -|       -|      -|
|Memory           |        -|      -|       -|      -|
|Multiplexer      |        -|      -|       -|     25|
|Register         |        -|      -|     147|      1|
+-----------------+---------+-------+--------+-------+
|Total            |        0|      3|     147|     74|
+-----------------+---------+-------+--------+-------+
|Available        |      280|    220|  106400|  53200|
+-----------------+---------+-------+--------+-------+
|Utilization (%)  |        0|      1|   ~0   |   ~0  |
+-----------------+---------+-------+--------+-------+

+ Detail: 
    * Instance: 
    N/A

    * DSP48: 
    +------------------------------------------------+--------------------------------------------+--------------+
    |                    Instance                    |                   Module                   |  Expression  |
    +------------------------------------------------+--------------------------------------------+--------------+
    |pynq_filters_mac_muladd_8ns_20ns_29ns_29_1_U31  |pynq_filters_mac_muladd_8ns_20ns_29ns_29_1  | i0 + i1 * i2 |
    |pynq_filters_mac_muladd_8ns_23ns_29ns_30_1_U32  |pynq_filters_mac_muladd_8ns_23ns_29ns_30_1  | i0 * i1 + i2 |
    |pynq_filters_mul_mul_8ns_22ns_29_1_U33          |pynq_filters_mul_mul_8ns_22ns_29_1          |    i0 * i1   |
    +------------------------------------------------+--------------------------------------------+--------------+

    * Memory: 
    N/A

    * FIFO: 
    N/A

    * Expression: 
    +--------------------------------+----------+-------+---+----+------------+------------+
    |          Variable Name         | Operation| DSP48E| FF| LUT| Bitwidth P0| Bitwidth P1|
    +--------------------------------+----------+-------+---+----+------------+------------+
    |i_1_fu_143_p2                   |     +    |      0|  0|   9|           9|           1|
    |j_1_fu_155_p2                   |     +    |      0|  0|  10|          10|           1|
    |p_Val2_24_fu_199_p2             |     +    |      0|  0|   8|           8|           8|
    |ap_sig_100                      |    and   |      0|  0|   1|           1|           1|
    |exitcond2_fu_137_p2             |   icmp   |      0|  0|   3|           9|           7|
    |exitcond_fu_149_p2              |   icmp   |      0|  0|   4|          10|          10|
    |ap_sig_150                      |    or    |      0|  0|   1|           1|           1|
    |ap_sig_96                       |    or    |      0|  0|   1|           1|           1|
    |not_carry_fu_218_p2             |    or    |      0|  0|   1|           1|           1|
    |p_dst_data_stream_V_din         |  select  |      0|  0|   8|           1|           8|
    |p_Result_2_i_i_i_not_fu_212_p2  |    xor   |      0|  0|   2|           1|           2|
    +--------------------------------+----------+-------+---+----+------------+------------+
    |Total                           |          |      0|  0|  48|          52|          41|
    +--------------------------------+----------+-------+---+----+------------+------------+

    * Multiplexer: 
    +-----------------------------+----+-----------+-----+-----------+
    |             Name            | LUT| Input Size| Bits| Total Bits|
    +-----------------------------+----+-----------+-----+-----------+
    |ap_NS_fsm                    |   1|          5|    1|          5|
    |ap_reg_ppiten_pp0_it4        |   1|          2|    1|          2|
    |i_reg_115                    |   9|          2|    9|         18|
    |j_reg_126                    |  10|          2|   10|         20|
    |p_dst_data_stream_V_blk_n    |   1|          2|    1|          2|
    |p_src_data_stream_0_V_blk_n  |   1|          2|    1|          2|
    |p_src_data_stream_1_V_blk_n  |   1|          2|    1|          2|
    |p_src_data_stream_2_V_blk_n  |   1|          2|    1|          2|
    +-----------------------------+----+-----------+-----+-----------+
    |Total                        |  25|         19|   25|         53|
    +-----------------------------+----+-----------+-----+-----------+

    * Register: 
    +----------------------------------------+----+----+-----+-----------+
    |                  Name                  | FF | LUT| Bits| Const Bits|
    +----------------------------------------+----+----+-----+-----------+
    |ap_CS_fsm                               |   4|   0|    4|          0|
    |ap_done_reg                             |   1|   0|    1|          0|
    |ap_reg_ppiten_pp0_it0                   |   1|   0|    1|          0|
    |ap_reg_ppiten_pp0_it1                   |   1|   0|    1|          0|
    |ap_reg_ppiten_pp0_it2                   |   1|   0|    1|          0|
    |ap_reg_ppiten_pp0_it3                   |   1|   0|    1|          0|
    |ap_reg_ppiten_pp0_it4                   |   1|   0|    1|          0|
    |ap_reg_ppstg_tmp_133_reg_280_pp0_iter2  |   8|   0|    8|          0|
    |ap_reg_ppstg_tmp_134_reg_285_pp0_iter2  |   8|   0|    8|          0|
    |exitcond_reg_266                        |   1|   0|    1|          0|
    |i_1_reg_261                             |   9|   0|    9|          0|
    |i_reg_115                               |   9|   0|    9|          0|
    |j_reg_126                               |  10|   0|   10|          0|
    |p_Val2_23_reg_300                       |   8|   0|    8|          0|
    |r_V_1_reg_295                           |  30|   0|   30|          0|
    |r_V_i_reg_290                           |  29|   0|   29|          0|
    |tmp_128_reg_305                         |   1|   0|    1|          0|
    |tmp_132_reg_275                         |   8|   0|    8|          0|
    |tmp_133_reg_280                         |   8|   0|    8|          0|
    |tmp_134_reg_285                         |   8|   0|    8|          0|
    |exitcond_reg_266                        |   0|   1|    1|          0|
    +----------------------------------------+----+----+-----+-----------+
    |Total                                   | 147|   1|  148|          0|
    +----------------------------------------+----+----+-----+-----------+



================================================================
== Interface
================================================================
* Summary: 
+-------------------------------+-----+-----+------------+-------------------------+--------------+
|           RTL Ports           | Dir | Bits|  Protocol  |      Source Object      |    C Type    |
+-------------------------------+-----+-----+------------+-------------------------+--------------+
|ap_clk                         |  in |    1| ap_ctrl_hs | pynq_filters_CvtColor.1 | return value |
|ap_rst                         |  in |    1| ap_ctrl_hs | pynq_filters_CvtColor.1 | return value |
|ap_start                       |  in |    1| ap_ctrl_hs | pynq_filters_CvtColor.1 | return value |
|ap_done                        | out |    1| ap_ctrl_hs | pynq_filters_CvtColor.1 | return value |
|ap_continue                    |  in |    1| ap_ctrl_hs | pynq_filters_CvtColor.1 | return value |
|ap_idle                        | out |    1| ap_ctrl_hs | pynq_filters_CvtColor.1 | return value |
|ap_ready                       | out |    1| ap_ctrl_hs | pynq_filters_CvtColor.1 | return value |
|p_src_data_stream_0_V_dout     |  in |    8|   ap_fifo  |  p_src_data_stream_0_V  |    pointer   |
|p_src_data_stream_0_V_empty_n  |  in |    1|   ap_fifo  |  p_src_data_stream_0_V  |    pointer   |
|p_src_data_stream_0_V_read     | out |    1|   ap_fifo  |  p_src_data_stream_0_V  |    pointer   |
|p_src_data_stream_1_V_dout     |  in |    8|   ap_fifo  |  p_src_data_stream_1_V  |    pointer   |
|p_src_data_stream_1_V_empty_n  |  in |    1|   ap_fifo  |  p_src_data_stream_1_V  |    pointer   |
|p_src_data_stream_1_V_read     | out |    1|   ap_fifo  |  p_src_data_stream_1_V  |    pointer   |
|p_src_data_stream_2_V_dout     |  in |    8|   ap_fifo  |  p_src_data_stream_2_V  |    pointer   |
|p_src_data_stream_2_V_empty_n  |  in |    1|   ap_fifo  |  p_src_data_stream_2_V  |    pointer   |
|p_src_data_stream_2_V_read     | out |    1|   ap_fifo  |  p_src_data_stream_2_V  |    pointer   |
|p_dst_data_stream_V_din        | out |    8|   ap_fifo  |   p_dst_data_stream_V   |    pointer   |
|p_dst_data_stream_V_full_n     |  in |    1|   ap_fifo  |   p_dst_data_stream_V   |    pointer   |
|p_dst_data_stream_V_write      | out |    1|   ap_fifo  |   p_dst_data_stream_V   |    pointer   |
+-------------------------------+-----+-----+------------+-------------------------+--------------+

