

================================================================
== Vivado HLS Report for 'pynq_filters_AXIvideo2Mat'
================================================================
* Date:           Thu Nov 28 03:42:51 2019

* Version:        2016.2 (Build 1577090 on Thu Jun 02 16:59:10 MDT 2016)
* Project:        sharpen
* Solution:       solution1
* Product family: zynq
* Target device:  xc7z020clg400-1


================================================================
== Performance Estimates
================================================================
+ Timing (ns): 
    * Summary: 
    +--------+-------+----------+------------+
    |  Clock | Target| Estimated| Uncertainty|
    +--------+-------+----------+------------+
    |ap_clk  |  10.00|      8.75|        1.25|
    +--------+-------+----------+------------+

+ Latency (clock cycles): 
    * Summary: 
    +-----+--------+-----+--------+---------+
    |    Latency   |   Interval   | Pipeline|
    | min |   max  | min |   max  |   Type  |
    +-----+--------+-----+--------+---------+
    |    3|  310083|    3|  310083|   none  |
    +-----+--------+-----+--------+---------+

    + Detail: 
        * Instance: 
        N/A

        * Loop: 
        +-----------------------+-----+--------+----------+-----------+-----------+---------+----------+
        |                       |    Latency   | Iteration|  Initiation Interval  |   Trip  |          |
        |       Loop Name       | min |   max  |  Latency |  achieved |   target  |  Count  | Pipelined|
        +-----------------------+-----+--------+----------+-----------+-----------+---------+----------+
        |- loop_wait_for_start  |    0|       0|         1|          1|          1|        0|    yes   |
        |- loop_height          |    0|  310080|  6 ~ 646 |          -|          -| 0 ~ 480 |    no    |
        | + loop_width          |    1|     641|         2|          1|          1| 0 ~ 640 |    yes   |
        | + loop_wait_for_eol   |    1|       1|         2|          1|          1|        0|    yes   |
        +-----------------------+-----+--------+----------+-----------+-----------+---------+----------+



================================================================
== Utilization Estimates
================================================================
* Summary: 
+-----------------+---------+-------+--------+-------+
|       Name      | BRAM_18K| DSP48E|   FF   |  LUT  |
+-----------------+---------+-------+--------+-------+
|DSP              |        -|      -|       -|      -|
|Expression       |        -|      -|       0|     41|
|FIFO             |        -|      -|       -|      -|
|Instance         |        -|      -|       -|      -|
|Memory           |        -|      -|       -|      -|
|Multiplexer      |        -|      -|       -|    168|
|Register         |        -|      -|     232|      -|
+-----------------+---------+-------+--------+-------+
|Total            |        0|      0|     232|    209|
+-----------------+---------+-------+--------+-------+
|Available        |      280|    220|  106400|  53200|
+-----------------+---------+-------+--------+-------+
|Utilization (%)  |        0|      0|   ~0   |   ~0  |
+-----------------+---------+-------+--------+-------+

+ Detail: 
    * Instance: 
    N/A

    * DSP48: 
    N/A

    * Memory: 
    N/A

    * FIFO: 
    N/A

    * Expression: 
    +-----------------------------------+----------+-------+---+----+------------+------------+
    |           Variable Name           | Operation| DSP48E| FF| LUT| Bitwidth P0| Bitwidth P1|
    +-----------------------------------+----------+-------+---+----+------------+------------+
    |i_V_fu_353_p2                      |     +    |      0|  0|   9|           9|           1|
    |j_V_fu_368_p2                      |     +    |      0|  0|  10|          10|           1|
    |AXI_video_strm_V_data_V_0_vld_out  |    and   |      0|  0|   1|           1|           1|
    |ap_sig_342                         |    and   |      0|  0|   1|           1|           1|
    |ap_sig_382                         |    and   |      0|  0|   1|           1|           1|
    |ap_sig_399                         |    and   |      0|  0|   1|           1|           1|
    |exitcond8_i_fu_348_p2              |   icmp   |      0|  0|   4|          10|          10|
    |exitcond9_i_fu_363_p2              |   icmp   |      0|  0|   4|          11|          11|
    |AXI_video_strm_V_data_V_0_in_rdy   |    or    |      0|  0|   1|           1|           1|
    |AXI_video_strm_V_dest_V_0_in_rdy   |    or    |      0|  0|   1|           1|           1|
    |AXI_video_strm_V_id_V_0_in_rdy     |    or    |      0|  0|   1|           1|           1|
    |AXI_video_strm_V_keep_V_0_in_rdy   |    or    |      0|  0|   1|           1|           1|
    |AXI_video_strm_V_last_V_0_in_rdy   |    or    |      0|  0|   1|           1|           1|
    |AXI_video_strm_V_strb_V_0_in_rdy   |    or    |      0|  0|   1|           1|           1|
    |AXI_video_strm_V_user_V_0_in_rdy   |    or    |      0|  0|   1|           1|           1|
    |ap_sig_392                         |    or    |      0|  0|   1|           1|           1|
    |ap_sig_416                         |    or    |      0|  0|   1|           1|           1|
    |brmerge_i_fu_377_p2                |    or    |      0|  0|   1|           1|           1|
    +-----------------------------------+----------+-------+---+----+------------+------------+
    |Total                              |          |      0|  0|  41|          54|          37|
    +-----------------------------------+----------+-------+---+----+------------+------------+

    * Multiplexer: 
    +----------------------------------------------+----+-----------+-----+-----------+
    |                     Name                     | LUT| Input Size| Bits| Total Bits|
    +----------------------------------------------+----+-----------+-----+-----------+
    |AXI_video_strm_V_data_V_0_data_out            |  24|          2|   24|         48|
    |AXI_video_strm_V_data_V_0_has_vld_data_reg_i  |   1|          3|    1|          3|
    |AXI_video_strm_V_dest_V_0_has_vld_data_reg_i  |   1|          3|    1|          3|
    |AXI_video_strm_V_id_V_0_has_vld_data_reg_i    |   1|          3|    1|          3|
    |AXI_video_strm_V_keep_V_0_has_vld_data_reg_i  |   1|          3|    1|          3|
    |AXI_video_strm_V_last_V_0_data_out            |   1|          2|    1|          2|
    |AXI_video_strm_V_last_V_0_has_vld_data_reg_i  |   1|          3|    1|          3|
    |AXI_video_strm_V_strb_V_0_has_vld_data_reg_i  |   1|          3|    1|          3|
    |AXI_video_strm_V_user_V_0_data_out            |   1|          2|    1|          2|
    |AXI_video_strm_V_user_V_0_has_vld_data_reg_i  |   1|          3|    1|          3|
    |ap_NS_fsm                                     |   2|          8|    1|          8|
    |ap_reg_ppiten_pp1_it1                         |   1|          2|    1|          2|
    |ap_reg_ppiten_pp2_it1                         |   1|          2|    1|          2|
    |axi_data_V1_i_reg_187                         |  24|          2|   24|         48|
    |axi_data_V_1_i_reg_242                        |  24|          2|   24|         48|
    |axi_data_V_3_i_reg_301                        |  24|          2|   24|         48|
    |axi_last_V1_i_reg_177                         |   1|          2|    1|          2|
    |axi_last_V_2_i_phi_fu_258_p4                  |   1|          3|    1|          3|
    |axi_last_V_3_i_reg_289                        |   1|          2|    1|          2|
    |eol_2_i_phi_fu_281_p4                         |   1|          2|    1|          2|
    |eol_2_i_reg_278                               |   1|          2|    1|          2|
    |eol_i_phi_fu_223_p4                           |   1|          2|    1|          2|
    |eol_i_reg_219                                 |   1|          2|    1|          2|
    |eol_reg_231                                   |   1|          2|    1|          2|
    |img_cols_V_blk_n                              |   1|          2|    1|          2|
    |img_cols_V_out_blk_n                          |   1|          2|    1|          2|
    |img_data_stream_0_V_blk_n                     |   1|          2|    1|          2|
    |img_data_stream_1_V_blk_n                     |   1|          2|    1|          2|
    |img_data_stream_2_V_blk_n                     |   1|          2|    1|          2|
    |img_rows_V_blk_n                              |   1|          2|    1|          2|
    |img_rows_V_out_blk_n                          |   1|          2|    1|          2|
    |in_data_TDATA_blk_n                           |   1|          2|    1|          2|
    |p_7_i_reg_208                                 |  10|          2|   10|         20|
    |p_Val2_s_phi_fu_270_p4                        |  24|          3|   24|         72|
    |p_i_reg_197                                   |   9|          2|    9|         18|
    +----------------------------------------------+----+-----------+-----+-----------+
    |Total                                         | 168|         85|  167|        372|
    +----------------------------------------------+----+-----------+-----+-----------+

    * Register: 
    +--------------------------------------------+----+----+-----+-----------+
    |                    Name                    | FF | LUT| Bits| Const Bits|
    +--------------------------------------------+----+----+-----+-----------+
    |AXI_video_strm_V_data_V_0_areset_d          |   1|   0|    1|          0|
    |AXI_video_strm_V_data_V_0_data_reg          |  24|   0|   24|          0|
    |AXI_video_strm_V_data_V_0_has_vld_data_reg  |   1|   0|    1|          0|
    |AXI_video_strm_V_data_V_0_in_rdy            |   1|   0|    1|          0|
    |AXI_video_strm_V_dest_V_0_has_vld_data_reg  |   1|   0|    1|          0|
    |AXI_video_strm_V_dest_V_0_in_rdy            |   1|   0|    1|          0|
    |AXI_video_strm_V_id_V_0_has_vld_data_reg    |   1|   0|    1|          0|
    |AXI_video_strm_V_id_V_0_in_rdy              |   1|   0|    1|          0|
    |AXI_video_strm_V_keep_V_0_has_vld_data_reg  |   1|   0|    1|          0|
    |AXI_video_strm_V_keep_V_0_in_rdy            |   1|   0|    1|          0|
    |AXI_video_strm_V_last_V_0_data_reg          |   1|   0|    1|          0|
    |AXI_video_strm_V_last_V_0_has_vld_data_reg  |   1|   0|    1|          0|
    |AXI_video_strm_V_last_V_0_in_rdy            |   1|   0|    1|          0|
    |AXI_video_strm_V_strb_V_0_has_vld_data_reg  |   1|   0|    1|          0|
    |AXI_video_strm_V_strb_V_0_in_rdy            |   1|   0|    1|          0|
    |AXI_video_strm_V_user_V_0_data_reg          |   1|   0|    1|          0|
    |AXI_video_strm_V_user_V_0_has_vld_data_reg  |   1|   0|    1|          0|
    |AXI_video_strm_V_user_V_0_in_rdy            |   1|   0|    1|          0|
    |ap_CS_fsm                                   |   7|   0|    7|          0|
    |ap_done_reg                                 |   1|   0|    1|          0|
    |ap_reg_ppiten_pp1_it0                       |   1|   0|    1|          0|
    |ap_reg_ppiten_pp1_it1                       |   1|   0|    1|          0|
    |ap_reg_ppiten_pp2_it0                       |   1|   0|    1|          0|
    |ap_reg_ppiten_pp2_it1                       |   1|   0|    1|          0|
    |axi_data_V1_i_reg_187                       |  24|   0|   24|          0|
    |axi_data_V_1_i_reg_242                      |  24|   0|   24|          0|
    |axi_data_V_3_i_reg_301                      |  24|   0|   24|          0|
    |axi_last_V1_i_reg_177                       |   1|   0|    1|          0|
    |axi_last_V_3_i_reg_289                      |   1|   0|    1|          0|
    |brmerge_i_reg_463                           |   1|   0|    1|          0|
    |eol_2_i_reg_278                             |   1|   0|    1|          0|
    |eol_i_reg_219                               |   1|   0|    1|          0|
    |eol_reg_231                                 |   1|   0|    1|          0|
    |exitcond9_i_reg_454                         |   1|   0|    1|          0|
    |i_V_reg_449                                 |   9|   0|    9|          0|
    |img_cols_V_read_reg_420                     |  11|   0|   11|          0|
    |img_rows_V_read_reg_415                     |  10|   0|   10|          0|
    |p_7_i_reg_208                               |  10|   0|   10|          0|
    |p_i_reg_197                                 |   9|   0|    9|          0|
    |reg_313_0                                   |  24|   0|   24|          0|
    |reg_313_4                                   |   1|   0|    1|          0|
    |sof_1_i_fu_106                              |   1|   0|    1|          0|
    |tmp_data_V_reg_425                          |  24|   0|   24|          0|
    |tmp_last_V_reg_433                          |   1|   0|    1|          0|
    +--------------------------------------------+----+----+-----+-----------+
    |Total                                       | 232|   0|  232|          0|
    +--------------------------------------------+----+----+-----+-----------+



================================================================
== Interface
================================================================
* Summary: 
+----------------------------+-----+-----+------------+---------------------------+--------------+
|          RTL Ports         | Dir | Bits|  Protocol  |       Source Object       |    C Type    |
+----------------------------+-----+-----+------------+---------------------------+--------------+
|ap_clk                      |  in |    1| ap_ctrl_hs | pynq_filters_AXIvideo2Mat | return value |
|ap_rst                      |  in |    1| ap_ctrl_hs | pynq_filters_AXIvideo2Mat | return value |
|ap_start                    |  in |    1| ap_ctrl_hs | pynq_filters_AXIvideo2Mat | return value |
|ap_done                     | out |    1| ap_ctrl_hs | pynq_filters_AXIvideo2Mat | return value |
|ap_continue                 |  in |    1| ap_ctrl_hs | pynq_filters_AXIvideo2Mat | return value |
|ap_idle                     | out |    1| ap_ctrl_hs | pynq_filters_AXIvideo2Mat | return value |
|ap_ready                    | out |    1| ap_ctrl_hs | pynq_filters_AXIvideo2Mat | return value |
|in_data_TDATA               |  in |   24|    axis    |  AXI_video_strm_V_data_V  |    pointer   |
|in_data_TVALID              |  in |    1|    axis    |  AXI_video_strm_V_dest_V  |    pointer   |
|in_data_TREADY              | out |    1|    axis    |  AXI_video_strm_V_dest_V  |    pointer   |
|in_data_TDEST               |  in |    1|    axis    |  AXI_video_strm_V_dest_V  |    pointer   |
|in_data_TKEEP               |  in |    3|    axis    |  AXI_video_strm_V_keep_V  |    pointer   |
|in_data_TSTRB               |  in |    3|    axis    |  AXI_video_strm_V_strb_V  |    pointer   |
|in_data_TUSER               |  in |    1|    axis    |  AXI_video_strm_V_user_V  |    pointer   |
|in_data_TLAST               |  in |    1|    axis    |  AXI_video_strm_V_last_V  |    pointer   |
|in_data_TID                 |  in |    1|    axis    |   AXI_video_strm_V_id_V   |    pointer   |
|img_rows_V_dout             |  in |   10|   ap_fifo  |         img_rows_V        |    pointer   |
|img_rows_V_empty_n          |  in |    1|   ap_fifo  |         img_rows_V        |    pointer   |
|img_rows_V_read             | out |    1|   ap_fifo  |         img_rows_V        |    pointer   |
|img_cols_V_dout             |  in |   11|   ap_fifo  |         img_cols_V        |    pointer   |
|img_cols_V_empty_n          |  in |    1|   ap_fifo  |         img_cols_V        |    pointer   |
|img_cols_V_read             | out |    1|   ap_fifo  |         img_cols_V        |    pointer   |
|img_data_stream_0_V_din     | out |    8|   ap_fifo  |    img_data_stream_0_V    |    pointer   |
|img_data_stream_0_V_full_n  |  in |    1|   ap_fifo  |    img_data_stream_0_V    |    pointer   |
|img_data_stream_0_V_write   | out |    1|   ap_fifo  |    img_data_stream_0_V    |    pointer   |
|img_data_stream_1_V_din     | out |    8|   ap_fifo  |    img_data_stream_1_V    |    pointer   |
|img_data_stream_1_V_full_n  |  in |    1|   ap_fifo  |    img_data_stream_1_V    |    pointer   |
|img_data_stream_1_V_write   | out |    1|   ap_fifo  |    img_data_stream_1_V    |    pointer   |
|img_data_stream_2_V_din     | out |    8|   ap_fifo  |    img_data_stream_2_V    |    pointer   |
|img_data_stream_2_V_full_n  |  in |    1|   ap_fifo  |    img_data_stream_2_V    |    pointer   |
|img_data_stream_2_V_write   | out |    1|   ap_fifo  |    img_data_stream_2_V    |    pointer   |
|img_rows_V_out_din          | out |   10|   ap_fifo  |       img_rows_V_out      |    pointer   |
|img_rows_V_out_full_n       |  in |    1|   ap_fifo  |       img_rows_V_out      |    pointer   |
|img_rows_V_out_write        | out |    1|   ap_fifo  |       img_rows_V_out      |    pointer   |
|img_cols_V_out_din          | out |   11|   ap_fifo  |       img_cols_V_out      |    pointer   |
|img_cols_V_out_full_n       |  in |    1|   ap_fifo  |       img_cols_V_out      |    pointer   |
|img_cols_V_out_write        | out |    1|   ap_fifo  |       img_cols_V_out      |    pointer   |
+----------------------------+-----+-----+------------+---------------------------+--------------+

