

================================================================
== Vivado HLS Report for 'pynq_filters_Duplicate'
================================================================
* Date:           Thu Nov 28 03:42:52 2019

* Version:        2016.2 (Build 1577090 on Thu Jun 02 16:59:10 MDT 2016)
* Project:        sharpen
* Solution:       solution1
* Product family: zynq
* Target device:  xc7z020clg400-1


================================================================
== Performance Estimates
================================================================
+ Timing (ns): 
    * Summary: 
    +--------+-------+----------+------------+
    |  Clock | Target| Estimated| Uncertainty|
    +--------+-------+----------+------------+
    |ap_clk  |  10.00|      8.75|        1.25|
    +--------+-------+----------+------------+

+ Latency (clock cycles): 
    * Summary: 
    +-----+--------+-----+--------+---------+
    |    Latency   |   Interval   | Pipeline|
    | min |   max  | min |   max  |   Type  |
    +-----+--------+-----+--------+---------+
    |    1|  308641|    1|  308641|   none  |
    +-----+--------+-----+--------+---------+

    + Detail: 
        * Instance: 
        N/A

        * Loop: 
        +---------------+-----+--------+----------+-----------+-----------+---------+----------+
        |               |    Latency   | Iteration|  Initiation Interval  |   Trip  |          |
        |   Loop Name   | min |   max  |  Latency |  achieved |   target  |  Count  | Pipelined|
        +---------------+-----+--------+----------+-----------+-----------+---------+----------+
        |- loop_height  |    0|  308640|  3 ~ 643 |          -|          -| 0 ~ 480 |    no    |
        | + loop_width  |    0|     640|         2|          1|          1| 0 ~ 640 |    yes   |
        +---------------+-----+--------+----------+-----------+-----------+---------+----------+



================================================================
== Utilization Estimates
================================================================
* Summary: 
+-----------------+---------+-------+--------+-------+
|       Name      | BRAM_18K| DSP48E|   FF   |  LUT  |
+-----------------+---------+-------+--------+-------+
|DSP              |        -|      -|       -|      -|
|Expression       |        -|      -|       0|     29|
|FIFO             |        -|      -|       -|      -|
|Instance         |        -|      -|       -|      -|
|Memory           |        -|      -|       -|      -|
|Multiplexer      |        -|      -|       -|     31|
|Register         |        -|      -|      57|      -|
+-----------------+---------+-------+--------+-------+
|Total            |        0|      0|      57|     60|
+-----------------+---------+-------+--------+-------+
|Available        |      280|    220|  106400|  53200|
+-----------------+---------+-------+--------+-------+
|Utilization (%)  |        0|      0|   ~0   |   ~0  |
+-----------------+---------+-------+--------+-------+

+ Detail: 
    * Instance: 
    N/A

    * DSP48: 
    N/A

    * Memory: 
    N/A

    * FIFO: 
    N/A

    * Expression: 
    +-----------------------+----------+-------+---+----+------------+------------+
    |     Variable Name     | Operation| DSP48E| FF| LUT| Bitwidth P0| Bitwidth P1|
    +-----------------------+----------+-------+---+----+------------+------------+
    |i_V_fu_189_p2          |     +    |      0|  0|   9|           9|           1|
    |j_V_fu_204_p2          |     +    |      0|  0|  10|          10|           1|
    |exitcond7_i_fu_184_p2  |   icmp   |      0|  0|   4|          10|          10|
    |exitcond_i_fu_199_p2   |   icmp   |      0|  0|   4|          11|          11|
    |ap_sig_114             |    or    |      0|  0|   1|           1|           1|
    |ap_sig_157             |    or    |      0|  0|   1|           1|           1|
    +-----------------------+----------+-------+---+----+------------+------------+
    |Total                  |          |      0|  0|  29|          42|          25|
    +-----------------------+----------+-------+---+----+------------+------------+

    * Multiplexer: 
    +----------------------------+----+-----------+-----+-----------+
    |            Name            | LUT| Input Size| Bits| Total Bits|
    +----------------------------+----+-----------+-----+-----------+
    |ap_NS_fsm                   |   1|          5|    1|          5|
    |dst1_data_stream_0_V_blk_n  |   1|          2|    1|          2|
    |dst1_data_stream_1_V_blk_n  |   1|          2|    1|          2|
    |dst1_data_stream_2_V_blk_n  |   1|          2|    1|          2|
    |dst2_data_stream_0_V_blk_n  |   1|          2|    1|          2|
    |dst2_data_stream_1_V_blk_n  |   1|          2|    1|          2|
    |dst2_data_stream_2_V_blk_n  |   1|          2|    1|          2|
    |p_6_i_reg_169               |  10|          2|   10|         20|
    |p_i_reg_158                 |   9|          2|    9|         18|
    |src_cols_V_blk_n            |   1|          2|    1|          2|
    |src_data_stream_0_V_blk_n   |   1|          2|    1|          2|
    |src_data_stream_1_V_blk_n   |   1|          2|    1|          2|
    |src_data_stream_2_V_blk_n   |   1|          2|    1|          2|
    |src_rows_V_blk_n            |   1|          2|    1|          2|
    +----------------------------+----+-----------+-----+-----------+
    |Total                       |  31|         31|   31|         65|
    +----------------------------+----+-----------+-----+-----------+

    * Register: 
    +-------------------------+----+----+-----+-----------+
    |           Name          | FF | LUT| Bits| Const Bits|
    +-------------------------+----+----+-----+-----------+
    |ap_CS_fsm                |   4|   0|    4|          0|
    |ap_done_reg              |   1|   0|    1|          0|
    |ap_reg_ppiten_pp0_it0    |   1|   0|    1|          0|
    |ap_reg_ppiten_pp0_it1    |   1|   0|    1|          0|
    |exitcond_i_reg_229       |   1|   0|    1|          0|
    |i_V_reg_224              |   9|   0|    9|          0|
    |p_6_i_reg_169            |  10|   0|   10|          0|
    |p_i_reg_158              |   9|   0|    9|          0|
    |src_cols_V_read_reg_215  |  11|   0|   11|          0|
    |src_rows_V_read_reg_210  |  10|   0|   10|          0|
    +-------------------------+----+----+-----+-----------+
    |Total                    |  57|   0|   57|          0|
    +-------------------------+----+----+-----+-----------+



================================================================
== Interface
================================================================
* Summary: 
+-----------------------------+-----+-----+------------+------------------------+--------------+
|          RTL Ports          | Dir | Bits|  Protocol  |      Source Object     |    C Type    |
+-----------------------------+-----+-----+------------+------------------------+--------------+
|ap_clk                       |  in |    1| ap_ctrl_hs | pynq_filters_Duplicate | return value |
|ap_rst                       |  in |    1| ap_ctrl_hs | pynq_filters_Duplicate | return value |
|ap_start                     |  in |    1| ap_ctrl_hs | pynq_filters_Duplicate | return value |
|ap_done                      | out |    1| ap_ctrl_hs | pynq_filters_Duplicate | return value |
|ap_continue                  |  in |    1| ap_ctrl_hs | pynq_filters_Duplicate | return value |
|ap_idle                      | out |    1| ap_ctrl_hs | pynq_filters_Duplicate | return value |
|ap_ready                     | out |    1| ap_ctrl_hs | pynq_filters_Duplicate | return value |
|src_rows_V_dout              |  in |   10|   ap_fifo  |       src_rows_V       |    pointer   |
|src_rows_V_empty_n           |  in |    1|   ap_fifo  |       src_rows_V       |    pointer   |
|src_rows_V_read              | out |    1|   ap_fifo  |       src_rows_V       |    pointer   |
|src_cols_V_dout              |  in |   11|   ap_fifo  |       src_cols_V       |    pointer   |
|src_cols_V_empty_n           |  in |    1|   ap_fifo  |       src_cols_V       |    pointer   |
|src_cols_V_read              | out |    1|   ap_fifo  |       src_cols_V       |    pointer   |
|src_data_stream_0_V_dout     |  in |    8|   ap_fifo  |   src_data_stream_0_V  |    pointer   |
|src_data_stream_0_V_empty_n  |  in |    1|   ap_fifo  |   src_data_stream_0_V  |    pointer   |
|src_data_stream_0_V_read     | out |    1|   ap_fifo  |   src_data_stream_0_V  |    pointer   |
|src_data_stream_1_V_dout     |  in |    8|   ap_fifo  |   src_data_stream_1_V  |    pointer   |
|src_data_stream_1_V_empty_n  |  in |    1|   ap_fifo  |   src_data_stream_1_V  |    pointer   |
|src_data_stream_1_V_read     | out |    1|   ap_fifo  |   src_data_stream_1_V  |    pointer   |
|src_data_stream_2_V_dout     |  in |    8|   ap_fifo  |   src_data_stream_2_V  |    pointer   |
|src_data_stream_2_V_empty_n  |  in |    1|   ap_fifo  |   src_data_stream_2_V  |    pointer   |
|src_data_stream_2_V_read     | out |    1|   ap_fifo  |   src_data_stream_2_V  |    pointer   |
|dst1_data_stream_0_V_din     | out |    8|   ap_fifo  |  dst1_data_stream_0_V  |    pointer   |
|dst1_data_stream_0_V_full_n  |  in |    1|   ap_fifo  |  dst1_data_stream_0_V  |    pointer   |
|dst1_data_stream_0_V_write   | out |    1|   ap_fifo  |  dst1_data_stream_0_V  |    pointer   |
|dst1_data_stream_1_V_din     | out |    8|   ap_fifo  |  dst1_data_stream_1_V  |    pointer   |
|dst1_data_stream_1_V_full_n  |  in |    1|   ap_fifo  |  dst1_data_stream_1_V  |    pointer   |
|dst1_data_stream_1_V_write   | out |    1|   ap_fifo  |  dst1_data_stream_1_V  |    pointer   |
|dst1_data_stream_2_V_din     | out |    8|   ap_fifo  |  dst1_data_stream_2_V  |    pointer   |
|dst1_data_stream_2_V_full_n  |  in |    1|   ap_fifo  |  dst1_data_stream_2_V  |    pointer   |
|dst1_data_stream_2_V_write   | out |    1|   ap_fifo  |  dst1_data_stream_2_V  |    pointer   |
|dst2_data_stream_0_V_din     | out |    8|   ap_fifo  |  dst2_data_stream_0_V  |    pointer   |
|dst2_data_stream_0_V_full_n  |  in |    1|   ap_fifo  |  dst2_data_stream_0_V  |    pointer   |
|dst2_data_stream_0_V_write   | out |    1|   ap_fifo  |  dst2_data_stream_0_V  |    pointer   |
|dst2_data_stream_1_V_din     | out |    8|   ap_fifo  |  dst2_data_stream_1_V  |    pointer   |
|dst2_data_stream_1_V_full_n  |  in |    1|   ap_fifo  |  dst2_data_stream_1_V  |    pointer   |
|dst2_data_stream_1_V_write   | out |    1|   ap_fifo  |  dst2_data_stream_1_V  |    pointer   |
|dst2_data_stream_2_V_din     | out |    8|   ap_fifo  |  dst2_data_stream_2_V  |    pointer   |
|dst2_data_stream_2_V_full_n  |  in |    1|   ap_fifo  |  dst2_data_stream_2_V  |    pointer   |
|dst2_data_stream_2_V_write   | out |    1|   ap_fifo  |  dst2_data_stream_2_V  |    pointer   |
+-----------------------------+-----+-----+------------+------------------------+--------------+

