

================================================================
== Vivado HLS Report for 'pynq_filters_Filter2D'
================================================================
* Date:           Thu Nov 28 03:42:56 2019

* Version:        2016.2 (Build 1577090 on Thu Jun 02 16:59:10 MDT 2016)
* Project:        sharpen
* Solution:       solution1
* Product family: zynq
* Target device:  xc7z020clg400-1


================================================================
== Performance Estimates
================================================================
+ Timing (ns): 
    * Summary: 
    +--------+-------+----------+------------+
    |  Clock | Target| Estimated| Uncertainty|
    +--------+-------+----------+------------+
    |ap_clk  |  10.00|      9.40|        1.25|
    +--------+-------+----------+------------+

+ Latency (clock cycles): 
    * Summary: 
    +--------+--------+--------+--------+---------+
    |     Latency     |     Interval    | Pipeline|
    |   min  |   max  |   min  |   max  |   Type  |
    +--------+--------+--------+--------+---------+
    |  313784|  313784|  313784|  313784|   none  |
    +--------+--------+--------+--------+---------+

    + Detail: 
        * Instance: 
        N/A

        * Loop: 
        +---------------+--------+--------+----------+-----------+-----------+------+----------+
        |               |     Latency     | Iteration|  Initiation Interval  | Trip |          |
        |   Loop Name   |   min  |   max  |  Latency |  achieved |   target  | Count| Pipelined|
        +---------------+--------+--------+----------+-----------+-----------+------+----------+
        |- Loop 1       |       0|       0|         1|          -|          -|     1|    no    |
        |- loop_height  |  313782|  313782|       651|          -|          -|   482|    no    |
        | + loop_width  |     648|     648|         8|          1|          1|   642|    yes   |
        +---------------+--------+--------+----------+-----------+-----------+------+----------+



================================================================
== Utilization Estimates
================================================================
* Summary: 
+-----------------+---------+-------+--------+-------+
|       Name      | BRAM_18K| DSP48E|   FF   |  LUT  |
+-----------------+---------+-------+--------+-------+
|DSP              |        -|      9|       -|      -|
|Expression       |        -|      -|       0|    421|
|FIFO             |        -|      -|       -|      -|
|Instance         |        -|      -|       0|     60|
|Memory           |        3|      -|       0|      0|
|Multiplexer      |        -|      -|       -|     44|
|Register         |        -|      -|     646|     12|
+-----------------+---------+-------+--------+-------+
|Total            |        3|      9|     646|    537|
+-----------------+---------+-------+--------+-------+
|Available        |      280|    220|  106400|  53200|
+-----------------+---------+-------+--------+-------+
|Utilization (%)  |        1|      4|   ~0   |      1|
+-----------------+---------+-------+--------+-------+

+ Detail: 
    * Instance: 
    +-------------------------------------+---------------------------------+---------+-------+---+----+
    |               Instance              |              Module             | BRAM_18K| DSP48E| FF| LUT|
    +-------------------------------------+---------------------------------+---------+-------+---+----+
    |pynq_filters_mux_3to1_sel2_10_1_U72  |pynq_filters_mux_3to1_sel2_10_1  |        0|      0|  0|  10|
    |pynq_filters_mux_3to1_sel2_10_1_U73  |pynq_filters_mux_3to1_sel2_10_1  |        0|      0|  0|  10|
    |pynq_filters_mux_3to1_sel2_10_1_U74  |pynq_filters_mux_3to1_sel2_10_1  |        0|      0|  0|  10|
    |pynq_filters_mux_3to1_sel2_10_1_U75  |pynq_filters_mux_3to1_sel2_10_1  |        0|      0|  0|  10|
    |pynq_filters_mux_3to1_sel2_10_1_U76  |pynq_filters_mux_3to1_sel2_10_1  |        0|      0|  0|  10|
    |pynq_filters_mux_3to1_sel2_10_1_U77  |pynq_filters_mux_3to1_sel2_10_1  |        0|      0|  0|  10|
    +-------------------------------------+---------------------------------+---------+-------+---+----+
    |Total                                |                                 |        0|      0|  0|  60|
    +-------------------------------------+---------------------------------+---------+-------+---+----+

    * DSP48: 
    +----------------------------------------------+------------------------------------------+--------------+
    |                   Instance                   |                  Module                  |  Expression  |
    +----------------------------------------------+------------------------------------------+--------------+
    |pynq_filters_mac_muladd_12s_10s_22s_23_1_U78  |pynq_filters_mac_muladd_12s_10s_22s_23_1  | i0 + i1 * i2 |
    |pynq_filters_mac_muladd_12s_10s_22s_23_1_U79  |pynq_filters_mac_muladd_12s_10s_22s_23_1  | i0 + i1 * i2 |
    |pynq_filters_mac_muladd_12s_10s_22s_23_1_U85  |pynq_filters_mac_muladd_12s_10s_22s_23_1  | i0 + i1 * i2 |
    |pynq_filters_mac_muladd_12s_10s_23s_23_1_U80  |pynq_filters_mac_muladd_12s_10s_23s_23_1  | i0 + i1 * i2 |
    |pynq_filters_mac_muladd_12s_10s_23s_23_1_U84  |pynq_filters_mac_muladd_12s_10s_23s_23_1  | i0 + i1 * i2 |
    |pynq_filters_mac_muladd_12s_10s_23s_24_1_U82  |pynq_filters_mac_muladd_12s_10s_23s_24_1  | i0 + i1 * i2 |
    |pynq_filters_mul_mul_12s_10s_22_1_U81         |pynq_filters_mul_mul_12s_10s_22_1         |    i0 * i1   |
    |pynq_filters_mul_mul_12s_10s_22_1_U83         |pynq_filters_mul_mul_12s_10s_22_1         |    i0 * i1   |
    |pynq_filters_mul_mul_12s_10s_22_1_U86         |pynq_filters_mul_mul_12s_10s_22_1         |    i0 * i1   |
    +----------------------------------------------+------------------------------------------+--------------+

    * Memory: 
    +-------------------+---------------------------------------+---------+---+----+------+-----+------+-------------+
    |       Memory      |                 Module                | BRAM_18K| FF| LUT| Words| Bits| Banks| W*Bits*Banks|
    +-------------------+---------------------------------------+---------+---+----+------+-----+------+-------------+
    |k_buf_0_val_3_V_U  |pynq_filters_Filter2D_k_buf_0_val_3_V  |        1|  0|   0|   640|   10|     1|         6400|
    |k_buf_0_val_4_V_U  |pynq_filters_Filter2D_k_buf_0_val_3_V  |        1|  0|   0|   640|   10|     1|         6400|
    |k_buf_0_val_5_V_U  |pynq_filters_Filter2D_k_buf_0_val_3_V  |        1|  0|   0|   640|   10|     1|         6400|
    +-------------------+---------------------------------------+---------+---+----+------+-----+------+-------------+
    |Total              |                                       |        3|  0|   0|  1920|   30|     3|        19200|
    +-------------------+---------------------------------------+---------+---+----+------+-----+------+-------------+

    * FIFO: 
    N/A

    * Expression: 
    +--------------------------------------+----------+-------+---+----+------------+------------+
    |             Variable Name            | Operation| DSP48E| FF| LUT| Bitwidth P0| Bitwidth P1|
    +--------------------------------------+----------+-------+---+----+------------+------------+
    |i_V_fu_400_p2                         |     +    |      0|  0|   9|           9|           1|
    |j_V_fu_674_p2                         |     +    |      0|  0|  10|          10|           1|
    |p_Val2_24_2_fu_1072_p2                |     +    |      0|  0|  24|          24|          24|
    |p_Val2_2_fu_1133_p2                   |     +    |      0|  0|  10|          10|          10|
    |p_Val2_4_fu_1089_p2                   |     +    |      0|  0|  25|          25|          25|
    |p_assign_6_1_fu_518_p2                |     +    |      0|  0|  10|          10|           3|
    |p_assign_6_2_fu_562_p2                |     +    |      0|  0|  10|          10|           3|
    |r_V_fu_696_p2                         |     +    |      0|  0|  11|           2|          11|
    |tmp_40_fu_452_p2                      |     +    |      0|  0|  10|          10|           2|
    |addconv_fu_768_p2                     |     -    |      0|  0|  12|          11|          12|
    |p_assign_7_fu_492_p2                  |     -    |      0|  0|  10|           1|          10|
    |p_assign_fu_740_p2                    |     -    |      0|  0|  11|           1|          11|
    |tmp_47_fu_548_p2                      |     -    |      0|  0|   2|           1|           2|
    |tmp_49_fu_588_p2                      |     -    |      0|  0|   3|           3|           2|
    |ap_sig_1076                           |    and   |      0|  0|   1|           1|           1|
    |ap_sig_1077                           |    and   |      0|  0|   1|           1|           1|
    |ap_sig_1079                           |    and   |      0|  0|   1|           1|           1|
    |ap_sig_183                            |    and   |      0|  0|   1|           1|           1|
    |brmerge40_demorgan_i_i_fu_1237_p2     |    and   |      0|  0|   1|           1|           1|
    |carry_fu_1153_p2                      |    and   |      0|  0|   1|           1|           1|
    |or_cond_i547_i_fu_478_p2              |    and   |      0|  0|   1|           1|           1|
    |or_cond_i_fu_821_p2                   |    and   |      0|  0|   1|           1|           1|
    |or_cond_i_i_fu_726_p2                 |    and   |      0|  0|   1|           1|           1|
    |overflow_fu_1277_p2                   |    and   |      0|  0|   1|           1|           1|
    |p_38_i_i_fu_1225_p2                   |    and   |      0|  0|   1|           1|           1|
    |p_41_i_i_fu_1211_p2                   |    and   |      0|  0|   1|           1|           1|
    |sel_tmp5_fu_798_p2                    |    and   |      0|  0|   1|           1|           1|
    |underflow_fu_1255_p2                  |    and   |      0|  0|   1|           1|           1|
    |Range1_all_ones_fu_1193_p2            |   icmp   |      0|  0|   3|           9|           2|
    |Range1_all_zeros_fu_1199_p2           |   icmp   |      0|  0|   3|           9|           1|
    |Range2_all_ones_fu_1177_p2            |   icmp   |      0|  0|   3|           8|           2|
    |exitcond1_fu_394_p2                   |   icmp   |      0|  0|   3|           9|           6|
    |exitcond_fu_668_p2                    |   icmp   |      0|  0|   4|          10|          10|
    |icmp1_fu_690_p2                       |   icmp   |      0|  0|   3|           9|           1|
    |icmp_fu_428_p2                        |   icmp   |      0|  0|   3|           8|           1|
    |tmp_139_not_fu_412_p2                 |   icmp   |      0|  0|   3|           9|           7|
    |tmp_188_2_fu_440_p2                   |   icmp   |      0|  0|   3|           9|           1|
    |tmp_36_fu_406_p2                      |   icmp   |      0|  0|   3|           9|           7|
    |tmp_38_fu_434_p2                      |   icmp   |      0|  0|   3|           9|           1|
    |tmp_39_fu_446_p2                      |   icmp   |      0|  0|   3|           9|           7|
    |tmp_42_fu_472_p2                      |   icmp   |      0|  0|   4|          10|           9|
    |tmp_44_fu_506_p2                      |   icmp   |      0|  0|   4|          10|           9|
    |tmp_54_fu_720_p2                      |   icmp   |      0|  0|   4|          11|          10|
    |tmp_56_fu_762_p2                      |   icmp   |      0|  0|   4|          11|          10|
    |ap_sig_179                            |    or    |      0|  0|   1|           1|           1|
    |brmerge_fu_816_p2                     |    or    |      0|  0|   1|           1|           1|
    |brmerge_i_i_fu_1272_p2                |    or    |      0|  0|   1|           1|           1|
    |brmerge_i_i_i_fu_1282_p2              |    or    |      0|  0|   1|           1|           1|
    |sel_tmp4_fu_792_p2                    |    or    |      0|  0|   1|           1|           1|
    |tmp5_demorgan_fu_1243_p2              |    or    |      0|  0|   1|           1|           1|
    |tmp6_fu_1287_p2                       |    or    |      0|  0|   1|           1|           1|
    |underflow_not_i_fu_1291_p2            |    or    |      0|  0|   1|           1|           1|
    |col_buf_0_val_0_V_0_fu_862_p3         |  select  |      0|  0|  10|           1|          10|
    |col_buf_0_val_1_V_0_fu_881_p3         |  select  |      0|  0|  10|           1|          10|
    |col_buf_0_val_2_V_0_fu_900_p3         |  select  |      0|  0|  10|           1|          10|
    |deleted_ones_fu_1217_p3               |  select  |      0|  0|   1|           1|           1|
    |deleted_zeros_fu_1261_p3              |  select  |      0|  0|   1|           1|           1|
    |p_Val2_10_mux_i_fu_1296_p3            |  select  |      0|  0|  10|           1|           9|
    |p_Val2_i_fu_1303_p3                   |  select  |      0|  0|  11|           1|          11|
    |p_dst_data_stream_V_V_din             |  select  |      0|  0|  10|           1|          10|
    |p_p_i548_i_fu_498_p3                  |  select  |      0|  0|  10|           1|          10|
    |p_p_i_i_fu_746_p3                     |  select  |      0|  0|  11|           1|          11|
    |sel_tmp_fu_778_p3                     |  select  |      0|  0|  13|           1|          13|
    |src_kernel_win_0_val_0_V_0_fu_933_p3  |  select  |      0|  0|  10|           1|          10|
    |src_kernel_win_0_val_1_V_0_fu_951_p3  |  select  |      0|  0|  10|           1|          10|
    |src_kernel_win_0_val_2_V_0_fu_969_p3  |  select  |      0|  0|  10|           1|          10|
    |tmp_112_fu_614_p3                     |  select  |      0|  0|   2|           1|           2|
    |tmp_113_fu_622_p3                     |  select  |      0|  0|   2|           1|           2|
    |tmp_48_fu_554_p3                      |  select  |      0|  0|   2|           1|           2|
    |tmp_50_fu_594_p3                      |  select  |      0|  0|   2|           1|           2|
    |x_fu_804_p3                           |  select  |      0|  0|  13|           1|          13|
    |y_1_1_fu_636_p3                       |  select  |      0|  0|   2|           1|           2|
    |y_1_2_fu_650_p3                       |  select  |      0|  0|   2|           1|           2|
    |col_assign_1_t_fu_845_p2              |    xor   |      0|  0|   2|           2|           2|
    |p_not_i_i_fu_1266_p2                  |    xor   |      0|  0|   2|           1|           2|
    |rev1_fu_714_p2                        |    xor   |      0|  0|   2|           1|           2|
    |rev_fu_466_p2                         |    xor   |      0|  0|   2|           1|           2|
    |row_assign_8_1_t_fu_644_p2            |    xor   |      0|  0|   2|           2|           2|
    |row_assign_8_2_t_fu_658_p2            |    xor   |      0|  0|   2|           2|           2|
    |row_assign_8_fu_630_p2                |    xor   |      0|  0|   2|           2|           2|
    |tmp5_fu_1249_p2                       |    xor   |      0|  0|   2|           1|           2|
    |tmp_2_i_fu_1147_p2                    |    xor   |      0|  0|   2|           1|           2|
    |tmp_34_fu_357_p2                      |    xor   |      0|  0|   2|           1|           2|
    |tmp_3_i_fu_1205_p2                    |    xor   |      0|  0|   2|           1|           2|
    |tmp_45_fu_512_p2                      |    xor   |      0|  0|  11|          10|           2|
    |tmp_54_not_fu_786_p2                  |    xor   |      0|  0|   2|           1|           2|
    |tmp_5_i_fu_1231_p2                    |    xor   |      0|  0|   2|           1|           2|
    +--------------------------------------+----------+-------+---+----+------------+------------+
    |Total                                 |          |      0|  0| 421|         346|         402|
    +--------------------------------------+----------+-------+---+----+------------+------------+

    * Multiplexer: 
    +-----------------------------+----+-----------+-----+-----------+
    |             Name            | LUT| Input Size| Bits| Total Bits|
    +-----------------------------+----+-----------+-----+-----------+
    |ap_NS_fsm                    |   1|          6|    1|          6|
    |ap_reg_ppiten_pp0_it7        |   1|          2|    1|          2|
    |k_buf_0_val_4_V_d1           |  10|          3|   10|         30|
    |k_buf_0_val_5_V_d1           |  10|          3|   10|         30|
    |p_0104_0_i_reg_346           |  10|          2|   10|         20|
    |p_089_0_i_reg_335            |   9|          2|    9|         18|
    |p_dst_data_stream_V_V_blk_n  |   1|          2|    1|          2|
    |p_src_data_stream_V_V_blk_n  |   1|          2|    1|          2|
    |tmp_s_reg_324                |   1|          2|    1|          2|
    +-----------------------------+----+-----------+-----+-----------+
    |Total                        |  44|         24|   44|        112|
    +-----------------------------+----+-----------+-----+-----------+

    * Register: 
    +------------------------------------------------------------+----+----+-----+-----------+
    |                            Name                            | FF | LUT| Bits| Const Bits|
    +------------------------------------------------------------+----+----+-----+-----------+
    |OP2_V_0_1_reg_1487                                          |  22|   0|   22|          0|
    |OP2_V_0_2_reg_1492                                          |  22|   0|   22|          0|
    |OP2_V_1_1_reg_1502                                          |  22|   0|   22|          0|
    |OP2_V_1_2_reg_1507                                          |  22|   0|   22|          0|
    |OP2_V_1_reg_1497                                            |  22|   0|   22|          0|
    |OP2_V_2_1_reg_1517                                          |  22|   0|   22|          0|
    |OP2_V_2_2_reg_1522                                          |  22|   0|   22|          0|
    |OP2_V_2_reg_1512                                            |  22|   0|   22|          0|
    |OP2_V_reg_1482                                              |  22|   0|   22|          0|
    |Range1_all_ones_reg_1710                                    |   1|   0|    1|          0|
    |Range1_all_zeros_reg_1715                                   |   1|   0|    1|          0|
    |ap_CS_fsm                                                   |   5|   0|    5|          0|
    |ap_reg_ppiten_pp0_it0                                       |   1|   0|    1|          0|
    |ap_reg_ppiten_pp0_it1                                       |   1|   0|    1|          0|
    |ap_reg_ppiten_pp0_it2                                       |   1|   0|    1|          0|
    |ap_reg_ppiten_pp0_it3                                       |   1|   0|    1|          0|
    |ap_reg_ppiten_pp0_it4                                       |   1|   0|    1|          0|
    |ap_reg_ppiten_pp0_it5                                       |   1|   0|    1|          0|
    |ap_reg_ppiten_pp0_it6                                       |   1|   0|    1|          0|
    |ap_reg_ppiten_pp0_it7                                       |   1|   0|    1|          0|
    |ap_reg_ppstg_brmerge_reg_1603_pp0_iter1                     |   1|   0|    1|          0|
    |ap_reg_ppstg_or_cond_i_i_reg_1589_pp0_iter1                 |   1|   0|    1|          0|
    |ap_reg_ppstg_src_kernel_win_0_val_1_V_0_reg_1638_pp0_iter3  |  10|   0|   10|          0|
    |ap_reg_ppstg_tmp_117_reg_1598_pp0_iter1                     |   2|   0|    2|          0|
    |brmerge40_demorgan_i_i_reg_1731                             |   1|   0|    1|          0|
    |brmerge_reg_1603                                            |   1|   0|    1|          0|
    |carry_reg_1705                                              |   1|   0|    1|          0|
    |exitcond_reg_1580                                           |   1|   0|    1|          0|
    |i_V_reg_1531                                                |   9|   0|    9|          0|
    |icmp_reg_1545                                               |   1|   0|    1|          0|
    |k_buf_0_val_3_V_addr_reg_1614                               |  10|   0|   10|          0|
    |k_buf_0_val_4_V_addr_reg_1620                               |  10|   0|   10|          0|
    |k_buf_0_val_5_V_addr_reg_1626                               |  10|   0|   10|          0|
    |newsignbit_reg_1700                                         |   1|   0|    1|          0|
    |or_cond_i_i_reg_1589                                        |   1|   0|    1|          0|
    |or_cond_i_reg_1610                                          |   1|   0|    1|          0|
    |p_0104_0_i_reg_346                                          |  10|   0|   10|          0|
    |p_089_0_i_reg_335                                           |   9|   0|    9|          0|
    |p_38_i_i_reg_1720                                           |   1|   0|    1|          0|
    |p_Val2_21_1_2_reg_1664                                      |  22|   0|   22|          0|
    |p_Val2_21_2_1_reg_1679                                      |  22|   0|   22|          0|
    |p_Val2_24_0_2_reg_1659                                      |  23|   0|   23|          0|
    |p_Val2_24_2_reg_1684                                        |  24|   0|   24|          0|
    |p_Val2_2_reg_1694                                           |  10|   0|   10|          0|
    |p_Val2_s_reg_1654                                           |  22|   0|   22|          0|
    |right_border_buf_0_val_0_V_0_fu_198                         |  10|   0|   10|          0|
    |right_border_buf_0_val_1_V_0_fu_206                         |  10|   0|   10|          0|
    |right_border_buf_0_val_2_V_0_fu_202                         |  10|   0|   10|          0|
    |row_assign_8_1_t_reg_1570                                   |   2|   0|    2|          0|
    |row_assign_8_2_t_reg_1575                                   |   2|   0|    2|          0|
    |row_assign_8_reg_1565                                       |   2|   0|    2|          0|
    |src_kernel_win_0_val_0_V_0_reg_1632                         |  10|   0|   10|          0|
    |src_kernel_win_0_val_0_V_1_1_fu_178                         |  10|   0|   10|          0|
    |src_kernel_win_0_val_0_V_1_fu_174                           |  10|   0|   10|          0|
    |src_kernel_win_0_val_1_V_0_reg_1638                         |  10|   0|   10|          0|
    |src_kernel_win_0_val_1_V_1_1_fu_186                         |  10|   0|   10|          0|
    |src_kernel_win_0_val_1_V_1_fu_182                           |  10|   0|   10|          0|
    |src_kernel_win_0_val_2_V_0_reg_1644                         |  10|   0|   10|          0|
    |src_kernel_win_0_val_2_V_1_1_fu_194                         |  10|   0|   10|          0|
    |src_kernel_win_0_val_2_V_1_fu_190                           |  10|   0|   10|          0|
    |src_kernel_win_0_val_2_V_1_s_reg_1649                       |  10|   0|   10|          0|
    |tmp1_reg_1669                                               |  24|   0|   24|          0|
    |tmp2_reg_1674                                               |  23|   0|   23|          0|
    |tmp4_reg_1689                                               |  23|   0|   23|          0|
    |tmp_117_reg_1598                                            |   2|   0|    2|          0|
    |tmp_139_not_reg_1540                                        |   1|   0|    1|          0|
    |tmp_188_2_reg_1554                                          |   1|   0|    1|          0|
    |tmp_36_reg_1536                                             |   1|   0|    1|          0|
    |tmp_38_reg_1550                                             |   1|   0|    1|          0|
    |tmp_39_reg_1558                                             |   1|   0|    1|          0|
    |tmp_5_i_reg_1725                                            |   1|   0|    1|          0|
    |tmp_s_reg_324                                               |   1|   0|    1|          0|
    |underflow_reg_1736                                          |   1|   0|    1|          0|
    |x_reg_1593                                                  |  13|   0|   13|          0|
    |exitcond_reg_1580                                           |   0|   1|    1|          0|
    |or_cond_i_reg_1610                                          |   0|   1|    1|          0|
    |src_kernel_win_0_val_0_V_0_reg_1632                         |   0|  10|   10|          0|
    +------------------------------------------------------------+----+----+-----+-----------+
    |Total                                                       | 646|  12|  658|          0|
    +------------------------------------------------------------+----+----+-----+-----------+



================================================================
== Interface
================================================================
* Summary: 
+-------------------------------+-----+-----+------------+-------------------------+--------------+
|           RTL Ports           | Dir | Bits|  Protocol  |      Source Object      |    C Type    |
+-------------------------------+-----+-----+------------+-------------------------+--------------+
|ap_clk                         |  in |    1| ap_ctrl_hs |  pynq_filters_Filter2D  | return value |
|ap_rst                         |  in |    1| ap_ctrl_hs |  pynq_filters_Filter2D  | return value |
|ap_start                       |  in |    1| ap_ctrl_hs |  pynq_filters_Filter2D  | return value |
|ap_done                        | out |    1| ap_ctrl_hs |  pynq_filters_Filter2D  | return value |
|ap_idle                        | out |    1| ap_ctrl_hs |  pynq_filters_Filter2D  | return value |
|ap_ready                       | out |    1| ap_ctrl_hs |  pynq_filters_Filter2D  | return value |
|p_src_data_stream_V_V_dout     |  in |   10|   ap_fifo  |  p_src_data_stream_V_V  |    pointer   |
|p_src_data_stream_V_V_empty_n  |  in |    1|   ap_fifo  |  p_src_data_stream_V_V  |    pointer   |
|p_src_data_stream_V_V_read     | out |    1|   ap_fifo  |  p_src_data_stream_V_V  |    pointer   |
|p_dst_data_stream_V_V_din      | out |   10|   ap_fifo  |  p_dst_data_stream_V_V  |    pointer   |
|p_dst_data_stream_V_V_full_n   |  in |    1|   ap_fifo  |  p_dst_data_stream_V_V  |    pointer   |
|p_dst_data_stream_V_V_write    | out |    1|   ap_fifo  |  p_dst_data_stream_V_V  |    pointer   |
|p_kernel_val_0_V_0_read        |  in |   12|   ap_none  | p_kernel_val_0_V_0_read |    scalar    |
|p_kernel_val_0_V_1_read        |  in |   12|   ap_none  | p_kernel_val_0_V_1_read |    scalar    |
|p_kernel_val_0_V_2_read        |  in |   12|   ap_none  | p_kernel_val_0_V_2_read |    scalar    |
|p_kernel_val_1_V_0_read        |  in |   12|   ap_none  | p_kernel_val_1_V_0_read |    scalar    |
|p_kernel_val_1_V_1_read        |  in |   12|   ap_none  | p_kernel_val_1_V_1_read |    scalar    |
|p_kernel_val_1_V_2_read        |  in |   12|   ap_none  | p_kernel_val_1_V_2_read |    scalar    |
|p_kernel_val_2_V_0_read        |  in |   12|   ap_none  | p_kernel_val_2_V_0_read |    scalar    |
|p_kernel_val_2_V_1_read        |  in |   12|   ap_none  | p_kernel_val_2_V_1_read |    scalar    |
|p_kernel_val_2_V_2_read        |  in |   12|   ap_none  | p_kernel_val_2_V_2_read |    scalar    |
+-------------------------------+-----+-----+------------+-------------------------+--------------+

