\BOOKMARK [1][-]{section.0.1}{Vorwort}{}% 1
\BOOKMARK [0][-]{chapter.1}{Projektbeschreibung}{}% 2
\BOOKMARK [0][-]{chapter.2}{Hardware}{}% 3
\BOOKMARK [1][-]{section.2.1}{Xilinx Pynq-Z1 board}{chapter.2}% 4
\BOOKMARK [2][-]{subsection.2.1.1}{PYNQ Z1 Core}{section.2.1}% 5
\BOOKMARK [2][-]{subsection.2.1.2}{Power Jumper}{section.2.1}% 6
\BOOKMARK [2][-]{subsection.2.1.3}{Programming Switching Jumper \(Boot Jumper\)}{section.2.1}% 7
\BOOKMARK [2][-]{subsection.2.1.4}{microSD Slot}{section.2.1}% 8
\BOOKMARK [2][-]{subsection.2.1.5}{HDMI IN/OUT}{section.2.1}% 9
\BOOKMARK [2][-]{subsection.2.1.6}{USB-HOST}{section.2.1}% 10
\BOOKMARK [2][-]{subsection.2.1.7}{PMOD A/B}{section.2.1}% 11
\BOOKMARK [2][-]{subsection.2.1.8}{Arduino / chipKIT Shield Header}{section.2.1}% 12
\BOOKMARK [2][-]{subsection.2.1.9}{Ethernet}{section.2.1}% 13
\BOOKMARK [1][-]{section.2.2}{Kamera - Ov7670}{chapter.2}% 14
\BOOKMARK [1][-]{section.2.3}{VGA- D Adapter}{chapter.2}% 15
\BOOKMARK [0][-]{chapter.3}{Softdware}{}% 16
\BOOKMARK [1][-]{section.3.1}{Einrichtung der SDkarte}{chapter.3}% 17
\BOOKMARK [1][-]{section.3.2}{PYNQ-Z1 Installationsanleitung}{chapter.3}% 18
\BOOKMARK [2][-]{subsection.3.2.1}{Board Setup}{section.3.2}% 19
\BOOKMARK [2][-]{subsection.3.2.2}{Verbindung mit einem Rechner}{section.3.2}% 20
\BOOKMARK [2][-]{subsection.3.2.3}{Anschlie\337en an Jupyter Notebook}{section.3.2}% 21
\BOOKMARK [0][-]{chapter.4}{Implementierung des Projekts}{}% 22
\BOOKMARK [1][-]{section.4.1}{Algorithm}{chapter.4}% 23
\BOOKMARK [1][-]{section.4.2}{Float IEEE aut pynq-ARM}{chapter.4}% 24
\BOOKMARK [1][-]{section.4.3}{Hardware Implementierung}{chapter.4}% 25
\BOOKMARK [1][-]{section.4.4}{HLS Software Implementierung}{chapter.4}% 26
\BOOKMARK [2][-]{subsection.4.4.1}{IP Core f\374r Pynq}{section.4.4}% 27
\BOOKMARK [2][-]{subsection.4.4.2}{IP core 'Moments' mit Vivado HLS erstellen}{section.4.4}% 28
\BOOKMARK [2][-]{subsection.4.4.3}{Vivado Projekt}{section.4.4}% 29
\BOOKMARK [2][-]{subsection.4.4.4}{Pynq-Notebook}{section.4.4}% 30
\BOOKMARK [1][-]{section.4.5}{Code, Listings}{chapter.4}% 31
\BOOKMARK [2][-]{subsection.4.5.1}{Simulation in OpenCV}{section.4.5}% 32
\BOOKMARK [2][-]{subsection.4.5.2}{Simulation Numeric}{section.4.5}% 33
\BOOKMARK [2][-]{subsection.4.5.3}{IP Core Moments in Ausz\374gen}{section.4.5}% 34
