

================================================================
== Vivado HLS Report for 'pynq_filters_Mat2AXIvideo'
================================================================
* Date:           Thu Nov 28 03:42:46 2019

* Version:        2016.2 (Build 1577090 on Thu Jun 02 16:59:10 MDT 2016)
* Project:        sharpen
* Solution:       solution1
* Product family: zynq
* Target device:  xc7z020clg400-1


================================================================
== Performance Estimates
================================================================
+ Timing (ns): 
    * Summary: 
    +--------+-------+----------+------------+
    |  Clock | Target| Estimated| Uncertainty|
    +--------+-------+----------+------------+
    |ap_clk  |  10.00|      4.38|        1.25|
    +--------+-------+----------+------------+

+ Latency (clock cycles): 
    * Summary: 
    +--------+--------+--------+--------+---------+
    |     Latency     |     Interval    | Pipeline|
    |   min  |   max  |   min  |   max  |   Type  |
    +--------+--------+--------+--------+---------+
    |  309121|  309121|  309121|  309121|   none  |
    +--------+--------+--------+--------+---------+

    + Detail: 
        * Instance: 
        N/A

        * Loop: 
        +---------------+--------+--------+----------+-----------+-----------+------+----------+
        |               |     Latency     | Iteration|  Initiation Interval  | Trip |          |
        |   Loop Name   |   min  |   max  |  Latency |  achieved |   target  | Count| Pipelined|
        +---------------+--------+--------+----------+-----------+-----------+------+----------+
        |- loop_height  |  309120|  309120|       644|          -|          -|   480|    no    |
        | + loop_width  |     641|     641|         3|          1|          1|   640|    yes   |
        +---------------+--------+--------+----------+-----------+-----------+------+----------+

============================================================
+ Verbose Summary: Synthesis Manager
============================================================
InlineROM: 1
ExposeGlobal: 0
============================================================
+ Verbose Summary: CDFG Model
============================================================
IsTopModel: 0
ResetActiveHigh: 1
IsCombinational: 2
IsDatapathOnly: 0
HasWiredReturn: 1
HasMFsm: 0
HasVarLatency: 1
IsPipeline: 0
IsRtlPipelined: 0
IsInstanceOverlapped: 0
IsDontTouch: 0
HasImplIP: 0
IsGatedGlobalClock: 0

+ Individual pipeline summary: 
  * Pipeline-0: initiation interval (II) = 1, depth = 3


============================================================
+ Verbose Summary: Schedule
============================================================
* Number of FSM states: 6
* Pipeline: 1
  Pipeline-0: II = 1, D = 3, States = { 3 4 5 }
* Dataflow Pipeline: 0

* FSM state transitions: 
1 --> 
	2  / true
2 --> 
	3  / (!exitcond5)
3 --> 
	6  / (exitcond6)
	4  / (!exitcond6)
4 --> 
	5  / true
5 --> 
	3  / true
6 --> 
	2  / true
* FSM state operations: 

 <State 1>: 1.57ns
ST_1: tmp_user_V [1/1] 0.00ns
._crit_edge:0  %tmp_user_V = alloca i1

ST_1: stg_8 [1/1] 0.00ns
._crit_edge:1  call void (...)* @_ssdm_op_SpecInterface(i8* %img_data_stream_2_V, [8 x i8]* @ap_fifo_str, i32 0, i32 0, i32 0, i32 0, [1 x i8]* @p_str, [1 x i8]* @p_str, [1 x i8]* @p_str, i32 2, i32 2, i32 16, i32 16, [1 x i8]* @p_str)

ST_1: stg_9 [1/1] 0.00ns
._crit_edge:2  call void (...)* @_ssdm_op_SpecInterface(i8* %img_data_stream_1_V, [8 x i8]* @ap_fifo_str, i32 0, i32 0, i32 0, i32 0, [1 x i8]* @p_str, [1 x i8]* @p_str, [1 x i8]* @p_str, i32 2, i32 2, i32 16, i32 16, [1 x i8]* @p_str)

ST_1: stg_10 [1/1] 0.00ns
._crit_edge:3  call void (...)* @_ssdm_op_SpecInterface(i8* %img_data_stream_0_V, [8 x i8]* @ap_fifo_str, i32 0, i32 0, i32 0, i32 0, [1 x i8]* @p_str, [1 x i8]* @p_str, [1 x i8]* @p_str, i32 2, i32 2, i32 16, i32 16, [1 x i8]* @p_str)

ST_1: stg_11 [1/1] 0.00ns
._crit_edge:4  call void (...)* @_ssdm_op_SpecInterface(i24* %AXI_video_strm_V_data_V, i3* %AXI_video_strm_V_keep_V, i3* %AXI_video_strm_V_strb_V, i1* %AXI_video_strm_V_user_V, i1* %AXI_video_strm_V_last_V, i1* %AXI_video_strm_V_id_V, i1* %AXI_video_strm_V_dest_V, [5 x i8]* @p_str1808, i32 1, i32 1, i32 0, i32 0, [1 x i8]* @p_str1806, [1 x i8]* @p_str1806, [1 x i8]* @p_str1806, i32 0, i32 0, i32 0, i32 0, [1 x i8]* @p_str1806) nounwind

ST_1: stg_12 [1/1] 1.57ns
._crit_edge:5  store i1 true, i1* %tmp_user_V

ST_1: stg_13 [1/1] 1.57ns
._crit_edge:6  br label %0


 <State 2>: 3.40ns
ST_2: p_s [1/1] 0.00ns
:0  %p_s = phi i9 [ 0, %._crit_edge ], [ %i_V, %3 ]

ST_2: exitcond5 [1/1] 2.03ns
:1  %exitcond5 = icmp eq i9 %p_s, -32

ST_2: stg_16 [1/1] 0.00ns
:2  call void (...)* @_ssdm_op_SpecLoopTripCount(i64 480, i64 480, i64 480)

ST_2: i_V [1/1] 1.84ns
:3  %i_V = add i9 %p_s, 1

ST_2: stg_18 [1/1] 0.00ns
:4  br i1 %exitcond5, label %4, label %1

ST_2: stg_19 [1/1] 0.00ns
:0  call void (...)* @_ssdm_op_SpecLoopName([12 x i8]* @p_str1817) nounwind

ST_2: tmp [1/1] 0.00ns
:1  %tmp = call i32 (...)* @_ssdm_op_SpecRegionBegin([12 x i8]* @p_str1817)

ST_2: stg_21 [1/1] 1.57ns
:2  br label %2

ST_2: stg_22 [1/1] 0.00ns
:0  ret void


 <State 3>: 3.44ns
ST_3: p_4 [1/1] 0.00ns
:0  %p_4 = phi i10 [ 0, %1 ], [ %j_V, %"operator>>.exit" ]

ST_3: exitcond6 [1/1] 2.07ns
:1  %exitcond6 = icmp eq i10 %p_4, -384

ST_3: stg_25 [1/1] 0.00ns
:2  call void (...)* @_ssdm_op_SpecLoopTripCount(i64 640, i64 640, i64 640)

ST_3: j_V [1/1] 1.84ns
:3  %j_V = add i10 %p_4, 1

ST_3: stg_27 [1/1] 0.00ns
:4  br i1 %exitcond6, label %3, label %"operator>>.exit"

ST_3: axi_last_V [1/1] 2.07ns
operator>>.exit:4  %axi_last_V = icmp eq i10 %p_4, -385


 <State 4>: 4.38ns
ST_4: tmp_user_V_load [1/1] 0.00ns
operator>>.exit:0  %tmp_user_V_load = load i1* %tmp_user_V

ST_4: tmp_25 [1/1] 0.00ns
operator>>.exit:5  %tmp_25 = call i32 (...)* @_ssdm_op_SpecRegionBegin([13 x i8]* @p_str1867)

ST_4: stg_31 [1/1] 0.00ns
operator>>.exit:6  call void (...)* @_ssdm_op_SpecProtocol(i32 0, [1 x i8]* @p_str1806) nounwind

ST_4: tmp_63 [1/1] 4.38ns
operator>>.exit:7  %tmp_63 = call i8 @_ssdm_op_Read.ap_fifo.volatile.i8P(i8* %img_data_stream_0_V)

ST_4: tmp_64 [1/1] 4.38ns
operator>>.exit:8  %tmp_64 = call i8 @_ssdm_op_Read.ap_fifo.volatile.i8P(i8* %img_data_stream_1_V)

ST_4: tmp_62 [1/1] 4.38ns
operator>>.exit:9  %tmp_62 = call i8 @_ssdm_op_Read.ap_fifo.volatile.i8P(i8* %img_data_stream_2_V)

ST_4: empty [1/1] 0.00ns
operator>>.exit:10  %empty = call i32 (...)* @_ssdm_op_SpecRegionEnd([13 x i8]* @p_str1867, i32 %tmp_25)

ST_4: tmp_data_V [1/1] 0.00ns
operator>>.exit:11  %tmp_data_V = call i24 @_ssdm_op_BitConcatenate.i24.i8.i8.i8(i8 %tmp_62, i8 %tmp_64, i8 %tmp_63)

ST_4: stg_37 [2/2] 0.00ns
operator>>.exit:12  call void @_ssdm_op_Write.axis.volatile.i24P.i3P.i3P.i1P.i1P.i1P.i1P(i24* %AXI_video_strm_V_data_V, i3* %AXI_video_strm_V_keep_V, i3* %AXI_video_strm_V_strb_V, i1* %AXI_video_strm_V_user_V, i1* %AXI_video_strm_V_last_V, i1* %AXI_video_strm_V_id_V, i1* %AXI_video_strm_V_dest_V, i24 %tmp_data_V, i3 -1, i3 undef, i1 %tmp_user_V_load, i1 %axi_last_V, i1 undef, i1 undef)

ST_4: stg_38 [1/1] 1.57ns
operator>>.exit:14  store i1 false, i1* %tmp_user_V


 <State 5>: 0.00ns
ST_5: stg_39 [1/1] 0.00ns
operator>>.exit:1  call void (...)* @_ssdm_op_SpecLoopName([11 x i8]* @p_str1818) nounwind

ST_5: tmp_24 [1/1] 0.00ns
operator>>.exit:2  %tmp_24 = call i32 (...)* @_ssdm_op_SpecRegionBegin([11 x i8]* @p_str1818)

ST_5: stg_41 [1/1] 0.00ns
operator>>.exit:3  call void (...)* @_ssdm_op_SpecPipeline(i32 1, i32 1, i32 1, i32 0, [1 x i8]* @p_str1806) nounwind

ST_5: stg_42 [1/2] 0.00ns
operator>>.exit:12  call void @_ssdm_op_Write.axis.volatile.i24P.i3P.i3P.i1P.i1P.i1P.i1P(i24* %AXI_video_strm_V_data_V, i3* %AXI_video_strm_V_keep_V, i3* %AXI_video_strm_V_strb_V, i1* %AXI_video_strm_V_user_V, i1* %AXI_video_strm_V_last_V, i1* %AXI_video_strm_V_id_V, i1* %AXI_video_strm_V_dest_V, i24 %tmp_data_V, i3 -1, i3 undef, i1 %tmp_user_V_load, i1 %axi_last_V, i1 undef, i1 undef)

ST_5: empty_134 [1/1] 0.00ns
operator>>.exit:13  %empty_134 = call i32 (...)* @_ssdm_op_SpecRegionEnd([11 x i8]* @p_str1818, i32 %tmp_24)

ST_5: stg_44 [1/1] 0.00ns
operator>>.exit:15  br label %2


 <State 6>: 0.00ns
ST_6: empty_135 [1/1] 0.00ns
:0  %empty_135 = call i32 (...)* @_ssdm_op_SpecRegionEnd([12 x i8]* @p_str1817, i32 %tmp)

ST_6: stg_46 [1/1] 0.00ns
:1  br label %0



============================================================
+ Verbose Summary: Timing violations
============================================================
Target clock period: 10ns, clock uncertainty: 1.25ns.

 No timing violations. 


============================================================
+ Verbose Summary: Binding
============================================================
N/A
* FSMD analyzer results:
  - Output states:
 - Input state : 
  - Chain level:
	State 1
	State 2
	State 3
	State 4
	State 5
	State 6


============================================================
+ Verbose Summary: Datapath Resource usage 
============================================================
N/A
