

================================================================
== Vivado HLS Report for 'pynq_filters_convertToSigned_1'
================================================================
* Date:           Thu Nov 28 03:42:43 2019

* Version:        2016.2 (Build 1577090 on Thu Jun 02 16:59:10 MDT 2016)
* Project:        sharpen
* Solution:       solution1
* Product family: zynq
* Target device:  xc7z020clg400-1


================================================================
== Performance Estimates
================================================================
+ Timing (ns): 
    * Summary: 
    +--------+-------+----------+------------+
    |  Clock | Target| Estimated| Uncertainty|
    +--------+-------+----------+------------+
    |ap_clk  |  10.00|      8.75|        1.25|
    +--------+-------+----------+------------+

+ Latency (clock cycles): 
    * Summary: 
    +--------+--------+--------+--------+---------+
    |     Latency     |     Interval    | Pipeline|
    |   min  |   max  |   min  |   max  |   Type  |
    +--------+--------+--------+--------+---------+
    |  308641|  308641|  308641|  308641|   none  |
    +--------+--------+--------+--------+---------+

    + Detail: 
        * Instance: 
        N/A

        * Loop: 
        +----------+--------+--------+----------+-----------+-----------+------+----------+
        |          |     Latency     | Iteration|  Initiation Interval  | Trip |          |
        | Loop Name|   min  |   max  |  Latency |  achieved |   target  | Count| Pipelined|
        +----------+--------+--------+----------+-----------+-----------+------+----------+
        |- L_row   |  308640|  308640|       643|          -|          -|   480|    no    |
        | + L_col  |     640|     640|         2|          1|          1|   640|    yes   |
        +----------+--------+--------+----------+-----------+-----------+------+----------+

============================================================
+ Verbose Summary: Synthesis Manager
============================================================
InlineROM: 1
ExposeGlobal: 0
============================================================
+ Verbose Summary: CDFG Model
============================================================
IsTopModel: 0
ResetActiveHigh: 1
IsCombinational: 2
IsDatapathOnly: 0
HasWiredReturn: 1
HasMFsm: 0
HasVarLatency: 1
IsPipeline: 0
IsRtlPipelined: 0
IsInstanceOverlapped: 0
IsDontTouch: 0
HasImplIP: 0
IsGatedGlobalClock: 0

+ Individual pipeline summary: 
  * Pipeline-0: initiation interval (II) = 1, depth = 2


============================================================
+ Verbose Summary: Schedule
============================================================
* Number of FSM states: 5
* Pipeline: 1
  Pipeline-0: II = 1, D = 2, States = { 3 4 }
* Dataflow Pipeline: 0

* FSM state transitions: 
1 --> 
	2  / true
2 --> 
	3  / (!exitcond3)
3 --> 
	5  / (exitcond)
	4  / (!exitcond)
4 --> 
	3  / true
5 --> 
	2  / true
* FSM state operations: 

 <State 1>: 1.57ns
ST_1: stg_6 [1/1] 0.00ns
:0  call void (...)* @_ssdm_op_SpecInterface(i10* %img_out_data_stream_2_V_V, [8 x i8]* @ap_fifo_str, i32 0, i32 0, i32 0, i32 0, [1 x i8]* @p_str, [1 x i8]* @p_str, [1 x i8]* @p_str, i32 2, i32 2, i32 16, i32 16, [1 x i8]* @p_str)

ST_1: stg_7 [1/1] 0.00ns
:1  call void (...)* @_ssdm_op_SpecInterface(i10* %img_out_data_stream_1_V_V, [8 x i8]* @ap_fifo_str, i32 0, i32 0, i32 0, i32 0, [1 x i8]* @p_str, [1 x i8]* @p_str, [1 x i8]* @p_str, i32 2, i32 2, i32 16, i32 16, [1 x i8]* @p_str)

ST_1: stg_8 [1/1] 0.00ns
:2  call void (...)* @_ssdm_op_SpecInterface(i10* %img_out_data_stream_0_V_V, [8 x i8]* @ap_fifo_str, i32 0, i32 0, i32 0, i32 0, [1 x i8]* @p_str, [1 x i8]* @p_str, [1 x i8]* @p_str, i32 2, i32 2, i32 16, i32 16, [1 x i8]* @p_str)

ST_1: stg_9 [1/1] 0.00ns
:3  call void (...)* @_ssdm_op_SpecInterface(i8* %img_in0_data_stream_2_V, [8 x i8]* @ap_fifo_str, i32 0, i32 0, i32 0, i32 0, [1 x i8]* @p_str, [1 x i8]* @p_str, [1 x i8]* @p_str, i32 2, i32 2, i32 16, i32 16, [1 x i8]* @p_str)

ST_1: stg_10 [1/1] 0.00ns
:4  call void (...)* @_ssdm_op_SpecInterface(i8* %img_in0_data_stream_1_V, [8 x i8]* @ap_fifo_str, i32 0, i32 0, i32 0, i32 0, [1 x i8]* @p_str, [1 x i8]* @p_str, [1 x i8]* @p_str, i32 2, i32 2, i32 16, i32 16, [1 x i8]* @p_str)

ST_1: stg_11 [1/1] 0.00ns
:5  call void (...)* @_ssdm_op_SpecInterface(i8* %img_in0_data_stream_0_V, [8 x i8]* @ap_fifo_str, i32 0, i32 0, i32 0, i32 0, [1 x i8]* @p_str, [1 x i8]* @p_str, [1 x i8]* @p_str, i32 2, i32 2, i32 16, i32 16, [1 x i8]* @p_str)

ST_1: stg_12 [1/1] 1.57ns
:6  br label %1


 <State 2>: 3.40ns
ST_2: row [1/1] 0.00ns
:0  %row = phi i9 [ 0, %0 ], [ %row_2, %4 ]

ST_2: exitcond3 [1/1] 2.03ns
:1  %exitcond3 = icmp eq i9 %row, -32

ST_2: stg_15 [1/1] 0.00ns
:2  call void (...)* @_ssdm_op_SpecLoopTripCount(i64 480, i64 480, i64 480)

ST_2: row_2 [1/1] 1.84ns
:3  %row_2 = add i9 %row, 1

ST_2: stg_17 [1/1] 0.00ns
:4  br i1 %exitcond3, label %5, label %2

ST_2: stg_18 [1/1] 0.00ns
:0  call void (...)* @_ssdm_op_SpecLoopName([6 x i8]* @p_str1805) nounwind

ST_2: tmp_s [1/1] 0.00ns
:1  %tmp_s = call i32 (...)* @_ssdm_op_SpecRegionBegin([6 x i8]* @p_str1805)

ST_2: stg_20 [1/1] 1.57ns
:2  br label %3

ST_2: stg_21 [1/1] 0.00ns
:0  ret void


 <State 3>: 2.07ns
ST_3: col [1/1] 0.00ns
:0  %col = phi i10 [ 0, %2 ], [ %col_2, %"operator>>.exit" ]

ST_3: exitcond [1/1] 2.07ns
:1  %exitcond = icmp eq i10 %col, -384

ST_3: stg_24 [1/1] 0.00ns
:2  call void (...)* @_ssdm_op_SpecLoopTripCount(i64 640, i64 640, i64 640)

ST_3: col_2 [1/1] 1.84ns
:3  %col_2 = add i10 %col, 1

ST_3: stg_26 [1/1] 0.00ns
:4  br i1 %exitcond, label %4, label %"operator>>.exit"


 <State 4>: 8.75ns
ST_4: stg_27 [1/1] 0.00ns
operator>>.exit:0  call void (...)* @_ssdm_op_SpecLoopName([6 x i8]* @p_str1807) nounwind

ST_4: tmp_39 [1/1] 0.00ns
operator>>.exit:1  %tmp_39 = call i32 (...)* @_ssdm_op_SpecRegionBegin([6 x i8]* @p_str1807)

ST_4: stg_29 [1/1] 0.00ns
operator>>.exit:2  call void (...)* @_ssdm_op_SpecPipeline(i32 1, i32 1, i32 1, i32 0, [1 x i8]* @p_str1806) nounwind

ST_4: tmp_40 [1/1] 0.00ns
operator>>.exit:3  %tmp_40 = call i32 (...)* @_ssdm_op_SpecRegionBegin([13 x i8]* @p_str1867)

ST_4: stg_31 [1/1] 0.00ns
operator>>.exit:4  call void (...)* @_ssdm_op_SpecProtocol(i32 0, [1 x i8]* @p_str1806) nounwind

ST_4: tmp_52 [1/1] 4.38ns
operator>>.exit:5  %tmp_52 = call i8 @_ssdm_op_Read.ap_fifo.volatile.i8P(i8* %img_in0_data_stream_0_V)

ST_4: tmp_53 [1/1] 4.38ns
operator>>.exit:6  %tmp_53 = call i8 @_ssdm_op_Read.ap_fifo.volatile.i8P(i8* %img_in0_data_stream_1_V)

ST_4: tmp [1/1] 4.38ns
operator>>.exit:7  %tmp = call i8 @_ssdm_op_Read.ap_fifo.volatile.i8P(i8* %img_in0_data_stream_2_V)

ST_4: empty [1/1] 0.00ns
operator>>.exit:8  %empty = call i32 (...)* @_ssdm_op_SpecRegionEnd([13 x i8]* @p_str1867, i32 %tmp_40)

ST_4: tmp_V [1/1] 0.00ns
operator>>.exit:9  %tmp_V = zext i8 %tmp_52 to i10

ST_4: tmp_V_1 [1/1] 0.00ns
operator>>.exit:10  %tmp_V_1 = zext i8 %tmp_53 to i10

ST_4: tmp_V_2 [1/1] 0.00ns
operator>>.exit:11  %tmp_V_2 = zext i8 %tmp to i10

ST_4: tmp_41 [1/1] 0.00ns
operator>>.exit:12  %tmp_41 = call i32 (...)* @_ssdm_op_SpecRegionBegin([13 x i8]* @p_str1865)

ST_4: stg_40 [1/1] 0.00ns
operator>>.exit:13  call void (...)* @_ssdm_op_SpecProtocol(i32 0, [1 x i8]* @p_str1806) nounwind

ST_4: stg_41 [1/1] 4.38ns
operator>>.exit:14  call void @_ssdm_op_Write.ap_fifo.volatile.i10P(i10* %img_out_data_stream_0_V_V, i10 %tmp_V)

ST_4: stg_42 [1/1] 4.38ns
operator>>.exit:15  call void @_ssdm_op_Write.ap_fifo.volatile.i10P(i10* %img_out_data_stream_1_V_V, i10 %tmp_V_1)

ST_4: stg_43 [1/1] 4.38ns
operator>>.exit:16  call void @_ssdm_op_Write.ap_fifo.volatile.i10P(i10* %img_out_data_stream_2_V_V, i10 %tmp_V_2)

ST_4: empty_61 [1/1] 0.00ns
operator>>.exit:17  %empty_61 = call i32 (...)* @_ssdm_op_SpecRegionEnd([13 x i8]* @p_str1865, i32 %tmp_41)

ST_4: empty_62 [1/1] 0.00ns
operator>>.exit:18  %empty_62 = call i32 (...)* @_ssdm_op_SpecRegionEnd([6 x i8]* @p_str1807, i32 %tmp_39)

ST_4: stg_46 [1/1] 0.00ns
operator>>.exit:19  br label %3


 <State 5>: 0.00ns
ST_5: empty_63 [1/1] 0.00ns
:0  %empty_63 = call i32 (...)* @_ssdm_op_SpecRegionEnd([6 x i8]* @p_str1805, i32 %tmp_s)

ST_5: stg_48 [1/1] 0.00ns
:1  br label %1



============================================================
+ Verbose Summary: Timing violations
============================================================
Target clock period: 10ns, clock uncertainty: 1.25ns.

 No timing violations. 


============================================================
+ Verbose Summary: Binding
============================================================
N/A
* FSMD analyzer results:
  - Output states:
 - Input state : 
  - Chain level:
	State 1
	State 2
	State 3
	State 4
	State 5


============================================================
+ Verbose Summary: Datapath Resource usage 
============================================================
N/A
