

================================================================
== Vivado HLS Report for 'pynq_filters_Mat2AXIvideo'
================================================================
* Date:           Thu Nov 28 03:43:04 2019

* Version:        2016.2 (Build 1577090 on Thu Jun 02 16:59:10 MDT 2016)
* Project:        sharpen
* Solution:       solution1
* Product family: zynq
* Target device:  xc7z020clg400-1


================================================================
== Performance Estimates
================================================================
+ Timing (ns): 
    * Summary: 
    +--------+-------+----------+------------+
    |  Clock | Target| Estimated| Uncertainty|
    +--------+-------+----------+------------+
    |ap_clk  |  10.00|      4.38|        1.25|
    +--------+-------+----------+------------+

+ Latency (clock cycles): 
    * Summary: 
    +--------+--------+--------+--------+---------+
    |     Latency     |     Interval    | Pipeline|
    |   min  |   max  |   min  |   max  |   Type  |
    +--------+--------+--------+--------+---------+
    |  309121|  309121|  309121|  309121|   none  |
    +--------+--------+--------+--------+---------+

    + Detail: 
        * Instance: 
        N/A

        * Loop: 
        +---------------+--------+--------+----------+-----------+-----------+------+----------+
        |               |     Latency     | Iteration|  Initiation Interval  | Trip |          |
        |   Loop Name   |   min  |   max  |  Latency |  achieved |   target  | Count| Pipelined|
        +---------------+--------+--------+----------+-----------+-----------+------+----------+
        |- loop_height  |  309120|  309120|       644|          -|          -|   480|    no    |
        | + loop_width  |     641|     641|         3|          1|          1|   640|    yes   |
        +---------------+--------+--------+----------+-----------+-----------+------+----------+



================================================================
== Utilization Estimates
================================================================
* Summary: 
+-----------------+---------+-------+--------+-------+
|       Name      | BRAM_18K| DSP48E|   FF   |  LUT  |
+-----------------+---------+-------+--------+-------+
|DSP              |        -|      -|       -|      -|
|Expression       |        -|      -|       0|     40|
|FIFO             |        -|      -|       -|      -|
|Instance         |        -|      -|       -|      -|
|Memory           |        -|      -|       -|      -|
|Multiplexer      |        -|      -|       -|     25|
|Register         |        -|      -|      80|      -|
+-----------------+---------+-------+--------+-------+
|Total            |        0|      0|      80|     65|
+-----------------+---------+-------+--------+-------+
|Available        |      280|    220|  106400|  53200|
+-----------------+---------+-------+--------+-------+
|Utilization (%)  |        0|      0|   ~0   |   ~0  |
+-----------------+---------+-------+--------+-------+

+ Detail: 
    * Instance: 
    N/A

    * DSP48: 
    N/A

    * Memory: 
    N/A

    * FIFO: 
    N/A

    * Expression: 
    +----------------------------------+----------+-------+---+----+------------+------------+
    |           Variable Name          | Operation| DSP48E| FF| LUT| Bitwidth P0| Bitwidth P1|
    +----------------------------------+----------+-------+---+----+------------+------------+
    |i_V_fu_174_p2                     |     +    |      0|  0|   9|           9|           1|
    |j_V_fu_186_p2                     |     +    |      0|  0|  10|          10|           1|
    |AXI_video_strm_V_data_V_1_ack_in  |    and   |      0|  0|   1|           1|           1|
    |AXI_video_strm_V_dest_V_1_sRdy    |    and   |      0|  0|   1|           1|           1|
    |AXI_video_strm_V_id_V_1_sRdy      |    and   |      0|  0|   1|           1|           1|
    |AXI_video_strm_V_keep_V_1_sRdy    |    and   |      0|  0|   1|           1|           1|
    |AXI_video_strm_V_last_V_1_sRdy    |    and   |      0|  0|   1|           1|           1|
    |AXI_video_strm_V_strb_V_1_sRdy    |    and   |      0|  0|   1|           1|           1|
    |AXI_video_strm_V_user_V_1_sRdy    |    and   |      0|  0|   1|           1|           1|
    |axi_last_V_fu_192_p2              |   icmp   |      0|  0|   4|          10|          10|
    |exitcond5_fu_168_p2               |   icmp   |      0|  0|   3|           9|           7|
    |exitcond6_fu_180_p2               |   icmp   |      0|  0|   4|          10|          10|
    |ap_sig_240                        |    or    |      0|  0|   1|           1|           1|
    |ap_sig_256                        |    or    |      0|  0|   1|           1|           1|
    |ap_sig_292                        |    or    |      0|  0|   1|           1|           1|
    +----------------------------------+----------+-------+---+----+------------+------------+
    |Total                             |          |      0|  0|  40|          58|          39|
    +----------------------------------+----------+-------+---+----+------------+------------+

    * Multiplexer: 
    +---------------------------+----+-----------+-----+-----------+
    |            Name           | LUT| Input Size| Bits| Total Bits|
    +---------------------------+----+-----------+-----+-----------+
    |ap_NS_fsm                  |   1|          5|    1|          5|
    |ap_reg_ppiten_pp0_it2      |   1|          2|    1|          2|
    |img_data_stream_0_V_blk_n  |   1|          2|    1|          2|
    |img_data_stream_1_V_blk_n  |   1|          2|    1|          2|
    |img_data_stream_2_V_blk_n  |   1|          2|    1|          2|
    |out_data_TDATA_blk_n       |   1|          2|    1|          2|
    |p_4_reg_152                |  10|          2|   10|         20|
    |p_s_reg_141                |   9|          2|    9|         18|
    +---------------------------+----+-----------+-----+-----------+
    |Total                      |  25|         19|   25|         53|
    +---------------------------+----+-----------+-----+-----------+

    * Register: 
    +------------------------------------------+----+----+-----+-----------+
    |                   Name                   | FF | LUT| Bits| Const Bits|
    +------------------------------------------+----+----+-----+-----------+
    |AXI_video_strm_V_data_V_1_areset_d        |   1|   0|    1|          0|
    |AXI_video_strm_V_data_V_1_data_reg        |  24|   0|   24|          0|
    |AXI_video_strm_V_data_V_1_mVld            |   1|   0|    1|          0|
    |AXI_video_strm_V_dest_V_1_areset_d        |   1|   0|    1|          0|
    |AXI_video_strm_V_dest_V_1_mVld            |   1|   0|    1|          0|
    |AXI_video_strm_V_id_V_1_areset_d          |   1|   0|    1|          0|
    |AXI_video_strm_V_id_V_1_mVld              |   1|   0|    1|          0|
    |AXI_video_strm_V_keep_V_1_areset_d        |   1|   0|    1|          0|
    |AXI_video_strm_V_keep_V_1_mVld            |   1|   0|    1|          0|
    |AXI_video_strm_V_last_V_1_areset_d        |   1|   0|    1|          0|
    |AXI_video_strm_V_last_V_1_data_reg        |   1|   0|    1|          0|
    |AXI_video_strm_V_last_V_1_mVld            |   1|   0|    1|          0|
    |AXI_video_strm_V_strb_V_1_areset_d        |   1|   0|    1|          0|
    |AXI_video_strm_V_strb_V_1_mVld            |   1|   0|    1|          0|
    |AXI_video_strm_V_user_V_1_areset_d        |   1|   0|    1|          0|
    |AXI_video_strm_V_user_V_1_data_reg        |   1|   0|    1|          0|
    |AXI_video_strm_V_user_V_1_mVld            |   1|   0|    1|          0|
    |ap_CS_fsm                                 |   4|   0|    4|          0|
    |ap_done_reg                               |   1|   0|    1|          0|
    |ap_reg_ppiten_pp0_it0                     |   1|   0|    1|          0|
    |ap_reg_ppiten_pp0_it1                     |   1|   0|    1|          0|
    |ap_reg_ppiten_pp0_it2                     |   1|   0|    1|          0|
    |ap_reg_ppstg_exitcond6_reg_234_pp0_iter1  |   1|   0|    1|          0|
    |axi_last_V_reg_243                        |   1|   0|    1|          0|
    |exitcond6_reg_234                         |   1|   0|    1|          0|
    |i_V_reg_229                               |   9|   0|    9|          0|
    |p_4_reg_152                               |  10|   0|   10|          0|
    |p_s_reg_141                               |   9|   0|    9|          0|
    |tmp_user_V_fu_90                          |   1|   0|    1|          0|
    +------------------------------------------+----+----+-----+-----------+
    |Total                                     |  80|   0|   80|          0|
    +------------------------------------------+----+----+-----+-----------+



================================================================
== Interface
================================================================
* Summary: 
+-----------------------------+-----+-----+------------+---------------------------+--------------+
|          RTL Ports          | Dir | Bits|  Protocol  |       Source Object       |    C Type    |
+-----------------------------+-----+-----+------------+---------------------------+--------------+
|ap_clk                       |  in |    1| ap_ctrl_hs | pynq_filters_Mat2AXIvideo | return value |
|ap_rst                       |  in |    1| ap_ctrl_hs | pynq_filters_Mat2AXIvideo | return value |
|ap_start                     |  in |    1| ap_ctrl_hs | pynq_filters_Mat2AXIvideo | return value |
|ap_done                      | out |    1| ap_ctrl_hs | pynq_filters_Mat2AXIvideo | return value |
|ap_continue                  |  in |    1| ap_ctrl_hs | pynq_filters_Mat2AXIvideo | return value |
|ap_idle                      | out |    1| ap_ctrl_hs | pynq_filters_Mat2AXIvideo | return value |
|ap_ready                     | out |    1| ap_ctrl_hs | pynq_filters_Mat2AXIvideo | return value |
|img_data_stream_0_V_dout     |  in |    8|   ap_fifo  |    img_data_stream_0_V    |    pointer   |
|img_data_stream_0_V_empty_n  |  in |    1|   ap_fifo  |    img_data_stream_0_V    |    pointer   |
|img_data_stream_0_V_read     | out |    1|   ap_fifo  |    img_data_stream_0_V    |    pointer   |
|img_data_stream_1_V_dout     |  in |    8|   ap_fifo  |    img_data_stream_1_V    |    pointer   |
|img_data_stream_1_V_empty_n  |  in |    1|   ap_fifo  |    img_data_stream_1_V    |    pointer   |
|img_data_stream_1_V_read     | out |    1|   ap_fifo  |    img_data_stream_1_V    |    pointer   |
|img_data_stream_2_V_dout     |  in |    8|   ap_fifo  |    img_data_stream_2_V    |    pointer   |
|img_data_stream_2_V_empty_n  |  in |    1|   ap_fifo  |    img_data_stream_2_V    |    pointer   |
|img_data_stream_2_V_read     | out |    1|   ap_fifo  |    img_data_stream_2_V    |    pointer   |
|out_data_TDATA               | out |   24|    axis    |  AXI_video_strm_V_data_V  |    pointer   |
|out_data_TVALID              | out |    1|    axis    |  AXI_video_strm_V_dest_V  |    pointer   |
|out_data_TREADY              |  in |    1|    axis    |  AXI_video_strm_V_dest_V  |    pointer   |
|out_data_TDEST               | out |    1|    axis    |  AXI_video_strm_V_dest_V  |    pointer   |
|out_data_TKEEP               | out |    3|    axis    |  AXI_video_strm_V_keep_V  |    pointer   |
|out_data_TSTRB               | out |    3|    axis    |  AXI_video_strm_V_strb_V  |    pointer   |
|out_data_TUSER               | out |    1|    axis    |  AXI_video_strm_V_user_V  |    pointer   |
|out_data_TLAST               | out |    1|    axis    |  AXI_video_strm_V_last_V  |    pointer   |
|out_data_TID                 | out |    1|    axis    |   AXI_video_strm_V_id_V   |    pointer   |
+-----------------------------+-----+-----+------------+---------------------------+--------------+

============================================================
+ Verbose Summary: Synthesis Manager
============================================================
InlineROM: 1
ExposeGlobal: 0
============================================================
+ Verbose Summary: CDFG Model
============================================================
IsTopModel: 0
ResetActiveHigh: 1
IsCombinational: 2
IsDatapathOnly: 0
HasWiredReturn: 1
HasMFsm: 0
HasVarLatency: 1
IsPipeline: 0
IsRtlPipelined: 0
IsInstanceOverlapped: 0
IsDontTouch: 0
HasImplIP: 0
IsGatedGlobalClock: 0

+ Individual pipeline summary: 
  * Pipeline-0: initiation interval (II) = 1, depth = 3


============================================================
+ Verbose Summary: Schedule
============================================================
* Number of FSM states: 6
* Pipeline: 1
  Pipeline-0: II = 1, D = 3, States = { 3 4 5 }
* Dataflow Pipeline: 0

* FSM state transitions: 
1 --> 
	2  / true
2 --> 
	3  / (!exitcond5)
3 --> 
	6  / (exitcond6)
	4  / (!exitcond6)
4 --> 
	5  / true
5 --> 
	3  / true
6 --> 
	2  / true
* FSM state operations: 

 <State 1>: 1.57ns
ST_1: tmp_user_V [1/1] 0.00ns
._crit_edge:0  %tmp_user_V = alloca i1

ST_1: stg_8 [1/1] 0.00ns
._crit_edge:1  call void (...)* @_ssdm_op_SpecInterface(i8* %img_data_stream_2_V, [8 x i8]* @ap_fifo_str, i32 0, i32 0, i32 0, i32 0, [1 x i8]* @p_str, [1 x i8]* @p_str, [1 x i8]* @p_str, i32 2, i32 2, i32 16, i32 16, [1 x i8]* @p_str)

ST_1: stg_9 [1/1] 0.00ns
._crit_edge:2  call void (...)* @_ssdm_op_SpecInterface(i8* %img_data_stream_1_V, [8 x i8]* @ap_fifo_str, i32 0, i32 0, i32 0, i32 0, [1 x i8]* @p_str, [1 x i8]* @p_str, [1 x i8]* @p_str, i32 2, i32 2, i32 16, i32 16, [1 x i8]* @p_str)

ST_1: stg_10 [1/1] 0.00ns
._crit_edge:3  call void (...)* @_ssdm_op_SpecInterface(i8* %img_data_stream_0_V, [8 x i8]* @ap_fifo_str, i32 0, i32 0, i32 0, i32 0, [1 x i8]* @p_str, [1 x i8]* @p_str, [1 x i8]* @p_str, i32 2, i32 2, i32 16, i32 16, [1 x i8]* @p_str)

ST_1: stg_11 [1/1] 0.00ns
._crit_edge:4  call void (...)* @_ssdm_op_SpecInterface(i24* %AXI_video_strm_V_data_V, i3* %AXI_video_strm_V_keep_V, i3* %AXI_video_strm_V_strb_V, i1* %AXI_video_strm_V_user_V, i1* %AXI_video_strm_V_last_V, i1* %AXI_video_strm_V_id_V, i1* %AXI_video_strm_V_dest_V, [5 x i8]* @p_str1808, i32 1, i32 1, i32 0, i32 0, [1 x i8]* @p_str1806, [1 x i8]* @p_str1806, [1 x i8]* @p_str1806, i32 0, i32 0, i32 0, i32 0, [1 x i8]* @p_str1806) nounwind

ST_1: stg_12 [1/1] 1.57ns
._crit_edge:5  store i1 true, i1* %tmp_user_V

ST_1: stg_13 [1/1] 1.57ns
._crit_edge:6  br label %0


 <State 2>: 3.40ns
ST_2: p_s [1/1] 0.00ns
:0  %p_s = phi i9 [ 0, %._crit_edge ], [ %i_V, %3 ]

ST_2: exitcond5 [1/1] 2.03ns
:1  %exitcond5 = icmp eq i9 %p_s, -32

ST_2: stg_16 [1/1] 0.00ns
:2  call void (...)* @_ssdm_op_SpecLoopTripCount(i64 480, i64 480, i64 480)

ST_2: i_V [1/1] 1.84ns
:3  %i_V = add i9 %p_s, 1

ST_2: stg_18 [1/1] 0.00ns
:4  br i1 %exitcond5, label %4, label %1

ST_2: stg_19 [1/1] 0.00ns
:0  call void (...)* @_ssdm_op_SpecLoopName([12 x i8]* @p_str1817) nounwind

ST_2: tmp [1/1] 0.00ns
:1  %tmp = call i32 (...)* @_ssdm_op_SpecRegionBegin([12 x i8]* @p_str1817)

ST_2: stg_21 [1/1] 1.57ns
:2  br label %2

ST_2: stg_22 [1/1] 0.00ns
:0  ret void


 <State 3>: 3.44ns
ST_3: p_4 [1/1] 0.00ns
:0  %p_4 = phi i10 [ 0, %1 ], [ %j_V, %"operator>>.exit" ]

ST_3: exitcond6 [1/1] 2.07ns
:1  %exitcond6 = icmp eq i10 %p_4, -384

ST_3: stg_25 [1/1] 0.00ns
:2  call void (...)* @_ssdm_op_SpecLoopTripCount(i64 640, i64 640, i64 640)

ST_3: j_V [1/1] 1.84ns
:3  %j_V = add i10 %p_4, 1

ST_3: stg_27 [1/1] 0.00ns
:4  br i1 %exitcond6, label %3, label %"operator>>.exit"

ST_3: axi_last_V [1/1] 2.07ns
operator>>.exit:4  %axi_last_V = icmp eq i10 %p_4, -385


 <State 4>: 4.38ns
ST_4: tmp_user_V_load [1/1] 0.00ns
operator>>.exit:0  %tmp_user_V_load = load i1* %tmp_user_V

ST_4: tmp_25 [1/1] 0.00ns
operator>>.exit:5  %tmp_25 = call i32 (...)* @_ssdm_op_SpecRegionBegin([13 x i8]* @p_str1867)

ST_4: stg_31 [1/1] 0.00ns
operator>>.exit:6  call void (...)* @_ssdm_op_SpecProtocol(i32 0, [1 x i8]* @p_str1806) nounwind

ST_4: tmp_63 [1/1] 4.38ns
operator>>.exit:7  %tmp_63 = call i8 @_ssdm_op_Read.ap_fifo.volatile.i8P(i8* %img_data_stream_0_V)

ST_4: tmp_64 [1/1] 4.38ns
operator>>.exit:8  %tmp_64 = call i8 @_ssdm_op_Read.ap_fifo.volatile.i8P(i8* %img_data_stream_1_V)

ST_4: tmp_62 [1/1] 4.38ns
operator>>.exit:9  %tmp_62 = call i8 @_ssdm_op_Read.ap_fifo.volatile.i8P(i8* %img_data_stream_2_V)

ST_4: empty [1/1] 0.00ns
operator>>.exit:10  %empty = call i32 (...)* @_ssdm_op_SpecRegionEnd([13 x i8]* @p_str1867, i32 %tmp_25)

ST_4: tmp_data_V [1/1] 0.00ns
operator>>.exit:11  %tmp_data_V = call i24 @_ssdm_op_BitConcatenate.i24.i8.i8.i8(i8 %tmp_62, i8 %tmp_64, i8 %tmp_63)

ST_4: stg_37 [2/2] 0.00ns
operator>>.exit:12  call void @_ssdm_op_Write.axis.volatile.i24P.i3P.i3P.i1P.i1P.i1P.i1P(i24* %AXI_video_strm_V_data_V, i3* %AXI_video_strm_V_keep_V, i3* %AXI_video_strm_V_strb_V, i1* %AXI_video_strm_V_user_V, i1* %AXI_video_strm_V_last_V, i1* %AXI_video_strm_V_id_V, i1* %AXI_video_strm_V_dest_V, i24 %tmp_data_V, i3 -1, i3 undef, i1 %tmp_user_V_load, i1 %axi_last_V, i1 undef, i1 undef)

ST_4: stg_38 [1/1] 1.57ns
operator>>.exit:14  store i1 false, i1* %tmp_user_V


 <State 5>: 0.00ns
ST_5: stg_39 [1/1] 0.00ns
operator>>.exit:1  call void (...)* @_ssdm_op_SpecLoopName([11 x i8]* @p_str1818) nounwind

ST_5: tmp_24 [1/1] 0.00ns
operator>>.exit:2  %tmp_24 = call i32 (...)* @_ssdm_op_SpecRegionBegin([11 x i8]* @p_str1818)

ST_5: stg_41 [1/1] 0.00ns
operator>>.exit:3  call void (...)* @_ssdm_op_SpecPipeline(i32 1, i32 1, i32 1, i32 0, [1 x i8]* @p_str1806) nounwind

ST_5: stg_42 [1/2] 0.00ns
operator>>.exit:12  call void @_ssdm_op_Write.axis.volatile.i24P.i3P.i3P.i1P.i1P.i1P.i1P(i24* %AXI_video_strm_V_data_V, i3* %AXI_video_strm_V_keep_V, i3* %AXI_video_strm_V_strb_V, i1* %AXI_video_strm_V_user_V, i1* %AXI_video_strm_V_last_V, i1* %AXI_video_strm_V_id_V, i1* %AXI_video_strm_V_dest_V, i24 %tmp_data_V, i3 -1, i3 undef, i1 %tmp_user_V_load, i1 %axi_last_V, i1 undef, i1 undef)

ST_5: empty_134 [1/1] 0.00ns
operator>>.exit:13  %empty_134 = call i32 (...)* @_ssdm_op_SpecRegionEnd([11 x i8]* @p_str1818, i32 %tmp_24)

ST_5: stg_44 [1/1] 0.00ns
operator>>.exit:15  br label %2


 <State 6>: 0.00ns
ST_6: empty_135 [1/1] 0.00ns
:0  %empty_135 = call i32 (...)* @_ssdm_op_SpecRegionEnd([12 x i8]* @p_str1817, i32 %tmp)

ST_6: stg_46 [1/1] 0.00ns
:1  br label %0



============================================================
+ Verbose Summary: Binding
============================================================
STG Binding: 
---------------- STG Properties BEGIN ----------------
- Is combinational: 0
- Is one-state seq: 0
- Is datapath-only: 0
- Is clock enabled: 0
- Is pipelined: 0
- Is top level: 0
Port [ Return ] is wired: 1; IO mode=ap_ctrl_hs:ce=0
Port [ img_data_stream_0_V]:  wired=1; compound=1; hidden=0; nouse=0; global=0; static=0; extern=0; dir=0; type=3; pingpong=0; private_global=0; IO mode=ap_fifo:ce=0
Port [ img_data_stream_1_V]:  wired=1; compound=1; hidden=0; nouse=0; global=0; static=0; extern=0; dir=0; type=3; pingpong=0; private_global=0; IO mode=ap_fifo:ce=0
Port [ img_data_stream_2_V]:  wired=1; compound=1; hidden=0; nouse=0; global=0; static=0; extern=0; dir=0; type=3; pingpong=0; private_global=0; IO mode=ap_fifo:ce=0
Port [ AXI_video_strm_V_data_V]:  wired=1; compound=1; hidden=0; nouse=0; global=0; static=0; extern=0; dir=1; type=0; pingpong=0; private_global=0; IO mode=axis:ce=0
Port [ AXI_video_strm_V_keep_V]:  wired=1; compound=1; hidden=0; nouse=0; global=0; static=0; extern=0; dir=1; type=0; pingpong=0; private_global=0; IO mode=axis:ce=0
Port [ AXI_video_strm_V_strb_V]:  wired=1; compound=1; hidden=0; nouse=0; global=0; static=0; extern=0; dir=1; type=0; pingpong=0; private_global=0; IO mode=axis:ce=0
Port [ AXI_video_strm_V_user_V]:  wired=1; compound=1; hidden=0; nouse=0; global=0; static=0; extern=0; dir=1; type=0; pingpong=0; private_global=0; IO mode=axis:ce=0
Port [ AXI_video_strm_V_last_V]:  wired=1; compound=1; hidden=0; nouse=0; global=0; static=0; extern=0; dir=1; type=0; pingpong=0; private_global=0; IO mode=axis:ce=0
Port [ AXI_video_strm_V_id_V]:  wired=1; compound=1; hidden=0; nouse=0; global=0; static=0; extern=0; dir=1; type=0; pingpong=0; private_global=0; IO mode=axis:ce=0
Port [ AXI_video_strm_V_dest_V]:  wired=1; compound=1; hidden=0; nouse=0; global=0; static=0; extern=0; dir=1; type=0; pingpong=0; private_global=0; IO mode=axis:ce=0
---------------- STG Properties END ------------------

---------------- Datapath Model BEGIN ----------------

<LifeTime>
<method=bitvector/>
tmp_user_V      (alloca           ) [ 0111111]
stg_8           (specinterface    ) [ 0000000]
stg_9           (specinterface    ) [ 0000000]
stg_10          (specinterface    ) [ 0000000]
stg_11          (specinterface    ) [ 0000000]
stg_12          (store            ) [ 0000000]
stg_13          (br               ) [ 0111111]
p_s             (phi              ) [ 0010000]
exitcond5       (icmp             ) [ 0011111]
stg_16          (speclooptripcount) [ 0000000]
i_V             (add              ) [ 0111111]
stg_18          (br               ) [ 0000000]
stg_19          (specloopname     ) [ 0000000]
tmp             (specregionbegin  ) [ 0001111]
stg_21          (br               ) [ 0011111]
stg_22          (ret              ) [ 0000000]
p_4             (phi              ) [ 0001000]
exitcond6       (icmp             ) [ 0011111]
stg_25          (speclooptripcount) [ 0000000]
j_V             (add              ) [ 0011111]
stg_27          (br               ) [ 0000000]
axi_last_V      (icmp             ) [ 0001110]
tmp_user_V_load (load             ) [ 0001010]
tmp_25          (specregionbegin  ) [ 0000000]
stg_31          (specprotocol     ) [ 0000000]
tmp_63          (read             ) [ 0000000]
tmp_64          (read             ) [ 0000000]
tmp_62          (read             ) [ 0000000]
empty           (specregionend    ) [ 0000000]
tmp_data_V      (bitconcatenate   ) [ 0001010]
stg_38          (store            ) [ 0000000]
stg_39          (specloopname     ) [ 0000000]
tmp_24          (specregionbegin  ) [ 0000000]
stg_41          (specpipeline     ) [ 0000000]
stg_42          (write            ) [ 0000000]
empty_134       (specregionend    ) [ 0000000]
stg_44          (br               ) [ 0011111]
empty_135       (specregionend    ) [ 0000000]
stg_46          (br               ) [ 0111111]
</LifeTime>

<model>

<comp_list>
<comp id="0" class="1000" name="img_data_stream_0_V">
<pin_list>
<pin id="1" dir="1" index="0" bw="1" slack="0"/>
</pin_list>
<bind>
<StgValue><ssdm name="img_data_stream_0_V"/></StgValue>
</bind>
</comp>

<comp id="2" class="1000" name="img_data_stream_1_V">
<pin_list>
<pin id="3" dir="1" index="0" bw="1" slack="0"/>
</pin_list>
<bind>
<StgValue><ssdm name="img_data_stream_1_V"/></StgValue>
</bind>
</comp>

<comp id="4" class="1000" name="img_data_stream_2_V">
<pin_list>
<pin id="5" dir="1" index="0" bw="1" slack="0"/>
</pin_list>
<bind>
<StgValue><ssdm name="img_data_stream_2_V"/></StgValue>
</bind>
</comp>

<comp id="6" class="1000" name="AXI_video_strm_V_data_V">
<pin_list>
<pin id="7" dir="1" index="0" bw="1" slack="0"/>
</pin_list>
<bind>
<StgValue><ssdm name="AXI_video_strm_V_data_V"/></StgValue>
</bind>
</comp>

<comp id="8" class="1000" name="AXI_video_strm_V_keep_V">
<pin_list>
<pin id="9" dir="1" index="0" bw="1" slack="0"/>
</pin_list>
<bind>
<StgValue><ssdm name="AXI_video_strm_V_keep_V"/></StgValue>
</bind>
</comp>

<comp id="10" class="1000" name="AXI_video_strm_V_strb_V">
<pin_list>
<pin id="11" dir="1" index="0" bw="1" slack="0"/>
</pin_list>
<bind>
<StgValue><ssdm name="AXI_video_strm_V_strb_V"/></StgValue>
</bind>
</comp>

<comp id="12" class="1000" name="AXI_video_strm_V_user_V">
<pin_list>
<pin id="13" dir="1" index="0" bw="1" slack="0"/>
</pin_list>
<bind>
<StgValue><ssdm name="AXI_video_strm_V_user_V"/></StgValue>
</bind>
</comp>

<comp id="14" class="1000" name="AXI_video_strm_V_last_V">
<pin_list>
<pin id="15" dir="1" index="0" bw="1" slack="0"/>
</pin_list>
<bind>
<StgValue><ssdm name="AXI_video_strm_V_last_V"/></StgValue>
</bind>
</comp>

<comp id="16" class="1000" name="AXI_video_strm_V_id_V">
<pin_list>
<pin id="17" dir="1" index="0" bw="1" slack="0"/>
</pin_list>
<bind>
<StgValue><ssdm name="AXI_video_strm_V_id_V"/></StgValue>
</bind>
</comp>

<comp id="18" class="1000" name="AXI_video_strm_V_dest_V">
<pin_list>
<pin id="19" dir="1" index="0" bw="1" slack="0"/>
</pin_list>
<bind>
<StgValue><ssdm name="AXI_video_strm_V_dest_V"/></StgValue>
</bind>
</comp>

<comp id="20" class="1001" name="const_20">
<pin_list>
<pin id="21" dir="1" index="0" bw="1" slack="0"/>
</pin_list>
<bind>
<StgValue><ssdm name=""/></StgValue>
</bind>
</comp>

<comp id="22" class="1001" name="const_22">
<pin_list>
<pin id="23" dir="1" index="0" bw="1" slack="2147483647"/>
</pin_list>
<bind>
<StgValue><ssdm name="_ssdm_op_SpecInterface"/></StgValue>
</bind>
</comp>

<comp id="24" class="1001" name="const_24">
<pin_list>
<pin id="25" dir="1" index="0" bw="1" slack="2147483647"/>
</pin_list>
<bind>
<StgValue><ssdm name="ap_fifo_str"/></StgValue>
</bind>
</comp>

<comp id="26" class="1001" name="const_26">
<pin_list>
<pin id="27" dir="1" index="0" bw="1" slack="2147483647"/>
</pin_list>
<bind>
<StgValue><ssdm name=""/></StgValue>
</bind>
</comp>

<comp id="28" class="1001" name="const_28">
<pin_list>
<pin id="29" dir="1" index="0" bw="1" slack="2147483647"/>
</pin_list>
<bind>
<StgValue><ssdm name="p_str"/></StgValue>
</bind>
</comp>

<comp id="30" class="1001" name="const_30">
<pin_list>
<pin id="31" dir="1" index="0" bw="1" slack="2147483647"/>
</pin_list>
<bind>
<StgValue><ssdm name=""/></StgValue>
</bind>
</comp>

<comp id="32" class="1001" name="const_32">
<pin_list>
<pin id="33" dir="1" index="0" bw="1" slack="2147483647"/>
</pin_list>
<bind>
<StgValue><ssdm name=""/></StgValue>
</bind>
</comp>

<comp id="34" class="1001" name="const_34">
<pin_list>
<pin id="35" dir="1" index="0" bw="1" slack="2147483647"/>
</pin_list>
<bind>
<StgValue><ssdm name="p_str1808"/></StgValue>
</bind>
</comp>

<comp id="36" class="1001" name="const_36">
<pin_list>
<pin id="37" dir="1" index="0" bw="1" slack="2147483647"/>
</pin_list>
<bind>
<StgValue><ssdm name="p_str1806"/></StgValue>
</bind>
</comp>

<comp id="38" class="1001" name="const_38">
<pin_list>
<pin id="39" dir="1" index="0" bw="1" slack="0"/>
</pin_list>
<bind>
<StgValue><ssdm name=""/></StgValue>
</bind>
</comp>

<comp id="40" class="1001" name="const_40">
<pin_list>
<pin id="41" dir="1" index="0" bw="1" slack="1"/>
</pin_list>
<bind>
<StgValue><ssdm name=""/></StgValue>
</bind>
</comp>

<comp id="42" class="1001" name="const_42">
<pin_list>
<pin id="43" dir="1" index="0" bw="1" slack="0"/>
</pin_list>
<bind>
<StgValue><ssdm name=""/></StgValue>
</bind>
</comp>

<comp id="44" class="1001" name="const_44">
<pin_list>
<pin id="45" dir="1" index="0" bw="1" slack="2147483647"/>
</pin_list>
<bind>
<StgValue><ssdm name="_ssdm_op_SpecLoopTripCount"/></StgValue>
</bind>
</comp>

<comp id="46" class="1001" name="const_46">
<pin_list>
<pin id="47" dir="1" index="0" bw="1" slack="2147483647"/>
</pin_list>
<bind>
<StgValue><ssdm name=""/></StgValue>
</bind>
</comp>

<comp id="48" class="1001" name="const_48">
<pin_list>
<pin id="49" dir="1" index="0" bw="1" slack="0"/>
</pin_list>
<bind>
<StgValue><ssdm name=""/></StgValue>
</bind>
</comp>

<comp id="50" class="1001" name="const_50">
<pin_list>
<pin id="51" dir="1" index="0" bw="1" slack="2147483647"/>
</pin_list>
<bind>
<StgValue><ssdm name="_ssdm_op_SpecLoopName"/></StgValue>
</bind>
</comp>

<comp id="52" class="1001" name="const_52">
<pin_list>
<pin id="53" dir="1" index="0" bw="1" slack="2147483647"/>
</pin_list>
<bind>
<StgValue><ssdm name="p_str1817"/></StgValue>
</bind>
</comp>

<comp id="54" class="1001" name="const_54">
<pin_list>
<pin id="55" dir="1" index="0" bw="1" slack="2147483647"/>
</pin_list>
<bind>
<StgValue><ssdm name="_ssdm_op_SpecRegionBegin"/></StgValue>
</bind>
</comp>

<comp id="56" class="1001" name="const_56">
<pin_list>
<pin id="57" dir="1" index="0" bw="1" slack="1"/>
</pin_list>
<bind>
<StgValue><ssdm name=""/></StgValue>
</bind>
</comp>

<comp id="58" class="1001" name="const_58">
<pin_list>
<pin id="59" dir="1" index="0" bw="1" slack="0"/>
</pin_list>
<bind>
<StgValue><ssdm name=""/></StgValue>
</bind>
</comp>

<comp id="60" class="1001" name="const_60">
<pin_list>
<pin id="61" dir="1" index="0" bw="1" slack="2147483647"/>
</pin_list>
<bind>
<StgValue><ssdm name=""/></StgValue>
</bind>
</comp>

<comp id="62" class="1001" name="const_62">
<pin_list>
<pin id="63" dir="1" index="0" bw="1" slack="0"/>
</pin_list>
<bind>
<StgValue><ssdm name=""/></StgValue>
</bind>
</comp>

<comp id="64" class="1001" name="const_64">
<pin_list>
<pin id="65" dir="1" index="0" bw="1" slack="0"/>
</pin_list>
<bind>
<StgValue><ssdm name=""/></StgValue>
</bind>
</comp>

<comp id="66" class="1001" name="const_66">
<pin_list>
<pin id="67" dir="1" index="0" bw="1" slack="2147483647"/>
</pin_list>
<bind>
<StgValue><ssdm name="p_str1867"/></StgValue>
</bind>
</comp>

<comp id="68" class="1001" name="const_68">
<pin_list>
<pin id="69" dir="1" index="0" bw="1" slack="2147483647"/>
</pin_list>
<bind>
<StgValue><ssdm name="_ssdm_op_SpecProtocol"/></StgValue>
</bind>
</comp>

<comp id="70" class="1001" name="const_70">
<pin_list>
<pin id="71" dir="1" index="0" bw="1" slack="0"/>
</pin_list>
<bind>
<StgValue><ssdm name="_ssdm_op_Read.ap_fifo.volatile.i8P"/></StgValue>
</bind>
</comp>

<comp id="72" class="1001" name="const_72">
<pin_list>
<pin id="73" dir="1" index="0" bw="1" slack="2147483647"/>
</pin_list>
<bind>
<StgValue><ssdm name="_ssdm_op_SpecRegionEnd"/></StgValue>
</bind>
</comp>

<comp id="74" class="1001" name="const_74">
<pin_list>
<pin id="75" dir="1" index="0" bw="1" slack="0"/>
</pin_list>
<bind>
<StgValue><ssdm name="_ssdm_op_BitConcatenate.i24.i8.i8.i8"/></StgValue>
</bind>
</comp>

<comp id="76" class="1001" name="const_76">
<pin_list>
<pin id="77" dir="1" index="0" bw="1" slack="0"/>
</pin_list>
<bind>
<StgValue><ssdm name="_ssdm_op_Write.axis.volatile.i24P.i3P.i3P.i1P.i1P.i1P.i1P"/></StgValue>
</bind>
</comp>

<comp id="78" class="1001" name="const_78">
<pin_list>
<pin id="79" dir="1" index="0" bw="1" slack="0"/>
</pin_list>
<bind>
<StgValue><ssdm name=""/></StgValue>
</bind>
</comp>

<comp id="80" class="1001" name="const_80">
<pin_list>
<pin id="81" dir="1" index="0" bw="1" slack="0"/>
</pin_list>
<bind>
<StgValue><ssdm name=""/></StgValue>
</bind>
</comp>

<comp id="82" class="1001" name="const_82">
<pin_list>
<pin id="83" dir="1" index="0" bw="1" slack="0"/>
</pin_list>
<bind>
<StgValue><ssdm name=""/></StgValue>
</bind>
</comp>

<comp id="84" class="1001" name="const_84">
<pin_list>
<pin id="85" dir="1" index="0" bw="1" slack="0"/>
</pin_list>
<bind>
<StgValue><ssdm name=""/></StgValue>
</bind>
</comp>

<comp id="86" class="1001" name="const_86">
<pin_list>
<pin id="87" dir="1" index="0" bw="1" slack="2147483647"/>
</pin_list>
<bind>
<StgValue><ssdm name="p_str1818"/></StgValue>
</bind>
</comp>

<comp id="88" class="1001" name="const_88">
<pin_list>
<pin id="89" dir="1" index="0" bw="1" slack="2147483647"/>
</pin_list>
<bind>
<StgValue><ssdm name="_ssdm_op_SpecPipeline"/></StgValue>
</bind>
</comp>

<comp id="90" class="1004" name="tmp_user_V_fu_90">
<pin_list>
<pin id="91" dir="0" index="0" bw="1" slack="0"/>
<pin id="92" dir="1" index="1" bw="1" slack="0"/>
</pin_list>
<bind>
<opcode="alloca(26) " fcode="alloca"/>
<opset="tmp_user_V/1 "/>
</bind>
</comp>

<comp id="94" class="1004" name="tmp_63_read_fu_94">
<pin_list>
<pin id="95" dir="0" index="0" bw="8" slack="0"/>
<pin id="96" dir="0" index="1" bw="8" slack="0"/>
<pin id="97" dir="1" index="2" bw="8" slack="0"/>
</pin_list>
<bind>
<opcode="read(1150) " fcode="read"/>
<opset="tmp_63/4 "/>
</bind>
</comp>

<comp id="100" class="1004" name="tmp_64_read_fu_100">
<pin_list>
<pin id="101" dir="0" index="0" bw="8" slack="0"/>
<pin id="102" dir="0" index="1" bw="8" slack="0"/>
<pin id="103" dir="1" index="2" bw="8" slack="0"/>
</pin_list>
<bind>
<opcode="read(1150) " fcode="read"/>
<opset="tmp_64/4 "/>
</bind>
</comp>

<comp id="106" class="1004" name="tmp_62_read_fu_106">
<pin_list>
<pin id="107" dir="0" index="0" bw="8" slack="0"/>
<pin id="108" dir="0" index="1" bw="8" slack="0"/>
<pin id="109" dir="1" index="2" bw="8" slack="0"/>
</pin_list>
<bind>
<opcode="read(1150) " fcode="read"/>
<opset="tmp_62/4 "/>
</bind>
</comp>

<comp id="112" class="1004" name="grp_write_fu_112">
<pin_list>
<pin id="113" dir="0" index="0" bw="0" slack="0"/>
<pin id="114" dir="0" index="1" bw="24" slack="0"/>
<pin id="115" dir="0" index="2" bw="3" slack="0"/>
<pin id="116" dir="0" index="3" bw="3" slack="0"/>
<pin id="117" dir="0" index="4" bw="1" slack="0"/>
<pin id="118" dir="0" index="5" bw="1" slack="0"/>
<pin id="119" dir="0" index="6" bw="1" slack="0"/>
<pin id="120" dir="0" index="7" bw="1" slack="0"/>
<pin id="121" dir="0" index="8" bw="24" slack="0"/>
<pin id="122" dir="0" index="9" bw="1" slack="0"/>
<pin id="123" dir="0" index="10" bw="1" slack="0"/>
<pin id="124" dir="0" index="11" bw="1" slack="0"/>
<pin id="125" dir="0" index="12" bw="1" slack="1"/>
<pin id="126" dir="0" index="13" bw="1" slack="0"/>
<pin id="127" dir="0" index="14" bw="1" slack="0"/>
<pin id="128" dir="1" index="15" bw="0" slack="2147483647"/>
</pin_list>
<bind>
<opcode="write(1151) " fcode="write"/>
<opset="stg_37/4 "/>
</bind>
</comp>

<comp id="141" class="1005" name="p_s_reg_141">
<pin_list>
<pin id="142" dir="0" index="0" bw="9" slack="1"/>
<pin id="143" dir="1" index="1" bw="9" slack="1"/>
</pin_list>
<bind>
<opset="p_s (phireg) "/>
</bind>
</comp>

<comp id="145" class="1004" name="p_s_phi_fu_145">
<pin_list>
<pin id="146" dir="0" index="0" bw="1" slack="1"/>
<pin id="147" dir="0" index="1" bw="0" slack="2147483647"/>
<pin id="148" dir="0" index="2" bw="9" slack="0"/>
<pin id="149" dir="0" index="3" bw="0" slack="2147483647"/>
<pin id="150" dir="1" index="4" bw="9" slack="0"/>
</pin_list>
<bind>
<opcode="phi(47) " fcode="phi"/>
<opset="p_s/2 "/>
</bind>
</comp>

<comp id="152" class="1005" name="p_4_reg_152">
<pin_list>
<pin id="153" dir="0" index="0" bw="10" slack="1"/>
<pin id="154" dir="1" index="1" bw="10" slack="1"/>
</pin_list>
<bind>
<opset="p_4 (phireg) "/>
</bind>
</comp>

<comp id="156" class="1004" name="p_4_phi_fu_156">
<pin_list>
<pin id="157" dir="0" index="0" bw="1" slack="1"/>
<pin id="158" dir="0" index="1" bw="0" slack="2147483647"/>
<pin id="159" dir="0" index="2" bw="10" slack="0"/>
<pin id="160" dir="0" index="3" bw="0" slack="2147483647"/>
<pin id="161" dir="1" index="4" bw="10" slack="0"/>
</pin_list>
<bind>
<opcode="phi(47) " fcode="phi"/>
<opset="p_4/3 "/>
</bind>
</comp>

<comp id="163" class="1004" name="stg_12_store_fu_163">
<pin_list>
<pin id="164" dir="0" index="0" bw="1" slack="0"/>
<pin id="165" dir="0" index="1" bw="1" slack="0"/>
<pin id="166" dir="1" index="2" bw="0" slack="2147483647"/>
</pin_list>
<bind>
<opcode="store(28) " fcode="store"/>
<opset="stg_12/1 "/>
</bind>
</comp>

<comp id="168" class="1004" name="exitcond5_fu_168">
<pin_list>
<pin id="169" dir="0" index="0" bw="9" slack="0"/>
<pin id="170" dir="0" index="1" bw="9" slack="0"/>
<pin id="171" dir="1" index="2" bw="1" slack="1"/>
</pin_list>
<bind>
<opcode="icmp(45) " fcode="icmp"/>
<opset="exitcond5/2 "/>
</bind>
</comp>

<comp id="174" class="1004" name="i_V_fu_174">
<pin_list>
<pin id="175" dir="0" index="0" bw="9" slack="0"/>
<pin id="176" dir="0" index="1" bw="1" slack="0"/>
<pin id="177" dir="1" index="2" bw="9" slack="0"/>
</pin_list>
<bind>
<opcode="add(8) " fcode="add"/>
<opset="i_V/2 "/>
</bind>
</comp>

<comp id="180" class="1004" name="exitcond6_fu_180">
<pin_list>
<pin id="181" dir="0" index="0" bw="10" slack="0"/>
<pin id="182" dir="0" index="1" bw="10" slack="0"/>
<pin id="183" dir="1" index="2" bw="1" slack="1"/>
</pin_list>
<bind>
<opcode="icmp(45) " fcode="icmp"/>
<opset="exitcond6/3 "/>
</bind>
</comp>

<comp id="186" class="1004" name="j_V_fu_186">
<pin_list>
<pin id="187" dir="0" index="0" bw="10" slack="0"/>
<pin id="188" dir="0" index="1" bw="1" slack="0"/>
<pin id="189" dir="1" index="2" bw="10" slack="0"/>
</pin_list>
<bind>
<opcode="add(8) " fcode="add"/>
<opset="j_V/3 "/>
</bind>
</comp>

<comp id="192" class="1004" name="axi_last_V_fu_192">
<pin_list>
<pin id="193" dir="0" index="0" bw="10" slack="0"/>
<pin id="194" dir="0" index="1" bw="10" slack="0"/>
<pin id="195" dir="1" index="2" bw="1" slack="1"/>
</pin_list>
<bind>
<opcode="icmp(45) " fcode="icmp"/>
<opset="axi_last_V/3 "/>
</bind>
</comp>

<comp id="198" class="1004" name="tmp_user_V_load_load_fu_198">
<pin_list>
<pin id="199" dir="0" index="0" bw="1" slack="3"/>
<pin id="200" dir="1" index="1" bw="1" slack="0"/>
</pin_list>
<bind>
<opcode="load(27) " fcode="load"/>
<opset="tmp_user_V_load/4 "/>
</bind>
</comp>

<comp id="202" class="1004" name="tmp_data_V_fu_202">
<pin_list>
<pin id="203" dir="0" index="0" bw="24" slack="0"/>
<pin id="204" dir="0" index="1" bw="8" slack="0"/>
<pin id="205" dir="0" index="2" bw="8" slack="0"/>
<pin id="206" dir="0" index="3" bw="8" slack="0"/>
<pin id="207" dir="1" index="4" bw="24" slack="0"/>
</pin_list>
<bind>
<opcode="bitconcatenate(1004) " fcode="bitconcatenate"/>
<opset="tmp_data_V/4 "/>
</bind>
</comp>

<comp id="213" class="1004" name="stg_38_store_fu_213">
<pin_list>
<pin id="214" dir="0" index="0" bw="1" slack="0"/>
<pin id="215" dir="0" index="1" bw="1" slack="3"/>
<pin id="216" dir="1" index="2" bw="0" slack="2147483647"/>
</pin_list>
<bind>
<opcode="store(28) " fcode="store"/>
<opset="stg_38/4 "/>
</bind>
</comp>

<comp id="218" class="1005" name="tmp_user_V_reg_218">
<pin_list>
<pin id="219" dir="0" index="0" bw="1" slack="0"/>
<pin id="220" dir="1" index="1" bw="1" slack="0"/>
</pin_list>
<bind>
<opset="tmp_user_V "/>
</bind>
</comp>

<comp id="225" class="1005" name="exitcond5_reg_225">
<pin_list>
<pin id="226" dir="0" index="0" bw="1" slack="1"/>
<pin id="227" dir="1" index="1" bw="1" slack="2147483647"/>
</pin_list>
<bind>
<opset="exitcond5 "/>
</bind>
</comp>

<comp id="229" class="1005" name="i_V_reg_229">
<pin_list>
<pin id="230" dir="0" index="0" bw="9" slack="0"/>
<pin id="231" dir="1" index="1" bw="9" slack="0"/>
</pin_list>
<bind>
<opset="i_V "/>
</bind>
</comp>

<comp id="234" class="1005" name="exitcond6_reg_234">
<pin_list>
<pin id="235" dir="0" index="0" bw="1" slack="1"/>
<pin id="236" dir="1" index="1" bw="1" slack="2147483647"/>
</pin_list>
<bind>
<opset="exitcond6 "/>
</bind>
</comp>

<comp id="238" class="1005" name="j_V_reg_238">
<pin_list>
<pin id="239" dir="0" index="0" bw="10" slack="0"/>
<pin id="240" dir="1" index="1" bw="10" slack="0"/>
</pin_list>
<bind>
<opset="j_V "/>
</bind>
</comp>

<comp id="243" class="1005" name="axi_last_V_reg_243">
<pin_list>
<pin id="244" dir="0" index="0" bw="1" slack="1"/>
<pin id="245" dir="1" index="1" bw="1" slack="1"/>
</pin_list>
<bind>
<opset="axi_last_V "/>
</bind>
</comp>

<comp id="248" class="1005" name="tmp_user_V_load_reg_248">
<pin_list>
<pin id="249" dir="0" index="0" bw="1" slack="1"/>
<pin id="250" dir="1" index="1" bw="1" slack="1"/>
</pin_list>
<bind>
<opset="tmp_user_V_load "/>
</bind>
</comp>

<comp id="253" class="1005" name="tmp_data_V_reg_253">
<pin_list>
<pin id="254" dir="0" index="0" bw="24" slack="1"/>
<pin id="255" dir="1" index="1" bw="24" slack="1"/>
</pin_list>
<bind>
<opset="tmp_data_V "/>
</bind>
</comp>

</comp_list>

<net_list>
<net id="93"><net_src comp="20" pin="0"/><net_sink comp="90" pin=0"/></net>

<net id="98"><net_src comp="70" pin="0"/><net_sink comp="94" pin=0"/></net>

<net id="99"><net_src comp="0" pin="0"/><net_sink comp="94" pin=1"/></net>

<net id="104"><net_src comp="70" pin="0"/><net_sink comp="100" pin=0"/></net>

<net id="105"><net_src comp="2" pin="0"/><net_sink comp="100" pin=1"/></net>

<net id="110"><net_src comp="70" pin="0"/><net_sink comp="106" pin=0"/></net>

<net id="111"><net_src comp="4" pin="0"/><net_sink comp="106" pin=1"/></net>

<net id="129"><net_src comp="76" pin="0"/><net_sink comp="112" pin=0"/></net>

<net id="130"><net_src comp="6" pin="0"/><net_sink comp="112" pin=1"/></net>

<net id="131"><net_src comp="8" pin="0"/><net_sink comp="112" pin=2"/></net>

<net id="132"><net_src comp="10" pin="0"/><net_sink comp="112" pin=3"/></net>

<net id="133"><net_src comp="12" pin="0"/><net_sink comp="112" pin=4"/></net>

<net id="134"><net_src comp="14" pin="0"/><net_sink comp="112" pin=5"/></net>

<net id="135"><net_src comp="16" pin="0"/><net_sink comp="112" pin=6"/></net>

<net id="136"><net_src comp="18" pin="0"/><net_sink comp="112" pin=7"/></net>

<net id="137"><net_src comp="78" pin="0"/><net_sink comp="112" pin=9"/></net>

<net id="138"><net_src comp="80" pin="0"/><net_sink comp="112" pin=10"/></net>

<net id="139"><net_src comp="82" pin="0"/><net_sink comp="112" pin=13"/></net>

<net id="140"><net_src comp="82" pin="0"/><net_sink comp="112" pin=14"/></net>

<net id="144"><net_src comp="40" pin="0"/><net_sink comp="141" pin=0"/></net>

<net id="151"><net_src comp="141" pin="1"/><net_sink comp="145" pin=0"/></net>

<net id="155"><net_src comp="56" pin="0"/><net_sink comp="152" pin=0"/></net>

<net id="162"><net_src comp="152" pin="1"/><net_sink comp="156" pin=0"/></net>

<net id="167"><net_src comp="38" pin="0"/><net_sink comp="163" pin=0"/></net>

<net id="172"><net_src comp="145" pin="4"/><net_sink comp="168" pin=0"/></net>

<net id="173"><net_src comp="42" pin="0"/><net_sink comp="168" pin=1"/></net>

<net id="178"><net_src comp="145" pin="4"/><net_sink comp="174" pin=0"/></net>

<net id="179"><net_src comp="48" pin="0"/><net_sink comp="174" pin=1"/></net>

<net id="184"><net_src comp="156" pin="4"/><net_sink comp="180" pin=0"/></net>

<net id="185"><net_src comp="58" pin="0"/><net_sink comp="180" pin=1"/></net>

<net id="190"><net_src comp="156" pin="4"/><net_sink comp="186" pin=0"/></net>

<net id="191"><net_src comp="62" pin="0"/><net_sink comp="186" pin=1"/></net>

<net id="196"><net_src comp="156" pin="4"/><net_sink comp="192" pin=0"/></net>

<net id="197"><net_src comp="64" pin="0"/><net_sink comp="192" pin=1"/></net>

<net id="201"><net_src comp="198" pin="1"/><net_sink comp="112" pin=11"/></net>

<net id="208"><net_src comp="74" pin="0"/><net_sink comp="202" pin=0"/></net>

<net id="209"><net_src comp="106" pin="2"/><net_sink comp="202" pin=1"/></net>

<net id="210"><net_src comp="100" pin="2"/><net_sink comp="202" pin=2"/></net>

<net id="211"><net_src comp="94" pin="2"/><net_sink comp="202" pin=3"/></net>

<net id="212"><net_src comp="202" pin="4"/><net_sink comp="112" pin=8"/></net>

<net id="217"><net_src comp="84" pin="0"/><net_sink comp="213" pin=0"/></net>

<net id="221"><net_src comp="90" pin="1"/><net_sink comp="218" pin=0"/></net>

<net id="222"><net_src comp="218" pin="1"/><net_sink comp="163" pin=1"/></net>

<net id="223"><net_src comp="218" pin="1"/><net_sink comp="198" pin=0"/></net>

<net id="224"><net_src comp="218" pin="1"/><net_sink comp="213" pin=1"/></net>

<net id="228"><net_src comp="168" pin="2"/><net_sink comp="225" pin=0"/></net>

<net id="232"><net_src comp="174" pin="2"/><net_sink comp="229" pin=0"/></net>

<net id="233"><net_src comp="229" pin="1"/><net_sink comp="145" pin=2"/></net>

<net id="237"><net_src comp="180" pin="2"/><net_sink comp="234" pin=0"/></net>

<net id="241"><net_src comp="186" pin="2"/><net_sink comp="238" pin=0"/></net>

<net id="242"><net_src comp="238" pin="1"/><net_sink comp="156" pin=2"/></net>

<net id="246"><net_src comp="192" pin="2"/><net_sink comp="243" pin=0"/></net>

<net id="247"><net_src comp="243" pin="1"/><net_sink comp="112" pin=12"/></net>

<net id="251"><net_src comp="198" pin="1"/><net_sink comp="248" pin=0"/></net>

<net id="252"><net_src comp="248" pin="1"/><net_sink comp="112" pin=11"/></net>

<net id="256"><net_src comp="202" pin="4"/><net_sink comp="253" pin=0"/></net>

<net id="257"><net_src comp="253" pin="1"/><net_sink comp="112" pin=8"/></net>

</net_list>

</model> 
---------------- Datapath Model END ------------------

* FSMD analyzer results:
  - Output states:
	Port: AXI_video_strm_V_data_V | {5 }
	Port: AXI_video_strm_V_keep_V | {5 }
	Port: AXI_video_strm_V_strb_V | {5 }
	Port: AXI_video_strm_V_user_V | {5 }
	Port: AXI_video_strm_V_last_V | {5 }
	Port: AXI_video_strm_V_id_V | {5 }
	Port: AXI_video_strm_V_dest_V | {5 }
 - Input state : 
	Port: pynq_filters_Mat2AXIvideo : img_data_stream_0_V | {4 }
	Port: pynq_filters_Mat2AXIvideo : img_data_stream_1_V | {4 }
	Port: pynq_filters_Mat2AXIvideo : img_data_stream_2_V | {4 }
	Port: pynq_filters_Mat2AXIvideo : AXI_video_strm_V_data_V | {}
	Port: pynq_filters_Mat2AXIvideo : AXI_video_strm_V_keep_V | {}
	Port: pynq_filters_Mat2AXIvideo : AXI_video_strm_V_strb_V | {}
	Port: pynq_filters_Mat2AXIvideo : AXI_video_strm_V_user_V | {}
	Port: pynq_filters_Mat2AXIvideo : AXI_video_strm_V_last_V | {}
	Port: pynq_filters_Mat2AXIvideo : AXI_video_strm_V_id_V | {}
	Port: pynq_filters_Mat2AXIvideo : AXI_video_strm_V_dest_V | {}
  - Chain level:
	State 1
		stg_12 : 1
	State 2
		exitcond5 : 1
		i_V : 1
		stg_18 : 2
	State 3
		exitcond6 : 1
		j_V : 1
		stg_27 : 2
		axi_last_V : 1
	State 4
		empty : 1
		stg_37 : 1
	State 5
		empty_134 : 1
	State 6


============================================================
+ Verbose Summary: Datapath Resource usage 
============================================================

* Functional unit list:
|----------|--------------------|---------|---------|
| Operation|   Functional Unit  |    FF   |   LUT   |
|----------|--------------------|---------|---------|
|    add   |     i_V_fu_174     |    0    |    9    |
|          |     j_V_fu_186     |    0    |    10   |
|----------|--------------------|---------|---------|
|          |  exitcond5_fu_168  |    0    |    3    |
|   icmp   |  exitcond6_fu_180  |    0    |    4    |
|          |  axi_last_V_fu_192 |    0    |    4    |
|----------|--------------------|---------|---------|
|          |  tmp_63_read_fu_94 |    0    |    0    |
|   read   | tmp_64_read_fu_100 |    0    |    0    |
|          | tmp_62_read_fu_106 |    0    |    0    |
|----------|--------------------|---------|---------|
|   write  |  grp_write_fu_112  |    0    |    0    |
|----------|--------------------|---------|---------|
|bitconcatenate|  tmp_data_V_fu_202 |    0    |    0    |
|----------|--------------------|---------|---------|
|   Total  |                    |    0    |    30   |
|----------|--------------------|---------|---------|

Memories:
N/A

* Register list:
+-----------------------+--------+
|                       |   FF   |
+-----------------------+--------+
|   axi_last_V_reg_243  |    1   |
|   exitcond5_reg_225   |    1   |
|   exitcond6_reg_234   |    1   |
|      i_V_reg_229      |    9   |
|      j_V_reg_238      |   10   |
|      p_4_reg_152      |   10   |
|      p_s_reg_141      |    9   |
|   tmp_data_V_reg_253  |   24   |
|tmp_user_V_load_reg_248|    1   |
|   tmp_user_V_reg_218  |    1   |
+-----------------------+--------+
|         Total         |   67   |
+-----------------------+--------+

* Multiplexer (MUX) list: 
|------------------|------|------|------|--------||---------||---------|
|       Comp       |  Pin | Size |  BW  | S x BW ||  Delay  ||   LUT   |
|------------------|------|------|------|--------||---------||---------|
| grp_write_fu_112 |  p8  |   2  |  24  |   48   ||    24   |
| grp_write_fu_112 |  p11 |   2  |   1  |    2   ||    1    |
|------------------|------|------|------|--------||---------||---------|
|       Total      |      |      |      |   50   ||  3.142  ||    25   |
|------------------|------|------|------|--------||---------||---------|



* Summary:
+-----------+--------+--------+--------+
|           |  Delay |   FF   |   LUT  |
+-----------+--------+--------+--------+
|  Function |    -   |    0   |   30   |
|   Memory  |    -   |    -   |    -   |
|Multiplexer|    3   |    -   |   25   |
|  Register |    -   |   67   |    -   |
+-----------+--------+--------+--------+
|   Total   |    3   |   67   |   55   |
+-----------+--------+--------+--------+
