

================================================================
== Vivado HLS Report for 'pynq_filters_arithm_pro'
================================================================
* Date:           Thu Nov 28 03:42:40 2019

* Version:        2016.2 (Build 1577090 on Thu Jun 02 16:59:10 MDT 2016)
* Project:        sharpen
* Solution:       solution1
* Product family: zynq
* Target device:  xc7z020clg400-1


================================================================
== Performance Estimates
================================================================
+ Timing (ns): 
    * Summary: 
    +--------+-------+----------+------------+
    |  Clock | Target| Estimated| Uncertainty|
    +--------+-------+----------+------------+
    |ap_clk  |  10.00|      8.23|        1.25|
    +--------+-------+----------+------------+

+ Latency (clock cycles): 
    * Summary: 
    +--------+--------+--------+--------+---------+
    |     Latency     |     Interval    | Pipeline|
    |   min  |   max  |   min  |   max  |   Type  |
    +--------+--------+--------+--------+---------+
    |  319201|  319201|  319201|  319201|   none  |
    +--------+--------+--------+--------+---------+

    + Detail: 
        * Instance: 
        N/A

        * Loop: 
        +---------------+--------+--------+----------+-----------+-----------+------+----------+
        |               |     Latency     | Iteration|  Initiation Interval  | Trip |          |
        |   Loop Name   |   min  |   max  |  Latency |  achieved |   target  | Count| Pipelined|
        +---------------+--------+--------+----------+-----------+-----------+------+----------+
        |- loop_height  |  319200|  319200|       665|          -|          -|   480|    no    |
        | + loop_width  |     662|     662|        24|          1|          1|   640|    yes   |
        +---------------+--------+--------+----------+-----------+-----------+------+----------+

============================================================
+ Verbose Summary: Synthesis Manager
============================================================
InlineROM: 1
ExposeGlobal: 0
============================================================
+ Verbose Summary: CDFG Model
============================================================
IsTopModel: 0
ResetActiveHigh: 1
IsCombinational: 2
IsDatapathOnly: 0
HasWiredReturn: 1
HasMFsm: 0
HasVarLatency: 1
IsPipeline: 0
IsRtlPipelined: 0
IsInstanceOverlapped: 0
IsDontTouch: 0
HasImplIP: 0
IsGatedGlobalClock: 0

+ Individual pipeline summary: 
  * Pipeline-0: initiation interval (II) = 1, depth = 24


============================================================
+ Verbose Summary: Schedule
============================================================
* Number of FSM states: 27
* Pipeline: 1
  Pipeline-0: II = 1, D = 24, States = { 3 4 5 6 7 8 9 10 11 12 13 14 15 16 17 18 19 20 21 22 23 24 25 26 }
* Dataflow Pipeline: 0

* FSM state transitions: 
1 --> 
	2  / true
2 --> 
	3  / (!exitcond2)
3 --> 
	27  / (exitcond)
	4  / (!exitcond)
4 --> 
	5  / true
5 --> 
	6  / true
6 --> 
	7  / true
7 --> 
	8  / true
8 --> 
	9  / true
9 --> 
	10  / true
10 --> 
	11  / true
11 --> 
	12  / true
12 --> 
	13  / true
13 --> 
	14  / true
14 --> 
	15  / true
15 --> 
	16  / true
16 --> 
	17  / true
17 --> 
	18  / true
18 --> 
	19  / true
19 --> 
	20  / true
20 --> 
	21  / true
21 --> 
	22  / true
22 --> 
	23  / true
23 --> 
	24  / true
24 --> 
	25  / true
25 --> 
	26  / true
26 --> 
	3  / true
27 --> 
	2  / true
* FSM state operations: 

 <State 1>: 1.57ns
ST_1: stg_28 [1/1] 0.00ns
._crit_edge:0  call void (...)* @_ssdm_op_SpecInterface(i10* %src_data_stream_V_V, [8 x i8]* @ap_fifo_str, i32 0, i32 0, i32 0, i32 0, [1 x i8]* @p_str, [1 x i8]* @p_str, [1 x i8]* @p_str, i32 2, i32 2, i32 16, i32 16, [1 x i8]* @p_str)

ST_1: stg_29 [1/1] 0.00ns
._crit_edge:1  call void (...)* @_ssdm_op_SpecInterface(i10* %dst_data_stream_V_V, [8 x i8]* @ap_fifo_str, i32 0, i32 0, i32 0, i32 0, [1 x i8]* @p_str, [1 x i8]* @p_str, [1 x i8]* @p_str, i32 2, i32 2, i32 16, i32 16, [1 x i8]* @p_str)

ST_1: p0_read [1/1] 0.00ns
._crit_edge:2  %p0_read = call double @_ssdm_op_Read.ap_auto.double(double %p0)

ST_1: stg_31 [1/1] 1.57ns
._crit_edge:3  br label %"operator=.exit"


 <State 2>: 3.40ns
ST_2: p_s [1/1] 0.00ns
operator=.exit:0  %p_s = phi i9 [ %i_V, %2 ], [ 0, %._crit_edge ]

ST_2: exitcond2 [1/1] 2.03ns
operator=.exit:1  %exitcond2 = icmp eq i9 %p_s, -32

ST_2: stg_34 [1/1] 0.00ns
operator=.exit:2  call void (...)* @_ssdm_op_SpecLoopTripCount(i64 480, i64 480, i64 480)

ST_2: i_V [1/1] 1.84ns
operator=.exit:3  %i_V = add i9 %p_s, 1

ST_2: stg_36 [1/1] 0.00ns
operator=.exit:4  br i1 %exitcond2, label %3, label %0

ST_2: stg_37 [1/1] 0.00ns
:0  call void (...)* @_ssdm_op_SpecLoopName([12 x i8]* @p_str1817) nounwind

ST_2: tmp [1/1] 0.00ns
:1  %tmp = call i32 (...)* @_ssdm_op_SpecRegionBegin([12 x i8]* @p_str1817)

ST_2: stg_39 [1/1] 1.57ns
:2  br label %1

ST_2: stg_40 [1/1] 0.00ns
:0  ret void


 <State 3>: 2.07ns
ST_3: p_1 [1/1] 0.00ns
:0  %p_1 = phi i10 [ 0, %0 ], [ %j_V, %.critedge ]

ST_3: exitcond [1/1] 2.07ns
:1  %exitcond = icmp eq i10 %p_1, -384

ST_3: stg_43 [1/1] 0.00ns
:2  call void (...)* @_ssdm_op_SpecLoopTripCount(i64 640, i64 640, i64 640)

ST_3: j_V [1/1] 1.84ns
:3  %j_V = add i10 %p_1, 1

ST_3: stg_45 [1/1] 0.00ns
:4  br i1 %exitcond, label %2, label %.critedge


 <State 4>: 4.38ns
ST_4: tmp_3 [1/1] 0.00ns
.critedge:3  %tmp_3 = call i32 (...)* @_ssdm_op_SpecRegionBegin([13 x i8]* @p_str1863)

ST_4: stg_47 [1/1] 0.00ns
.critedge:4  call void (...)* @_ssdm_op_SpecProtocol(i32 0, [1 x i8]* @p_str1806) nounwind

ST_4: tmp_V [1/1] 4.38ns
.critedge:5  %tmp_V = call i10 @_ssdm_op_Read.ap_fifo.volatile.i10P(i10* %src_data_stream_V_V)

ST_4: empty [1/1] 0.00ns
.critedge:6  %empty = call i32 (...)* @_ssdm_op_SpecRegionEnd([13 x i8]* @p_str1863, i32 %tmp_3)


 <State 5>: 6.28ns
ST_5: tmp_5 [1/1] 0.00ns
.critedge:8  %tmp_5 = sext i10 %tmp_V to i32

ST_5: tmp_s [6/6] 6.28ns
.critedge:9  %tmp_s = sitofp i32 %tmp_5 to double


 <State 6>: 6.28ns
ST_6: tmp_s [5/6] 6.28ns
.critedge:9  %tmp_s = sitofp i32 %tmp_5 to double


 <State 7>: 6.28ns
ST_7: tmp_s [4/6] 6.28ns
.critedge:9  %tmp_s = sitofp i32 %tmp_5 to double


 <State 8>: 6.28ns
ST_8: tmp_s [3/6] 6.28ns
.critedge:9  %tmp_s = sitofp i32 %tmp_5 to double


 <State 9>: 6.28ns
ST_9: tmp_s [2/6] 6.28ns
.critedge:9  %tmp_s = sitofp i32 %tmp_5 to double


 <State 10>: 6.28ns
ST_10: tmp_s [1/6] 6.28ns
.critedge:9  %tmp_s = sitofp i32 %tmp_5 to double


 <State 11>: 7.79ns
ST_11: mult_t [6/6] 7.79ns
.critedge:10  %mult_t = fmul double %tmp_s, %p0_read


 <State 12>: 7.79ns
ST_12: mult_t [5/6] 7.79ns
.critedge:10  %mult_t = fmul double %tmp_s, %p0_read


 <State 13>: 7.79ns
ST_13: mult_t [4/6] 7.79ns
.critedge:10  %mult_t = fmul double %tmp_s, %p0_read


 <State 14>: 7.79ns
ST_14: mult_t [3/6] 7.79ns
.critedge:10  %mult_t = fmul double %tmp_s, %p0_read


 <State 15>: 7.79ns
ST_15: mult_t [2/6] 7.79ns
.critedge:10  %mult_t = fmul double %tmp_s, %p0_read


 <State 16>: 7.79ns
ST_16: mult_t [1/6] 7.79ns
.critedge:10  %mult_t = fmul double %tmp_s, %p0_read


 <State 17>: 8.23ns
ST_17: sum_t [5/5] 8.23ns
.critedge:11  %sum_t = fadd double %mult_t, 0.000000e+00


 <State 18>: 8.23ns
ST_18: sum_t [4/5] 8.23ns
.critedge:11  %sum_t = fadd double %mult_t, 0.000000e+00


 <State 19>: 8.23ns
ST_19: sum_t [3/5] 8.23ns
.critedge:11  %sum_t = fadd double %mult_t, 0.000000e+00


 <State 20>: 8.23ns
ST_20: sum_t [2/5] 8.23ns
.critedge:11  %sum_t = fadd double %mult_t, 0.000000e+00


 <State 21>: 8.23ns
ST_21: sum_t [1/5] 8.23ns
.critedge:11  %sum_t = fadd double %mult_t, 0.000000e+00


 <State 22>: 7.96ns
ST_22: tmp_V11 [4/4] 7.96ns
.critedge:12  %tmp_V11 = call fastcc i10 @"pynq_filters_operator()"(double %sum_t)


 <State 23>: 8.23ns
ST_23: tmp_V11 [3/4] 8.23ns
.critedge:12  %tmp_V11 = call fastcc i10 @"pynq_filters_operator()"(double %sum_t)


 <State 24>: 8.23ns
ST_24: tmp_V11 [2/4] 8.23ns
.critedge:12  %tmp_V11 = call fastcc i10 @"pynq_filters_operator()"(double %sum_t)


 <State 25>: 5.48ns
ST_25: tmp_V11 [1/4] 5.48ns
.critedge:12  %tmp_V11 = call fastcc i10 @"pynq_filters_operator()"(double %sum_t)


 <State 26>: 4.38ns
ST_26: stg_72 [1/1] 0.00ns
.critedge:0  call void (...)* @_ssdm_op_SpecLoopName([11 x i8]* @p_str1818) nounwind

ST_26: tmp_2 [1/1] 0.00ns
.critedge:1  %tmp_2 = call i32 (...)* @_ssdm_op_SpecRegionBegin([11 x i8]* @p_str1818)

ST_26: stg_74 [1/1] 0.00ns
.critedge:2  call void (...)* @_ssdm_op_SpecPipeline(i32 1, i32 1, i32 1, i32 0, [1 x i8]* @p_str1806) nounwind

ST_26: stg_75 [1/1] 0.00ns
.critedge:7  call void (...)* @_ssdm_op_SpecLoopName([14 x i8]* @p_str1819) nounwind

ST_26: tmp_6 [1/1] 0.00ns
.critedge:13  %tmp_6 = call i32 (...)* @_ssdm_op_SpecRegionBegin([13 x i8]* @p_str1869)

ST_26: stg_77 [1/1] 0.00ns
.critedge:14  call void (...)* @_ssdm_op_SpecProtocol(i32 0, [1 x i8]* @p_str1806) nounwind

ST_26: stg_78 [1/1] 4.38ns
.critedge:15  call void @_ssdm_op_Write.ap_fifo.volatile.i10P(i10* %dst_data_stream_V_V, i10 %tmp_V11)

ST_26: empty_71 [1/1] 0.00ns
.critedge:16  %empty_71 = call i32 (...)* @_ssdm_op_SpecRegionEnd([13 x i8]* @p_str1869, i32 %tmp_6)

ST_26: empty_72 [1/1] 0.00ns
.critedge:17  %empty_72 = call i32 (...)* @_ssdm_op_SpecRegionEnd([11 x i8]* @p_str1818, i32 %tmp_2)

ST_26: stg_81 [1/1] 0.00ns
.critedge:18  br label %1


 <State 27>: 0.00ns
ST_27: empty_73 [1/1] 0.00ns
:0  %empty_73 = call i32 (...)* @_ssdm_op_SpecRegionEnd([12 x i8]* @p_str1817, i32 %tmp)

ST_27: stg_83 [1/1] 0.00ns
:1  br label %"operator=.exit"



============================================================
+ Verbose Summary: Binding
============================================================
STG Binding: 
---------------- STG Properties BEGIN ----------------
- Is combinational: 0
- Is one-state seq: 0
- Is datapath-only: 0
- Is clock enabled: 0
- Is pipelined: 0
- Is top level: 0
Port [ Return ] is wired: 1; IO mode=ap_ctrl_hs:ce=0
Port [ src_data_stream_V_V]:  wired=1; compound=1; hidden=0; nouse=0; global=0; static=0; extern=0; dir=0; type=3; pingpong=0; private_global=0; IO mode=ap_fifo:ce=0
Port [ dst_data_stream_V_V]:  wired=1; compound=1; hidden=0; nouse=0; global=0; static=0; extern=0; dir=1; type=3; pingpong=0; private_global=0; IO mode=ap_fifo:ce=0
Port [ p0]:  wired=1; compound=0; hidden=0; nouse=0; global=0; static=0; extern=0; dir=0; type=0; pingpong=0; private_global=0; IO mode=ap_none:ce=0
---------------- STG Properties END ------------------

---------------- Datapath Model BEGIN ----------------

<LifeTime>
<method=bitvector/>
stg_28    (specinterface    ) [ 0000000000000000000000000000]
stg_29    (specinterface    ) [ 0000000000000000000000000000]
p0_read   (read             ) [ 0011111111111111111111111111]
stg_31    (br               ) [ 0111111111111111111111111111]
p_s       (phi              ) [ 0010000000000000000000000000]
exitcond2 (icmp             ) [ 0011111111111111111111111111]
stg_34    (speclooptripcount) [ 0000000000000000000000000000]
i_V       (add              ) [ 0111111111111111111111111111]
stg_36    (br               ) [ 0000000000000000000000000000]
stg_37    (specloopname     ) [ 0000000000000000000000000000]
tmp       (specregionbegin  ) [ 0001111111111111111111111111]
stg_39    (br               ) [ 0011111111111111111111111111]
stg_40    (ret              ) [ 0000000000000000000000000000]
p_1       (phi              ) [ 0001000000000000000000000000]
exitcond  (icmp             ) [ 0011111111111111111111111111]
stg_43    (speclooptripcount) [ 0000000000000000000000000000]
j_V       (add              ) [ 0011111111111111111111111111]
stg_45    (br               ) [ 0000000000000000000000000000]
tmp_3     (specregionbegin  ) [ 0000000000000000000000000000]
stg_47    (specprotocol     ) [ 0000000000000000000000000000]
tmp_V     (read             ) [ 0001010000000000000000000000]
empty     (specregionend    ) [ 0000000000000000000000000000]
tmp_5     (sext             ) [ 0001001111100000000000000000]
tmp_s     (sitodp           ) [ 0001000000011111100000000000]
mult_t    (dmul             ) [ 0001000000000000011111000000]
sum_t     (dadd             ) [ 0001000000000000000000100000]
tmp_V11   (call             ) [ 0001000000000000000000000010]
stg_72    (specloopname     ) [ 0000000000000000000000000000]
tmp_2     (specregionbegin  ) [ 0000000000000000000000000000]
stg_74    (specpipeline     ) [ 0000000000000000000000000000]
stg_75    (specloopname     ) [ 0000000000000000000000000000]
tmp_6     (specregionbegin  ) [ 0000000000000000000000000000]
stg_77    (specprotocol     ) [ 0000000000000000000000000000]
stg_78    (write            ) [ 0000000000000000000000000000]
empty_71  (specregionend    ) [ 0000000000000000000000000000]
empty_72  (specregionend    ) [ 0000000000000000000000000000]
stg_81    (br               ) [ 0011111111111111111111111111]
empty_73  (specregionend    ) [ 0000000000000000000000000000]
stg_83    (br               ) [ 0111111111111111111111111111]
</LifeTime>

<model>

<comp_list>
<comp id="0" class="1000" name="src_data_stream_V_V">
<pin_list>
<pin id="1" dir="1" index="0" bw="1" slack="0"/>
</pin_list>
<bind>
<StgValue><ssdm name="src_data_stream_V_V"/></StgValue>
</bind>
</comp>

<comp id="2" class="1000" name="dst_data_stream_V_V">
<pin_list>
<pin id="3" dir="1" index="0" bw="1" slack="0"/>
</pin_list>
<bind>
<StgValue><ssdm name="dst_data_stream_V_V"/></StgValue>
</bind>
</comp>

<comp id="4" class="1000" name="p0">
<pin_list>
<pin id="5" dir="1" index="0" bw="1" slack="0"/>
</pin_list>
<bind>
<StgValue><ssdm name="p0"/></StgValue>
</bind>
</comp>

<comp id="6" class="1001" name="const_6">
<pin_list>
<pin id="7" dir="1" index="0" bw="1" slack="2147483647"/>
</pin_list>
<bind>
<StgValue><ssdm name="_ssdm_op_SpecInterface"/></StgValue>
</bind>
</comp>

<comp id="8" class="1001" name="const_8">
<pin_list>
<pin id="9" dir="1" index="0" bw="1" slack="2147483647"/>
</pin_list>
<bind>
<StgValue><ssdm name="ap_fifo_str"/></StgValue>
</bind>
</comp>

<comp id="10" class="1001" name="const_10">
<pin_list>
<pin id="11" dir="1" index="0" bw="1" slack="2147483647"/>
</pin_list>
<bind>
<StgValue><ssdm name=""/></StgValue>
</bind>
</comp>

<comp id="12" class="1001" name="const_12">
<pin_list>
<pin id="13" dir="1" index="0" bw="1" slack="2147483647"/>
</pin_list>
<bind>
<StgValue><ssdm name="p_str"/></StgValue>
</bind>
</comp>

<comp id="14" class="1001" name="const_14">
<pin_list>
<pin id="15" dir="1" index="0" bw="1" slack="2147483647"/>
</pin_list>
<bind>
<StgValue><ssdm name=""/></StgValue>
</bind>
</comp>

<comp id="16" class="1001" name="const_16">
<pin_list>
<pin id="17" dir="1" index="0" bw="1" slack="2147483647"/>
</pin_list>
<bind>
<StgValue><ssdm name=""/></StgValue>
</bind>
</comp>

<comp id="18" class="1001" name="const_18">
<pin_list>
<pin id="19" dir="1" index="0" bw="1" slack="0"/>
</pin_list>
<bind>
<StgValue><ssdm name="_ssdm_op_Read.ap_auto.double"/></StgValue>
</bind>
</comp>

<comp id="20" class="1001" name="const_20">
<pin_list>
<pin id="21" dir="1" index="0" bw="1" slack="1"/>
</pin_list>
<bind>
<StgValue><ssdm name=""/></StgValue>
</bind>
</comp>

<comp id="22" class="1001" name="const_22">
<pin_list>
<pin id="23" dir="1" index="0" bw="1" slack="0"/>
</pin_list>
<bind>
<StgValue><ssdm name=""/></StgValue>
</bind>
</comp>

<comp id="24" class="1001" name="const_24">
<pin_list>
<pin id="25" dir="1" index="0" bw="1" slack="2147483647"/>
</pin_list>
<bind>
<StgValue><ssdm name="_ssdm_op_SpecLoopTripCount"/></StgValue>
</bind>
</comp>

<comp id="26" class="1001" name="const_26">
<pin_list>
<pin id="27" dir="1" index="0" bw="1" slack="2147483647"/>
</pin_list>
<bind>
<StgValue><ssdm name=""/></StgValue>
</bind>
</comp>

<comp id="28" class="1001" name="const_28">
<pin_list>
<pin id="29" dir="1" index="0" bw="1" slack="0"/>
</pin_list>
<bind>
<StgValue><ssdm name=""/></StgValue>
</bind>
</comp>

<comp id="30" class="1001" name="const_30">
<pin_list>
<pin id="31" dir="1" index="0" bw="1" slack="2147483647"/>
</pin_list>
<bind>
<StgValue><ssdm name="_ssdm_op_SpecLoopName"/></StgValue>
</bind>
</comp>

<comp id="32" class="1001" name="const_32">
<pin_list>
<pin id="33" dir="1" index="0" bw="1" slack="2147483647"/>
</pin_list>
<bind>
<StgValue><ssdm name="p_str1817"/></StgValue>
</bind>
</comp>

<comp id="34" class="1001" name="const_34">
<pin_list>
<pin id="35" dir="1" index="0" bw="1" slack="2147483647"/>
</pin_list>
<bind>
<StgValue><ssdm name="_ssdm_op_SpecRegionBegin"/></StgValue>
</bind>
</comp>

<comp id="36" class="1001" name="const_36">
<pin_list>
<pin id="37" dir="1" index="0" bw="1" slack="1"/>
</pin_list>
<bind>
<StgValue><ssdm name=""/></StgValue>
</bind>
</comp>

<comp id="38" class="1001" name="const_38">
<pin_list>
<pin id="39" dir="1" index="0" bw="1" slack="0"/>
</pin_list>
<bind>
<StgValue><ssdm name=""/></StgValue>
</bind>
</comp>

<comp id="40" class="1001" name="const_40">
<pin_list>
<pin id="41" dir="1" index="0" bw="1" slack="2147483647"/>
</pin_list>
<bind>
<StgValue><ssdm name=""/></StgValue>
</bind>
</comp>

<comp id="42" class="1001" name="const_42">
<pin_list>
<pin id="43" dir="1" index="0" bw="1" slack="0"/>
</pin_list>
<bind>
<StgValue><ssdm name=""/></StgValue>
</bind>
</comp>

<comp id="44" class="1001" name="const_44">
<pin_list>
<pin id="45" dir="1" index="0" bw="1" slack="2147483647"/>
</pin_list>
<bind>
<StgValue><ssdm name="p_str1863"/></StgValue>
</bind>
</comp>

<comp id="46" class="1001" name="const_46">
<pin_list>
<pin id="47" dir="1" index="0" bw="1" slack="2147483647"/>
</pin_list>
<bind>
<StgValue><ssdm name="_ssdm_op_SpecProtocol"/></StgValue>
</bind>
</comp>

<comp id="48" class="1001" name="const_48">
<pin_list>
<pin id="49" dir="1" index="0" bw="1" slack="2147483647"/>
</pin_list>
<bind>
<StgValue><ssdm name="p_str1806"/></StgValue>
</bind>
</comp>

<comp id="50" class="1001" name="const_50">
<pin_list>
<pin id="51" dir="1" index="0" bw="1" slack="0"/>
</pin_list>
<bind>
<StgValue><ssdm name="_ssdm_op_Read.ap_fifo.volatile.i10P"/></StgValue>
</bind>
</comp>

<comp id="52" class="1001" name="const_52">
<pin_list>
<pin id="53" dir="1" index="0" bw="1" slack="2147483647"/>
</pin_list>
<bind>
<StgValue><ssdm name="_ssdm_op_SpecRegionEnd"/></StgValue>
</bind>
</comp>

<comp id="54" class="1001" name="const_54">
<pin_list>
<pin id="55" dir="1" index="0" bw="1" slack="0"/>
</pin_list>
<bind>
<StgValue><ssdm name=""/></StgValue>
</bind>
</comp>

<comp id="56" class="1001" name="const_56">
<pin_list>
<pin id="57" dir="1" index="0" bw="1" slack="0"/>
</pin_list>
<bind>
<StgValue><ssdm name="pynq_filters_operator()"/></StgValue>
</bind>
</comp>

<comp id="58" class="1001" name="const_58">
<pin_list>
<pin id="59" dir="1" index="0" bw="1" slack="2147483647"/>
</pin_list>
<bind>
<StgValue><ssdm name="p_str1818"/></StgValue>
</bind>
</comp>

<comp id="60" class="1001" name="const_60">
<pin_list>
<pin id="61" dir="1" index="0" bw="1" slack="2147483647"/>
</pin_list>
<bind>
<StgValue><ssdm name="_ssdm_op_SpecPipeline"/></StgValue>
</bind>
</comp>

<comp id="62" class="1001" name="const_62">
<pin_list>
<pin id="63" dir="1" index="0" bw="1" slack="2147483647"/>
</pin_list>
<bind>
<StgValue><ssdm name=""/></StgValue>
</bind>
</comp>

<comp id="64" class="1001" name="const_64">
<pin_list>
<pin id="65" dir="1" index="0" bw="1" slack="2147483647"/>
</pin_list>
<bind>
<StgValue><ssdm name="p_str1819"/></StgValue>
</bind>
</comp>

<comp id="66" class="1001" name="const_66">
<pin_list>
<pin id="67" dir="1" index="0" bw="1" slack="2147483647"/>
</pin_list>
<bind>
<StgValue><ssdm name="p_str1869"/></StgValue>
</bind>
</comp>

<comp id="68" class="1001" name="const_68">
<pin_list>
<pin id="69" dir="1" index="0" bw="1" slack="0"/>
</pin_list>
<bind>
<StgValue><ssdm name="_ssdm_op_Write.ap_fifo.volatile.i10P"/></StgValue>
</bind>
</comp>

<comp id="70" class="1004" name="p0_read_read_fu_70">
<pin_list>
<pin id="71" dir="0" index="0" bw="64" slack="0"/>
<pin id="72" dir="0" index="1" bw="64" slack="0"/>
<pin id="73" dir="1" index="2" bw="64" slack="10"/>
</pin_list>
<bind>
<opcode="read(1150) " fcode="read"/>
<opset="p0_read/1 "/>
</bind>
</comp>

<comp id="76" class="1004" name="tmp_V_read_fu_76">
<pin_list>
<pin id="77" dir="0" index="0" bw="10" slack="0"/>
<pin id="78" dir="0" index="1" bw="10" slack="0"/>
<pin id="79" dir="1" index="2" bw="10" slack="1"/>
</pin_list>
<bind>
<opcode="read(1150) " fcode="read"/>
<opset="tmp_V/4 "/>
</bind>
</comp>

<comp id="82" class="1004" name="stg_78_write_fu_82">
<pin_list>
<pin id="83" dir="0" index="0" bw="0" slack="0"/>
<pin id="84" dir="0" index="1" bw="10" slack="0"/>
<pin id="85" dir="0" index="2" bw="10" slack="1"/>
<pin id="86" dir="1" index="3" bw="0" slack="2147483647"/>
</pin_list>
<bind>
<opcode="write(1151) " fcode="write"/>
<opset="stg_78/26 "/>
</bind>
</comp>

<comp id="89" class="1005" name="p_s_reg_89">
<pin_list>
<pin id="90" dir="0" index="0" bw="9" slack="1"/>
<pin id="91" dir="1" index="1" bw="9" slack="1"/>
</pin_list>
<bind>
<opset="p_s (phireg) "/>
</bind>
</comp>

<comp id="93" class="1004" name="p_s_phi_fu_93">
<pin_list>
<pin id="94" dir="0" index="0" bw="9" slack="0"/>
<pin id="95" dir="0" index="1" bw="0" slack="2147483647"/>
<pin id="96" dir="0" index="2" bw="1" slack="1"/>
<pin id="97" dir="0" index="3" bw="0" slack="2147483647"/>
<pin id="98" dir="1" index="4" bw="9" slack="0"/>
</pin_list>
<bind>
<opcode="phi(47) " fcode="phi"/>
<opset="p_s/2 "/>
</bind>
</comp>

<comp id="100" class="1005" name="p_1_reg_100">
<pin_list>
<pin id="101" dir="0" index="0" bw="10" slack="1"/>
<pin id="102" dir="1" index="1" bw="10" slack="1"/>
</pin_list>
<bind>
<opset="p_1 (phireg) "/>
</bind>
</comp>

<comp id="104" class="1004" name="p_1_phi_fu_104">
<pin_list>
<pin id="105" dir="0" index="0" bw="1" slack="1"/>
<pin id="106" dir="0" index="1" bw="0" slack="2147483647"/>
<pin id="107" dir="0" index="2" bw="10" slack="0"/>
<pin id="108" dir="0" index="3" bw="0" slack="2147483647"/>
<pin id="109" dir="1" index="4" bw="10" slack="0"/>
</pin_list>
<bind>
<opcode="phi(47) " fcode="phi"/>
<opset="p_1/3 "/>
</bind>
</comp>

<comp id="111" class="1004" name="grp_pynq_filters_operator_s_fu_111">
<pin_list>
<pin id="112" dir="0" index="0" bw="10" slack="0"/>
<pin id="113" dir="0" index="1" bw="64" slack="1"/>
<pin id="114" dir="1" index="2" bw="10" slack="1"/>
</pin_list>
<bind>
<opcode="call(48) " fcode="call"/>
<opset="tmp_V11/22 "/>
</bind>
</comp>

<comp id="116" class="1004" name="grp_fu_116">
<pin_list>
<pin id="117" dir="0" index="0" bw="64" slack="1"/>
<pin id="118" dir="0" index="1" bw="64" slack="0"/>
<pin id="119" dir="1" index="2" bw="64" slack="1"/>
</pin_list>
<bind>
<opcode="dadd(508) " fcode="dadd"/>
<opset="sum_t/17 "/>
</bind>
</comp>

<comp id="121" class="1004" name="grp_fu_121">
<pin_list>
<pin id="122" dir="0" index="0" bw="64" slack="1"/>
<pin id="123" dir="0" index="1" bw="64" slack="10"/>
<pin id="124" dir="1" index="2" bw="64" slack="1"/>
</pin_list>
<bind>
<opcode="dmul(510) " fcode="dmul"/>
<opset="mult_t/11 "/>
</bind>
</comp>

<comp id="125" class="1004" name="grp_fu_125">
<pin_list>
<pin id="126" dir="0" index="0" bw="10" slack="0"/>
<pin id="127" dir="1" index="1" bw="64" slack="1"/>
</pin_list>
<bind>
<opcode="sitodp(517) " fcode="sitodp"/>
<opset="tmp_s/5 "/>
</bind>
</comp>

<comp id="128" class="1004" name="exitcond2_fu_128">
<pin_list>
<pin id="129" dir="0" index="0" bw="9" slack="0"/>
<pin id="130" dir="0" index="1" bw="6" slack="0"/>
<pin id="131" dir="1" index="2" bw="1" slack="1"/>
</pin_list>
<bind>
<opcode="icmp(45) " fcode="icmp"/>
<opset="exitcond2/2 "/>
</bind>
</comp>

<comp id="134" class="1004" name="i_V_fu_134">
<pin_list>
<pin id="135" dir="0" index="0" bw="9" slack="0"/>
<pin id="136" dir="0" index="1" bw="1" slack="0"/>
<pin id="137" dir="1" index="2" bw="9" slack="0"/>
</pin_list>
<bind>
<opcode="add(8) " fcode="add"/>
<opset="i_V/2 "/>
</bind>
</comp>

<comp id="140" class="1004" name="exitcond_fu_140">
<pin_list>
<pin id="141" dir="0" index="0" bw="10" slack="0"/>
<pin id="142" dir="0" index="1" bw="10" slack="0"/>
<pin id="143" dir="1" index="2" bw="1" slack="1"/>
</pin_list>
<bind>
<opcode="icmp(45) " fcode="icmp"/>
<opset="exitcond/3 "/>
</bind>
</comp>

<comp id="146" class="1004" name="j_V_fu_146">
<pin_list>
<pin id="147" dir="0" index="0" bw="10" slack="0"/>
<pin id="148" dir="0" index="1" bw="1" slack="0"/>
<pin id="149" dir="1" index="2" bw="10" slack="0"/>
</pin_list>
<bind>
<opcode="add(8) " fcode="add"/>
<opset="j_V/3 "/>
</bind>
</comp>

<comp id="152" class="1004" name="tmp_5_fu_152">
<pin_list>
<pin id="153" dir="0" index="0" bw="10" slack="1"/>
<pin id="154" dir="1" index="1" bw="32" slack="0"/>
</pin_list>
<bind>
<opcode="sext(35) " fcode="sext"/>
<opset="tmp_5/5 "/>
</bind>
</comp>

<comp id="156" class="1005" name="p0_read_reg_156">
<pin_list>
<pin id="157" dir="0" index="0" bw="64" slack="10"/>
<pin id="158" dir="1" index="1" bw="64" slack="10"/>
</pin_list>
<bind>
<opset="p0_read "/>
</bind>
</comp>

<comp id="161" class="1005" name="exitcond2_reg_161">
<pin_list>
<pin id="162" dir="0" index="0" bw="1" slack="1"/>
<pin id="163" dir="1" index="1" bw="1" slack="2147483647"/>
</pin_list>
<bind>
<opset="exitcond2 "/>
</bind>
</comp>

<comp id="165" class="1005" name="i_V_reg_165">
<pin_list>
<pin id="166" dir="0" index="0" bw="9" slack="0"/>
<pin id="167" dir="1" index="1" bw="9" slack="0"/>
</pin_list>
<bind>
<opset="i_V "/>
</bind>
</comp>

<comp id="170" class="1005" name="exitcond_reg_170">
<pin_list>
<pin id="171" dir="0" index="0" bw="1" slack="1"/>
<pin id="172" dir="1" index="1" bw="1" slack="2147483647"/>
</pin_list>
<bind>
<opset="exitcond "/>
</bind>
</comp>

<comp id="174" class="1005" name="j_V_reg_174">
<pin_list>
<pin id="175" dir="0" index="0" bw="10" slack="0"/>
<pin id="176" dir="1" index="1" bw="10" slack="0"/>
</pin_list>
<bind>
<opset="j_V "/>
</bind>
</comp>

<comp id="179" class="1005" name="tmp_V_reg_179">
<pin_list>
<pin id="180" dir="0" index="0" bw="10" slack="1"/>
<pin id="181" dir="1" index="1" bw="10" slack="1"/>
</pin_list>
<bind>
<opset="tmp_V "/>
</bind>
</comp>

<comp id="184" class="1005" name="tmp_5_reg_184">
<pin_list>
<pin id="185" dir="0" index="0" bw="32" slack="1"/>
<pin id="186" dir="1" index="1" bw="32" slack="1"/>
</pin_list>
<bind>
<opset="tmp_5 "/>
</bind>
</comp>

<comp id="189" class="1005" name="tmp_s_reg_189">
<pin_list>
<pin id="190" dir="0" index="0" bw="64" slack="1"/>
<pin id="191" dir="1" index="1" bw="64" slack="1"/>
</pin_list>
<bind>
<opset="tmp_s "/>
</bind>
</comp>

<comp id="194" class="1005" name="mult_t_reg_194">
<pin_list>
<pin id="195" dir="0" index="0" bw="64" slack="1"/>
<pin id="196" dir="1" index="1" bw="64" slack="1"/>
</pin_list>
<bind>
<opset="mult_t "/>
</bind>
</comp>

<comp id="199" class="1005" name="sum_t_reg_199">
<pin_list>
<pin id="200" dir="0" index="0" bw="64" slack="1"/>
<pin id="201" dir="1" index="1" bw="64" slack="1"/>
</pin_list>
<bind>
<opset="sum_t "/>
</bind>
</comp>

<comp id="204" class="1005" name="tmp_V11_reg_204">
<pin_list>
<pin id="205" dir="0" index="0" bw="10" slack="1"/>
<pin id="206" dir="1" index="1" bw="10" slack="1"/>
</pin_list>
<bind>
<opset="tmp_V11 "/>
</bind>
</comp>

</comp_list>

<net_list>
<net id="74"><net_src comp="18" pin="0"/><net_sink comp="70" pin=0"/></net>

<net id="75"><net_src comp="4" pin="0"/><net_sink comp="70" pin=1"/></net>

<net id="80"><net_src comp="50" pin="0"/><net_sink comp="76" pin=0"/></net>

<net id="81"><net_src comp="0" pin="0"/><net_sink comp="76" pin=1"/></net>

<net id="87"><net_src comp="68" pin="0"/><net_sink comp="82" pin=0"/></net>

<net id="88"><net_src comp="2" pin="0"/><net_sink comp="82" pin=1"/></net>

<net id="92"><net_src comp="20" pin="0"/><net_sink comp="89" pin=0"/></net>

<net id="99"><net_src comp="89" pin="1"/><net_sink comp="93" pin=2"/></net>

<net id="103"><net_src comp="36" pin="0"/><net_sink comp="100" pin=0"/></net>

<net id="110"><net_src comp="100" pin="1"/><net_sink comp="104" pin=0"/></net>

<net id="115"><net_src comp="56" pin="0"/><net_sink comp="111" pin=0"/></net>

<net id="120"><net_src comp="54" pin="0"/><net_sink comp="116" pin=1"/></net>

<net id="132"><net_src comp="93" pin="4"/><net_sink comp="128" pin=0"/></net>

<net id="133"><net_src comp="22" pin="0"/><net_sink comp="128" pin=1"/></net>

<net id="138"><net_src comp="93" pin="4"/><net_sink comp="134" pin=0"/></net>

<net id="139"><net_src comp="28" pin="0"/><net_sink comp="134" pin=1"/></net>

<net id="144"><net_src comp="104" pin="4"/><net_sink comp="140" pin=0"/></net>

<net id="145"><net_src comp="38" pin="0"/><net_sink comp="140" pin=1"/></net>

<net id="150"><net_src comp="104" pin="4"/><net_sink comp="146" pin=0"/></net>

<net id="151"><net_src comp="42" pin="0"/><net_sink comp="146" pin=1"/></net>

<net id="155"><net_src comp="152" pin="1"/><net_sink comp="125" pin=0"/></net>

<net id="159"><net_src comp="70" pin="2"/><net_sink comp="156" pin=0"/></net>

<net id="160"><net_src comp="156" pin="1"/><net_sink comp="121" pin=1"/></net>

<net id="164"><net_src comp="128" pin="2"/><net_sink comp="161" pin=0"/></net>

<net id="168"><net_src comp="134" pin="2"/><net_sink comp="165" pin=0"/></net>

<net id="169"><net_src comp="165" pin="1"/><net_sink comp="93" pin=0"/></net>

<net id="173"><net_src comp="140" pin="2"/><net_sink comp="170" pin=0"/></net>

<net id="177"><net_src comp="146" pin="2"/><net_sink comp="174" pin=0"/></net>

<net id="178"><net_src comp="174" pin="1"/><net_sink comp="104" pin=2"/></net>

<net id="182"><net_src comp="76" pin="2"/><net_sink comp="179" pin=0"/></net>

<net id="183"><net_src comp="179" pin="1"/><net_sink comp="152" pin=0"/></net>

<net id="187"><net_src comp="152" pin="1"/><net_sink comp="184" pin=0"/></net>

<net id="188"><net_src comp="184" pin="1"/><net_sink comp="125" pin=0"/></net>

<net id="192"><net_src comp="125" pin="1"/><net_sink comp="189" pin=0"/></net>

<net id="193"><net_src comp="189" pin="1"/><net_sink comp="121" pin=0"/></net>

<net id="197"><net_src comp="121" pin="2"/><net_sink comp="194" pin=0"/></net>

<net id="198"><net_src comp="194" pin="1"/><net_sink comp="116" pin=0"/></net>

<net id="202"><net_src comp="116" pin="2"/><net_sink comp="199" pin=0"/></net>

<net id="203"><net_src comp="199" pin="1"/><net_sink comp="111" pin=1"/></net>

<net id="207"><net_src comp="111" pin="2"/><net_sink comp="204" pin=0"/></net>

<net id="208"><net_src comp="204" pin="1"/><net_sink comp="82" pin=2"/></net>

</net_list>

</model> 
---------------- Datapath Model END ------------------

* FSMD analyzer results:
  - Output states:
	Port: dst_data_stream_V_V | {26 }
 - Input state : 
	Port: pynq_filters_arithm_pro : src_data_stream_V_V | {4 }
	Port: pynq_filters_arithm_pro : p0 | {1 }
  - Chain level:
	State 1
	State 2
		exitcond2 : 1
		i_V : 1
		stg_36 : 2
	State 3
		exitcond : 1
		j_V : 1
		stg_45 : 2
	State 4
		empty : 1
	State 5
		tmp_s : 1
	State 6
	State 7
	State 8
	State 9
	State 10
	State 11
	State 12
	State 13
	State 14
	State 15
	State 16
	State 17
	State 18
	State 19
	State 20
	State 21
	State 22
	State 23
	State 24
	State 25
	State 26
		empty_71 : 1
		empty_72 : 1
	State 27


============================================================
+ Verbose Summary: Datapath Resource usage 
============================================================

* Functional unit list:
|----------|------------------------------------|---------|---------|---------|
| Operation|           Functional Unit          |  DSP48E |    FF   |   LUT   |
|----------|------------------------------------|---------|---------|---------|
|   dadd   |             grp_fu_116             |    3    |   445   |   1149  |
|----------|------------------------------------|---------|---------|---------|
|   call   | grp_pynq_filters_operator_s_fu_111 |    0    |   199   |   1110  |
|----------|------------------------------------|---------|---------|---------|
|  sitodp  |             grp_fu_125             |    0    |   412   |   645   |
|----------|------------------------------------|---------|---------|---------|
|   dmul   |             grp_fu_121             |    11   |   317   |   578   |
|----------|------------------------------------|---------|---------|---------|
|    add   |             i_V_fu_134             |    0    |    0    |    9    |
|          |             j_V_fu_146             |    0    |    0    |    10   |
|----------|------------------------------------|---------|---------|---------|
|   icmp   |          exitcond2_fu_128          |    0    |    0    |    3    |
|          |           exitcond_fu_140          |    0    |    0    |    4    |
|----------|------------------------------------|---------|---------|---------|
|   read   |         p0_read_read_fu_70         |    0    |    0    |    0    |
|          |          tmp_V_read_fu_76          |    0    |    0    |    0    |
|----------|------------------------------------|---------|---------|---------|
|   write  |         stg_78_write_fu_82         |    0    |    0    |    0    |
|----------|------------------------------------|---------|---------|---------|
|   sext   |            tmp_5_fu_152            |    0    |    0    |    0    |
|----------|------------------------------------|---------|---------|---------|
|   Total  |                                    |    14   |   1373  |   3508  |
|----------|------------------------------------|---------|---------|---------|

Memories:
N/A

* Register list:
+-----------------+--------+
|                 |   FF   |
+-----------------+--------+
|exitcond2_reg_161|    1   |
| exitcond_reg_170|    1   |
|   i_V_reg_165   |    9   |
|   j_V_reg_174   |   10   |
|  mult_t_reg_194 |   64   |
| p0_read_reg_156 |   64   |
|   p_1_reg_100   |   10   |
|    p_s_reg_89   |    9   |
|  sum_t_reg_199  |   64   |
|  tmp_5_reg_184  |   32   |
| tmp_V11_reg_204 |   10   |
|  tmp_V_reg_179  |   10   |
|  tmp_s_reg_189  |   64   |
+-----------------+--------+
|      Total      |   348  |
+-----------------+--------+

* Multiplexer (MUX) list: 
|------------|------|------|------|--------||---------||---------|
|    Comp    |  Pin | Size |  BW  | S x BW ||  Delay  ||   LUT   |
|------------|------|------|------|--------||---------||---------|
| grp_fu_125 |  p0  |   2  |  10  |   20   ||    10   |
|------------|------|------|------|--------||---------||---------|
|    Total   |      |      |      |   20   ||  1.571  ||    10   |
|------------|------|------|------|--------||---------||---------|



* Summary:
+-----------+--------+--------+--------+--------+
|           | DSP48E |  Delay |   FF   |   LUT  |
+-----------+--------+--------+--------+--------+
|  Function |   14   |    -   |  1373  |  3508  |
|   Memory  |    -   |    -   |    -   |    -   |
|Multiplexer|    -   |    1   |    -   |   10   |
|  Register |    -   |    -   |   348  |    -   |
+-----------+--------+--------+--------+--------+
|   Total   |   14   |    1   |  1721  |  3518  |
+-----------+--------+--------+--------+--------+
