

================================================================
== Vivado HLS Report for 'pynq_filters_gaussianBlur'
================================================================
* Date:           Thu Nov 28 03:42:34 2019

* Version:        2016.2 (Build 1577090 on Thu Jun 02 16:59:10 MDT 2016)
* Project:        sharpen
* Solution:       solution1
* Product family: zynq
* Target device:  xc7z020clg400-1


================================================================
== Performance Estimates
================================================================
+ Timing (ns): 
    * Summary: 
    +--------+-------+----------+------------+
    |  Clock | Target| Estimated| Uncertainty|
    +--------+-------+----------+------------+
    |ap_clk  |  10.00|     10.84|        1.25|
    +--------+-------+----------+------------+

+ Latency (clock cycles): 
    * Summary: 
    +--------+--------+--------+--------+---------+
    |     Latency     |     Interval    | Pipeline|
    |   min  |   max  |   min  |   max  |   Type  |
    +--------+--------+--------+--------+---------+
    |  314944|  314944|  314944|  314944|   none  |
    +--------+--------+--------+--------+---------+

    + Detail: 
        * Instance: 
        N/A

        * Loop: 
        +-------------+-----+-----+----------+-----------+-----------+------+----------+
        |             |  Latency  | Iteration|  Initiation Interval  | Trip |          |
        |  Loop Name  | min | max |  Latency |  achieved |   target  | Count| Pipelined|
        +-------------+-----+-----+----------+-----------+-----------+------+----------+
        |- Loop 1     |   24|   24|         8|          -|          -|     3|    no    |
        | + Loop 1.1  |    6|    6|         2|          -|          -|     3|    no    |
        +-------------+-----+-----+----------+-----------+-----------+------+----------+

============================================================
+ Verbose Summary: Synthesis Manager
============================================================
InlineROM: 1
ExposeGlobal: 0
============================================================
+ Verbose Summary: CDFG Model
============================================================
IsTopModel: 0
ResetActiveHigh: 1
IsCombinational: 2
IsDatapathOnly: 0
HasWiredReturn: 1
HasMFsm: 0
HasVarLatency: 1
IsPipeline: 0
IsRtlPipelined: 0
IsInstanceOverlapped: 0
IsDontTouch: 0
HasImplIP: 0
IsGatedGlobalClock: 0


============================================================
+ Verbose Summary: Schedule
============================================================
* Number of FSM states: 5
* Pipeline: 0
* Dataflow Pipeline: 0

* FSM state transitions: 
1 --> 
	2  / true
2 --> 
	5  / (exitcond1)
	3  / (!exitcond1)
3 --> 
	2  / (exitcond)
	4  / (!exitcond)
4 --> 
	3  / true
5 --> 
* FSM state operations: 

 <State 1>: 1.57ns
ST_1: kernel_val_2_V_2 [1/1] 0.00ns
:0  %kernel_val_2_V_2 = alloca i16

ST_1: kernel_val_2_V_2_2 [1/1] 0.00ns
:1  %kernel_val_2_V_2_2 = alloca i16

ST_1: kernel_val_2_V_2_4 [1/1] 0.00ns
:2  %kernel_val_2_V_2_4 = alloca i16

ST_1: kernel_val_2_V_2_6 [1/1] 0.00ns
:3  %kernel_val_2_V_2_6 = alloca i16

ST_1: kernel_val_2_V_2_9 [1/1] 0.00ns
:4  %kernel_val_2_V_2_9 = alloca i16

ST_1: kernel_val_2_V_2_13 [1/1] 0.00ns
:5  %kernel_val_2_V_2_13 = alloca i16

ST_1: kernel_val_2_V_2_14 [1/1] 0.00ns
:6  %kernel_val_2_V_2_14 = alloca i16

ST_1: kernel_val_2_V_2_15 [1/1] 0.00ns
:7  %kernel_val_2_V_2_15 = alloca i16

ST_1: kernel_val_2_V_2_16 [1/1] 0.00ns
:8  %kernel_val_2_V_2_16 = alloca i16

ST_1: stg_15 [1/1] 0.00ns
:9  call void (...)* @_ssdm_op_SpecInterface(i8* %img_in_data_stream_V, [8 x i8]* @ap_fifo_str, i32 0, i32 0, i32 0, i32 0, [1 x i8]* @p_str, [1 x i8]* @p_str, [1 x i8]* @p_str, i32 2, i32 2, i32 16, i32 16, [1 x i8]* @p_str)

ST_1: stg_16 [1/1] 0.00ns
:10  call void (...)* @_ssdm_op_SpecInterface(i8* %img_out_data_stream_V, [8 x i8]* @ap_fifo_str, i32 0, i32 0, i32 0, i32 0, [1 x i8]* @p_str, [1 x i8]* @p_str, [1 x i8]* @p_str, i32 2, i32 2, i32 16, i32 16, [1 x i8]* @p_str)

ST_1: stg_17 [1/1] 1.57ns
:11  br label %.loopexit


 <State 2>: 2.73ns
ST_2: r [1/1] 0.00ns
.loopexit:0  %r = phi i2 [ 0, %0 ], [ %r_2, %.preheader ]

ST_2: exitcond1 [1/1] 1.36ns
.loopexit:1  %exitcond1 = icmp eq i2 %r, -1

ST_2: stg_20 [1/1] 0.00ns
.loopexit:2  call void (...)* @_ssdm_op_SpecLoopTripCount(i64 3, i64 3, i64 3)

ST_2: r_2 [1/1] 0.80ns
.loopexit:3  %r_2 = add i2 %r, 1

ST_2: stg_22 [1/1] 0.00ns
.loopexit:4  br i1 %exitcond1, label %1, label %.preheader.preheader

ST_2: tmp_cast [1/1] 0.00ns
.preheader.preheader:0  %tmp_cast = zext i2 %r to i5

ST_2: tmp_s [1/1] 0.00ns
.preheader.preheader:1  %tmp_s = call i4 @_ssdm_op_BitConcatenate.i4.i2.i2(i2 %r, i2 0)

ST_2: p_shl_cast [1/1] 0.00ns
.preheader.preheader:2  %p_shl_cast = zext i4 %tmp_s to i5

ST_2: tmp_34 [1/1] 0.80ns
.preheader.preheader:3  %tmp_34 = add i5 %tmp_cast, %p_shl_cast

ST_2: sel_tmp23 [1/1] 1.36ns
.preheader.preheader:4  %sel_tmp23 = icmp ne i2 %r, 0

ST_2: sel_tmp24 [1/1] 1.36ns
.preheader.preheader:5  %sel_tmp24 = icmp ne i2 %r, 1

ST_2: sel_tmp25 [1/1] 1.37ns
.preheader.preheader:6  %sel_tmp25 = and i1 %sel_tmp23, %sel_tmp24

ST_2: sel_tmp26 [1/1] 1.36ns
.preheader.preheader:7  %sel_tmp26 = icmp eq i2 %r, 1

ST_2: sel_tmp27 [1/1] 1.36ns
.preheader.preheader:8  %sel_tmp27 = icmp eq i2 %r, 0

ST_2: stg_32 [1/1] 1.57ns
.preheader.preheader:9  br label %.preheader

ST_2: kernel_val_2_V_2_load [1/1] 0.00ns
:0  %kernel_val_2_V_2_load = load i16* %kernel_val_2_V_2

ST_2: kernel_val_2_V_2_2_load [1/1] 0.00ns
:1  %kernel_val_2_V_2_2_load = load i16* %kernel_val_2_V_2_2

ST_2: kernel_val_2_V_2_4_load [1/1] 0.00ns
:2  %kernel_val_2_V_2_4_load = load i16* %kernel_val_2_V_2_4

ST_2: kernel_val_2_V_2_6_load [1/1] 0.00ns
:3  %kernel_val_2_V_2_6_load = load i16* %kernel_val_2_V_2_6

ST_2: kernel_val_2_V_2_9_load [1/1] 0.00ns
:4  %kernel_val_2_V_2_9_load = load i16* %kernel_val_2_V_2_9

ST_2: kernel_val_2_V_2_13_load [1/1] 0.00ns
:5  %kernel_val_2_V_2_13_load = load i16* %kernel_val_2_V_2_13

ST_2: kernel_val_2_V_2_14_load [1/1] 0.00ns
:6  %kernel_val_2_V_2_14_load = load i16* %kernel_val_2_V_2_14

ST_2: kernel_val_2_V_2_15_load [1/1] 0.00ns
:7  %kernel_val_2_V_2_15_load = load i16* %kernel_val_2_V_2_15

ST_2: kernel_val_2_V_2_16_load [1/1] 0.00ns
:8  %kernel_val_2_V_2_16_load = load i16* %kernel_val_2_V_2_16

ST_2: stg_42 [2/2] 0.00ns
:9  call fastcc void @pynq_filters_Filter2D.1(i8* %img_in_data_stream_V, i8* %img_out_data_stream_V, i16 %kernel_val_2_V_2_load, i16 %kernel_val_2_V_2_2_load, i16 %kernel_val_2_V_2_4_load, i16 %kernel_val_2_V_2_13_load, i16 %kernel_val_2_V_2_14_load, i16 %kernel_val_2_V_2_15_load, i16 %kernel_val_2_V_2_16_load, i16 %kernel_val_2_V_2_9_load, i16 %kernel_val_2_V_2_6_load)


 <State 3>: 4.11ns
ST_3: c [1/1] 0.00ns
.preheader:0  %c = phi i2 [ 0, %.preheader.preheader ], [ %c_2, %_ifconv ]

ST_3: exitcond [1/1] 1.36ns
.preheader:1  %exitcond = icmp eq i2 %c, -1

ST_3: stg_45 [1/1] 0.00ns
.preheader:2  call void (...)* @_ssdm_op_SpecLoopTripCount(i64 3, i64 3, i64 3)

ST_3: c_2 [1/1] 0.80ns
.preheader:3  %c_2 = add i2 %c, 1

ST_3: stg_47 [1/1] 0.00ns
.preheader:4  br i1 %exitcond, label %.loopexit, label %_ifconv

ST_3: tmp_cast_57 [1/1] 0.00ns
_ifconv:9  %tmp_cast_57 = zext i2 %c to i5

ST_3: tmp_35 [1/1] 1.72ns
_ifconv:10  %tmp_35 = add i5 %tmp_34, %tmp_cast_57

ST_3: tmp_38_cast [1/1] 0.00ns
_ifconv:11  %tmp_38_cast = zext i5 %tmp_35 to i64

ST_3: coef_gaussian_addr [1/1] 0.00ns
_ifconv:12  %coef_gaussian_addr = getelementptr [25 x i12]* @coef_gaussian, i64 0, i64 %tmp_38_cast

ST_3: kernel_val_2_V_0 [2/2] 2.39ns
_ifconv:13  %kernel_val_2_V_0 = load i12* %coef_gaussian_addr, align 2

ST_3: tmp_32 [1/1] 0.00ns (grouped into LUT with out node tmp_33)
_ifconv:25  %tmp_32 = or i2 %r, %c

ST_3: tmp_33 [1/1] 1.37ns (out node of the LUT)
_ifconv:26  %tmp_33 = icmp eq i2 %tmp_32, 0


 <State 4>: 8.21ns
ST_4: kernel_val_2_V_2_load_1 [1/1] 0.00ns
_ifconv:0  %kernel_val_2_V_2_load_1 = load i16* %kernel_val_2_V_2

ST_4: kernel_val_2_V_2_2_load_1 [1/1] 0.00ns
_ifconv:1  %kernel_val_2_V_2_2_load_1 = load i16* %kernel_val_2_V_2_2

ST_4: kernel_val_2_V_2_4_load_1 [1/1] 0.00ns
_ifconv:2  %kernel_val_2_V_2_4_load_1 = load i16* %kernel_val_2_V_2_4

ST_4: kernel_val_2_V_2_6_load_1 [1/1] 0.00ns
_ifconv:3  %kernel_val_2_V_2_6_load_1 = load i16* %kernel_val_2_V_2_6

ST_4: kernel_val_2_V_2_9_load_1 [1/1] 0.00ns
_ifconv:4  %kernel_val_2_V_2_9_load_1 = load i16* %kernel_val_2_V_2_9

ST_4: kernel_val_2_V_2_13_load_1 [1/1] 0.00ns
_ifconv:5  %kernel_val_2_V_2_13_load_1 = load i16* %kernel_val_2_V_2_13

ST_4: kernel_val_2_V_2_14_load_1 [1/1] 0.00ns
_ifconv:6  %kernel_val_2_V_2_14_load_1 = load i16* %kernel_val_2_V_2_14

ST_4: kernel_val_2_V_2_15_load_1 [1/1] 0.00ns
_ifconv:7  %kernel_val_2_V_2_15_load_1 = load i16* %kernel_val_2_V_2_15

ST_4: kernel_val_2_V_2_16_load_1 [1/1] 0.00ns
_ifconv:8  %kernel_val_2_V_2_16_load_1 = load i16* %kernel_val_2_V_2_16

ST_4: kernel_val_2_V_0 [1/2] 2.39ns
_ifconv:13  %kernel_val_2_V_0 = load i12* %coef_gaussian_addr, align 2

ST_4: kernel_val_2_V_0_cast [1/1] 0.00ns
_ifconv:14  %kernel_val_2_V_0_cast = zext i12 %kernel_val_2_V_0 to i16

ST_4: sel_tmp [1/1] 1.36ns
_ifconv:15  %sel_tmp = icmp eq i2 %c, 0

ST_4: sel_tmp28 [1/1] 1.37ns
_ifconv:16  %sel_tmp28 = and i1 %sel_tmp25, %sel_tmp

ST_4: kernel_val_2_V_2_1 [1/1] 1.37ns
_ifconv:17  %kernel_val_2_V_2_1 = select i1 %sel_tmp28, i16 %kernel_val_2_V_0_cast, i16 %kernel_val_2_V_2_16_load_1

ST_4: sel_tmp29 [1/1] 1.36ns
_ifconv:18  %sel_tmp29 = icmp ne i2 %c, 0

ST_4: sel_tmp30 [1/1] 1.36ns
_ifconv:19  %sel_tmp30 = icmp ne i2 %c, 1

ST_4: tmp39 [1/1] 1.37ns
_ifconv:20  %tmp39 = and i1 %sel_tmp29, %sel_tmp30

ST_4: sel_tmp31 [1/1] 0.00ns (grouped into LUT with out node or_cond2)
_ifconv:21  %sel_tmp31 = and i1 %tmp39, %sel_tmp26

ST_4: sel_tmp32 [1/1] 1.36ns
_ifconv:22  %sel_tmp32 = icmp eq i2 %c, 1

ST_4: sel_tmp33 [1/1] 1.37ns
_ifconv:23  %sel_tmp33 = and i1 %sel_tmp26, %sel_tmp32

ST_4: sel_tmp34 [1/1] 0.00ns (grouped into LUT with out node or_cond3)
_ifconv:24  %sel_tmp34 = and i1 %sel_tmp25, %sel_tmp32

ST_4: sel_tmp35 [1/1] 1.37ns
_ifconv:27  %sel_tmp35 = and i1 %sel_tmp26, %sel_tmp

ST_4: or_cond [1/1] 1.37ns
_ifconv:28  %or_cond = or i1 %sel_tmp28, %sel_tmp35

ST_4: or_cond1 [1/1] 0.00ns (grouped into LUT with out node or_cond3)
_ifconv:29  %or_cond1 = or i1 %tmp_33, %sel_tmp34

ST_4: newSel [1/1] 0.00ns (grouped into LUT with out node newSel11)
_ifconv:30  %newSel = select i1 %sel_tmp33, i16 %kernel_val_2_V_2_15_load_1, i16 %kernel_val_2_V_0_cast

ST_4: or_cond2 [1/1] 1.37ns (out node of the LUT)
_ifconv:31  %or_cond2 = or i1 %sel_tmp33, %sel_tmp31

ST_4: or_cond3 [1/1] 1.37ns (out node of the LUT)
_ifconv:32  %or_cond3 = or i1 %or_cond, %or_cond1

ST_4: newSel11 [1/1] 1.37ns (out node of the LUT)
_ifconv:33  %newSel11 = select i1 %or_cond2, i16 %newSel, i16 %kernel_val_2_V_2_15_load_1

ST_4: kernel_val_2_V_2_3 [1/1] 1.37ns (out node of the LUT)
_ifconv:34  %kernel_val_2_V_2_3 = select i1 %or_cond3, i16 %kernel_val_2_V_2_15_load_1, i16 %newSel11

ST_4: newSel12 [1/1] 0.00ns (grouped into LUT with out node kernel_val_2_V_2_5)
_ifconv:35  %newSel12 = select i1 %sel_tmp33, i16 %kernel_val_2_V_0_cast, i16 %kernel_val_2_V_2_14_load_1

ST_4: kernel_val_2_V_2_5 [1/1] 1.37ns (out node of the LUT)
_ifconv:36  %kernel_val_2_V_2_5 = select i1 %or_cond3, i16 %kernel_val_2_V_2_14_load_1, i16 %newSel12

ST_4: kernel_val_2_V_2_7 [1/1] 0.00ns (grouped into LUT with out node kernel_val_2_V_2_8)
_ifconv:37  %kernel_val_2_V_2_7 = select i1 %sel_tmp35, i16 %kernel_val_2_V_0_cast, i16 %kernel_val_2_V_2_13_load_1

ST_4: kernel_val_2_V_2_8 [1/1] 1.37ns (out node of the LUT)
_ifconv:38  %kernel_val_2_V_2_8 = select i1 %sel_tmp28, i16 %kernel_val_2_V_2_13_load_1, i16 %kernel_val_2_V_2_7

ST_4: newSel13 [1/1] 0.00ns (grouped into LUT with out node newSel14)
_ifconv:39  %newSel13 = select i1 %tmp_33, i16 %kernel_val_2_V_2_9_load_1, i16 %kernel_val_2_V_0_cast

ST_4: newSel14 [1/1] 1.37ns (out node of the LUT)
_ifconv:40  %newSel14 = select i1 %or_cond, i16 %kernel_val_2_V_2_9_load_1, i16 %newSel13

ST_4: kernel_val_2_V_2_20 [1/1] 1.37ns (out node of the LUT)
_ifconv:41  %kernel_val_2_V_2_20 = select i1 %or_cond3, i16 %newSel14, i16 %kernel_val_2_V_2_9_load_1

ST_4: sel_tmp36 [1/1] 0.00ns (grouped into LUT with out node or_cond6)
_ifconv:42  %sel_tmp36 = and i1 %tmp39, %sel_tmp27

ST_4: sel_tmp37 [1/1] 1.37ns
_ifconv:43  %sel_tmp37 = and i1 %sel_tmp27, %sel_tmp32

ST_4: or_cond4 [1/1] 0.00ns (grouped into LUT with out node or_cond6)
_ifconv:44  %or_cond4 = or i1 %sel_tmp37, %sel_tmp36

ST_4: or_cond5 [1/1] 0.00ns (grouped into LUT with out node or_cond6)
_ifconv:45  %or_cond5 = or i1 %or_cond2, %or_cond4

ST_4: or_cond6 [1/1] 1.37ns (out node of the LUT)
_ifconv:46  %or_cond6 = or i1 %or_cond3, %or_cond5

ST_4: kernel_val_2_V_2_21 [1/1] 1.37ns
_ifconv:47  %kernel_val_2_V_2_21 = select i1 %or_cond6, i16 %kernel_val_2_V_2_6_load_1, i16 %kernel_val_2_V_0_cast

ST_4: newSel15 [1/1] 0.00ns (grouped into LUT with out node newSel16)
_ifconv:48  %newSel15 = select i1 %sel_tmp37, i16 %kernel_val_2_V_2_4_load_1, i16 %kernel_val_2_V_0_cast

ST_4: newSel16 [1/1] 1.37ns (out node of the LUT)
_ifconv:49  %newSel16 = select i1 %or_cond2, i16 %kernel_val_2_V_2_4_load_1, i16 %newSel15

ST_4: newSel17 [1/1] 0.00ns (grouped into LUT with out node kernel_val_2_V_2_22)
_ifconv:50  %newSel17 = select i1 %or_cond3, i16 %kernel_val_2_V_2_4_load_1, i16 %newSel16

ST_4: kernel_val_2_V_2_22 [1/1] 1.37ns (out node of the LUT)
_ifconv:51  %kernel_val_2_V_2_22 = select i1 %or_cond6, i16 %newSel17, i16 %kernel_val_2_V_2_4_load_1

ST_4: newSel18 [1/1] 0.00ns (grouped into LUT with out node newSel19)
_ifconv:52  %newSel18 = select i1 %sel_tmp37, i16 %kernel_val_2_V_0_cast, i16 %kernel_val_2_V_2_2_load_1

ST_4: newSel19 [1/1] 1.37ns (out node of the LUT)
_ifconv:53  %newSel19 = select i1 %or_cond2, i16 %kernel_val_2_V_2_2_load_1, i16 %newSel18

ST_4: kernel_val_2_V_2_23 [1/1] 1.37ns (out node of the LUT)
_ifconv:54  %kernel_val_2_V_2_23 = select i1 %or_cond3, i16 %kernel_val_2_V_2_2_load_1, i16 %newSel19

ST_4: newSel20 [1/1] 0.00ns (grouped into LUT with out node kernel_val_2_V_2_24)
_ifconv:55  %newSel20 = select i1 %tmp_33, i16 %kernel_val_2_V_0_cast, i16 %kernel_val_2_V_2_load_1

ST_4: kernel_val_2_V_2_24 [1/1] 1.37ns (out node of the LUT)
_ifconv:56  %kernel_val_2_V_2_24 = select i1 %or_cond, i16 %kernel_val_2_V_2_load_1, i16 %newSel20

ST_4: stg_106 [1/1] 0.00ns
_ifconv:57  store i16 %kernel_val_2_V_2_1, i16* %kernel_val_2_V_2_16

ST_4: stg_107 [1/1] 0.00ns
_ifconv:58  store i16 %kernel_val_2_V_2_3, i16* %kernel_val_2_V_2_15

ST_4: stg_108 [1/1] 0.00ns
_ifconv:59  store i16 %kernel_val_2_V_2_5, i16* %kernel_val_2_V_2_14

ST_4: stg_109 [1/1] 0.00ns
_ifconv:60  store i16 %kernel_val_2_V_2_8, i16* %kernel_val_2_V_2_13

ST_4: stg_110 [1/1] 0.00ns
_ifconv:61  store i16 %kernel_val_2_V_2_20, i16* %kernel_val_2_V_2_9

ST_4: stg_111 [1/1] 0.00ns
_ifconv:62  store i16 %kernel_val_2_V_2_21, i16* %kernel_val_2_V_2_6

ST_4: stg_112 [1/1] 0.00ns
_ifconv:63  store i16 %kernel_val_2_V_2_22, i16* %kernel_val_2_V_2_4

ST_4: stg_113 [1/1] 0.00ns
_ifconv:64  store i16 %kernel_val_2_V_2_23, i16* %kernel_val_2_V_2_2

ST_4: stg_114 [1/1] 0.00ns
_ifconv:65  store i16 %kernel_val_2_V_2_24, i16* %kernel_val_2_V_2

ST_4: stg_115 [1/1] 0.00ns
_ifconv:66  br label %.preheader


 <State 5>: 0.00ns
ST_5: stg_116 [1/2] 0.00ns
:9  call fastcc void @pynq_filters_Filter2D.1(i8* %img_in_data_stream_V, i8* %img_out_data_stream_V, i16 %kernel_val_2_V_2_load, i16 %kernel_val_2_V_2_2_load, i16 %kernel_val_2_V_2_4_load, i16 %kernel_val_2_V_2_13_load, i16 %kernel_val_2_V_2_14_load, i16 %kernel_val_2_V_2_15_load, i16 %kernel_val_2_V_2_16_load, i16 %kernel_val_2_V_2_9_load, i16 %kernel_val_2_V_2_6_load)

ST_5: stg_117 [1/1] 0.00ns
:10  ret void



============================================================
+ Verbose Summary: Timing violations
============================================================
Target clock period: 10ns, clock uncertainty: 1.25ns.

 No timing violations. 


============================================================
+ Verbose Summary: Binding
============================================================
N/A
* FSMD analyzer results:
  - Output states:
 - Input state : 
  - Chain level:
	State 1
	State 2
	State 3
	State 4
	State 5


============================================================
+ Verbose Summary: Datapath Resource usage 
============================================================
N/A
